This file contains any messages produced by compilers while
running configure, to aid debugging if configure makes a mistake.

It was created by semigroups configure GAP package, which was
generated by GNU Autoconf 2.72.  Invocation command line was

  $ ./configure --with-gaproot=/Users/cheldt/Documents/Code/GAP/gap-4.14.0

## --------- ##
## Platform. ##
## --------- ##

hostname = Mac
uname -m = arm64
uname -r = 24.6.0
uname -s = Darwin
uname -v = Darwin Kernel Version 24.6.0: Mon Jul 14 11:30:51 PDT 2025; root:xnu-11417.140.69~1/RELEASE_ARM64_T8112

/usr/bin/uname -p = arm
/bin/uname -X     = unknown

/bin/arch              = unknown
/usr/bin/arch -k       = unknown
/usr/convex/getsysinfo = unknown
/usr/bin/hostinfo      = Mach kernel version:
	 Darwin Kernel Version 24.6.0: Mon Jul 14 11:30:51 PDT 2025; root:xnu-11417.140.69~1/RELEASE_ARM64_T8112
Kernel configured for up to 8 processors.
8 processors are physically available.
8 processors are logically available.
Processor type: arm64e (ARM64E)
Processors active: 0 1 2 3 4 5 6 7
Primary memory available: 16.00 gigabytes
Default processor set: 771 tasks, 3968 threads, 8 processors
Load average: 4.89, Mach factor: 3.82
/bin/machine           = unknown
/usr/bin/oslevel       = unknown
/bin/universe          = unknown

PATH: /Users/cheldt/Library/pnpm/
PATH: /Users/cheldt/.nvm/versions/node/v23.8.0/bin/
PATH: /opt/local/bin/
PATH: /opt/local/sbin/
PATH: /opt/homebrew/bin/
PATH: /opt/homebrew/sbin/
PATH: /usr/local/bin/
PATH: /System/Cryptexes/App/usr/bin/
PATH: /usr/bin/
PATH: /bin/
PATH: /usr/sbin/
PATH: /sbin/
PATH: /var/run/com.apple.security.cryptexd/codex.system/bootstrap/usr/local/bin/
PATH: /var/run/com.apple.security.cryptexd/codex.system/bootstrap/usr/bin/
PATH: /var/run/com.apple.security.cryptexd/codex.system/bootstrap/usr/appleinternal/bin/
PATH: /Library/Apple/usr/bin/
PATH: /usr/local/go/bin/
PATH: /Users/cheldt/Library/pnpm/
PATH: /Users/cheldt/.nvm/versions/node/v23.8.0/bin/
PATH: /opt/local/bin/
PATH: /opt/local/sbin/
PATH: /Users/cheldt/.cargo/bin/


## ----------- ##
## Core tests. ##
## ----------- ##

configure:2600: looking for aux files: config.guess config.sub
configure:2613:  trying ./
configure:2642:   ./config.guess found
configure:2642:   ./config.sub found
configure:2835: checking for g++
configure:2856: found /usr/bin/g++
configure:2868: result: g++
configure:2895: checking for C++ compiler version
configure:2904: g++ --version >&5
Apple clang version 17.0.0 (clang-1700.0.13.5)
Target: arm64-apple-darwin24.6.0
Thread model: posix
InstalledDir: /Applications/Xcode.app/Contents/Developer/Toolchains/XcodeDefault.xctoolchain/usr/bin
configure:2915: $? = 0
configure:2904: g++ -v >&5
Apple clang version 17.0.0 (clang-1700.0.13.5)
Target: arm64-apple-darwin24.6.0
Thread model: posix
InstalledDir: /Applications/Xcode.app/Contents/Developer/Toolchains/XcodeDefault.xctoolchain/usr/bin
configure:2915: $? = 0
configure:2904: g++ -V >&5
clang++: error: argument to '-V' is missing (expected 1 value)
clang++: error: no input files
configure:2915: $? = 1
configure:2904: g++ -qversion >&5
clang++: error: unknown argument '-qversion'; did you mean '--version'?
clang++: error: no input files
configure:2915: $? = 1
configure:2935: checking whether the C++ compiler works
configure:2957: g++    conftest.cpp  >&5
configure:2961: $? = 0
configure:3012: result: yes
configure:3016: checking for C++ compiler default output file name
configure:3018: result: a.out
configure:3024: checking for suffix of executables
configure:3031: g++ -o conftest    conftest.cpp  >&5
configure:3035: $? = 0
configure:3059: result: 
configure:3083: checking whether we are cross compiling
configure:3091: g++ -o conftest    conftest.cpp  >&5
configure:3095: $? = 0
configure:3102: ./conftest
configure:3106: $? = 0
configure:3121: result: no
configure:3127: checking for suffix of object files
configure:3150: g++ -c   conftest.cpp >&5
configure:3154: $? = 0
configure:3178: result: o
configure:3182: checking whether the compiler supports GNU C++
configure:3202: g++ -c   conftest.cpp >&5
configure:3202: $? = 0
configure:3214: result: yes
configure:3225: checking whether g++ accepts -g
configure:3246: g++ -c -g  conftest.cpp >&5
configure:3246: $? = 0
configure:3293: result: yes
configure:3313: checking for g++ option to enable C++11 features
configure:3328: g++  -c -g -O2  conftest.cpp >&5
conftest.cpp:175:25: warning: empty parentheses interpreted as a function declaration [-Wvexing-parse]
  175 |   cxx11test::delegate d2();
      |                         ^~
conftest.cpp:175:25: note: remove parentheses to declare a variable
  175 |   cxx11test::delegate d2();
      |                         ^~
1 warning generated.
configure:3328: $? = 0
configure:3347: result: none needed
configure:3432: checking whether g++ supports C++14 features by default
configure:3853: g++ -c -g -O2  conftest.cpp >&5
configure:3853: $? = 0
configure:3863: result: yes
configure:4816: checking for GAP root directory
configure:4833: result: /Users/cheldt/Documents/Code/GAP/gap-4.14.0
configure:4857: checking for GAP architecture
configure:4864: result: aarch64-apple-darwin24-default64-kv9
configure:4915: checking build system type
configure:4931: result: aarch64-apple-darwin24.6.0
configure:4951: checking host system type
configure:4966: result: aarch64-apple-darwin24.6.0
configure:5049: checking for gcc
configure:5070: found /usr/bin/gcc
configure:5082: result: gcc
configure:5441: checking for C compiler version
configure:5450: gcc --version >&5
Apple clang version 17.0.0 (clang-1700.0.13.5)
Target: arm64-apple-darwin24.6.0
Thread model: posix
InstalledDir: /Applications/Xcode.app/Contents/Developer/Toolchains/XcodeDefault.xctoolchain/usr/bin
configure:5461: $? = 0
configure:5450: gcc -v >&5
Apple clang version 17.0.0 (clang-1700.0.13.5)
Target: arm64-apple-darwin24.6.0
Thread model: posix
InstalledDir: /Applications/Xcode.app/Contents/Developer/Toolchains/XcodeDefault.xctoolchain/usr/bin
configure:5461: $? = 0
configure:5450: gcc -V >&5
clang: error: argument to '-V' is missing (expected 1 value)
clang: error: no input files
configure:5461: $? = 1
configure:5450: gcc -qversion >&5
clang: error: unknown argument '-qversion'; did you mean '--version'?
clang: error: no input files
configure:5461: $? = 1
configure:5450: gcc -version >&5
clang: error: unknown argument '-version'; did you mean '--version'?
clang: error: no input files
configure:5461: $? = 1
configure:5465: checking whether the compiler supports GNU C
configure:5485: gcc -c   conftest.c >&5
configure:5485: $? = 0
configure:5497: result: yes
configure:5508: checking whether gcc accepts -g
configure:5529: gcc -c -g  conftest.c >&5
configure:5529: $? = 0
configure:5576: result: yes
configure:5596: checking for gcc option to enable C11 features
configure:5611: gcc  -c -g -O2  conftest.c >&5
configure:5611: $? = 0
configure:5630: result: none needed
configure:5748: checking for a sed that does not truncate output
configure:5820: result: /usr/bin/sed
configure:5831: checking how to run the C preprocessor
configure:5857: gcc -E  conftest.c
configure:5857: $? = 0
configure:5873: gcc -E  conftest.c
conftest.c:10:10: fatal error: 'ac_nonexistent.h' file not found
   10 | #include <ac_nonexistent.h>
      |          ^~~~~~~~~~~~~~~~~~
1 error generated.
configure:5873: $? = 1
configure: failed program was:
| /* confdefs.h */
| #define PACKAGE_NAME "semigroups"
| #define PACKAGE_TARNAME "semigroups"
| #define PACKAGE_VERSION "GAP package"
| #define PACKAGE_STRING "semigroups GAP package"
| #define PACKAGE_BUGREPORT ""
| #define PACKAGE_URL ""
| #define HAVE_CXX14 1
| /* end confdefs.h.  */
| #include <ac_nonexistent.h>
configure:5902: result: gcc -E
configure:5916: gcc -E  conftest.c
configure:5916: $? = 0
configure:5932: gcc -E  conftest.c
conftest.c:10:10: fatal error: 'ac_nonexistent.h' file not found
   10 | #include <ac_nonexistent.h>
      |          ^~~~~~~~~~~~~~~~~~
1 error generated.
configure:5932: $? = 1
configure: failed program was:
| /* confdefs.h */
| #define PACKAGE_NAME "semigroups"
| #define PACKAGE_TARNAME "semigroups"
| #define PACKAGE_VERSION "GAP package"
| #define PACKAGE_STRING "semigroups GAP package"
| #define PACKAGE_BUGREPORT ""
| #define PACKAGE_URL ""
| #define HAVE_CXX14 1
| /* end confdefs.h.  */
| #include <ac_nonexistent.h>
configure:5965: checking for egrep -e
configure:6095: result: /usr/bin/grep -E
configure:6265: checking whether gcc is Clang
configure:6293: result: yes
configure:6359: checking whether pthreads work with "-pthread" and "-lpthread"
configure:6471: gcc -o conftest -g -O2 -pthread   conftest.c -lpthread  >&5
configure:6471: $? = 0
configure:6481: result: yes
configure:6530: checking whether Clang needs flag to prevent "argument unused" warning when linking with -pthread
configure:6557: gcc -o conftest -Werror -Wunknown-warning-option  -pthread -g -O2   conftest.c  >&5
configure:6557: $? = 0
configure:6564: (gcc -c -Werror -Wunknown-warning-option  -pthread -g -O2  conftest.c >&5) && (echo ==== >&5) && (gcc -o conftest -Werror -Wunknown-warning-option  -pthread -g -O2   conftest.o  >&5)
====
configure:6564: $? = 0
configure:6585: result: no
configure:6605: checking for joinable pthread attribute
configure:6624: gcc -o conftest -g -O2 -pthread   conftest.c -lpthread  >&5
configure:6624: $? = 0
configure:6634: result: PTHREAD_CREATE_JOINABLE
configure:6647: checking whether more special flags are required for pthreads
configure:6662: result: no
configure:6671: checking for PTHREAD_PRIO_INHERIT
configure:6689: gcc -o conftest -g -O2 -pthread   conftest.c -lpthread  >&5
configure:6689: $? = 0
configure:6701: result: yes
configure:6878: checking for pthread_create in -lpthread
configure:6900: g++ -o conftest -g -O2   conftest.cpp -lpthread   >&5
configure:6900: $? = 0
configure:6912: result: yes
configure:6989: checking for pkg-config
configure:7012: found /opt/homebrew/bin/pkg-config
configure:7025: result: /opt/homebrew/bin/pkg-config
configure:7050: checking pkg-config is at least version 0.9.0
configure:7053: result: yes
configure:7065: checking for gawk
configure:7101: result: no
configure:7065: checking for mawk
configure:7101: result: no
configure:7065: checking for nawk
configure:7101: result: no
configure:7065: checking for awk
configure:7086: found /usr/bin/awk
configure:7098: result: awk
configure:7196: using included libsemigroups...
configure:7226: checking libsemigroups version
configure:7229: result: 2.7.3
configure:7330: checking whether to enable debug mode
configure:7332: result: no
configure:7342: checking for stdio.h
configure:7342: g++ -c -g -O2  conftest.cpp >&5
configure:7342: $? = 0
configure:7342: result: yes
configure:7342: checking for stdlib.h
configure:7342: g++ -c -g -O2  conftest.cpp >&5
configure:7342: $? = 0
configure:7342: result: yes
configure:7342: checking for string.h
configure:7342: g++ -c -g -O2  conftest.cpp >&5
configure:7342: $? = 0
configure:7342: result: yes
configure:7342: checking for inttypes.h
configure:7342: g++ -c -g -O2  conftest.cpp >&5
configure:7342: $? = 0
configure:7342: result: yes
configure:7342: checking for stdint.h
configure:7342: g++ -c -g -O2  conftest.cpp >&5
configure:7342: $? = 0
configure:7342: result: yes
configure:7342: checking for strings.h
configure:7342: g++ -c -g -O2  conftest.cpp >&5
configure:7342: $? = 0
configure:7342: result: yes
configure:7342: checking for sys/stat.h
configure:7342: g++ -c -g -O2  conftest.cpp >&5
configure:7342: $? = 0
configure:7342: result: yes
configure:7342: checking for sys/types.h
configure:7342: g++ -c -g -O2  conftest.cpp >&5
configure:7342: $? = 0
configure:7342: result: yes
configure:7342: checking for unistd.h
configure:7342: g++ -c -g -O2  conftest.cpp >&5
configure:7342: $? = 0
configure:7342: result: yes
configure:7379: checking whether to enable HPCombi
configure:7381: result: yes
configure:7399: checking the required version of HPCombi
configure:7402: result: 0.0.6
configure:7408: checking the version of HPCombi that's present
configure:7411: result: 0.0.6
configure:7459: checking whether C++ compiler accepts -mavx
configure:7479: g++ -c -g -O2  -mavx  conftest.cpp >&5
clang++: error: unsupported option '-mavx' for target 'arm64-apple-darwin24.6.0'
configure:7479: $? = 1
configure: failed program was:
| /* confdefs.h */
| #define PACKAGE_NAME "semigroups"
| #define PACKAGE_TARNAME "semigroups"
| #define PACKAGE_VERSION "GAP package"
| #define PACKAGE_STRING "semigroups GAP package"
| #define PACKAGE_BUGREPORT ""
| #define PACKAGE_URL ""
| #define HAVE_CXX14 1
| #define HAVE_PTHREAD_PRIO_INHERIT 1
| #define HAVE_PTHREAD 1
| #define HAVE_LIBPTHREAD 1
| #define HAVE_STDIO_H 1
| #define HAVE_STDLIB_H 1
| #define HAVE_STRING_H 1
| #define HAVE_INTTYPES_H 1
| #define HAVE_STDINT_H 1
| #define HAVE_STRINGS_H 1
| #define HAVE_SYS_STAT_H 1
| #define HAVE_SYS_TYPES_H 1
| #define HAVE_UNISTD_H 1
| #define STDC_HEADERS 1
| /* end confdefs.h.  */
| 
| int
| main (void)
| {
| 
|   ;
|   return 0;
| }
configure:7490: result: no
configure:7529: WARNING: flag -mavx not supported, HPCombi is disabled
configure:8333: creating ./config.status

## ---------------------- ##
## Running config.status. ##
## ---------------------- ##

This file was extended by semigroups config.status GAP package, which was
generated by GNU Autoconf 2.72.  Invocation command line was

  CONFIG_FILES    = 
  CONFIG_HEADERS  = 
  CONFIG_LINKS    = 
  CONFIG_COMMANDS = 
  $ ./config.status 

on Mac

config.status:846: creating GNUmakefile
config.status:846: creating gen/pkgconfig.h
config.status:1016: gen/pkgconfig.h is unchanged
config.status:1030: executing src/semigroups-config.hpp commands
config.status:1068: creating src/semigroups-config.hpp - prefix SEMIGROUPS for gen/pkgconfig.h defines
config.status:1090: src/semigroups-config.hpp is unchanged
configure:9662: === configuring in libsemigroups (/Users/cheldt/Documents/Code/GAP/gap-4.14.0/pkg/semigroups/libsemigroups)
configure:9723: running /bin/sh ./configure --disable-option-checking '--prefix=${abs_top_builddir}/../bin/'  '--with-gaproot=/Users/cheldt/Documents/Code/GAP/gap-4.14.0' --cache-file=/dev/null --srcdir=.

## ---------------- ##
## Cache variables. ##
## ---------------- ##

ac_cv_build=aarch64-apple-darwin24.6.0
ac_cv_c_compiler_gnu=yes
ac_cv_cxx_compiler_gnu=yes
ac_cv_env_CCC_set=
ac_cv_env_CCC_value=
ac_cv_env_CC_set=
ac_cv_env_CC_value=
ac_cv_env_CFLAGS_set=
ac_cv_env_CFLAGS_value=
ac_cv_env_CPPFLAGS_set=
ac_cv_env_CPPFLAGS_value=
ac_cv_env_CPP_set=
ac_cv_env_CPP_value=
ac_cv_env_CXXFLAGS_set=
ac_cv_env_CXXFLAGS_value=
ac_cv_env_CXX_set=
ac_cv_env_CXX_value=
ac_cv_env_LDFLAGS_set=
ac_cv_env_LDFLAGS_value=
ac_cv_env_LIBSEMIGROUPS_CFLAGS_set=
ac_cv_env_LIBSEMIGROUPS_CFLAGS_value=
ac_cv_env_LIBSEMIGROUPS_LIBS_set=
ac_cv_env_LIBSEMIGROUPS_LIBS_value=
ac_cv_env_LIBSEMIGROUPS_RPATH_set=
ac_cv_env_LIBSEMIGROUPS_RPATH_value=
ac_cv_env_LIBS_set=
ac_cv_env_LIBS_value=
ac_cv_env_PKG_CONFIG_LIBDIR_set=
ac_cv_env_PKG_CONFIG_LIBDIR_value=
ac_cv_env_PKG_CONFIG_PATH_set=
ac_cv_env_PKG_CONFIG_PATH_value=
ac_cv_env_PKG_CONFIG_set=
ac_cv_env_PKG_CONFIG_value=
ac_cv_env_build_alias_set=
ac_cv_env_build_alias_value=
ac_cv_env_host_alias_set=
ac_cv_env_host_alias_value=
ac_cv_env_target_alias_set=
ac_cv_env_target_alias_value=
ac_cv_header_inttypes_h=yes
ac_cv_header_stdint_h=yes
ac_cv_header_stdio_h=yes
ac_cv_header_stdlib_h=yes
ac_cv_header_string_h=yes
ac_cv_header_strings_h=yes
ac_cv_header_sys_stat_h=yes
ac_cv_header_sys_types_h=yes
ac_cv_header_unistd_h=yes
ac_cv_host=aarch64-apple-darwin24.6.0
ac_cv_lib_pthread_pthread_create=yes
ac_cv_objext=o
ac_cv_path_EGREP_TRADITIONAL='/usr/bin/grep -E'
ac_cv_path_SED=/usr/bin/sed
ac_cv_path_ac_pt_PKG_CONFIG=/opt/homebrew/bin/pkg-config
ac_cv_prog_AWK=awk
ac_cv_prog_CPP='gcc -E'
ac_cv_prog_ac_ct_CC=gcc
ac_cv_prog_ac_ct_CXX=g++
ac_cv_prog_cc_c11=
ac_cv_prog_cc_g=yes
ac_cv_prog_cc_stdc=
ac_cv_prog_cxx_cxx11=
ac_cv_prog_cxx_g=yes
ac_cv_prog_cxx_stdcxx=
ax_cv_PTHREAD_CLANG=yes
ax_cv_PTHREAD_CLANG_NO_WARN_FLAG=no
ax_cv_PTHREAD_JOINABLE_ATTR=PTHREAD_CREATE_JOINABLE
ax_cv_PTHREAD_PRIO_INHERIT=yes
ax_cv_PTHREAD_SPECIAL_FLAGS=no
ax_cv_check_cxxflags___mavx=no
ax_cv_cxx_compile_cxx14=yes

## ----------------- ##
## Output variables. ##
## ----------------- ##

AWK='awk'
CC='gcc'
CFLAGS='-g -O2'
CPP='gcc -E'
CPPFLAGS=''
CXX='g++'
CXXFLAGS='-g -O2'
DEFS='-DHAVE_CONFIG_H'
ECHO_C='\c'
ECHO_N=''
ECHO_T=''
EXEEXT=''
GAPARCH='aarch64-apple-darwin24-default64-kv9'
GAPROOT='/Users/cheldt/Documents/Code/GAP/gap-4.14.0'
GAP_CFLAGS=' -pthread -g -O2'
GAP_CPPFLAGS=' -I/Users/cheldt/Documents/Code/GAP/gap-4.14.0/build -I/Users/cheldt/Documents/Code/GAP/gap-4.14.0/src -I/Users/cheldt/Documents/Code/GAP/gap-4.14.0 -DUSE_GASMAN=1  '
GAP_LDFLAGS=' '
HAVE_CXX14='1'
HPCOMBI_CONSTEXPR_FUN_ARGS=''
HPCOMBI_CXXFLAGS=''
KERNEL_DEBUG='no'
LDFLAGS=''
LIBOBJS=''
LIBS='-lpthread '
LIBSEMIGROUPS_CFLAGS='-I./bin/include -I./bin/include/libsemigroups'
LIBSEMIGROUPS_HPCOMBI_ENABLED=''
LIBSEMIGROUPS_LIBS='-L./bin/lib -lsemigroups'
LIBSEMIGROUPS_RPATH='-Wl,-rpath,$(abs_top_builddir)/bin/lib'
LTLIBOBJS=''
OBJEXT='o'
PACKAGE_BUGREPORT=''
PACKAGE_NAME='semigroups'
PACKAGE_STRING='semigroups GAP package'
PACKAGE_TARNAME='semigroups'
PACKAGE_URL=''
PACKAGE_VERSION='GAP package'
PATH_SEPARATOR=':'
PKG_CONFIG='/opt/homebrew/bin/pkg-config'
PKG_CONFIG_LIBDIR=''
PKG_CONFIG_PATH=''
PTHREAD_CC='gcc'
PTHREAD_CFLAGS='-pthread'
PTHREAD_CXX='g++'
PTHREAD_LIBS='-lpthread'
SED='/usr/bin/sed'
SHELL='/bin/sh'
SYS_IS_CYGWIN=''
WITH_INCLUDED_LIBSEMIGROUPS='yes'
ac_ct_CC='gcc'
ac_ct_CXX='g++'
ax_pthread_config=''
bindir='${exec_prefix}/bin'
build='aarch64-apple-darwin24.6.0'
build_alias=''
build_cpu='aarch64'
build_os='darwin24.6.0'
build_vendor='apple'
datadir='${datarootdir}'
datarootdir='${prefix}/share'
docdir='${datarootdir}/doc/${PACKAGE_TARNAME}'
dvidir='${docdir}'
exec_prefix='${prefix}'
host='aarch64-apple-darwin24.6.0'
host_alias=''
host_cpu='aarch64'
host_os='darwin24.6.0'
host_vendor='apple'
htmldir='${docdir}'
includedir='${prefix}/include'
infodir='${datarootdir}/info'
libdir='${exec_prefix}/lib'
libexecdir='${exec_prefix}/libexec'
localedir='${datarootdir}/locale'
localstatedir='${prefix}/var'
mandir='${datarootdir}/man'
oldincludedir='/usr/include'
pdfdir='${docdir}'
prefix='${abs_top_builddir}/../bin/'
program_transform_name='s,x,x,'
psdir='${docdir}'
runstatedir='${localstatedir}/run'
sbindir='${exec_prefix}/sbin'
sharedstatedir='${prefix}/com'
subdirs=' libsemigroups'
sysconfdir='${prefix}/etc'
target_alias=''

## ----------- ##
## confdefs.h. ##
## ----------- ##

/* confdefs.h */
#define PACKAGE_NAME "semigroups"
#define PACKAGE_TARNAME "semigroups"
#define PACKAGE_VERSION "GAP package"
#define PACKAGE_STRING "semigroups GAP package"
#define PACKAGE_BUGREPORT ""
#define PACKAGE_URL ""
#define HAVE_CXX14 1
#define HAVE_PTHREAD_PRIO_INHERIT 1
#define HAVE_PTHREAD 1
#define HAVE_LIBPTHREAD 1
#define HAVE_STDIO_H 1
#define HAVE_STDLIB_H 1
#define HAVE_STRING_H 1
#define HAVE_INTTYPES_H 1
#define HAVE_STDINT_H 1
#define HAVE_STRINGS_H 1
#define HAVE_SYS_STAT_H 1
#define HAVE_SYS_TYPES_H 1
#define HAVE_UNISTD_H 1
#define STDC_HEADERS 1

configure: exit 0

## ---------------------- ##
## Running config.status. ##
## ---------------------- ##

This file was extended by semigroups config.status GAP package, which was
generated by GNU Autoconf 2.72.  Invocation command line was

  CONFIG_FILES    = 
  CONFIG_HEADERS  = 
  CONFIG_LINKS    = 
  CONFIG_COMMANDS = 
  $ ./config.status gen/pkgconfig.h

on Mac

config.status:846: creating gen/pkgconfig.h
