This file contains any messages produced by compilers while
running configure, to aid debugging if configure makes a mistake.

It was created by carat configure TODO_VERSION, which was
generated by GNU Autoconf 2.71.  Invocation command line was

  $ ./configure --with-gmp=/opt/homebrew 'CC=gcc ' 'CFLAGS=-pthread -g -O2  '

## --------- ##
## Platform. ##
## --------- ##

hostname = Mac
uname -m = arm64
uname -r = 24.6.0
uname -s = Darwin
uname -v = Darwin Kernel Version 24.6.0: Mon Jul 14 11:30:51 PDT 2025; root:xnu-11417.140.69~1/RELEASE_ARM64_T8112

/usr/bin/uname -p = arm
/bin/uname -X     = unknown

/bin/arch              = unknown
/usr/bin/arch -k       = unknown
/usr/convex/getsysinfo = unknown
/usr/bin/hostinfo      = Mach kernel version:
	 Darwin Kernel Version 24.6.0: Mon Jul 14 11:30:51 PDT 2025; root:xnu-11417.140.69~1/RELEASE_ARM64_T8112
Kernel configured for up to 8 processors.
8 processors are physically available.
8 processors are logically available.
Processor type: arm64e (ARM64E)
Processors active: 0 1 2 3 4 5 6 7
Primary memory available: 16.00 gigabytes
Default processor set: 806 tasks, 4284 threads, 8 processors
Load average: 11.34, Mach factor: 0.72
/bin/machine           = unknown
/usr/bin/oslevel       = unknown
/bin/universe          = unknown

PATH: /Users/cheldt/Library/pnpm/
PATH: /Users/cheldt/.nvm/versions/node/v23.8.0/bin/
PATH: /opt/local/bin/
PATH: /opt/local/sbin/
PATH: /opt/homebrew/bin/
PATH: /opt/homebrew/sbin/
PATH: /usr/local/bin/
PATH: /System/Cryptexes/App/usr/bin/
PATH: /usr/bin/
PATH: /bin/
PATH: /usr/sbin/
PATH: /sbin/
PATH: /var/run/com.apple.security.cryptexd/codex.system/bootstrap/usr/local/bin/
PATH: /var/run/com.apple.security.cryptexd/codex.system/bootstrap/usr/bin/
PATH: /var/run/com.apple.security.cryptexd/codex.system/bootstrap/usr/appleinternal/bin/
PATH: /Library/Apple/usr/bin/
PATH: /usr/local/go/bin/
PATH: /Users/cheldt/Library/pnpm/
PATH: /Users/cheldt/.nvm/versions/node/v23.8.0/bin/
PATH: /opt/local/bin/
PATH: /opt/local/sbin/
PATH: /Users/cheldt/.cargo/bin/


## ----------- ##
## Core tests. ##
## ----------- ##

configure:2312: looking for aux files: ar-lib missing install-sh compile config.guess config.sub
configure:2325:  trying ./cnf/
configure:2354:   ./cnf/ar-lib found
configure:2354:   ./cnf/missing found
configure:2336:   ./cnf/install-sh found
configure:2354:   ./cnf/compile found
configure:2354:   ./cnf/config.guess found
configure:2354:   ./cnf/config.sub found
configure:2478: checking build system type
configure:2493: result: aarch64-apple-darwin24.6.0
configure:2513: checking host system type
configure:2527: result: aarch64-apple-darwin24.6.0
configure:2610: checking for gcc
configure:2642: result: gcc 
configure:2995: checking for C compiler version
configure:3004: gcc  --version >&5
Apple clang version 17.0.0 (clang-1700.0.13.5)
Target: arm64-apple-darwin24.6.0
Thread model: posix
InstalledDir: /Applications/Xcode.app/Contents/Developer/Toolchains/XcodeDefault.xctoolchain/usr/bin
configure:3015: $? = 0
configure:3004: gcc  -v >&5
Apple clang version 17.0.0 (clang-1700.0.13.5)
Target: arm64-apple-darwin24.6.0
Thread model: posix
InstalledDir: /Applications/Xcode.app/Contents/Developer/Toolchains/XcodeDefault.xctoolchain/usr/bin
configure:3015: $? = 0
configure:3004: gcc  -V >&5
clang: error: argument to '-V' is missing (expected 1 value)
clang: error: no input files
configure:3015: $? = 1
configure:3004: gcc  -qversion >&5
clang: error: unknown argument '-qversion'; did you mean '--version'?
clang: error: no input files
configure:3015: $? = 1
configure:3004: gcc  -version >&5
clang: error: unknown argument '-version'; did you mean '--version'?
clang: error: no input files
configure:3015: $? = 1
configure:3035: checking whether the C compiler works
configure:3057: gcc  -pthread -g -O2     conftest.c  >&5
configure:3061: $? = 0
configure:3111: result: yes
configure:3114: checking for C compiler default output file name
configure:3116: result: a.out
configure:3122: checking for suffix of executables
configure:3129: gcc  -o conftest -pthread -g -O2     conftest.c  >&5
configure:3133: $? = 0
configure:3156: result: 
configure:3178: checking whether we are cross compiling
configure:3186: gcc  -o conftest -pthread -g -O2     conftest.c  >&5
configure:3190: $? = 0
configure:3197: ./conftest
configure:3201: $? = 0
configure:3216: result: no
configure:3221: checking for suffix of object files
configure:3244: gcc  -c -pthread -g -O2    conftest.c >&5
configure:3248: $? = 0
configure:3270: result: o
configure:3274: checking whether the compiler supports GNU C
configure:3294: gcc  -c -pthread -g -O2    conftest.c >&5
configure:3294: $? = 0
configure:3304: result: yes
configure:3315: checking whether gcc  accepts -g
configure:3336: gcc  -c -g  conftest.c >&5
configure:3336: $? = 0
configure:3380: result: yes
configure:3400: checking for gcc  option to enable C11 features
configure:3415: gcc   -c -pthread -g -O2    conftest.c >&5
conftest.c:23:14: warning: a function definition without a prototype is deprecated in all versions of C and is not supported in C23 [-Wdeprecated-non-prototype]
   23 | static char *e (p, i)
      |              ^
1 warning generated.
configure:3415: $? = 0
configure:3433: result: none needed
configure:3553: checking whether gcc  understands -c and -o together
configure:3576: gcc  -c conftest.c -o conftest2.o
configure:3579: $? = 0
configure:3576: gcc  -c conftest.c -o conftest2.o
configure:3579: $? = 0
configure:3591: result: yes
configure:3663: checking for ranlib
configure:3684: found /usr/bin/ranlib
configure:3695: result: ranlib
configure:3734: checking for a BSD-compatible install
configure:3807: result: /usr/bin/install -c
configure:3818: checking whether build environment is sane
configure:3873: result: yes
configure:4028: checking for a race-free mkdir -p
configure:4072: result: ./cnf/install-sh -c -d
configure:4079: checking for gawk
configure:4114: result: no
configure:4079: checking for mawk
configure:4114: result: no
configure:4079: checking for nawk
configure:4114: result: no
configure:4079: checking for awk
configure:4100: found /usr/bin/awk
configure:4111: result: awk
configure:4122: checking whether make sets $(MAKE)
configure:4145: result: yes
configure:4167: checking whether make supports the include directive
configure:4182: make -f confmf.GNU && cat confinc.out
this is the am__doit target
configure:4185: $? = 0
configure:4204: result: yes (GNU style)
configure:4239: checking whether make supports nested variables
configure:4257: result: yes
configure:4338: checking dependency style of gcc 
configure:4450: result: gcc3
configure:4534: checking whether make supports nested variables
configure:4552: result: yes
configure:4619: checking for ar
configure:4640: found /usr/bin/ar
configure:4651: result: ar
configure:4677: checking the archiver (ar) interface
configure:4694: gcc  -c -pthread -g -O2    conftest.c >&5
configure:4694: $? = 0
configure:4697: ar cru libconftest.a conftest.o >&5
configure:4700: $? = 0
configure:4728: result: ar
configure:4783: checking for stdio.h
configure:4783: gcc  -c -pthread -g -O2    conftest.c >&5
configure:4783: $? = 0
configure:4783: result: yes
configure:4783: checking for stdlib.h
configure:4783: gcc  -c -pthread -g -O2    conftest.c >&5
configure:4783: $? = 0
configure:4783: result: yes
configure:4783: checking for string.h
configure:4783: gcc  -c -pthread -g -O2    conftest.c >&5
configure:4783: $? = 0
configure:4783: result: yes
configure:4783: checking for inttypes.h
configure:4783: gcc  -c -pthread -g -O2    conftest.c >&5
configure:4783: $? = 0
configure:4783: result: yes
configure:4783: checking for stdint.h
configure:4783: gcc  -c -pthread -g -O2    conftest.c >&5
configure:4783: $? = 0
configure:4783: result: yes
configure:4783: checking for strings.h
configure:4783: gcc  -c -pthread -g -O2    conftest.c >&5
configure:4783: $? = 0
configure:4783: result: yes
configure:4783: checking for sys/stat.h
configure:4783: gcc  -c -pthread -g -O2    conftest.c >&5
configure:4783: $? = 0
configure:4783: result: yes
configure:4783: checking for sys/types.h
configure:4783: gcc  -c -pthread -g -O2    conftest.c >&5
configure:4783: $? = 0
configure:4783: result: yes
configure:4783: checking for unistd.h
configure:4783: gcc  -c -pthread -g -O2    conftest.c >&5
configure:4783: $? = 0
configure:4783: result: yes
configure:4830: checking for gmp.h
configure:4830: gcc  -c -pthread -g -O2    -I/opt/homebrew/include conftest.c >&5
configure:4830: $? = 0
configure:4830: result: yes
configure:4834: checking for __gmpz_init in -lgmp
configure:4857: gcc  -o conftest -pthread -g -O2    -I/opt/homebrew/include  -L/opt/homebrew/lib conftest.c -lgmp   >&5
configure:4857: $? = 0
configure:4867: result: yes
configure:4905: checking for strlcpy
configure:4905: gcc  -o conftest -pthread -g -O2     conftest.c  >&5
conftest.c:38:6: warning: incompatible redeclaration of library function 'strlcpy' [-Wincompatible-library-redeclaration]
   38 | char strlcpy ();
      |      ^
conftest.c:38:6: note: 'strlcpy' is a builtin with type 'unsigned long (char *, const char *, unsigned long)'
1 warning generated.
configure:4905: $? = 0
configure:4905: result: yes
configure:4911: checking for strlcat
configure:4911: gcc  -o conftest -pthread -g -O2     conftest.c  >&5
conftest.c:39:6: warning: incompatible redeclaration of library function 'strlcat' [-Wincompatible-library-redeclaration]
   39 | char strlcat ();
      |      ^
conftest.c:39:6: note: 'strlcat' is a builtin with type 'unsigned long (char *, const char *, unsigned long)'
1 warning generated.
configure:4911: $? = 0
configure:4911: result: yes
configure:4919: checking for library containing floor
configure:4949: gcc  -o conftest -pthread -g -O2     conftest.c  >&5
conftest.c:28:6: warning: incompatible redeclaration of library function 'floor' [-Wincompatible-library-redeclaration]
   28 | char floor ();
      |      ^
conftest.c:28:6: note: 'floor' is a builtin with type 'double (double)'
1 warning generated.
configure:4949: $? = 0
configure:4969: result: none required
configure:5095: checking that generated files are newer than configure
configure:5101: result: done
configure:5124: creating ./config.status

## ---------------------- ##
## Running config.status. ##
## ---------------------- ##

This file was extended by carat config.status TODO_VERSION, which was
generated by GNU Autoconf 2.71.  Invocation command line was

  CONFIG_FILES    = 
  CONFIG_HEADERS  = 
  CONFIG_LINKS    = 
  CONFIG_COMMANDS = 
  $ ./config.status 

on Mac

config.status:864: creating Makefile
config.status:864: creating include/config.h
config.status:1045: include/config.h is unchanged
config.status:1093: executing depfiles commands
config.status:1170: cd .       && sed -e '/# am--include-marker/d' Makefile         | make -f - am--depfiles
make[1]: Nothing to be done for `am--depfiles'.
config.status:1175: $? = 0

## ---------------- ##
## Cache variables. ##
## ---------------- ##

ac_cv_build=aarch64-apple-darwin24.6.0
ac_cv_c_compiler_gnu=yes
ac_cv_env_CC_set=set
ac_cv_env_CC_value='gcc '
ac_cv_env_CFLAGS_set=set
ac_cv_env_CFLAGS_value='-pthread -g -O2  '
ac_cv_env_CPPFLAGS_set=
ac_cv_env_CPPFLAGS_value=
ac_cv_env_GMP_CPPFLAGS_set=
ac_cv_env_GMP_CPPFLAGS_value=
ac_cv_env_GMP_LDFLAGS_set=
ac_cv_env_GMP_LDFLAGS_value=
ac_cv_env_LDFLAGS_set=
ac_cv_env_LDFLAGS_value=
ac_cv_env_LIBS_set=
ac_cv_env_LIBS_value=
ac_cv_env_build_alias_set=
ac_cv_env_build_alias_value=
ac_cv_env_host_alias_set=
ac_cv_env_host_alias_value=
ac_cv_env_target_alias_set=
ac_cv_env_target_alias_value=
ac_cv_func_strlcat=yes
ac_cv_func_strlcpy=yes
ac_cv_header_gmp_h=yes
ac_cv_header_inttypes_h=yes
ac_cv_header_stdint_h=yes
ac_cv_header_stdio_h=yes
ac_cv_header_stdlib_h=yes
ac_cv_header_string_h=yes
ac_cv_header_strings_h=yes
ac_cv_header_sys_stat_h=yes
ac_cv_header_sys_types_h=yes
ac_cv_header_unistd_h=yes
ac_cv_host=aarch64-apple-darwin24.6.0
ac_cv_lib_gmp___gmpz_init=yes
ac_cv_objext=o
ac_cv_path_install='/usr/bin/install -c'
ac_cv_prog_AWK=awk
ac_cv_prog_ac_ct_AR=ar
ac_cv_prog_ac_ct_CC='gcc '
ac_cv_prog_ac_ct_RANLIB=ranlib
ac_cv_prog_cc_c11=
ac_cv_prog_cc_g=yes
ac_cv_prog_cc_stdc=
ac_cv_prog_make_make_set=yes
ac_cv_search_floor='none required'
am_cv_CC_dependencies_compiler_type=gcc3
am_cv_ar_interface=ar
am_cv_make_support_nested_variables=yes
am_cv_prog_cc_c_o=yes
ax_cv_have_GMP=yes

## ----------------- ##
## Output variables. ##
## ----------------- ##

ACLOCAL='${SHELL} '\''/Users/cheldt/Documents/Code/GAP/gap-4.14.0/pkg/caratinterface/carat/cnf/missing'\'' aclocal-1.16'
AMDEPBACKSLASH='\'
AMDEP_FALSE='#'
AMDEP_TRUE=''
AMTAR='$${TAR-tar}'
AM_BACKSLASH='\'
AM_DEFAULT_V='$(AM_DEFAULT_VERBOSITY)'
AM_DEFAULT_VERBOSITY='0'
AM_V='$(V)'
AR='ar'
AUTOCONF='${SHELL} '\''/Users/cheldt/Documents/Code/GAP/gap-4.14.0/pkg/caratinterface/carat/cnf/missing'\'' autoconf'
AUTOHEADER='${SHELL} '\''/Users/cheldt/Documents/Code/GAP/gap-4.14.0/pkg/caratinterface/carat/cnf/missing'\'' autoheader'
AUTOMAKE='${SHELL} '\''/Users/cheldt/Documents/Code/GAP/gap-4.14.0/pkg/caratinterface/carat/cnf/missing'\'' automake-1.16'
AWK='awk'
CC='gcc '
CCDEPMODE='depmode=gcc3'
CFLAGS='-pthread -g -O2  '
CPPFLAGS=''
CSCOPE='cscope'
CTAGS='ctags'
CYGPATH_W='echo'
DEFS='-DHAVE_CONFIG_H'
DEPDIR='.deps'
ECHO_C='\c'
ECHO_N=''
ECHO_T=''
ETAGS='etags'
EXEEXT=''
GMP_CPPFLAGS='-I/opt/homebrew/include'
GMP_LDFLAGS='-L/opt/homebrew/lib'
GMP_LIBS='-lgmp'
INSTALL_DATA='${INSTALL} -m 644'
INSTALL_PROGRAM='${INSTALL}'
INSTALL_SCRIPT='${INSTALL}'
INSTALL_STRIP_PROGRAM='$(install_sh) -c -s'
LDFLAGS=''
LIBOBJS=''
LIBS=''
LTLIBOBJS=''
MAKEINFO='${SHELL} '\''/Users/cheldt/Documents/Code/GAP/gap-4.14.0/pkg/caratinterface/carat/cnf/missing'\'' makeinfo'
MKDIR_P='./cnf/install-sh -c -d'
OBJEXT='o'
PACKAGE='carat'
PACKAGE_BUGREPORT='https://github.com/lbfm-rwth/carat/issues'
PACKAGE_NAME='carat'
PACKAGE_STRING='carat TODO_VERSION'
PACKAGE_TARNAME='carat'
PACKAGE_URL='https://lbfm-rwth.github.io/carat/'
PACKAGE_VERSION='TODO_VERSION'
PATH_SEPARATOR=':'
RANLIB='ranlib'
SET_MAKE=''
SHELL='/bin/sh'
STRIP=''
VERSION='TODO_VERSION'
ac_ct_AR='ar'
ac_ct_CC='gcc '
am__EXEEXT_FALSE=''
am__EXEEXT_TRUE='#'
am__fastdepCC_FALSE='#'
am__fastdepCC_TRUE=''
am__include='include'
am__isrc=''
am__leading_dot='.'
am__nodep='_no'
am__quote=''
am__tar='$${TAR-tar} chof - "$$tardir"'
am__untar='$${TAR-tar} xf -'
bindir='${exec_prefix}/bin'
build='aarch64-apple-darwin24.6.0'
build_alias=''
build_cpu='aarch64'
build_os='darwin24.6.0'
build_vendor='apple'
datadir='${datarootdir}'
datarootdir='${prefix}/share'
docdir='${datarootdir}/doc/${PACKAGE_TARNAME}'
dvidir='${docdir}'
exec_prefix='${prefix}'
host='aarch64-apple-darwin24.6.0'
host_alias=''
host_cpu='aarch64'
host_os='darwin24.6.0'
host_vendor='apple'
htmldir='${docdir}'
includedir='${prefix}/include'
infodir='${datarootdir}/info'
install_sh='${SHELL} /Users/cheldt/Documents/Code/GAP/gap-4.14.0/pkg/caratinterface/carat/cnf/install-sh'
libdir='${exec_prefix}/lib'
libexecdir='${exec_prefix}/libexec'
localedir='${datarootdir}/locale'
localstatedir='${prefix}/var'
mandir='${datarootdir}/man'
mkdir_p='$(MKDIR_P)'
oldincludedir='/usr/include'
pdfdir='${docdir}'
prefix='/usr/local'
program_transform_name='s,x,x,'
psdir='${docdir}'
runstatedir='${localstatedir}/run'
sbindir='${exec_prefix}/sbin'
sharedstatedir='${prefix}/com'
sysconfdir='${prefix}/etc'
target_alias=''

## ----------- ##
## confdefs.h. ##
## ----------- ##

/* confdefs.h */
#define PACKAGE_NAME "carat"
#define PACKAGE_TARNAME "carat"
#define PACKAGE_VERSION "TODO_VERSION"
#define PACKAGE_STRING "carat TODO_VERSION"
#define PACKAGE_BUGREPORT "https://github.com/lbfm-rwth/carat/issues"
#define PACKAGE_URL "https://lbfm-rwth.github.io/carat/"
#define PACKAGE "carat"
#define VERSION "TODO_VERSION"
#define HAVE_STDIO_H 1
#define HAVE_STDLIB_H 1
#define HAVE_STRING_H 1
#define HAVE_INTTYPES_H 1
#define HAVE_STDINT_H 1
#define HAVE_STRINGS_H 1
#define HAVE_SYS_STAT_H 1
#define HAVE_SYS_TYPES_H 1
#define HAVE_UNISTD_H 1
#define STDC_HEADERS 1
#define HAVE_GMP 1
#define HAVE_STRLCPY 1
#define HAVE_STRLCAT 1

configure: exit 0
