This file contains any messages produced by compilers while
running configure, to aid debugging if configure makes a mistake.

It was created by ANU Nilpotent Quotient Program configure package, which was
generated by GNU Autoconf 2.71.  Invocation command line was

  $ ./configure --with-gaproot=/Users/cheldt/Documents/Code/GAP/GAP-4.14.0

## --------- ##
## Platform. ##
## --------- ##

hostname = Calums-MacBook-Air-2.local
uname -m = arm64
uname -r = 24.5.0
uname -s = Darwin
uname -v = Darwin Kernel Version 24.5.0: Tue Apr 22 19:54:26 PDT 2025; root:xnu-11417.121.6~2/RELEASE_ARM64_T8112

/usr/bin/uname -p = arm
/bin/uname -X     = unknown

/bin/arch              = unknown
/usr/bin/arch -k       = unknown
/usr/convex/getsysinfo = unknown
/usr/bin/hostinfo      = Mach kernel version:
	 Darwin Kernel Version 24.5.0: Tue Apr 22 19:54:26 PDT 2025; root:xnu-11417.121.6~2/RELEASE_ARM64_T8112
Kernel configured for up to 8 processors.
8 processors are physically available.
8 processors are logically available.
Processor type: arm64e (ARM64E)
Processors active: 0 1 2 3 4 5 6 7
Primary memory available: 16.00 gigabytes
Default processor set: 800 tasks, 4093 threads, 8 processors
Load average: 20.96, Mach factor: 0.37
/bin/machine           = unknown
/usr/bin/oslevel       = unknown
/bin/universe          = unknown

PATH: /Users/cheldt/Library/pnpm/
PATH: /Users/cheldt/Library/pnpm/
PATH: /Users/cheldt/.nvm/versions/node/v23.8.0/bin/
PATH: /opt/homebrew/bin/
PATH: /opt/homebrew/sbin/
PATH: /usr/local/bin/
PATH: /System/Cryptexes/App/usr/bin/
PATH: /usr/bin/
PATH: /bin/
PATH: /usr/sbin/
PATH: /sbin/
PATH: /var/run/com.apple.security.cryptexd/codex.system/bootstrap/usr/local/bin/
PATH: /var/run/com.apple.security.cryptexd/codex.system/bootstrap/usr/bin/
PATH: /var/run/com.apple.security.cryptexd/codex.system/bootstrap/usr/appleinternal/bin/
PATH: /Users/cheldt/.cargo/bin/


## ----------- ##
## Core tests. ##
## ----------- ##

configure:2351: looking for aux files: compile missing install-sh
configure:2364:  trying ./cnf/
configure:2393:   ./cnf/compile found
configure:2393:   ./cnf/missing found
configure:2375:   ./cnf/install-sh found
configure:2527: checking for a BSD-compatible install
configure:2600: result: /usr/bin/install -c
configure:2611: checking whether build environment is sane
configure:2666: result: yes
configure:2825: checking for a race-free mkdir -p
configure:2869: result: ./cnf/install-sh -c -d
configure:2876: checking for gawk
configure:2911: result: no
configure:2876: checking for mawk
configure:2911: result: no
configure:2876: checking for nawk
configure:2911: result: no
configure:2876: checking for awk
configure:2897: found /usr/bin/awk
configure:2908: result: awk
configure:2919: checking whether make sets $(MAKE)
configure:2942: result: yes
configure:2972: checking whether make supports nested variables
configure:2990: result: yes
configure:3138: checking whether make supports nested variables
configure:3156: result: yes
configure:3169: checking whether to enable maintainer-specific portions of Makefiles
configure:3179: result: no
configure:3204: checking for gawk
configure:3236: result: awk
configure:3309: checking for gcc
configure:3330: found /usr/bin/gcc
configure:3341: result: gcc
configure:3694: checking for C compiler version
configure:3703: gcc --version >&5
Apple clang version 17.0.0 (clang-1700.0.13.5)
Target: arm64-apple-darwin24.5.0
Thread model: posix
InstalledDir: /Library/Developer/CommandLineTools/usr/bin
configure:3714: $? = 0
configure:3703: gcc -v >&5
Apple clang version 17.0.0 (clang-1700.0.13.5)
Target: arm64-apple-darwin24.5.0
Thread model: posix
InstalledDir: /Library/Developer/CommandLineTools/usr/bin
configure:3714: $? = 0
configure:3703: gcc -V >&5
clang: error: argument to '-V' is missing (expected 1 value)
clang: error: no input files
configure:3714: $? = 1
configure:3703: gcc -qversion >&5
clang: error: unknown argument '-qversion'; did you mean '--version'?
clang: error: no input files
configure:3714: $? = 1
configure:3703: gcc -version >&5
clang: error: unknown argument '-version'; did you mean '--version'?
clang: error: no input files
configure:3714: $? = 1
configure:3734: checking whether the C compiler works
configure:3756: gcc    conftest.c  >&5
configure:3760: $? = 0
configure:3810: result: yes
configure:3813: checking for C compiler default output file name
configure:3815: result: a.out
configure:3821: checking for suffix of executables
configure:3828: gcc -o conftest    conftest.c  >&5
configure:3832: $? = 0
configure:3855: result: 
configure:3877: checking whether we are cross compiling
configure:3885: gcc -o conftest    conftest.c  >&5
configure:3889: $? = 0
configure:3896: ./conftest
configure:3900: $? = 0
configure:3915: result: no
configure:3920: checking for suffix of object files
configure:3943: gcc -c   conftest.c >&5
configure:3947: $? = 0
configure:3969: result: o
configure:3973: checking whether the compiler supports GNU C
configure:3993: gcc -c   conftest.c >&5
configure:3993: $? = 0
configure:4003: result: yes
configure:4014: checking whether gcc accepts -g
configure:4035: gcc -c -g  conftest.c >&5
configure:4035: $? = 0
configure:4079: result: yes
configure:4099: checking for gcc option to enable C11 features
configure:4114: gcc  -c -g -O2  conftest.c >&5
conftest.c:25:14: warning: a function definition without a prototype is deprecated in all versions of C and is not supported in C23 [-Wdeprecated-non-prototype]
   25 | static char *e (p, i)
      |              ^
1 warning generated.
configure:4114: $? = 0
configure:4132: result: none needed
configure:4248: checking whether gcc understands -c and -o together
configure:4271: gcc -c conftest.c -o conftest2.o
configure:4274: $? = 0
configure:4271: gcc -c conftest.c -o conftest2.o
configure:4274: $? = 0
configure:4286: result: yes
configure:4306: checking whether make supports the include directive
configure:4321: make -f confmf.GNU && cat confinc.out
this is the am__doit target
configure:4324: $? = 0
configure:4343: result: yes (GNU style)
configure:4369: checking dependency style of gcc
configure:4481: result: gcc3
configure:4496: checking whether make sets $(MAKE)
configure:4519: result: yes
configure:4529: checking for a sed that does not truncate output
configure:4599: result: /usr/bin/sed
configure:4622: checking for GAP root directory
configure:4639: result: /Users/cheldt/Documents/Code/GAP/GAP-4.14.0
configure:4663: checking for GAP architecture
configure:4670: result: aarch64-apple-darwin24-default64-kv9
configure:4772: checking for stdio.h
configure:4772: gcc -c -g -O2  -I/opt/homebrew/include conftest.c >&5
configure:4772: $? = 0
configure:4772: result: yes
configure:4772: checking for stdlib.h
configure:4772: gcc -c -g -O2  -I/opt/homebrew/include conftest.c >&5
configure:4772: $? = 0
configure:4772: result: yes
configure:4772: checking for string.h
configure:4772: gcc -c -g -O2  -I/opt/homebrew/include conftest.c >&5
configure:4772: $? = 0
configure:4772: result: yes
configure:4772: checking for inttypes.h
configure:4772: gcc -c -g -O2  -I/opt/homebrew/include conftest.c >&5
configure:4772: $? = 0
configure:4772: result: yes
configure:4772: checking for stdint.h
configure:4772: gcc -c -g -O2  -I/opt/homebrew/include conftest.c >&5
configure:4772: $? = 0
configure:4772: result: yes
configure:4772: checking for strings.h
configure:4772: gcc -c -g -O2  -I/opt/homebrew/include conftest.c >&5
configure:4772: $? = 0
configure:4772: result: yes
configure:4772: checking for sys/stat.h
configure:4772: gcc -c -g -O2  -I/opt/homebrew/include conftest.c >&5
configure:4772: $? = 0
configure:4772: result: yes
configure:4772: checking for sys/types.h
configure:4772: gcc -c -g -O2  -I/opt/homebrew/include conftest.c >&5
configure:4772: $? = 0
configure:4772: result: yes
configure:4772: checking for unistd.h
configure:4772: gcc -c -g -O2  -I/opt/homebrew/include conftest.c >&5
configure:4772: $? = 0
configure:4772: result: yes
configure:4797: checking for gmp.h
configure:4797: gcc -c -g -O2  -I/opt/homebrew/include conftest.c >&5
configure:4797: $? = 0
configure:4797: result: yes
configure:4804: checking whether linking against GMP works
configure:4817: gcc -o conftest -g -O2  -I/opt/homebrew/include  -L/opt/homebrew/lib conftest.c  -lgmp >&5
configure:4817: $? = 0
configure:4823: result: yes
configure:4843: checking for unsigned long long int
configure:4885: gcc -o conftest -g -O2   conftest.c  >&5
configure:4885: $? = 0
configure:4895: result: yes
configure:4905: checking for long long int
configure:4947: gcc -o conftest -g -O2   conftest.c  >&5
configure:4947: $? = 0
configure:4947: ./conftest
configure:4947: $? = 0
configure:4960: result: yes
configure:4969: checking for getrusage
configure:4969: gcc -o conftest -g -O2   conftest.c  >&5
configure:4969: $? = 0
configure:4969: result: yes
configure:5088: checking that generated files are newer than configure
configure:5094: result: done
configure:5121: creating ./config.status

## ---------------------- ##
## Running config.status. ##
## ---------------------- ##

This file was extended by ANU Nilpotent Quotient Program config.status package, which was
generated by GNU Autoconf 2.71.  Invocation command line was

  CONFIG_FILES    = 
  CONFIG_HEADERS  = 
  CONFIG_LINKS    = 
  CONFIG_COMMANDS = 
  $ ./config.status 

on Calums-MacBook-Air-2.local

config.status:865: creating Makefile
config.status:865: creating examples/Makefile
config.status:865: creating src/config.h
config.status:1094: executing depfiles commands
config.status:1171: cd .       && sed -e '/# am--include-marker/d' Makefile         | make -f - am--depfiles
config.status:1176: $? = 0

## ---------------- ##
## Cache variables. ##
## ---------------- ##

ac_cv_c_compiler_gnu=yes
ac_cv_env_CC_set=
ac_cv_env_CC_value=
ac_cv_env_CFLAGS_set=
ac_cv_env_CFLAGS_value=
ac_cv_env_CPPFLAGS_set=
ac_cv_env_CPPFLAGS_value=
ac_cv_env_LDFLAGS_set=
ac_cv_env_LDFLAGS_value=
ac_cv_env_LIBS_set=
ac_cv_env_LIBS_value=
ac_cv_env_build_alias_set=
ac_cv_env_build_alias_value=
ac_cv_env_host_alias_set=
ac_cv_env_host_alias_value=
ac_cv_env_target_alias_set=
ac_cv_env_target_alias_value=
ac_cv_func_getrusage=yes
ac_cv_header_gmp_h=yes
ac_cv_header_inttypes_h=yes
ac_cv_header_stdint_h=yes
ac_cv_header_stdio_h=yes
ac_cv_header_stdlib_h=yes
ac_cv_header_string_h=yes
ac_cv_header_strings_h=yes
ac_cv_header_sys_stat_h=yes
ac_cv_header_sys_types_h=yes
ac_cv_header_unistd_h=yes
ac_cv_objext=o
ac_cv_path_SED=/usr/bin/sed
ac_cv_path_install='/usr/bin/install -c'
ac_cv_prog_AWK=awk
ac_cv_prog_ac_ct_CC=gcc
ac_cv_prog_cc_c11=
ac_cv_prog_cc_g=yes
ac_cv_prog_cc_stdc=
ac_cv_prog_make_make_set=yes
ac_cv_type_long_long_int=yes
ac_cv_type_unsigned_long_long_int=yes
am_cv_CC_dependencies_compiler_type=gcc3
am_cv_make_support_nested_variables=yes
am_cv_prog_cc_c_o=yes

## ----------------- ##
## Output variables. ##
## ----------------- ##

ACLOCAL='${SHELL} '\''/Users/cheldt/Documents/Code/GAP/GAP-4.14.0/pkg/nq/cnf/missing'\'' aclocal-1.16'
AMDEPBACKSLASH='\'
AMDEP_FALSE='#'
AMDEP_TRUE=''
AMTAR='$${TAR-tar}'
AM_BACKSLASH='\'
AM_DEFAULT_V='$(AM_DEFAULT_VERBOSITY)'
AM_DEFAULT_VERBOSITY='0'
AM_V='$(V)'
AUTOCONF='${SHELL} '\''/Users/cheldt/Documents/Code/GAP/GAP-4.14.0/pkg/nq/cnf/missing'\'' autoconf'
AUTOHEADER='${SHELL} '\''/Users/cheldt/Documents/Code/GAP/GAP-4.14.0/pkg/nq/cnf/missing'\'' autoheader'
AUTOMAKE='${SHELL} '\''/Users/cheldt/Documents/Code/GAP/GAP-4.14.0/pkg/nq/cnf/missing'\'' automake-1.16'
AWK='awk'
CC='gcc'
CCDEPMODE='depmode=gcc3'
CFLAGS='-g -O2'
CPPFLAGS=''
CSCOPE='cscope'
CTAGS='ctags'
CYGPATH_W='echo'
DEFS='-DHAVE_CONFIG_H'
DEPDIR='.deps'
ECHO_C='\c'
ECHO_N=''
ECHO_T=''
ETAGS='etags'
EXEEXT=''
GAP='/Users/cheldt/Documents/Code/GAP/GAP-4.14.0/gap'
GAPARCH='aarch64-apple-darwin24-default64-kv9'
GAPROOT='/Users/cheldt/Documents/Code/GAP/GAP-4.14.0'
GAP_CFLAGS=' -pthread -g -O2'
GAP_CPPFLAGS=' -I/Users/cheldt/Documents/Code/GAP/GAP-4.14.0/build -I/Users/cheldt/Documents/Code/GAP/GAP-4.14.0/src -I/Users/cheldt/Documents/Code/GAP/GAP-4.14.0 -DUSE_GASMAN=1   -I/src'
GAP_LDFLAGS=' '
GMP_CPPFLAGS='-I/opt/homebrew/include'
GMP_LDFLAGS='-L/opt/homebrew/lib'
GMP_LIBS='-lgmp'
INSTALL_DATA='${INSTALL} -m 644'
INSTALL_PROGRAM='${INSTALL}'
INSTALL_SCRIPT='${INSTALL}'
INSTALL_STRIP_PROGRAM='$(install_sh) -c -s'
LDFLAGS=''
LIBOBJS=''
LIBS=''
LTLIBOBJS=''
MAINT='#'
MAINTAINER_MODE_FALSE=''
MAINTAINER_MODE_TRUE='#'
MAKEINFO='${SHELL} '\''/Users/cheldt/Documents/Code/GAP/GAP-4.14.0/pkg/nq/cnf/missing'\'' makeinfo'
MKDIR_P='./cnf/install-sh -c -d'
OBJEXT='o'
PACKAGE='nq'
PACKAGE_BUGREPORT='https://github.com/gap-packages/nq/issues'
PACKAGE_NAME='ANU Nilpotent Quotient Program'
PACKAGE_STRING='ANU Nilpotent Quotient Program package'
PACKAGE_TARNAME='nq'
PACKAGE_URL='https://gap-packages.github.io/nq/'
PACKAGE_VERSION='package'
PATH_SEPARATOR=':'
SED='/usr/bin/sed'
SET_MAKE=''
SHELL='/bin/sh'
STRIP=''
VERSION='package'
ac_ct_CC='gcc'
am__EXEEXT_FALSE=''
am__EXEEXT_TRUE='#'
am__fastdepCC_FALSE='#'
am__fastdepCC_TRUE=''
am__include='include'
am__isrc=''
am__leading_dot='.'
am__nodep='_no'
am__quote=''
am__tar='$${TAR-tar} chof - "$$tardir"'
am__untar='$${TAR-tar} xf -'
bindir='${exec_prefix}/bin'
build_alias=''
datadir='${datarootdir}'
datarootdir='${prefix}/share'
docdir='${datarootdir}/doc/${PACKAGE_TARNAME}'
dvidir='${docdir}'
exec_prefix='${prefix}'
host_alias=''
htmldir='${docdir}'
includedir='${prefix}/include'
infodir='${datarootdir}/info'
install_sh='${SHELL} /Users/cheldt/Documents/Code/GAP/GAP-4.14.0/pkg/nq/cnf/install-sh'
libdir='${exec_prefix}/lib'
libexecdir='${exec_prefix}/libexec'
localedir='${datarootdir}/locale'
localstatedir='${prefix}/var'
mandir='${datarootdir}/man'
mkdir_p='$(MKDIR_P)'
oldincludedir='/usr/include'
pdfdir='${docdir}'
prefix='/usr/local'
program_transform_name='s,x,x,'
psdir='${docdir}'
runstatedir='${localstatedir}/run'
sbindir='${exec_prefix}/sbin'
sharedstatedir='${prefix}/com'
sysconfdir='${prefix}/etc'
target_alias=''

## ----------- ##
## confdefs.h. ##
## ----------- ##

/* confdefs.h */
#define PACKAGE_NAME "ANU Nilpotent Quotient Program"
#define PACKAGE_TARNAME "nq"
#define PACKAGE_VERSION "package"
#define PACKAGE_STRING "ANU Nilpotent Quotient Program package"
#define PACKAGE_BUGREPORT "https://github.com/gap-packages/nq/issues"
#define PACKAGE_URL "https://gap-packages.github.io/nq/"
#define PACKAGE "nq"
#define VERSION "package"
#define HAVE_STDIO_H 1
#define HAVE_STDLIB_H 1
#define HAVE_STRING_H 1
#define HAVE_INTTYPES_H 1
#define HAVE_STDINT_H 1
#define HAVE_STRINGS_H 1
#define HAVE_SYS_STAT_H 1
#define HAVE_SYS_TYPES_H 1
#define HAVE_UNISTD_H 1
#define STDC_HEADERS 1
#define HAVE_UNSIGNED_LONG_LONG_INT 1
#define HAVE_LONG_LONG_INT 1
#define HAVE_GETRUSAGE 1

configure: exit 0
