This file contains any messages produced by compilers while
running configure, to aid debugging if configure makes a mistake.

It was created by digraphs configure GAP package, which was
generated by GNU Autoconf 2.72.  Invocation command line was

  $ ./configure --with-gaproot=/Users/cheldt/Documents/Code/GAP/GAP-4.14.0

## --------- ##
## Platform. ##
## --------- ##

hostname = Calums-MacBook-Air-2.local
uname -m = arm64
uname -r = 24.5.0
uname -s = Darwin
uname -v = Darwin Kernel Version 24.5.0: Tue Apr 22 19:54:26 PDT 2025; root:xnu-11417.121.6~2/RELEASE_ARM64_T8112

/usr/bin/uname -p = arm
/bin/uname -X     = unknown

/bin/arch              = unknown
/usr/bin/arch -k       = unknown
/usr/convex/getsysinfo = unknown
/usr/bin/hostinfo      = Mach kernel version:
	 Darwin Kernel Version 24.5.0: Tue Apr 22 19:54:26 PDT 2025; root:xnu-11417.121.6~2/RELEASE_ARM64_T8112
Kernel configured for up to 8 processors.
8 processors are physically available.
8 processors are logically available.
Processor type: arm64e (ARM64E)
Processors active: 0 1 2 3 4 5 6 7
Primary memory available: 16.00 gigabytes
Default processor set: 791 tasks, 3907 threads, 8 processors
Load average: 25.83, Mach factor: 0.29
/bin/machine           = unknown
/usr/bin/oslevel       = unknown
/bin/universe          = unknown

PATH: /Users/cheldt/Library/pnpm/
PATH: /Users/cheldt/Library/pnpm/
PATH: /Users/cheldt/.nvm/versions/node/v23.8.0/bin/
PATH: /opt/homebrew/bin/
PATH: /opt/homebrew/sbin/
PATH: /usr/local/bin/
PATH: /System/Cryptexes/App/usr/bin/
PATH: /usr/bin/
PATH: /bin/
PATH: /usr/sbin/
PATH: /sbin/
PATH: /var/run/com.apple.security.cryptexd/codex.system/bootstrap/usr/local/bin/
PATH: /var/run/com.apple.security.cryptexd/codex.system/bootstrap/usr/bin/
PATH: /var/run/com.apple.security.cryptexd/codex.system/bootstrap/usr/appleinternal/bin/
PATH: /Users/cheldt/.cargo/bin/


## ----------- ##
## Core tests. ##
## ----------- ##

configure:2658: checking for gcc
configure:2679: found /usr/bin/gcc
configure:2691: result: gcc
configure:3050: checking for C compiler version
configure:3059: gcc --version >&5
Apple clang version 17.0.0 (clang-1700.0.13.5)
Target: arm64-apple-darwin24.5.0
Thread model: posix
InstalledDir: /Library/Developer/CommandLineTools/usr/bin
configure:3070: $? = 0
configure:3059: gcc -v >&5
Apple clang version 17.0.0 (clang-1700.0.13.5)
Target: arm64-apple-darwin24.5.0
Thread model: posix
InstalledDir: /Library/Developer/CommandLineTools/usr/bin
configure:3070: $? = 0
configure:3059: gcc -V >&5
clang: error: argument to '-V' is missing (expected 1 value)
clang: error: no input files
configure:3070: $? = 1
configure:3059: gcc -qversion >&5
clang: error: unknown argument '-qversion'; did you mean '--version'?
clang: error: no input files
configure:3070: $? = 1
configure:3059: gcc -version >&5
clang: error: unknown argument '-version'; did you mean '--version'?
clang: error: no input files
configure:3070: $? = 1
configure:3090: checking whether the C compiler works
configure:3112: gcc    conftest.c  >&5
configure:3116: $? = 0
configure:3167: result: yes
configure:3171: checking for C compiler default output file name
configure:3173: result: a.out
configure:3179: checking for suffix of executables
configure:3186: gcc -o conftest    conftest.c  >&5
configure:3190: $? = 0
configure:3214: result: 
configure:3238: checking whether we are cross compiling
configure:3246: gcc -o conftest    conftest.c  >&5
configure:3250: $? = 0
configure:3257: ./conftest
configure:3261: $? = 0
configure:3276: result: no
configure:3282: checking for suffix of object files
configure:3305: gcc -c   conftest.c >&5
configure:3309: $? = 0
configure:3333: result: o
configure:3337: checking whether the compiler supports GNU C
configure:3357: gcc -c   conftest.c >&5
configure:3357: $? = 0
configure:3369: result: yes
configure:3380: checking whether gcc accepts -g
configure:3401: gcc -c -g  conftest.c >&5
configure:3401: $? = 0
configure:3448: result: yes
configure:3468: checking for gcc option to enable C11 features
configure:3483: gcc  -c -g -O2  conftest.c >&5
configure:3483: $? = 0
configure:3502: result: none needed
configure:3690: checking for g++
configure:3711: found /usr/bin/g++
configure:3723: result: g++
configure:3750: checking for C++ compiler version
configure:3759: g++ --version >&5
Apple clang version 17.0.0 (clang-1700.0.13.5)
Target: arm64-apple-darwin24.5.0
Thread model: posix
InstalledDir: /Library/Developer/CommandLineTools/usr/bin
configure:3770: $? = 0
configure:3759: g++ -v >&5
Apple clang version 17.0.0 (clang-1700.0.13.5)
Target: arm64-apple-darwin24.5.0
Thread model: posix
InstalledDir: /Library/Developer/CommandLineTools/usr/bin
configure:3770: $? = 0
configure:3759: g++ -V >&5
clang++: error: argument to '-V' is missing (expected 1 value)
clang++: error: no input files
configure:3770: $? = 1
configure:3759: g++ -qversion >&5
clang++: error: unknown argument '-qversion'; did you mean '--version'?
clang++: error: no input files
configure:3770: $? = 1
configure:3774: checking whether the compiler supports GNU C++
configure:3794: g++ -c   conftest.cpp >&5
configure:3794: $? = 0
configure:3806: result: yes
configure:3817: checking whether g++ accepts -g
configure:3838: g++ -c -g  conftest.cpp >&5
configure:3838: $? = 0
configure:3885: result: yes
configure:3905: checking for g++ option to enable C++11 features
configure:3920: g++  -c -g -O2  conftest.cpp >&5
conftest.cpp:175:25: warning: empty parentheses interpreted as a function declaration [-Wvexing-parse]
  175 |   cxx11test::delegate d2();
      |                         ^~
conftest.cpp:175:25: note: remove parentheses to declare a variable
  175 |   cxx11test::delegate d2();
      |                         ^~
1 warning generated.
configure:3920: $? = 0
configure:3939: result: none needed
configure:4031: checking for GAP root directory
configure:4048: result: /Users/cheldt/Documents/Code/GAP/GAP-4.14.0
configure:4072: checking for GAP architecture
configure:4137: checking whether to enable debug mode
configure:4139: result: no
configure:4156: checking whether to enable stats mode
configure:4158: result: no
configure:4172: checking whether to build with code coverage support
configure:4174: result: no
configure:4201: checking whether enable compiler warnings
configure:4203: result: no
configure:4206: checking for a sed that does not truncate output
configure:4278: result: /usr/bin/sed
configure:5471: checking for stdio.h
configure:5471: g++ -c -g -O2  conftest.cpp >&5
configure:5471: $? = 0
configure:5471: result: yes
configure:5471: checking for stdlib.h
configure:5471: g++ -c -g -O2  conftest.cpp >&5
configure:5471: $? = 0
configure:5471: result: yes
configure:5471: checking for string.h
configure:5471: g++ -c -g -O2  conftest.cpp >&5
configure:5471: $? = 0
configure:5471: result: yes
configure:5471: checking for inttypes.h
configure:5471: g++ -c -g -O2  conftest.cpp >&5
configure:5471: $? = 0
configure:5471: result: yes
configure:5471: checking for stdint.h
configure:5471: g++ -c -g -O2  conftest.cpp >&5
configure:5471: $? = 0
configure:5471: result: yes
configure:5471: checking for strings.h
configure:5471: g++ -c -g -O2  conftest.cpp >&5
configure:5471: $? = 0
configure:5471: result: yes
configure:5471: checking for sys/stat.h
configure:5471: g++ -c -g -O2  conftest.cpp >&5
configure:5471: $? = 0
configure:5471: result: yes
configure:5471: checking for sys/types.h
configure:5471: g++ -c -g -O2  conftest.cpp >&5
configure:5471: $? = 0
configure:5471: result: yes
configure:5471: checking for unistd.h
configure:5471: g++ -c -g -O2  conftest.cpp >&5
configure:5471: $? = 0
configure:5471: result: yes
configure:5507: checking whether to use external planarity
configure:5509: result: no
configure:5614: checking whether to use external bliss
configure:5616: result: no
configure:5724: checking for __builtin_ctzll
configure:5739: g++ -o conftest -g -O2   conftest.cpp  >&5
conftest.cpp:25:1: warning: ignoring return value of function declared with const attribute [-Wunused-value]
   25 | __builtin_ctzll(0);
      | ^~~~~~~~~~~~~~~ ~
1 warning generated.
configure:5739: $? = 0
configure:5749: result: yes
configure:5875: creating ./config.status

## ---------------------- ##
## Running config.status. ##
## ---------------------- ##

This file was extended by digraphs config.status GAP package, which was
generated by GNU Autoconf 2.72.  Invocation command line was

  CONFIG_FILES    = 
  CONFIG_HEADERS  = 
  CONFIG_LINKS    = 
  CONFIG_COMMANDS = 
  $ ./config.status 

on Calums-MacBook-Air-2.local

config.status:826: creating Makefile
config.status:826: creating gen/pkgconfig.h
config.status:1010: executing src/digraphs-config.h commands
config.status:1048: creating src/digraphs-config.h - prefix DIGRAPHS for gen/pkgconfig.h defines

## ---------------- ##
## Cache variables. ##
## ---------------- ##

ac_cv_c_compiler_gnu=yes
ac_cv_cxx_compiler_gnu=yes
ac_cv_env_CCC_set=
ac_cv_env_CCC_value=
ac_cv_env_CC_set=
ac_cv_env_CC_value=
ac_cv_env_CFLAGS_set=
ac_cv_env_CFLAGS_value=
ac_cv_env_CPPFLAGS_set=
ac_cv_env_CPPFLAGS_value=
ac_cv_env_CXXFLAGS_set=
ac_cv_env_CXXFLAGS_value=
ac_cv_env_CXX_set=
ac_cv_env_CXX_value=
ac_cv_env_LDFLAGS_set=
ac_cv_env_LDFLAGS_value=
ac_cv_env_LIBS_set=
ac_cv_env_LIBS_value=
ac_cv_env_build_alias_set=
ac_cv_env_build_alias_value=
ac_cv_env_host_alias_set=
ac_cv_env_host_alias_value=
ac_cv_env_target_alias_set=
ac_cv_env_target_alias_value=
ac_cv_header_inttypes_h=yes
ac_cv_header_stdint_h=yes
ac_cv_header_stdio_h=yes
ac_cv_header_stdlib_h=yes
ac_cv_header_string_h=yes
ac_cv_header_strings_h=yes
ac_cv_header_sys_stat_h=yes
ac_cv_header_sys_types_h=yes
ac_cv_header_unistd_h=yes
ac_cv_objext=o
ac_cv_path_SED=/usr/bin/sed
ac_cv_prog_ac_ct_CC=gcc
ac_cv_prog_ac_ct_CXX=g++
ac_cv_prog_cc_c11=
ac_cv_prog_cc_g=yes
ac_cv_prog_cc_stdc=
ac_cv_prog_cxx_cxx11=
ac_cv_prog_cxx_g=yes
ac_cv_prog_cxx_stdcxx=

## ----------------- ##
## Output variables. ##
## ----------------- ##

CC='gcc'
CFLAGS='-g -O2'
CODE_COVERAGE_CFLAGS=''
CODE_COVERAGE_CXXFLAGS=''
CODE_COVERAGE_LDFLAGS=''
CPPFLAGS=''
CXX='g++'
CXXFLAGS='-g -O2'
DEFS='-DHAVE_CONFIG_H'
ECHO_C='\c'
ECHO_N=''
ECHO_T=''
ENABLE_STATS='no'
EXEEXT=''
GAPARCH='aarch64-apple-darwin24-default64-kv9'
GAPROOT='/Users/cheldt/Documents/Code/GAP/GAP-4.14.0'
GAP_CFLAGS=' -pthread -g -O2'
GAP_CPPFLAGS=' -I/Users/cheldt/Documents/Code/GAP/GAP-4.14.0/build -I/Users/cheldt/Documents/Code/GAP/GAP-4.14.0/src -I/Users/cheldt/Documents/Code/GAP/GAP-4.14.0 -DUSE_GASMAN=1   -I/src'
GAP_LDFLAGS=' '
GAP_LIBS=''
KERNEL_DEBUG='no'
LDFLAGS=''
LIBOBJS=''
LIBS=''
LTLIBOBJS=''
OBJEXT='o'
PACKAGE_BUGREPORT=''
PACKAGE_NAME='digraphs'
PACKAGE_STRING='digraphs GAP package'
PACKAGE_TARNAME='digraphs'
PACKAGE_URL=''
PACKAGE_VERSION='GAP package'
PATH_SEPARATOR=':'
PLANARITY_SUITE_DIR='extern/edge-addition-planarity-suite-Version_3.0.1.0'
SED='/usr/bin/sed'
SHELL='/bin/sh'
WARNING_CFLAGS=''
WARNING_CXXFLAGS=''
WITH_INCLUDED_BLISS='yes'
WITH_INCLUDED_PLANARITY='yes'
ac_ct_CC='gcc'
ac_ct_CXX='g++'
bindir='${exec_prefix}/bin'
build_alias=''
datadir='${datarootdir}'
datarootdir='${prefix}/share'
docdir='${datarootdir}/doc/${PACKAGE_TARNAME}'
dvidir='${docdir}'
exec_prefix='${prefix}'
host_alias=''
htmldir='${docdir}'
includedir='${prefix}/include'
infodir='${datarootdir}/info'
libdir='${exec_prefix}/lib'
libexecdir='${exec_prefix}/libexec'
localedir='${datarootdir}/locale'
localstatedir='${prefix}/var'
mandir='${datarootdir}/man'
oldincludedir='/usr/include'
pdfdir='${docdir}'
prefix='${abs_top_builddir}/../../bin/'
program_transform_name='s,x,x,'
psdir='${docdir}'
runstatedir='${localstatedir}/run'
sbindir='${exec_prefix}/sbin'
sharedstatedir='${prefix}/com'
sysconfdir='${prefix}/etc'
target_alias=''

## ----------- ##
## confdefs.h. ##
## ----------- ##

/* confdefs.h */
#define PACKAGE_NAME "digraphs"
#define PACKAGE_TARNAME "digraphs"
#define PACKAGE_VERSION "GAP package"
#define PACKAGE_STRING "digraphs GAP package"
#define PACKAGE_BUGREPORT ""
#define PACKAGE_URL ""
#define HAVE_STDIO_H 1
#define HAVE_STDLIB_H 1
#define HAVE_STRING_H 1
#define HAVE_INTTYPES_H 1
#define HAVE_STDINT_H 1
#define HAVE_STRINGS_H 1
#define HAVE_SYS_STAT_H 1
#define HAVE_SYS_TYPES_H 1
#define HAVE_UNISTD_H 1
#define STDC_HEADERS 1
#define WITH_INCLUDED_PLANARITY 1
#define WITH_INCLUDED_BLISS 1
#define HAVE___BUILTIN_CTZLL 1

configure: exit 0

## ---------------------- ##
## Running config.status. ##
## ---------------------- ##

This file was extended by digraphs config.status GAP package, which was
generated by GNU Autoconf 2.72.  Invocation command line was

  CONFIG_FILES    = 
  CONFIG_HEADERS  = 
  CONFIG_LINKS    = 
  CONFIG_COMMANDS = 
  $ ./config.status gen/pkgconfig.h

on Calums-MacBook-Air-2.local

config.status:826: creating gen/pkgconfig.h
