This file contains any messages produced by compilers while
running configure, to aid debugging if configure makes a mistake.

It was created by nauty configure 2.8.6, which was
generated by GNU Autoconf 2.69.  Invocation command line was

  $ ./configure --enable-generic

## --------- ##
## Platform. ##
## --------- ##

hostname = Mac
uname -m = arm64
uname -r = 24.6.0
uname -s = Darwin
uname -v = Darwin Kernel Version 24.6.0: Mon Jul 14 11:30:51 PDT 2025; root:xnu-11417.140.69~1/RELEASE_ARM64_T8112

/usr/bin/uname -p = arm
/bin/uname -X     = unknown

/bin/arch              = unknown
/usr/bin/arch -k       = unknown
/usr/convex/getsysinfo = unknown
/usr/bin/hostinfo      = Mach kernel version:
	 Darwin Kernel Version 24.6.0: Mon Jul 14 11:30:51 PDT 2025; root:xnu-11417.140.69~1/RELEASE_ARM64_T8112
Kernel configured for up to 8 processors.
8 processors are physically available.
8 processors are logically available.
Processor type: arm64e (ARM64E)
Processors active: 0 1 2 3 4 5 6 7
Primary memory available: 16.00 gigabytes
Default processor set: 801 tasks, 4073 threads, 8 processors
Load average: 6.97, Mach factor: 2.85
/bin/machine           = unknown
/usr/bin/oslevel       = unknown
/bin/universe          = unknown

PATH: /Users/cheldt/Library/pnpm
PATH: /Users/cheldt/.nvm/versions/node/v23.8.0/bin
PATH: /opt/local/bin
PATH: /opt/local/sbin
PATH: /opt/homebrew/bin
PATH: /opt/homebrew/sbin
PATH: /usr/local/bin
PATH: /System/Cryptexes/App/usr/bin
PATH: /usr/bin
PATH: /bin
PATH: /usr/sbin
PATH: /sbin
PATH: /var/run/com.apple.security.cryptexd/codex.system/bootstrap/usr/local/bin
PATH: /var/run/com.apple.security.cryptexd/codex.system/bootstrap/usr/bin
PATH: /var/run/com.apple.security.cryptexd/codex.system/bootstrap/usr/appleinternal/bin
PATH: /Library/Apple/usr/bin
PATH: /usr/local/go/bin
PATH: /Users/cheldt/Library/pnpm
PATH: /Users/cheldt/.nvm/versions/node/v23.8.0/bin
PATH: /opt/local/bin
PATH: /opt/local/sbin
PATH: /Users/cheldt/.cargo/bin


## ----------- ##
## Core tests. ##
## ----------- ##

configure:2622: checking build system type
configure:2636: result: aarch64-apple-darwin24.6.0
configure:2656: checking host system type
configure:2669: result: aarch64-apple-darwin24.6.0
configure:2761: checking for gcc
configure:2777: found /usr/bin/gcc
configure:2788: result: gcc
configure:3017: checking for C compiler version
configure:3026: gcc --version >&5
Apple clang version 17.0.0 (clang-1700.0.13.5)
Target: arm64-apple-darwin24.6.0
Thread model: posix
InstalledDir: /Applications/Xcode.app/Contents/Developer/Toolchains/XcodeDefault.xctoolchain/usr/bin
configure:3037: $? = 0
configure:3026: gcc -v >&5
Apple clang version 17.0.0 (clang-1700.0.13.5)
Target: arm64-apple-darwin24.6.0
Thread model: posix
InstalledDir: /Applications/Xcode.app/Contents/Developer/Toolchains/XcodeDefault.xctoolchain/usr/bin
configure:3037: $? = 0
configure:3026: gcc -V >&5
clang: error: argument to '-V' is missing (expected 1 value)
clang: error: no input files
configure:3037: $? = 1
configure:3026: gcc -qversion >&5
clang: error: unknown argument '-qversion'; did you mean '--version'?
clang: error: no input files
configure:3037: $? = 1
configure:3057: checking whether the C compiler works
configure:3079: gcc    conftest.c  >&5
configure:3083: $? = 0
configure:3131: result: yes
configure:3134: checking for C compiler default output file name
configure:3136: result: a.out
configure:3142: checking for suffix of executables
configure:3149: gcc -o conftest    conftest.c  >&5
configure:3153: $? = 0
configure:3175: result: 
configure:3197: checking whether we are cross compiling
configure:3205: gcc -o conftest    conftest.c  >&5
configure:3209: $? = 0
configure:3216: ./conftest
configure:3220: $? = 0
configure:3235: result: no
configure:3240: checking for suffix of object files
configure:3262: gcc -c   conftest.c >&5
configure:3266: $? = 0
configure:3287: result: o
configure:3291: checking whether we are using the GNU C compiler
configure:3310: gcc -c   conftest.c >&5
configure:3310: $? = 0
configure:3319: result: yes
configure:3328: checking whether gcc accepts -g
configure:3348: gcc -c -g  conftest.c >&5
configure:3348: $? = 0
configure:3389: result: yes
configure:3406: checking for gcc option to accept ISO C89
configure:3469: gcc  -c -g -O2  conftest.c >&5
conftest.c:15:14: warning: a function definition without a prototype is deprecated in all versions of C and is not supported in C23 [-Wdeprecated-non-prototype]
   15 | static char *e (p, i)
      |              ^
1 warning generated.
configure:3469: $? = 0
configure:3482: result: none needed
configure:3512: checking for special C compiler options needed for large files
configure:3557: result: no
configure:3563: checking for _FILE_OFFSET_BITS value needed for large files
configure:3588: gcc -c   conftest.c >&5
configure:3588: $? = 0
configure:3620: result: no
configure:3776: checking if gcc supports -O4 -Werror flags
configure:3792: gcc -c -O4 -Werror  conftest.c >&5
clang: error: -O4 is equivalent to -O3 [-Werror,-Wdeprecated]
configure:3792: $? = 1
configure: failed program was:
| /* confdefs.h */
| #define PACKAGE_NAME "nauty"
| #define PACKAGE_TARNAME "nauty"
| #define PACKAGE_VERSION "2.8.6"
| #define PACKAGE_STRING "nauty 2.8.6"
| #define PACKAGE_BUGREPORT ""
| #define PACKAGE_URL ""
| /* end confdefs.h.  */
| 
| int
| main ()
| {
| 
|   ;
|   return 0;
| }
configure:3799: result: no
configure:3807: checking if gcc supports -O3 flags
configure:3823: gcc -c -O3  conftest.c >&5
configure:3823: $? = 0
configure:3830: result: yes
configure:3886: checking for sys/wait.h that is POSIX.1 compatible
configure:3912: gcc -c  -O3  conftest.c >&5
configure:3912: $? = 0
configure:3919: result: yes
configure:3932: checking how to run the C preprocessor
configure:3963: gcc -E  conftest.c
configure:3963: $? = 0
configure:3977: gcc -E  conftest.c
conftest.c:10:10: fatal error: 'ac_nonexistent.h' file not found
   10 | #include <ac_nonexistent.h>
      |          ^~~~~~~~~~~~~~~~~~
1 error generated.
configure:3977: $? = 1
configure: failed program was:
| /* confdefs.h */
| #define PACKAGE_NAME "nauty"
| #define PACKAGE_TARNAME "nauty"
| #define PACKAGE_VERSION "2.8.6"
| #define PACKAGE_STRING "nauty 2.8.6"
| #define PACKAGE_BUGREPORT ""
| #define PACKAGE_URL ""
| #define HAVE_SYS_WAIT_H 1
| /* end confdefs.h.  */
| #include <ac_nonexistent.h>
configure:4002: result: gcc -E
configure:4022: gcc -E  conftest.c
configure:4022: $? = 0
configure:4036: gcc -E  conftest.c
conftest.c:10:10: fatal error: 'ac_nonexistent.h' file not found
   10 | #include <ac_nonexistent.h>
      |          ^~~~~~~~~~~~~~~~~~
1 error generated.
configure:4036: $? = 1
configure: failed program was:
| /* confdefs.h */
| #define PACKAGE_NAME "nauty"
| #define PACKAGE_TARNAME "nauty"
| #define PACKAGE_VERSION "2.8.6"
| #define PACKAGE_STRING "nauty 2.8.6"
| #define PACKAGE_BUGREPORT ""
| #define PACKAGE_URL ""
| #define HAVE_SYS_WAIT_H 1
| /* end confdefs.h.  */
| #include <ac_nonexistent.h>
configure:4065: checking for grep that handles long lines and -e
configure:4123: result: /usr/bin/grep
configure:4128: checking for egrep
configure:4190: result: /usr/bin/grep -E
configure:4195: checking for ANSI C header files
configure:4215: gcc -c  -O3  conftest.c >&5
configure:4215: $? = 0
configure:4288: gcc -o conftest  -O3   conftest.c  >&5
configure:4288: $? = 0
configure:4288: ./conftest
configure:4288: $? = 0
configure:4299: result: yes
configure:4312: checking for sys/types.h
configure:4312: gcc -c  -O3  conftest.c >&5
configure:4312: $? = 0
configure:4312: result: yes
configure:4312: checking for sys/stat.h
configure:4312: gcc -c  -O3  conftest.c >&5
configure:4312: $? = 0
configure:4312: result: yes
configure:4312: checking for stdlib.h
configure:4312: gcc -c  -O3  conftest.c >&5
configure:4312: $? = 0
configure:4312: result: yes
configure:4312: checking for string.h
configure:4312: gcc -c  -O3  conftest.c >&5
configure:4312: $? = 0
configure:4312: result: yes
configure:4312: checking for memory.h
configure:4312: gcc -c  -O3  conftest.c >&5
configure:4312: $? = 0
configure:4312: result: yes
configure:4312: checking for strings.h
configure:4312: gcc -c  -O3  conftest.c >&5
configure:4312: $? = 0
configure:4312: result: yes
configure:4312: checking for inttypes.h
configure:4312: gcc -c  -O3  conftest.c >&5
configure:4312: $? = 0
configure:4312: result: yes
configure:4312: checking for stdint.h
configure:4312: gcc -c  -O3  conftest.c >&5
configure:4312: $? = 0
configure:4312: result: yes
configure:4312: checking for unistd.h
configure:4312: gcc -c  -O3  conftest.c >&5
configure:4312: $? = 0
configure:4312: result: yes
configure:4327: checking signal.h usability
configure:4327: gcc -c  -O3  conftest.c >&5
configure:4327: $? = 0
configure:4327: result: yes
configure:4327: checking signal.h presence
configure:4327: gcc -E  conftest.c
configure:4327: $? = 0
configure:4327: result: yes
configure:4327: checking for signal.h
configure:4327: result: yes
configure:4327: checking stddef.h usability
configure:4327: gcc -c  -O3  conftest.c >&5
configure:4327: $? = 0
configure:4327: result: yes
configure:4327: checking stddef.h presence
configure:4327: gcc -E  conftest.c
configure:4327: $? = 0
configure:4327: result: yes
configure:4327: checking for stddef.h
configure:4327: result: yes
configure:4327: checking for unistd.h
configure:4327: result: yes
configure:4327: checking for sys/types.h
configure:4327: result: yes
configure:4327: checking for sys/wait.h
configure:4327: result: yes
configure:4327: checking for stdlib.h
configure:4327: result: yes
configure:4327: checking for string.h
configure:4327: result: yes
configure:4327: checking errno.h usability
configure:4327: gcc -c  -O3  conftest.c >&5
configure:4327: $? = 0
configure:4327: result: yes
configure:4327: checking errno.h presence
configure:4327: gcc -E  conftest.c
configure:4327: $? = 0
configure:4327: result: yes
configure:4327: checking for errno.h
configure:4327: result: yes
configure:4327: checking limits.h usability
configure:4327: gcc -c  -O3  conftest.c >&5
configure:4327: $? = 0
configure:4327: result: yes
configure:4327: checking limits.h presence
configure:4327: gcc -E  conftest.c
configure:4327: $? = 0
configure:4327: result: yes
configure:4327: checking for limits.h
configure:4327: result: yes
configure:4327: checking for stdint.h
configure:4327: result: yes
configure:4398: checking for pid_t
configure:4398: gcc -c  -O3  conftest.c >&5
configure:4398: $? = 0
configure:4398: gcc -c  -O3  conftest.c >&5
conftest.c:66:20: error: expected expression
   66 | if (sizeof ((pid_t)))
      |                    ^
1 error generated.
configure:4398: $? = 1
configure: failed program was:
| /* confdefs.h */
| #define PACKAGE_NAME "nauty"
| #define PACKAGE_TARNAME "nauty"
| #define PACKAGE_VERSION "2.8.6"
| #define PACKAGE_STRING "nauty 2.8.6"
| #define PACKAGE_BUGREPORT ""
| #define PACKAGE_URL ""
| #define HAVE_SYS_WAIT_H 1
| #define STDC_HEADERS 1
| #define HAVE_SYS_TYPES_H 1
| #define HAVE_SYS_STAT_H 1
| #define HAVE_STDLIB_H 1
| #define HAVE_STRING_H 1
| #define HAVE_MEMORY_H 1
| #define HAVE_STRINGS_H 1
| #define HAVE_INTTYPES_H 1
| #define HAVE_STDINT_H 1
| #define HAVE_UNISTD_H 1
| #define HAVE_SIGNAL_H 1
| #define HAVE_STDDEF_H 1
| #define HAVE_UNISTD_H 1
| #define HAVE_SYS_TYPES_H 1
| #define HAVE_SYS_WAIT_H 1
| #define HAVE_STDLIB_H 1
| #define HAVE_STRING_H 1
| #define HAVE_ERRNO_H 1
| #define HAVE_LIMITS_H 1
| #define HAVE_STDINT_H 1
| /* end confdefs.h.  */
| #include <stdio.h>
| #ifdef HAVE_SYS_TYPES_H
| # include <sys/types.h>
| #endif
| #ifdef HAVE_SYS_STAT_H
| # include <sys/stat.h>
| #endif
| #ifdef STDC_HEADERS
| # include <stdlib.h>
| # include <stddef.h>
| #else
| # ifdef HAVE_STDLIB_H
| #  include <stdlib.h>
| # endif
| #endif
| #ifdef HAVE_STRING_H
| # if !defined STDC_HEADERS && defined HAVE_MEMORY_H
| #  include <memory.h>
| # endif
| # include <string.h>
| #endif
| #ifdef HAVE_STRINGS_H
| # include <strings.h>
| #endif
| #ifdef HAVE_INTTYPES_H
| # include <inttypes.h>
| #endif
| #ifdef HAVE_STDINT_H
| # include <stdint.h>
| #endif
| #ifdef HAVE_UNISTD_H
| # include <unistd.h>
| #endif
| int
| main ()
| {
| if (sizeof ((pid_t)))
| 	    return 0;
|   ;
|   return 0;
| }
configure:4398: result: yes
configure:4416: checking whether ftell is declared
configure:4416: gcc -c  -O3  conftest.c >&5
configure:4416: $? = 0
configure:4416: result: yes
configure:4424: checking whether popen is declared
configure:4424: gcc -c  -O3  conftest.c >&5
configure:4424: $? = 0
configure:4424: result: yes
configure:4432: checking whether fdopen is declared
configure:4432: gcc -c  -O3  conftest.c >&5
configure:4432: $? = 0
configure:4432: result: yes
configure:4440: checking whether putenv is declared
configure:4440: gcc -c  -O3  conftest.c >&5
configure:4440: $? = 0
configure:4440: result: yes
configure:4448: checking whether setenv is declared
configure:4448: gcc -c  -O3  conftest.c >&5
configure:4448: $? = 0
configure:4448: result: yes
configure:4457: checking whether malloc is declared
configure:4457: gcc -c  -O3  conftest.c >&5
configure:4457: $? = 0
configure:4457: result: yes
configure:4481: checking if compiler accepts flexible array members
configure:4495: gcc -c  -O3  conftest.c >&5
configure:4495: $? = 0
configure:4502: result: 1
configure:4505: checking if INFINITY is declared in math.h
configure:4525: result: 1
configure:4532: checking size of int
configure:4537: gcc -o conftest  -O3   conftest.c  >&5
configure:4537: $? = 0
configure:4537: ./conftest
configure:4537: $? = 0
configure:4551: result: 4
configure:4566: checking size of long
configure:4571: gcc -o conftest  -O3   conftest.c  >&5
configure:4571: $? = 0
configure:4571: ./conftest
configure:4571: $? = 0
configure:4585: result: 8
configure:4600: checking size of long long
configure:4605: gcc -o conftest  -O3   conftest.c  >&5
configure:4605: $? = 0
configure:4605: ./conftest
configure:4605: $? = 0
configure:4619: result: 8
configure:4634: checking size of void*
configure:4639: gcc -o conftest  -O3   conftest.c  >&5
configure:4639: $? = 0
configure:4639: ./conftest
configure:4639: $? = 0
configure:4653: result: 8
configure:4668: checking size of __int128
configure:4673: gcc -o conftest  -O3   conftest.c  >&5
configure:4673: $? = 0
configure:4673: ./conftest
configure:4673: $? = 0
configure:4687: result: 16
configure:4702: checking size of __int128_t
configure:4707: gcc -o conftest  -O3   conftest.c  >&5
configure:4707: $? = 0
configure:4707: ./conftest
configure:4707: $? = 0
configure:4721: result: 16
configure:4748: checking for isatty
configure:4748: gcc -o conftest  -O3   conftest.c  >&5
configure:4748: $? = 0
configure:4748: result: yes
configure:4756: checking for time
configure:4756: gcc -o conftest  -O3   conftest.c  >&5
configure:4756: $? = 0
configure:4756: result: yes
configure:4764: checking for gettimeofday
configure:4764: gcc -o conftest  -O3   conftest.c  >&5
configure:4764: $? = 0
configure:4764: result: yes
configure:4772: checking for clock_gettime
configure:4772: gcc -o conftest  -O3   conftest.c  >&5
configure:4772: $? = 0
configure:4772: result: yes
configure:4780: checking for clock
configure:4780: gcc -o conftest  -O3   conftest.c  >&5
configure:4780: $? = 0
configure:4780: result: yes
configure:4788: checking for times
configure:4788: gcc -o conftest  -O3   conftest.c  >&5
configure:4788: $? = 0
configure:4788: result: yes
configure:4796: checking for getrusage
configure:4796: gcc -o conftest  -O3   conftest.c  >&5
configure:4796: $? = 0
configure:4796: result: yes
configure:4804: checking for perror
configure:4804: gcc -o conftest  -O3   conftest.c  >&5
configure:4804: $? = 0
configure:4804: result: yes
configure:4812: checking for pipe
configure:4812: gcc -o conftest  -O3   conftest.c  >&5
configure:4812: $? = 0
configure:4812: result: yes
configure:4820: checking for wait
configure:4820: gcc -o conftest  -O3   conftest.c  >&5
configure:4820: $? = 0
configure:4820: result: yes
configure:4828: checking for popen
configure:4828: gcc -o conftest  -O3   conftest.c  >&5
configure:4828: $? = 0
configure:4828: result: yes
configure:4836: checking for putenv
configure:4836: gcc -o conftest  -O3   conftest.c  >&5
configure:4836: $? = 0
configure:4836: result: yes
configure:4844: checking for setenv
configure:4844: gcc -o conftest  -O3   conftest.c  >&5
configure:4844: $? = 0
configure:4844: result: yes
configure:4854: checking vfork.h usability
configure:4854: gcc -c  -O3  conftest.c >&5
conftest.c:69:10: fatal error: 'vfork.h' file not found
   69 | #include <vfork.h>
      |          ^~~~~~~~~
1 error generated.
configure:4854: $? = 1
configure: failed program was:
| /* confdefs.h */
| #define PACKAGE_NAME "nauty"
| #define PACKAGE_TARNAME "nauty"
| #define PACKAGE_VERSION "2.8.6"
| #define PACKAGE_STRING "nauty 2.8.6"
| #define PACKAGE_BUGREPORT ""
| #define PACKAGE_URL ""
| #define HAVE_SYS_WAIT_H 1
| #define STDC_HEADERS 1
| #define HAVE_SYS_TYPES_H 1
| #define HAVE_SYS_STAT_H 1
| #define HAVE_STDLIB_H 1
| #define HAVE_STRING_H 1
| #define HAVE_MEMORY_H 1
| #define HAVE_STRINGS_H 1
| #define HAVE_INTTYPES_H 1
| #define HAVE_STDINT_H 1
| #define HAVE_UNISTD_H 1
| #define HAVE_SIGNAL_H 1
| #define HAVE_STDDEF_H 1
| #define HAVE_UNISTD_H 1
| #define HAVE_SYS_TYPES_H 1
| #define HAVE_SYS_WAIT_H 1
| #define HAVE_STDLIB_H 1
| #define HAVE_STRING_H 1
| #define HAVE_ERRNO_H 1
| #define HAVE_LIMITS_H 1
| #define HAVE_STDINT_H 1
| #define SIZEOF_INT 4
| #define SIZEOF_LONG 8
| #define SIZEOF_LONG_LONG 8
| #define SIZEOF_VOIDP 8
| #define SIZEOF___INT128 16
| #define SIZEOF___INT128_T 16
| /* end confdefs.h.  */
| #include <stdio.h>
| #ifdef HAVE_SYS_TYPES_H
| # include <sys/types.h>
| #endif
| #ifdef HAVE_SYS_STAT_H
| # include <sys/stat.h>
| #endif
| #ifdef STDC_HEADERS
| # include <stdlib.h>
| # include <stddef.h>
| #else
| # ifdef HAVE_STDLIB_H
| #  include <stdlib.h>
| # endif
| #endif
| #ifdef HAVE_STRING_H
| # if !defined STDC_HEADERS && defined HAVE_MEMORY_H
| #  include <memory.h>
| # endif
| # include <string.h>
| #endif
| #ifdef HAVE_STRINGS_H
| # include <strings.h>
| #endif
| #ifdef HAVE_INTTYPES_H
| # include <inttypes.h>
| #endif
| #ifdef HAVE_STDINT_H
| # include <stdint.h>
| #endif
| #ifdef HAVE_UNISTD_H
| # include <unistd.h>
| #endif
| #include <vfork.h>
configure:4854: result: no
configure:4854: checking vfork.h presence
configure:4854: gcc -E  conftest.c
conftest.c:36:10: fatal error: 'vfork.h' file not found
   36 | #include <vfork.h>
      |          ^~~~~~~~~
1 error generated.
configure:4854: $? = 1
configure: failed program was:
| /* confdefs.h */
| #define PACKAGE_NAME "nauty"
| #define PACKAGE_TARNAME "nauty"
| #define PACKAGE_VERSION "2.8.6"
| #define PACKAGE_STRING "nauty 2.8.6"
| #define PACKAGE_BUGREPORT ""
| #define PACKAGE_URL ""
| #define HAVE_SYS_WAIT_H 1
| #define STDC_HEADERS 1
| #define HAVE_SYS_TYPES_H 1
| #define HAVE_SYS_STAT_H 1
| #define HAVE_STDLIB_H 1
| #define HAVE_STRING_H 1
| #define HAVE_MEMORY_H 1
| #define HAVE_STRINGS_H 1
| #define HAVE_INTTYPES_H 1
| #define HAVE_STDINT_H 1
| #define HAVE_UNISTD_H 1
| #define HAVE_SIGNAL_H 1
| #define HAVE_STDDEF_H 1
| #define HAVE_UNISTD_H 1
| #define HAVE_SYS_TYPES_H 1
| #define HAVE_SYS_WAIT_H 1
| #define HAVE_STDLIB_H 1
| #define HAVE_STRING_H 1
| #define HAVE_ERRNO_H 1
| #define HAVE_LIMITS_H 1
| #define HAVE_STDINT_H 1
| #define SIZEOF_INT 4
| #define SIZEOF_LONG 8
| #define SIZEOF_LONG_LONG 8
| #define SIZEOF_VOIDP 8
| #define SIZEOF___INT128 16
| #define SIZEOF___INT128_T 16
| /* end confdefs.h.  */
| #include <vfork.h>
configure:4854: result: no
configure:4854: checking for vfork.h
configure:4854: result: no
configure:4867: checking for fork
configure:4867: gcc -o conftest  -O3   conftest.c  >&5
configure:4867: $? = 0
configure:4867: result: yes
configure:4867: checking for vfork
configure:4867: gcc -o conftest  -O3   conftest.c  >&5
conftest.c:60:6: warning: incompatible redeclaration of library function 'vfork' [-Wincompatible-library-redeclaration]
   60 | char vfork ();
      |      ^
conftest.c:60:6: note: 'vfork' is a builtin with type 'int (void)'
1 warning generated.
configure:4867: $? = 0
configure:4867: result: yes
configure:4877: checking for working fork
configure:4899: gcc -o conftest  -O3   conftest.c  >&5
configure:4899: $? = 0
configure:4899: ./conftest
configure:4899: $? = 0
configure:4909: result: yes
configure:4930: checking for working vfork
configure:5040: result: yes
configure:5072: checking for fseeko
configure:5072: gcc -o conftest  -O3   conftest.c  >&5
configure:5072: $? = 0
configure:5072: result: yes
configure:5080: checking for sigaction
configure:5080: gcc -o conftest  -O3   conftest.c  >&5
configure:5080: $? = 0
configure:5080: result: yes
configure:5088: checking for sigprocmask
configure:5088: gcc -o conftest  -O3   conftest.c  >&5
configure:5088: $? = 0
configure:5088: result: yes
configure:5097: checking if popcnt instruction is available and requested
configure:5116: gcc -o conftest  -O3   conftest.c  >&5
conftest.c:44:5: warning: invalid cpu feature string for builtin
   44 | if (__builtin_cpu_supports("popcnt")) return 0; else return 1;
      |     ^                      ~~~~~~~~
1 warning generated.
configure:5116: $? = 0
configure:5116: ./conftest
configure:5116: $? = 1
configure: program exited with status 1
configure: failed program was:
| /* confdefs.h */
| #define PACKAGE_NAME "nauty"
| #define PACKAGE_TARNAME "nauty"
| #define PACKAGE_VERSION "2.8.6"
| #define PACKAGE_STRING "nauty 2.8.6"
| #define PACKAGE_BUGREPORT ""
| #define PACKAGE_URL ""
| #define HAVE_SYS_WAIT_H 1
| #define STDC_HEADERS 1
| #define HAVE_SYS_TYPES_H 1
| #define HAVE_SYS_STAT_H 1
| #define HAVE_STDLIB_H 1
| #define HAVE_STRING_H 1
| #define HAVE_MEMORY_H 1
| #define HAVE_STRINGS_H 1
| #define HAVE_INTTYPES_H 1
| #define HAVE_STDINT_H 1
| #define HAVE_UNISTD_H 1
| #define HAVE_SIGNAL_H 1
| #define HAVE_STDDEF_H 1
| #define HAVE_UNISTD_H 1
| #define HAVE_SYS_TYPES_H 1
| #define HAVE_SYS_WAIT_H 1
| #define HAVE_STDLIB_H 1
| #define HAVE_STRING_H 1
| #define HAVE_ERRNO_H 1
| #define HAVE_LIMITS_H 1
| #define HAVE_STDINT_H 1
| #define SIZEOF_INT 4
| #define SIZEOF_LONG 8
| #define SIZEOF_LONG_LONG 8
| #define SIZEOF_VOIDP 8
| #define SIZEOF___INT128 16
| #define SIZEOF___INT128_T 16
| #define HAVE_FORK 1
| #define HAVE_VFORK 1
| #define HAVE_WORKING_VFORK 1
| #define HAVE_WORKING_FORK 1
| /* end confdefs.h.  */
| 
| int
| main ()
| {
| if (__builtin_cpu_supports("popcnt")) return 0; else return 1;
|   ;
|   return 0;
| }
configure:5139: result: 1
configure:5188: checking if __builtin_popcount() is supported
configure:5194: gcc -o conftest  -O3   conftest.c  >&5
configure:5194: $? = 0
configure:5201: result: 1
configure:5203: checking if __builtin_popcountl() is supported
configure:5209: gcc -o conftest  -O3   conftest.c  >&5
configure:5209: $? = 0
configure:5216: result: 1
configure:5218: checking if __builtin_popcountll() is supported
configure:5224: gcc -o conftest  -O3   conftest.c  >&5
configure:5224: $? = 0
configure:5231: result: 1
configure:5330: checking if lzcnt instruction is available and requested
configure:5342: result: 1
configure:5347: checking if __builtin_clz() is supported
configure:5353: gcc -o conftest  -O3   conftest.c  >&5
configure:5353: $? = 0
configure:5360: result: 1
configure:5362: checking if __builtin_clzl() is supported
configure:5368: gcc -o conftest  -O3   conftest.c  >&5
configure:5368: $? = 0
configure:5375: result: 1
configure:5377: checking if __builtin_clzll() is supported
configure:5383: gcc -o conftest  -O3   conftest.c  >&5
configure:5383: $? = 0
configure:5390: result: 1
configure:5414: checking for getc_unlocked
configure:5414: gcc -o conftest  -O3   conftest.c  >&5
configure:5414: $? = 0
configure:5414: result: yes
configure:5421: checking for flockfile
configure:5421: gcc -o conftest  -O3   conftest.c  >&5
configure:5421: $? = 0
configure:5421: result: yes
configure:5437: checking for thread local storage (TLS) class
configure:5459: gcc -c  -O3  conftest.c >&5
conftest.c:44:9: error: unknown type name 'thread_local'
   44 | static  thread_local  int bar;
      |         ^
1 error generated.
configure:5459: $? = 1
configure: failed program was:
| /* confdefs.h */
| #define PACKAGE_NAME "nauty"
| #define PACKAGE_TARNAME "nauty"
| #define PACKAGE_VERSION "2.8.6"
| #define PACKAGE_STRING "nauty 2.8.6"
| #define PACKAGE_BUGREPORT ""
| #define PACKAGE_URL ""
| #define HAVE_SYS_WAIT_H 1
| #define STDC_HEADERS 1
| #define HAVE_SYS_TYPES_H 1
| #define HAVE_SYS_STAT_H 1
| #define HAVE_STDLIB_H 1
| #define HAVE_STRING_H 1
| #define HAVE_MEMORY_H 1
| #define HAVE_STRINGS_H 1
| #define HAVE_INTTYPES_H 1
| #define HAVE_STDINT_H 1
| #define HAVE_UNISTD_H 1
| #define HAVE_SIGNAL_H 1
| #define HAVE_STDDEF_H 1
| #define HAVE_UNISTD_H 1
| #define HAVE_SYS_TYPES_H 1
| #define HAVE_SYS_WAIT_H 1
| #define HAVE_STDLIB_H 1
| #define HAVE_STRING_H 1
| #define HAVE_ERRNO_H 1
| #define HAVE_LIMITS_H 1
| #define HAVE_STDINT_H 1
| #define SIZEOF_INT 4
| #define SIZEOF_LONG 8
| #define SIZEOF_LONG_LONG 8
| #define SIZEOF_VOIDP 8
| #define SIZEOF___INT128 16
| #define SIZEOF___INT128_T 16
| #define HAVE_FORK 1
| #define HAVE_VFORK 1
| #define HAVE_WORKING_VFORK 1
| #define HAVE_WORKING_FORK 1
| /* end confdefs.h.  */
| #include <stdlib.h>
| int
| main ()
| {
| static  thread_local  int bar;
| 
|   ;
|   return 0;
| }
configure:5459: gcc -c  -O3  conftest.c >&5
configure:5459: $? = 0
configure:5472: result: _Thread_local
configure:5550: checking for gsort
configure:5580: result: no
configure:5550: checking for sort
configure:5566: found /usr/bin/sort
configure:5577: result: sort
configure:5591: checking if sort supports the -k switch
configure:5599: result: 1
configure:5605: checking for a thread-safe mkdir -p
configure:5644: result: ./install-sh -c -d
configure:5661: checking for a BSD-compatible install
configure:5729: result: /usr/bin/install -c
configure:5745: checking for gunzip
configure:5761: found /usr/bin/gunzip
configure:5772: result: gunzip
configure:5943: creating ./config.status

## ---------------------- ##
## Running config.status. ##
## ---------------------- ##

This file was extended by nauty config.status 2.8.6, which was
generated by GNU Autoconf 2.69.  Invocation command line was

  CONFIG_FILES    = 
  CONFIG_HEADERS  = 
  CONFIG_LINKS    = 
  CONFIG_COMMANDS = 
  $ ./config.status 

on Mac

config.status:816: creating makefile
config.status:816: creating nauty.h
config.status:816: creating naututil.h
config.status:816: creating gtools.h
config.status:816: creating nauty.pc

## ---------------- ##
## Cache variables. ##
## ---------------- ##

ac_cv_build=aarch64-apple-darwin24.6.0
ac_cv_c_compiler_gnu=yes
ac_cv_env_CC_set=
ac_cv_env_CC_value=
ac_cv_env_CFLAGS_set=
ac_cv_env_CFLAGS_value=
ac_cv_env_CPPFLAGS_set=
ac_cv_env_CPPFLAGS_value=
ac_cv_env_CPP_set=
ac_cv_env_CPP_value=
ac_cv_env_LDFLAGS_set=
ac_cv_env_LDFLAGS_value=
ac_cv_env_LIBS_set=
ac_cv_env_LIBS_value=
ac_cv_env_build_alias_set=
ac_cv_env_build_alias_value=
ac_cv_env_host_alias_set=
ac_cv_env_host_alias_value=
ac_cv_env_target_alias_set=
ac_cv_env_target_alias_value=
ac_cv_func_clock=yes
ac_cv_func_clock_gettime=yes
ac_cv_func_flockfile=yes
ac_cv_func_fork=yes
ac_cv_func_fork_works=yes
ac_cv_func_fseeko=yes
ac_cv_func_getc_unlocked=yes
ac_cv_func_getrusage=yes
ac_cv_func_gettimeofday=yes
ac_cv_func_isatty=yes
ac_cv_func_perror=yes
ac_cv_func_pipe=yes
ac_cv_func_popen=yes
ac_cv_func_putenv=yes
ac_cv_func_setenv=yes
ac_cv_func_sigaction=yes
ac_cv_func_sigprocmask=yes
ac_cv_func_time=yes
ac_cv_func_times=yes
ac_cv_func_vfork=yes
ac_cv_func_vfork_works=yes
ac_cv_func_wait=yes
ac_cv_have_decl_fdopen=yes
ac_cv_have_decl_ftell=yes
ac_cv_have_decl_malloc=yes
ac_cv_have_decl_popen=yes
ac_cv_have_decl_putenv=yes
ac_cv_have_decl_setenv=yes
ac_cv_header_errno_h=yes
ac_cv_header_inttypes_h=yes
ac_cv_header_limits_h=yes
ac_cv_header_memory_h=yes
ac_cv_header_signal_h=yes
ac_cv_header_stdc=yes
ac_cv_header_stddef_h=yes
ac_cv_header_stdint_h=yes
ac_cv_header_stdlib_h=yes
ac_cv_header_string_h=yes
ac_cv_header_strings_h=yes
ac_cv_header_sys_stat_h=yes
ac_cv_header_sys_types_h=yes
ac_cv_header_sys_wait_h=yes
ac_cv_header_unistd_h=yes
ac_cv_header_vfork_h=no
ac_cv_host=aarch64-apple-darwin24.6.0
ac_cv_objext=o
ac_cv_path_EGREP='/usr/bin/grep -E'
ac_cv_path_GREP=/usr/bin/grep
ac_cv_path_install='/usr/bin/install -c'
ac_cv_prog_CPP='gcc -E'
ac_cv_prog_ac_ct_CC=gcc
ac_cv_prog_cc_c89=
ac_cv_prog_cc_g=yes
ac_cv_prog_gunzip_prog=gunzip
ac_cv_prog_sort_prog=sort
ac_cv_sizeof___int128=16
ac_cv_sizeof___int128_t=16
ac_cv_sizeof_int=4
ac_cv_sizeof_long=8
ac_cv_sizeof_long_long=8
ac_cv_sizeof_voidp=8
ac_cv_sys_file_offset_bits=0
ac_cv_sys_largefile_CC=no
ac_cv_tls=_Thread_local
ac_cv_try_cflags_ok=yes
ac_cv_type_pid_t=yes

## ----------------- ##
## Output variables. ##
## ----------------- ##

CC='gcc'
CFLAGS=' -O3'
CPP='gcc -E'
CPPFLAGS=''
DEFS='-DPACKAGE_NAME=\"nauty\" -DPACKAGE_TARNAME=\"nauty\" -DPACKAGE_VERSION=\"2.8.6\" -DPACKAGE_STRING=\"nauty\ 2.8.6\" -DPACKAGE_BUGREPORT=\"\" -DPACKAGE_URL=\"\" -DHAVE_SYS_WAIT_H=1 -DSTDC_HEADERS=1 -DHAVE_SYS_TYPES_H=1 -DHAVE_SYS_STAT_H=1 -DHAVE_STDLIB_H=1 -DHAVE_STRING_H=1 -DHAVE_MEMORY_H=1 -DHAVE_STRINGS_H=1 -DHAVE_INTTYPES_H=1 -DHAVE_STDINT_H=1 -DHAVE_UNISTD_H=1 -DHAVE_SIGNAL_H=1 -DHAVE_STDDEF_H=1 -DHAVE_UNISTD_H=1 -DHAVE_SYS_TYPES_H=1 -DHAVE_SYS_WAIT_H=1 -DHAVE_STDLIB_H=1 -DHAVE_STRING_H=1 -DHAVE_ERRNO_H=1 -DHAVE_LIMITS_H=1 -DHAVE_STDINT_H=1 -DSIZEOF_INT=4 -DSIZEOF_LONG=8 -DSIZEOF_LONG_LONG=8 -DSIZEOF_VOIDP=8 -DSIZEOF___INT128=16 -DSIZEOF___INT128_T=16 -DHAVE_FORK=1 -DHAVE_VFORK=1 -DHAVE_WORKING_VFORK=1 -DHAVE_WORKING_FORK=1 -DTLS=_Thread_local'
ECHO_C='\c'
ECHO_N=''
ECHO_T=''
EGREP='/usr/bin/grep -E'
EXEEXT=''
GREP='/usr/bin/grep'
INSTALL_DATA='${INSTALL} -m 644'
INSTALL_PROGRAM='${INSTALL}'
INSTALL_SCRIPT='${INSTALL}'
LDFLAGS=''
LIBOBJS=''
LIBS=''
LTLIBOBJS=''
MKDIR_P='./install-sh -c -d'
MORECFLAGS=''
OBJEXT='o'
PACKAGE_BUGREPORT=''
PACKAGE_NAME='nauty'
PACKAGE_STRING='nauty 2.8.6'
PACKAGE_TARNAME='nauty'
PACKAGE_URL=''
PACKAGE_VERSION='2.8.6'
PATH_SEPARATOR=':'
SHELL='/bin/sh'
ac_ct_CC='gcc'
ac_cv_sizeof___int128='16'
ac_cv_sizeof___int128_t='16'
ac_cv_sizeof_int='4'
ac_cv_sizeof_long='8'
ac_cv_sizeof_long_long='8'
ac_cv_sizeof_voidp='8'
ac_cv_sys_file_offset_bits='0'
ac_cv_tls='_Thread_local'
allow_interrupt='1'
bindir='${exec_prefix}/bin'
build='aarch64-apple-darwin24.6.0'
build_alias=''
build_cpu='aarch64'
build_os='darwin24.6.0'
build_vendor='apple'
datadir='${datarootdir}'
datarootdir='${prefix}/share'
default_wordsize='0'
docdir='${datarootdir}/doc/${PACKAGE_TARNAME}'
dvidir='${docdir}'
edit_msg='++++++ This file is automatically generated, don'\''t edit it by hand! ++++++'
exec_prefix='${prefix}'
fdopen_dec='1'
flex_array_ok='1'
ftell_dec='1'
gunzip_prog='gunzip'
has_math_inf='1'
have_ansicontrols='0'
have_clock='1'
have_clock_gettime='1'
have_clz='1'
have_clzl='1'
have_clzll='1'
have_flockfile='1'
have_fork='1'
have_fseeko='1'
have_getrusage='1'
have_gettimeofday='1'
have_gunzip='1'
have_hwlzcnt='1'
have_hwpopcnt='1'
have_isatty='1'
have_mmpop32='0'
have_mmpop64='0'
have_perror='1'
have_pid_t='1'
have_pipe='1'
have_popcnt='1'
have_popcntl='1'
have_popcntll='1'
have_popen='1'
have_putenv='1'
have_setenv='1'
have_sigaction='1'
have_sigprocmask='1'
have_time='1'
have_times='1'
have_wait='1'
header_errno_h='1'
header_limits_h='1'
header_signal_h='1'
header_stddef_h='1'
header_stdint_h='1'
header_stdlib_h='1'
header_string_h='1'
header_sys_types_h='1'
header_sys_wait_h='1'
header_unistd_h='1'
host='aarch64-apple-darwin24.6.0'
host_alias=''
host_cpu='aarch64'
host_os='darwin24.6.0'
host_vendor='apple'
htmldir='${docdir}'
includedir='${prefix}/include'
infodir='${datarootdir}/info'
is_ARM64='1'
libdir='${exec_prefix}/lib'
libexecdir='${exec_prefix}/libexec'
localedir='${datarootdir}/locale'
localstatedir='${prefix}/var'
lok='1'
malloc_dec='1'
mandir='${datarootdir}/man'
oldincludedir='/usr/include'
pdfdir='${docdir}'
popen_dec='1'
prefix='/usr/local'
program_transform_name='s,x,x,'
psdir='${docdir}'
putenv_dec='1'
runstatedir='${localstatedir}/run'
sbindir='${exec_prefix}/sbin'
setenv_dec='1'
sharedstatedir='${prefix}/com'
shortg_or_null='shortg'
sort_newparams_ok='1'
sort_prog='sort'
stdio_nolock='1'
sysconfdir='${prefix}/etc'
target_alias=''
testprogs='dreadtest dreadtestS dreadtestS1 dreadtest4K dreadtest1 dreadtestW dreadtestW1 dreadtestL1 dreadtestL'
tls_supported='1'
use_tls=''

## ----------- ##
## confdefs.h. ##
## ----------- ##

/* confdefs.h */
#define PACKAGE_NAME "nauty"
#define PACKAGE_TARNAME "nauty"
#define PACKAGE_VERSION "2.8.6"
#define PACKAGE_STRING "nauty 2.8.6"
#define PACKAGE_BUGREPORT ""
#define PACKAGE_URL ""
#define HAVE_SYS_WAIT_H 1
#define STDC_HEADERS 1
#define HAVE_SYS_TYPES_H 1
#define HAVE_SYS_STAT_H 1
#define HAVE_STDLIB_H 1
#define HAVE_STRING_H 1
#define HAVE_MEMORY_H 1
#define HAVE_STRINGS_H 1
#define HAVE_INTTYPES_H 1
#define HAVE_STDINT_H 1
#define HAVE_UNISTD_H 1
#define HAVE_SIGNAL_H 1
#define HAVE_STDDEF_H 1
#define HAVE_UNISTD_H 1
#define HAVE_SYS_TYPES_H 1
#define HAVE_SYS_WAIT_H 1
#define HAVE_STDLIB_H 1
#define HAVE_STRING_H 1
#define HAVE_ERRNO_H 1
#define HAVE_LIMITS_H 1
#define HAVE_STDINT_H 1
#define SIZEOF_INT 4
#define SIZEOF_LONG 8
#define SIZEOF_LONG_LONG 8
#define SIZEOF_VOIDP 8
#define SIZEOF___INT128 16
#define SIZEOF___INT128_T 16
#define HAVE_FORK 1
#define HAVE_VFORK 1
#define HAVE_WORKING_VFORK 1
#define HAVE_WORKING_FORK 1
#define TLS _Thread_local

configure: exit 0
