This file contains any messages produced by compilers while
running configure, to aid debugging if configure makes a mistake.

It was created by ferret configure package, which was
generated by GNU Autoconf 2.71.  Invocation command line was

  $ ./configure --with-gaproot=/Users/cheldt/Documents/Code/GAP/gap-4.14.0

## --------- ##
## Platform. ##
## --------- ##

hostname = Mac
uname -m = arm64
uname -r = 24.6.0
uname -s = Darwin
uname -v = Darwin Kernel Version 24.6.0: Mon Jul 14 11:30:51 PDT 2025; root:xnu-11417.140.69~1/RELEASE_ARM64_T8112

/usr/bin/uname -p = arm
/bin/uname -X     = unknown

/bin/arch              = unknown
/usr/bin/arch -k       = unknown
/usr/convex/getsysinfo = unknown
/usr/bin/hostinfo      = Mach kernel version:
	 Darwin Kernel Version 24.6.0: Mon Jul 14 11:30:51 PDT 2025; root:xnu-11417.140.69~1/RELEASE_ARM64_T8112
Kernel configured for up to 8 processors.
8 processors are physically available.
8 processors are logically available.
Processor type: arm64e (ARM64E)
Processors active: 0 1 2 3 4 5 6 7
Primary memory available: 16.00 gigabytes
Default processor set: 800 tasks, 4042 threads, 8 processors
Load average: 5.71, Mach factor: 2.48
/bin/machine           = unknown
/usr/bin/oslevel       = unknown
/bin/universe          = unknown

PATH: /Users/cheldt/Library/pnpm/
PATH: /Users/cheldt/.nvm/versions/node/v23.8.0/bin/
PATH: /opt/local/bin/
PATH: /opt/local/sbin/
PATH: /opt/homebrew/bin/
PATH: /opt/homebrew/sbin/
PATH: /usr/local/bin/
PATH: /System/Cryptexes/App/usr/bin/
PATH: /usr/bin/
PATH: /bin/
PATH: /usr/sbin/
PATH: /sbin/
PATH: /var/run/com.apple.security.cryptexd/codex.system/bootstrap/usr/local/bin/
PATH: /var/run/com.apple.security.cryptexd/codex.system/bootstrap/usr/bin/
PATH: /var/run/com.apple.security.cryptexd/codex.system/bootstrap/usr/appleinternal/bin/
PATH: /Library/Apple/usr/bin/
PATH: /usr/local/go/bin/
PATH: /Users/cheldt/Library/pnpm/
PATH: /Users/cheldt/.nvm/versions/node/v23.8.0/bin/
PATH: /opt/local/bin/
PATH: /opt/local/sbin/
PATH: /Users/cheldt/.cargo/bin/


## ----------- ##
## Core tests. ##
## ----------- ##

configure:2108: checking for g++
configure:2129: found /usr/bin/g++
configure:2140: result: g++
configure:2167: checking for C++ compiler version
configure:2176: g++ --version >&5
Apple clang version 17.0.0 (clang-1700.0.13.5)
Target: arm64-apple-darwin24.6.0
Thread model: posix
InstalledDir: /Applications/Xcode.app/Contents/Developer/Toolchains/XcodeDefault.xctoolchain/usr/bin
configure:2187: $? = 0
configure:2176: g++ -v >&5
Apple clang version 17.0.0 (clang-1700.0.13.5)
Target: arm64-apple-darwin24.6.0
Thread model: posix
InstalledDir: /Applications/Xcode.app/Contents/Developer/Toolchains/XcodeDefault.xctoolchain/usr/bin
configure:2187: $? = 0
configure:2176: g++ -V >&5
clang++: error: argument to '-V' is missing (expected 1 value)
clang++: error: no input files
configure:2187: $? = 1
configure:2176: g++ -qversion >&5
clang++: error: unknown argument '-qversion'; did you mean '--version'?
clang++: error: no input files
configure:2187: $? = 1
configure:2207: checking whether the C++ compiler works
configure:2229: g++    conftest.cpp  >&5
configure:2233: $? = 0
configure:2283: result: yes
configure:2286: checking for C++ compiler default output file name
configure:2288: result: a.out
configure:2294: checking for suffix of executables
configure:2301: g++ -o conftest    conftest.cpp  >&5
configure:2305: $? = 0
configure:2328: result: 
configure:2350: checking whether we are cross compiling
configure:2358: g++ -o conftest    conftest.cpp  >&5
configure:2362: $? = 0
configure:2369: ./conftest
configure:2373: $? = 0
configure:2388: result: no
configure:2393: checking for suffix of object files
configure:2416: g++ -c   conftest.cpp >&5
configure:2420: $? = 0
configure:2442: result: o
configure:2446: checking whether the compiler supports GNU C++
configure:2466: g++ -c   conftest.cpp >&5
configure:2466: $? = 0
configure:2476: result: yes
configure:2487: checking whether g++ accepts -g
configure:2508: g++ -c -g  conftest.cpp >&5
configure:2508: $? = 0
configure:2552: result: yes
configure:2572: checking for g++ option to enable C++11 features
configure:2587: g++  -c -g -O2  conftest.cpp >&5
conftest.cpp:175:25: warning: empty parentheses interpreted as a function declaration [-Wvexing-parse]
  175 |   cxx11test::delegate d2();
      |                         ^~
conftest.cpp:175:25: note: remove parentheses to declare a variable
  175 |   cxx11test::delegate d2();
      |                         ^~
1 warning generated.
configure:2587: $? = 0
configure:2605: result: none needed
configure:2692: checking for GAP root directory
configure:2709: result: /Users/cheldt/Documents/Code/GAP/gap-4.14.0
configure:2733: checking for GAP architecture
configure:2740: result: aarch64-apple-darwin24-default64-kv9
configure:2983: creating ./config.status

## ---------------------- ##
## Running config.status. ##
## ---------------------- ##

This file was extended by ferret config.status package, which was
generated by GNU Autoconf 2.71.  Invocation command line was

  CONFIG_FILES    = 
  CONFIG_HEADERS  = 
  CONFIG_LINKS    = 
  CONFIG_COMMANDS = 
  $ ./config.status 

on Mac

config.status:725: creating Makefile
config.status:725: creating ferret.vars

## ---------------- ##
## Cache variables. ##
## ---------------- ##

ac_cv_cxx_compiler_gnu=yes
ac_cv_env_CCC_set=
ac_cv_env_CCC_value=
ac_cv_env_CPPFLAGS_set=
ac_cv_env_CPPFLAGS_value=
ac_cv_env_CXXFLAGS_set=
ac_cv_env_CXXFLAGS_value=
ac_cv_env_CXX_set=
ac_cv_env_CXX_value=
ac_cv_env_LDFLAGS_set=
ac_cv_env_LDFLAGS_value=
ac_cv_env_LIBS_set=
ac_cv_env_LIBS_value=
ac_cv_env_build_alias_set=
ac_cv_env_build_alias_value=
ac_cv_env_host_alias_set=
ac_cv_env_host_alias_value=
ac_cv_env_target_alias_set=
ac_cv_env_target_alias_value=
ac_cv_objext=o
ac_cv_prog_ac_ct_CXX=g++
ac_cv_prog_cxx_cxx11=
ac_cv_prog_cxx_g=yes
ac_cv_prog_cxx_stdcxx=

## ----------------- ##
## Output variables. ##
## ----------------- ##

CPPFLAGS=''
CXX='g++'
CXXFLAGS='-g -O2'
DEFS='-DPACKAGE_NAME=\"ferret\" -DPACKAGE_TARNAME=\"ferret\" -DPACKAGE_VERSION=\"package\" -DPACKAGE_STRING=\"ferret\ package\" -DPACKAGE_BUGREPORT=\"https://github.com/gap-packages/ferret/issues\" -DPACKAGE_URL=\"https://gap-packages.github.io/ferret/\"'
ECHO_C='\c'
ECHO_N=''
ECHO_T=''
EXEEXT=''
FERRET_CHECK='0'
FERRET_PRINT='0'
FERRET_TIMING=''
GAPARCH='aarch64-apple-darwin24-default64-kv9'
GAPEXEC='/Users/cheldt/Documents/Code/GAP/gap-4.14.0/gap'
GAPROOT='/Users/cheldt/Documents/Code/GAP/gap-4.14.0'
GAP_CFLAGS=' -pthread -g -O2'
GAP_CPPFLAGS=' -I/Users/cheldt/Documents/Code/GAP/gap-4.14.0/build -I/Users/cheldt/Documents/Code/GAP/gap-4.14.0/src -I/Users/cheldt/Documents/Code/GAP/gap-4.14.0 -DUSE_GASMAN=1   -I/src'
GAP_LDFLAGS=' '
LDFLAGS=''
LIBOBJS=''
LIBS=''
LTLIBOBJS=''
OBJEXT='o'
PACKAGE_BUGREPORT='https://github.com/gap-packages/ferret/issues'
PACKAGE_NAME='ferret'
PACKAGE_STRING='ferret package'
PACKAGE_TARNAME='ferret'
PACKAGE_URL='https://gap-packages.github.io/ferret/'
PACKAGE_VERSION='package'
PATH_SEPARATOR=':'
SHELL='/bin/sh'
ac_ct_CXX='g++'
bindir='${exec_prefix}/bin'
build_alias=''
datadir='${datarootdir}'
datarootdir='${prefix}/share'
docdir='${datarootdir}/doc/${PACKAGE_TARNAME}'
dvidir='${docdir}'
exec_prefix='${prefix}'
host_alias=''
htmldir='${docdir}'
includedir='${prefix}/include'
infodir='${datarootdir}/info'
libdir='${exec_prefix}/lib'
libexecdir='${exec_prefix}/libexec'
localedir='${datarootdir}/locale'
localstatedir='${prefix}/var'
mandir='${datarootdir}/man'
oldincludedir='/usr/include'
pdfdir='${docdir}'
prefix='/usr/local'
program_transform_name='s,x,x,'
psdir='${docdir}'
runstatedir='${localstatedir}/run'
sbindir='${exec_prefix}/sbin'
sharedstatedir='${prefix}/com'
sysconfdir='${prefix}/etc'
target_alias=''

## ----------- ##
## confdefs.h. ##
## ----------- ##

/* confdefs.h */
#define PACKAGE_NAME "ferret"
#define PACKAGE_TARNAME "ferret"
#define PACKAGE_VERSION "package"
#define PACKAGE_STRING "ferret package"
#define PACKAGE_BUGREPORT "https://github.com/gap-packages/ferret/issues"
#define PACKAGE_URL "https://gap-packages.github.io/ferret/"

configure: exit 0
