This file contains any messages produced by compilers while
running configure, to aid debugging if configure makes a mistake.

It was created by libsemigroups configure 2.7.3, which was
generated by GNU Autoconf 2.72.  Invocation command line was

  $ ./configure --disable-option-checking '--prefix=${abs_top_builddir}/../bin/' --with-gaproot=/Users/cheldt/Documents/Code/GAP/GAP-4.14.0 --cache-file=/dev/null --srcdir=.

## --------- ##
## Platform. ##
## --------- ##

hostname = Calums-MacBook-Air-2.local
uname -m = arm64
uname -r = 24.5.0
uname -s = Darwin
uname -v = Darwin Kernel Version 24.5.0: Tue Apr 22 19:54:26 PDT 2025; root:xnu-11417.121.6~2/RELEASE_ARM64_T8112

/usr/bin/uname -p = arm
/bin/uname -X     = unknown

/bin/arch              = unknown
/usr/bin/arch -k       = unknown
/usr/convex/getsysinfo = unknown
/usr/bin/hostinfo      = Mach kernel version:
	 Darwin Kernel Version 24.5.0: Tue Apr 22 19:54:26 PDT 2025; root:xnu-11417.121.6~2/RELEASE_ARM64_T8112
Kernel configured for up to 8 processors.
8 processors are physically available.
8 processors are logically available.
Processor type: arm64e (ARM64E)
Processors active: 0 1 2 3 4 5 6 7
Primary memory available: 16.00 gigabytes
Default processor set: 802 tasks, 4061 threads, 8 processors
Load average: 9.50, Mach factor: 0.81
/bin/machine           = unknown
/usr/bin/oslevel       = unknown
/bin/universe          = unknown

PATH: /Users/cheldt/Library/pnpm/
PATH: /Users/cheldt/Library/pnpm/
PATH: /Users/cheldt/.nvm/versions/node/v23.8.0/bin/
PATH: /opt/homebrew/bin/
PATH: /opt/homebrew/sbin/
PATH: /usr/local/bin/
PATH: /System/Cryptexes/App/usr/bin/
PATH: /usr/bin/
PATH: /bin/
PATH: /usr/sbin/
PATH: /sbin/
PATH: /var/run/com.apple.security.cryptexd/codex.system/bootstrap/usr/local/bin/
PATH: /var/run/com.apple.security.cryptexd/codex.system/bootstrap/usr/bin/
PATH: /var/run/com.apple.security.cryptexd/codex.system/bootstrap/usr/appleinternal/bin/
PATH: /Users/cheldt/.cargo/bin/


## ----------- ##
## Core tests. ##
## ----------- ##

configure:3345: looking for aux files: ltmain.sh compile ar-lib missing install-sh config.guess config.sub
configure:3358:  trying ./config/
configure:3387:   ./config/ltmain.sh found
configure:3387:   ./config/compile found
configure:3387:   ./config/ar-lib found
configure:3387:   ./config/missing found
configure:3369:   ./config/install-sh found
configure:3387:   ./config/config.guess found
configure:3387:   ./config/config.sub found
configure:3511: checking build system type
configure:3527: result: aarch64-apple-darwin24.5.0
configure:3547: checking host system type
configure:3562: result: aarch64-apple-darwin24.5.0
configure:3582: checking target system type
configure:3597: result: aarch64-apple-darwin24.5.0
configure:3644: checking for a BSD-compatible install
configure:3718: result: /usr/bin/install -c
configure:3729: checking whether sleep supports fractional seconds
configure:3745: result: yes
configure:3748: checking filesystem timestamp resolution
configure:3883: result: 2
configure:3888: checking whether build environment is sane
configure:3929: result: yes
configure:4100: checking for a race-free mkdir -p
configure:4143: result: mkdir -p
configure:4150: checking for gawk
configure:4186: result: no
configure:4150: checking for mawk
configure:4186: result: no
configure:4150: checking for nawk
configure:4186: result: no
configure:4150: checking for awk
configure:4171: found /usr/bin/awk
configure:4183: result: awk
configure:4194: checking whether make sets $(MAKE)
configure:4218: result: yes
configure:4244: checking whether make supports nested variables
configure:4263: result: yes
configure:4277: checking xargs -n works
configure:4293: result: yes
configure:4368: checking how to create a pax tar archive
configure:4379: tar --version
bsdtar 3.5.3 - libarchive 3.7.4 zlib/1.2.12 liblzma/5.4.3 bz2lib/1.0.8 
configure:4382: $? = 0
configure:4422: tardir=conftest.dir && eval tar --format=posix -chf - "$tardir" >conftest.tar
configure:4425: $? = 0
configure:4429: tar -xf - <conftest.tar
configure:4432: $? = 0
configure:4434: cat conftest.dir/file
GrepMe
configure:4437: $? = 0
configure:4452: result: gnutar
configure:4493: checking whether make supports the include directive
configure:4508: make -f confmf.GNU && cat confinc.out
this is the am__doit target
configure:4511: $? = 0
configure:4530: result: yes (GNU style)
configure:4607: checking for gcc
configure:4628: found /usr/bin/gcc
configure:4640: result: gcc
configure:4999: checking for C compiler version
configure:5008: gcc --version >&5
Apple clang version 17.0.0 (clang-1700.0.13.5)
Target: arm64-apple-darwin24.5.0
Thread model: posix
InstalledDir: /Library/Developer/CommandLineTools/usr/bin
configure:5019: $? = 0
configure:5008: gcc -v >&5
Apple clang version 17.0.0 (clang-1700.0.13.5)
Target: arm64-apple-darwin24.5.0
Thread model: posix
InstalledDir: /Library/Developer/CommandLineTools/usr/bin
configure:5019: $? = 0
configure:5008: gcc -V >&5
clang: error: argument to '-V' is missing (expected 1 value)
clang: error: no input files
configure:5019: $? = 1
configure:5008: gcc -qversion >&5
clang: error: unknown argument '-qversion'; did you mean '--version'?
clang: error: no input files
configure:5019: $? = 1
configure:5008: gcc -version >&5
clang: error: unknown argument '-version'; did you mean '--version'?
clang: error: no input files
configure:5019: $? = 1
configure:5039: checking whether the C compiler works
configure:5061: gcc    conftest.c  >&5
configure:5065: $? = 0
configure:5116: result: yes
configure:5120: checking for C compiler default output file name
configure:5122: result: a.out
configure:5128: checking for suffix of executables
configure:5135: gcc -o conftest    conftest.c  >&5
configure:5139: $? = 0
configure:5163: result: 
configure:5187: checking whether we are cross compiling
configure:5195: gcc -o conftest    conftest.c  >&5
configure:5199: $? = 0
configure:5206: ./conftest
configure:5210: $? = 0
configure:5225: result: no
configure:5231: checking for suffix of object files
configure:5254: gcc -c   conftest.c >&5
configure:5258: $? = 0
configure:5282: result: o
configure:5286: checking whether the compiler supports GNU C
configure:5306: gcc -c   conftest.c >&5
configure:5306: $? = 0
configure:5318: result: yes
configure:5329: checking whether gcc accepts -g
configure:5350: gcc -c -g  conftest.c >&5
configure:5350: $? = 0
configure:5397: result: yes
configure:5417: checking for gcc option to enable C11 features
configure:5432: gcc  -c   conftest.c >&5
configure:5432: $? = 0
configure:5451: result: none needed
configure:5575: checking whether gcc understands -c and -o together
configure:5598: gcc -c conftest.c -o conftest2.o
configure:5601: $? = 0
configure:5598: gcc -c conftest.c -o conftest2.o
configure:5601: $? = 0
configure:5614: result: yes
configure:5633: checking dependency style of gcc
configure:5746: result: gcc3
configure:5818: checking for ar
configure:5839: found /usr/bin/ar
configure:5851: result: ar
configure:5878: checking the archiver (ar) interface
configure:5895: gcc -c   conftest.c >&5
configure:5895: $? = 0
configure:5898: ar cr libconftest.a conftest.o >&5
configure:5901: $? = 0
configure:5930: result: ar
configure:6025: checking for g++
configure:6046: found /usr/bin/g++
configure:6058: result: g++
configure:6085: checking for C++ compiler version
configure:6094: g++ --version >&5
Apple clang version 17.0.0 (clang-1700.0.13.5)
Target: arm64-apple-darwin24.5.0
Thread model: posix
InstalledDir: /Library/Developer/CommandLineTools/usr/bin
configure:6105: $? = 0
configure:6094: g++ -v >&5
Apple clang version 17.0.0 (clang-1700.0.13.5)
Target: arm64-apple-darwin24.5.0
Thread model: posix
InstalledDir: /Library/Developer/CommandLineTools/usr/bin
configure:6105: $? = 0
configure:6094: g++ -V >&5
clang++: error: argument to '-V' is missing (expected 1 value)
clang++: error: no input files
configure:6105: $? = 1
configure:6094: g++ -qversion >&5
clang++: error: unknown argument '-qversion'; did you mean '--version'?
clang++: error: no input files
configure:6105: $? = 1
configure:6109: checking whether the compiler supports GNU C++
configure:6129: g++ -c   conftest.cpp >&5
configure:6129: $? = 0
configure:6141: result: yes
configure:6152: checking whether g++ accepts -g
configure:6173: g++ -c -g  conftest.cpp >&5
configure:6173: $? = 0
configure:6220: result: yes
configure:6240: checking for g++ option to enable C++11 features
configure:6255: g++  -c   conftest.cpp >&5
conftest.cpp:177:25: warning: empty parentheses interpreted as a function declaration [-Wvexing-parse]
  177 |   cxx11test::delegate d2();
      |                         ^~
conftest.cpp:177:25: note: remove parentheses to declare a variable
  177 |   cxx11test::delegate d2();
      |                         ^~
1 warning generated.
configure:6255: $? = 0
configure:6274: result: none needed
configure:6345: checking dependency style of g++
configure:6458: result: gcc3
configure:6487: checking whether g++ supports C++14 features by default
configure:6902: g++ -c   conftest.cpp >&5
configure:6902: $? = 0
configure:6912: result: yes
configure:7844: checking for a sed that does not truncate output
configure:7916: result: /usr/bin/sed
configure:7926: checking how to run the C preprocessor
configure:7952: gcc -E  conftest.c
configure:7952: $? = 0
configure:7968: gcc -E  conftest.c
conftest.c:12:10: fatal error: 'ac_nonexistent.h' file not found
   12 | #include <ac_nonexistent.h>
      |          ^~~~~~~~~~~~~~~~~~
1 error generated.
configure:7968: $? = 1
configure: failed program was:
| /* confdefs.h */
| #define PACKAGE_NAME "libsemigroups"
| #define PACKAGE_TARNAME "libsemigroups"
| #define PACKAGE_VERSION "2.7.3"
| #define PACKAGE_STRING "libsemigroups 2.7.3"
| #define PACKAGE_BUGREPORT "jdm3@st-andrews.ac.uk"
| #define PACKAGE_URL ""
| #define PACKAGE "libsemigroups"
| #define VERSION "2.7.3"
| #define HAVE_CXX14 1
| /* end confdefs.h.  */
| #include <ac_nonexistent.h>
configure:7997: result: gcc -E
configure:8011: gcc -E  conftest.c
configure:8011: $? = 0
configure:8027: gcc -E  conftest.c
conftest.c:12:10: fatal error: 'ac_nonexistent.h' file not found
   12 | #include <ac_nonexistent.h>
      |          ^~~~~~~~~~~~~~~~~~
1 error generated.
configure:8027: $? = 1
configure: failed program was:
| /* confdefs.h */
| #define PACKAGE_NAME "libsemigroups"
| #define PACKAGE_TARNAME "libsemigroups"
| #define PACKAGE_VERSION "2.7.3"
| #define PACKAGE_STRING "libsemigroups 2.7.3"
| #define PACKAGE_BUGREPORT "jdm3@st-andrews.ac.uk"
| #define PACKAGE_URL ""
| #define PACKAGE "libsemigroups"
| #define VERSION "2.7.3"
| #define HAVE_CXX14 1
| /* end confdefs.h.  */
| #include <ac_nonexistent.h>
configure:8060: checking for egrep -e
configure:8190: result: /usr/bin/grep -E
configure:8360: checking whether gcc is Clang
configure:8388: result: yes
configure:8454: checking whether pthreads work with "-pthread" and "-lpthread"
configure:8566: gcc -o conftest  -pthread   conftest.c -lpthread  >&5
configure:8566: $? = 0
configure:8576: result: yes
configure:8625: checking whether Clang needs flag to prevent "argument unused" warning when linking with -pthread
configure:8652: gcc -o conftest -Werror -Wunknown-warning-option  -pthread    conftest.c  >&5
configure:8652: $? = 0
configure:8659: (gcc -c -Werror -Wunknown-warning-option  -pthread   conftest.c >&5) && (echo ==== >&5) && (gcc -o conftest -Werror -Wunknown-warning-option  -pthread    conftest.o  >&5)
====
configure:8659: $? = 0
configure:8680: result: no
configure:8700: checking for joinable pthread attribute
configure:8719: gcc -o conftest  -pthread   conftest.c -lpthread  >&5
configure:8719: $? = 0
configure:8729: result: PTHREAD_CREATE_JOINABLE
configure:8742: checking whether more special flags are required for pthreads
configure:8757: result: no
configure:8766: checking for PTHREAD_PRIO_INHERIT
configure:8784: gcc -o conftest  -pthread   conftest.c -lpthread  >&5
configure:8784: $? = 0
configure:8796: result: yes
configure:8973: checking for pthread_create in -lpthread
configure:9002: gcc -o conftest    conftest.c -lpthread   >&5
configure:9002: $? = 0
configure:9014: result: yes
configure:9026: checking whether to enable maintainer-specific portions of Makefiles
configure:9037: result: no
configure:9055: checking whether ln -s works
configure:9059: result: yes
configure:9113: checking how to print strings
configure:9140: result: printf
configure:9161: checking for a sed that does not truncate output
configure:9233: result: /usr/bin/sed
configure:9251: checking for grep that handles long lines and -e
configure:9317: result: /usr/bin/grep
configure:9322: checking for egrep
configure:9392: result: /usr/bin/grep -E
configure:9399: checking for fgrep
configure:9469: result: /usr/bin/grep -F
configure:9506: checking for ld used by gcc
configure:9575: result: /Library/Developer/CommandLineTools/usr/bin/ld
configure:9582: checking if the linker (/Library/Developer/CommandLineTools/usr/bin/ld) is GNU ld
configure:9599: result: no
configure:9611: checking for BSD- or MS-compatible name lister (nm)
configure:9667: result: /usr/bin/nm -B
configure:9809: checking the name lister (/usr/bin/nm -B) interface
configure:9817: gcc -c   conftest.c >&5
configure:9820: /usr/bin/nm -B "conftest.o"
configure:9823: output
0000000000000000 S _some_variable
0000000000000000 t ltmp0
0000000000000000 s ltmp1
configure:9831: result: BSD nm
configure:9835: checking the maximum length of command line arguments
configure:9968: result: 786432
configure:10016: checking how to convert aarch64-apple-darwin24.5.0 file names to aarch64-apple-darwin24.5.0 format
configure:10058: result: func_convert_file_noop
configure:10065: checking how to convert aarch64-apple-darwin24.5.0 file names to toolchain format
configure:10087: result: func_convert_file_noop
configure:10094: checking for /Library/Developer/CommandLineTools/usr/bin/ld option to reload object files
configure:10103: result: -r
configure:10183: checking for file
configure:10204: found /usr/bin/file
configure:10216: result: file
configure:10293: checking for objdump
configure:10314: found /usr/bin/objdump
configure:10326: result: objdump
configure:10358: checking how to recognize dependent libraries
configure:10560: result: pass_all
configure:10651: checking for dlltool
configure:10687: result: no
configure:10717: checking how to associate runtime and link libraries
configure:10746: result: printf %s\n
configure:10898: checking for archiver @FILE support
configure:10916: gcc -c   conftest.c >&5
configure:10916: $? = 0
configure:10920: ar cr libconftest.a @conftest.lst >&5
ar: @conftest.lst: No such file or directory
configure:10923: $? = 1
configure:10944: result: no
configure:11008: checking for strip
configure:11029: found /usr/bin/strip
configure:11041: result: strip
configure:11119: checking for ranlib
configure:11140: found /usr/bin/ranlib
configure:11152: result: ranlib
configure:11254: checking command to parse /usr/bin/nm -B output from gcc object
configure:11408: gcc -c   conftest.c >&5
configure:11411: $? = 0
configure:11415: /usr/bin/nm -B conftest.o \| /usr/bin/sed -n -e 's/^.*[ ]\([ABCDGIRSTW][ABCDGIRSTW]*\)[ ][ ]*\([_A-Za-z][_A-Za-z0-9]*\)$/\1 \2 \2/p' | /usr/bin/sed '/ __gnu_lto/d' \> conftest.nm
configure:11418: $? = 0
cannot find nm_test_var in conftest.nm
configure:11408: gcc -c   conftest.c >&5
configure:11411: $? = 0
configure:11415: /usr/bin/nm -B conftest.o \| /usr/bin/sed -n -e 's/^.*[ ]\([ABCDGIRSTW][ABCDGIRSTW]*\)[ ][ ]*_\([_A-Za-z][_A-Za-z0-9]*\)$/\1 _\2 \2/p' | /usr/bin/sed '/ __gnu_lto/d' \> conftest.nm
configure:11418: $? = 0
configure:11484: gcc -o conftest    conftest.c conftstm.o >&5
configure:11487: $? = 0
configure:11526: result: ok
configure:11573: checking for sysroot
configure:11605: result: no
configure:11612: checking for a working dd
configure:11657: result: /bin/dd
configure:11661: checking how to truncate binary pipes
configure:11678: result: /bin/dd bs=4096 count=1
configure:12018: checking for mt
configure:12054: result: no
configure:12074: checking if : is a manifest tool
configure:12081: : '-?'
configure:12090: result: no
configure:12152: checking for dsymutil
configure:12173: found /usr/bin/dsymutil
configure:12185: result: dsymutil
configure:12256: checking for nmedit
configure:12277: found /usr/bin/nmedit
configure:12289: result: nmedit
configure:12360: checking for lipo
configure:12381: found /usr/bin/lipo
configure:12393: result: lipo
configure:12464: checking for otool
configure:12485: found /usr/bin/otool
configure:12497: result: otool
configure:12568: checking for otool64
configure:12604: result: no
configure:12649: checking for -single_module linker flag
gcc   -o libconftest.dylib -dynamiclib -Wl,-single_module conftest.c
ld: warning: -single_module is obsolete
configure:12684: result: no
configure:12687: checking for -exported_symbols_list linker flag
configure:12708: gcc -o conftest    -Wl,-exported_symbols_list,conftest.sym conftest.c -lpthread  >&5
configure:12708: $? = 0
configure:12721: result: yes
configure:12724: checking for -force_load linker flag
gcc  -c -o conftest.o conftest.c
ar cr libconftest.a conftest.o
ranlib libconftest.a
gcc   -o conftest conftest.c -Wl,-force_load,./libconftest.a
configure:12758: result: yes
configure:12829: checking for stdio.h
configure:12829: gcc -c   conftest.c >&5
configure:12829: $? = 0
configure:12829: result: yes
configure:12829: checking for stdlib.h
configure:12829: gcc -c   conftest.c >&5
configure:12829: $? = 0
configure:12829: result: yes
configure:12829: checking for string.h
configure:12829: gcc -c   conftest.c >&5
configure:12829: $? = 0
configure:12829: result: yes
configure:12829: checking for inttypes.h
configure:12829: gcc -c   conftest.c >&5
configure:12829: $? = 0
configure:12829: result: yes
configure:12829: checking for stdint.h
configure:12829: gcc -c   conftest.c >&5
configure:12829: $? = 0
configure:12829: result: yes
configure:12829: checking for strings.h
configure:12829: gcc -c   conftest.c >&5
configure:12829: $? = 0
configure:12829: result: yes
configure:12829: checking for sys/stat.h
configure:12829: gcc -c   conftest.c >&5
configure:12829: $? = 0
configure:12829: result: yes
configure:12829: checking for sys/types.h
configure:12829: gcc -c   conftest.c >&5
configure:12829: $? = 0
configure:12829: result: yes
configure:12829: checking for unistd.h
configure:12829: gcc -c   conftest.c >&5
configure:12829: $? = 0
configure:12829: result: yes
configure:12854: checking for dlfcn.h
configure:12854: gcc -c   conftest.c >&5
configure:12854: $? = 0
configure:12854: result: yes
configure:13129: checking for objdir
configure:13146: result: .libs
configure:13412: checking if gcc supports -fno-rtti -fno-exceptions
configure:13431: gcc -c   -fno-rtti -fno-exceptions conftest.c >&5
configure:13435: $? = 0
configure:13449: result: yes
configure:13807: checking for gcc option to produce PIC
configure:13816: result: -fno-common -DPIC
configure:13824: checking if gcc PIC flag -fno-common -DPIC works
configure:13843: gcc -c   -fno-common -DPIC -DPIC conftest.c >&5
configure:13847: $? = 0
configure:13861: result: yes
configure:13890: checking if gcc static flag -static works
configure:13920: result: no
configure:13935: checking if gcc supports -c -o file.o
configure:13957: gcc -c   -o out/conftest2.o conftest.c >&5
configure:13961: $? = 0
configure:13984: result: yes
configure:13992: checking if gcc supports -c -o file.o
configure:14041: result: yes
configure:14074: checking whether the gcc linker (/Library/Developer/CommandLineTools/usr/bin/ld) supports shared libraries
configure:15347: result: yes
configure:15589: checking dynamic linker characteristics
configure:16411: result: darwin24.5.0 dyld
configure:16533: checking how to hardcode library paths into programs
configure:16558: result: immediate
configure:17158: checking whether stripping libraries is possible
configure:17175: result: yes
configure:17209: checking if libtool supports shared libraries
configure:17211: result: yes
configure:17214: checking whether to build shared libraries
configure:17239: result: yes
configure:17242: checking whether to build static libraries
configure:17246: result: yes
configure:17269: checking how to run the C++ preprocessor
configure:17291: g++ -E  conftest.cpp
configure:17291: $? = 0
configure:17307: g++ -E  conftest.cpp
conftest.cpp:27:10: fatal error: 'ac_nonexistent.h' file not found
   27 | #include <ac_nonexistent.h>
      |          ^~~~~~~~~~~~~~~~~~
1 error generated.
configure:17307: $? = 1
configure: failed program was:
| /* confdefs.h */
| #define PACKAGE_NAME "libsemigroups"
| #define PACKAGE_TARNAME "libsemigroups"
| #define PACKAGE_VERSION "2.7.3"
| #define PACKAGE_STRING "libsemigroups 2.7.3"
| #define PACKAGE_BUGREPORT "jdm3@st-andrews.ac.uk"
| #define PACKAGE_URL ""
| #define PACKAGE "libsemigroups"
| #define VERSION "2.7.3"
| #define HAVE_CXX14 1
| #define HAVE_PTHREAD_PRIO_INHERIT 1
| #define HAVE_PTHREAD 1
| #define HAVE_LIBPTHREAD 1
| #define HAVE_STDIO_H 1
| #define HAVE_STDLIB_H 1
| #define HAVE_STRING_H 1
| #define HAVE_INTTYPES_H 1
| #define HAVE_STDINT_H 1
| #define HAVE_STRINGS_H 1
| #define HAVE_SYS_STAT_H 1
| #define HAVE_SYS_TYPES_H 1
| #define HAVE_UNISTD_H 1
| #define STDC_HEADERS 1
| #define HAVE_DLFCN_H 1
| #define LT_OBJDIR ".libs/"
| /* end confdefs.h.  */
| #include <ac_nonexistent.h>
configure:17336: result: g++ -E
configure:17350: g++ -E  conftest.cpp
configure:17350: $? = 0
configure:17366: g++ -E  conftest.cpp
conftest.cpp:27:10: fatal error: 'ac_nonexistent.h' file not found
   27 | #include <ac_nonexistent.h>
      |          ^~~~~~~~~~~~~~~~~~
1 error generated.
configure:17366: $? = 1
configure: failed program was:
| /* confdefs.h */
| #define PACKAGE_NAME "libsemigroups"
| #define PACKAGE_TARNAME "libsemigroups"
| #define PACKAGE_VERSION "2.7.3"
| #define PACKAGE_STRING "libsemigroups 2.7.3"
| #define PACKAGE_BUGREPORT "jdm3@st-andrews.ac.uk"
| #define PACKAGE_URL ""
| #define PACKAGE "libsemigroups"
| #define VERSION "2.7.3"
| #define HAVE_CXX14 1
| #define HAVE_PTHREAD_PRIO_INHERIT 1
| #define HAVE_PTHREAD 1
| #define HAVE_LIBPTHREAD 1
| #define HAVE_STDIO_H 1
| #define HAVE_STDLIB_H 1
| #define HAVE_STRING_H 1
| #define HAVE_INTTYPES_H 1
| #define HAVE_STDINT_H 1
| #define HAVE_STRINGS_H 1
| #define HAVE_SYS_STAT_H 1
| #define HAVE_SYS_TYPES_H 1
| #define HAVE_UNISTD_H 1
| #define STDC_HEADERS 1
| #define HAVE_DLFCN_H 1
| #define LT_OBJDIR ".libs/"
| /* end confdefs.h.  */
| #include <ac_nonexistent.h>
configure:17534: checking for ld used by g++
configure:17603: result: /Library/Developer/CommandLineTools/usr/bin/ld
configure:17610: checking if the linker (/Library/Developer/CommandLineTools/usr/bin/ld) is GNU ld
configure:17627: result: no
configure:17682: checking whether the g++ linker (/Library/Developer/CommandLineTools/usr/bin/ld) supports shared libraries
configure:18762: result: yes
configure:18798: g++ -c   conftest.cpp >&5
configure:18801: $? = 0
configure:19282: checking for g++ option to produce PIC
configure:19291: result: -fno-common -DPIC
configure:19299: checking if g++ PIC flag -fno-common -DPIC works
configure:19318: g++ -c   -fno-common -DPIC -DPIC conftest.cpp >&5
configure:19322: $? = 0
configure:19336: result: yes
configure:19359: checking if g++ static flag -static works
configure:19389: result: no
configure:19401: checking if g++ supports -c -o file.o
configure:19423: g++ -c   -o out/conftest2.o conftest.cpp >&5
configure:19427: $? = 0
configure:19450: result: yes
configure:19455: checking if g++ supports -c -o file.o
configure:19504: result: yes
configure:19534: checking whether the g++ linker (/Library/Developer/CommandLineTools/usr/bin/ld) supports shared libraries
configure:19574: result: yes
configure:19717: checking dynamic linker characteristics
configure:20466: result: darwin24.5.0 dyld
configure:20531: checking how to hardcode library paths into programs
configure:20556: result: immediate
configure:20619: checking for limits.h
configure:20619: gcc -c   conftest.c >&5
configure:20619: $? = 0
configure:20619: result: yes
configure:20625: checking for stdint.h
configure:20625: result: yes
configure:20631: checking for stdlib.h
configure:20631: result: yes
configure:20637: checking for sys/time.h
configure:20637: gcc -c   conftest.c >&5
configure:20637: $? = 0
configure:20637: result: yes
configure:20643: checking for unistd.h
configure:20643: result: yes
configure:20649: checking for pthread.h
configure:20649: gcc -c   conftest.c >&5
configure:20649: $? = 0
configure:20649: result: yes
configure:20658: checking for _Bool
configure:20658: gcc -c   conftest.c >&5
configure:20658: $? = 0
configure:20658: gcc -c   conftest.c >&5
conftest.c:64:20: error: expected expression
   64 | if (sizeof ((_Bool)))
      |                    ^
1 error generated.
configure:20658: $? = 1
configure: failed program was:
| /* confdefs.h */
| #define PACKAGE_NAME "libsemigroups"
| #define PACKAGE_TARNAME "libsemigroups"
| #define PACKAGE_VERSION "2.7.3"
| #define PACKAGE_STRING "libsemigroups 2.7.3"
| #define PACKAGE_BUGREPORT "jdm3@st-andrews.ac.uk"
| #define PACKAGE_URL ""
| #define PACKAGE "libsemigroups"
| #define VERSION "2.7.3"
| #define HAVE_CXX14 1
| #define HAVE_PTHREAD_PRIO_INHERIT 1
| #define HAVE_PTHREAD 1
| #define HAVE_LIBPTHREAD 1
| #define HAVE_STDIO_H 1
| #define HAVE_STDLIB_H 1
| #define HAVE_STRING_H 1
| #define HAVE_INTTYPES_H 1
| #define HAVE_STDINT_H 1
| #define HAVE_STRINGS_H 1
| #define HAVE_SYS_STAT_H 1
| #define HAVE_SYS_TYPES_H 1
| #define HAVE_UNISTD_H 1
| #define STDC_HEADERS 1
| #define HAVE_DLFCN_H 1
| #define LT_OBJDIR ".libs/"
| #define HAVE_LIMITS_H 1
| #define HAVE_STDINT_H 1
| #define HAVE_STDLIB_H 1
| #define HAVE_SYS_TIME_H 1
| #define HAVE_UNISTD_H 1
| #define HAVE_PTHREAD_H 1
| /* end confdefs.h.  */
| #include <stddef.h>
| #ifdef HAVE_STDIO_H
| # include <stdio.h>
| #endif
| #ifdef HAVE_STDLIB_H
| # include <stdlib.h>
| #endif
| #ifdef HAVE_STRING_H
| # include <string.h>
| #endif
| #ifdef HAVE_INTTYPES_H
| # include <inttypes.h>
| #endif
| #ifdef HAVE_STDINT_H
| # include <stdint.h>
| #endif
| #ifdef HAVE_STRINGS_H
| # include <strings.h>
| #endif
| #ifdef HAVE_SYS_TYPES_H
| # include <sys/types.h>
| #endif
| #ifdef HAVE_SYS_STAT_H
| # include <sys/stat.h>
| #endif
| #ifdef HAVE_UNISTD_H
| # include <unistd.h>
| #endif
| int
| main (void)
| {
| if (sizeof ((_Bool)))
| 	    return 0;
|   ;
|   return 0;
| }
configure:20658: result: yes
configure:20667: checking for stdbool.h that conforms to C99 or later
configure:20742: gcc -c   conftest.c >&5
conftest.c:88:25: warning: address of 's' will always evaluate to 'true' [-Wpointer-bool-conversion]
   88 |              bool ps = &s;
      |                   ~~    ^
conftest.c:95:40: warning: address of array 'o' will always evaluate to 'true' [-Wpointer-bool-conversion]
   95 |                      + !l + !m + !n + !o + !p + !pp + !ps);
      |                                       ~^
conftest.c:95:35: warning: address of array 'n' will always evaluate to 'true' [-Wpointer-bool-conversion]
   95 |                      + !l + !m + !n + !o + !p + !pp + !ps);
      |                                  ~^
conftest.c:95:30: warning: address of array 'm' will always evaluate to 'true' [-Wpointer-bool-conversion]
   95 |                      + !l + !m + !n + !o + !p + !pp + !ps);
      |                             ~^
conftest.c:95:25: warning: address of array 'l' will always evaluate to 'true' [-Wpointer-bool-conversion]
   95 |                      + !l + !m + !n + !o + !p + !pp + !ps);
      |                        ~^
conftest.c:94:68: warning: address of array 'k' will always evaluate to 'true' [-Wpointer-bool-conversion]
   94 |              return (!b + !c + !d + !e + !f + !g + !h + !i + !j + !k
      |                                                                   ~^
conftest.c:94:63: warning: address of array 'j' will always evaluate to 'true' [-Wpointer-bool-conversion]
   94 |              return (!b + !c + !d + !e + !f + !g + !h + !i + !j + !k
      |                                                              ~^
conftest.c:94:58: warning: address of array 'i' will always evaluate to 'true' [-Wpointer-bool-conversion]
   94 |              return (!b + !c + !d + !e + !f + !g + !h + !i + !j + !k
      |                                                         ~^
conftest.c:94:33: warning: address of array 'd' will always evaluate to 'true' [-Wpointer-bool-conversion]
   94 |              return (!b + !c + !d + !e + !f + !g + !h + !i + !j + !k
      |                                ~^
conftest.c:94:28: warning: address of array 'c' will always evaluate to 'true' [-Wpointer-bool-conversion]
   94 |              return (!b + !c + !d + !e + !f + !g + !h + !i + !j + !k
      |                           ~^
conftest.c:94:23: warning: address of array 'b' will always evaluate to 'true' [-Wpointer-bool-conversion]
   94 |              return (!b + !c + !d + !e + !f + !g + !h + !i + !j + !k
      |                      ~^
11 warnings generated.
configure:20742: $? = 0
configure:20752: result: yes
configure:20755: checking for inline
configure:20772: gcc -c   conftest.c >&5
configure:20772: $? = 0
configure:20782: result: inline
configure:20800: checking for int64_t
configure:20800: gcc -c   conftest.c >&5
configure:20800: $? = 0
configure:20800: gcc -c   conftest.c >&5
conftest.c:67:53: warning: overflow in expression; result is -9'223'372'036'854'775'808 with type 'int64_t' (aka 'long long') [-Winteger-overflow]
   67 |                  < (int64_t) (((((int64_t) 1 << N) << N) - 1) * 2 + 2))];
      |                               ~~~~~~~~~~~~~~~~~~~~~~~~~~~~~~~~~~~~^~~
conftest.c:66:24: error: 'test_array' declared as an array with a negative size
   66 | static int test_array [1 - 2 * !((int64_t) (((((int64_t) 1 << N) << N) - 1) * 2 + 1)
      |                        ^~~~~~~~~~~~~~~~~~~~~~~~~~~~~~~~~~~~~~~~~~~~~~~~~~~~~~~~~~~~~
   67 |                  < (int64_t) (((((int64_t) 1 << N) << N) - 1) * 2 + 2))];
      |                  ~~~~~~~~~~~~~~~~~~~~~~~~~~~~~~~~~~~~~~~~~~~~~~~~~~~~~~
1 warning and 1 error generated.
configure:20800: $? = 1
configure: failed program was:
| /* confdefs.h */
| #define PACKAGE_NAME "libsemigroups"
| #define PACKAGE_TARNAME "libsemigroups"
| #define PACKAGE_VERSION "2.7.3"
| #define PACKAGE_STRING "libsemigroups 2.7.3"
| #define PACKAGE_BUGREPORT "jdm3@st-andrews.ac.uk"
| #define PACKAGE_URL ""
| #define PACKAGE "libsemigroups"
| #define VERSION "2.7.3"
| #define HAVE_CXX14 1
| #define HAVE_PTHREAD_PRIO_INHERIT 1
| #define HAVE_PTHREAD 1
| #define HAVE_LIBPTHREAD 1
| #define HAVE_STDIO_H 1
| #define HAVE_STDLIB_H 1
| #define HAVE_STRING_H 1
| #define HAVE_INTTYPES_H 1
| #define HAVE_STDINT_H 1
| #define HAVE_STRINGS_H 1
| #define HAVE_SYS_STAT_H 1
| #define HAVE_SYS_TYPES_H 1
| #define HAVE_UNISTD_H 1
| #define STDC_HEADERS 1
| #define HAVE_DLFCN_H 1
| #define LT_OBJDIR ".libs/"
| #define HAVE_LIMITS_H 1
| #define HAVE_STDINT_H 1
| #define HAVE_STDLIB_H 1
| #define HAVE_SYS_TIME_H 1
| #define HAVE_UNISTD_H 1
| #define HAVE_PTHREAD_H 1
| #define HAVE__BOOL 1
| /* end confdefs.h.  */
| #include <stddef.h>
| #ifdef HAVE_STDIO_H
| # include <stdio.h>
| #endif
| #ifdef HAVE_STDLIB_H
| # include <stdlib.h>
| #endif
| #ifdef HAVE_STRING_H
| # include <string.h>
| #endif
| #ifdef HAVE_INTTYPES_H
| # include <inttypes.h>
| #endif
| #ifdef HAVE_STDINT_H
| # include <stdint.h>
| #endif
| #ifdef HAVE_STRINGS_H
| # include <strings.h>
| #endif
| #ifdef HAVE_SYS_TYPES_H
| # include <sys/types.h>
| #endif
| #ifdef HAVE_SYS_STAT_H
| # include <sys/stat.h>
| #endif
| #ifdef HAVE_UNISTD_H
| # include <unistd.h>
| #endif
| 	        enum { N = 64 / 2 - 1 };
| int
| main (void)
| {
| static int test_array [1 - 2 * !((int64_t) (((((int64_t) 1 << N) << N) - 1) * 2 + 1)
| 		 < (int64_t) (((((int64_t) 1 << N) << N) - 1) * 2 + 2))];
| test_array [0] = 0;
| return test_array [0];
| 
|   ;
|   return 0;
| }
configure:20800: result: yes
configure:20809: checking for size_t
configure:20809: gcc -c   conftest.c >&5
configure:20809: $? = 0
configure:20809: gcc -c   conftest.c >&5
conftest.c:65:21: error: expected expression
   65 | if (sizeof ((size_t)))
      |                     ^
1 error generated.
configure:20809: $? = 1
configure: failed program was:
| /* confdefs.h */
| #define PACKAGE_NAME "libsemigroups"
| #define PACKAGE_TARNAME "libsemigroups"
| #define PACKAGE_VERSION "2.7.3"
| #define PACKAGE_STRING "libsemigroups 2.7.3"
| #define PACKAGE_BUGREPORT "jdm3@st-andrews.ac.uk"
| #define PACKAGE_URL ""
| #define PACKAGE "libsemigroups"
| #define VERSION "2.7.3"
| #define HAVE_CXX14 1
| #define HAVE_PTHREAD_PRIO_INHERIT 1
| #define HAVE_PTHREAD 1
| #define HAVE_LIBPTHREAD 1
| #define HAVE_STDIO_H 1
| #define HAVE_STDLIB_H 1
| #define HAVE_STRING_H 1
| #define HAVE_INTTYPES_H 1
| #define HAVE_STDINT_H 1
| #define HAVE_STRINGS_H 1
| #define HAVE_SYS_STAT_H 1
| #define HAVE_SYS_TYPES_H 1
| #define HAVE_UNISTD_H 1
| #define STDC_HEADERS 1
| #define HAVE_DLFCN_H 1
| #define LT_OBJDIR ".libs/"
| #define HAVE_LIMITS_H 1
| #define HAVE_STDINT_H 1
| #define HAVE_STDLIB_H 1
| #define HAVE_SYS_TIME_H 1
| #define HAVE_UNISTD_H 1
| #define HAVE_PTHREAD_H 1
| #define HAVE__BOOL 1
| /* end confdefs.h.  */
| #include <stddef.h>
| #ifdef HAVE_STDIO_H
| # include <stdio.h>
| #endif
| #ifdef HAVE_STDLIB_H
| # include <stdlib.h>
| #endif
| #ifdef HAVE_STRING_H
| # include <string.h>
| #endif
| #ifdef HAVE_INTTYPES_H
| # include <inttypes.h>
| #endif
| #ifdef HAVE_STDINT_H
| # include <stdint.h>
| #endif
| #ifdef HAVE_STRINGS_H
| # include <strings.h>
| #endif
| #ifdef HAVE_SYS_TYPES_H
| # include <sys/types.h>
| #endif
| #ifdef HAVE_SYS_STAT_H
| # include <sys/stat.h>
| #endif
| #ifdef HAVE_UNISTD_H
| # include <unistd.h>
| #endif
| int
| main (void)
| {
| if (sizeof ((size_t)))
| 	    return 0;
|   ;
|   return 0;
| }
configure:20809: result: yes
configure:20820: checking for uint64_t
configure:20820: gcc -c   conftest.c >&5
configure:20820: $? = 0
configure:20820: result: yes
configure:20832: checking for ptrdiff_t
configure:20832: gcc -c   conftest.c >&5
configure:20832: $? = 0
configure:20832: gcc -c   conftest.c >&5
conftest.c:65:24: error: expected expression
   65 | if (sizeof ((ptrdiff_t)))
      |                        ^
1 error generated.
configure:20832: $? = 1
configure: failed program was:
| /* confdefs.h */
| #define PACKAGE_NAME "libsemigroups"
| #define PACKAGE_TARNAME "libsemigroups"
| #define PACKAGE_VERSION "2.7.3"
| #define PACKAGE_STRING "libsemigroups 2.7.3"
| #define PACKAGE_BUGREPORT "jdm3@st-andrews.ac.uk"
| #define PACKAGE_URL ""
| #define PACKAGE "libsemigroups"
| #define VERSION "2.7.3"
| #define HAVE_CXX14 1
| #define HAVE_PTHREAD_PRIO_INHERIT 1
| #define HAVE_PTHREAD 1
| #define HAVE_LIBPTHREAD 1
| #define HAVE_STDIO_H 1
| #define HAVE_STDLIB_H 1
| #define HAVE_STRING_H 1
| #define HAVE_INTTYPES_H 1
| #define HAVE_STDINT_H 1
| #define HAVE_STRINGS_H 1
| #define HAVE_SYS_STAT_H 1
| #define HAVE_SYS_TYPES_H 1
| #define HAVE_UNISTD_H 1
| #define STDC_HEADERS 1
| #define HAVE_DLFCN_H 1
| #define LT_OBJDIR ".libs/"
| #define HAVE_LIMITS_H 1
| #define HAVE_STDINT_H 1
| #define HAVE_STDLIB_H 1
| #define HAVE_SYS_TIME_H 1
| #define HAVE_UNISTD_H 1
| #define HAVE_PTHREAD_H 1
| #define HAVE__BOOL 1
| /* end confdefs.h.  */
| #include <stddef.h>
| #ifdef HAVE_STDIO_H
| # include <stdio.h>
| #endif
| #ifdef HAVE_STDLIB_H
| # include <stdlib.h>
| #endif
| #ifdef HAVE_STRING_H
| # include <string.h>
| #endif
| #ifdef HAVE_INTTYPES_H
| # include <inttypes.h>
| #endif
| #ifdef HAVE_STDINT_H
| # include <stdint.h>
| #endif
| #ifdef HAVE_STRINGS_H
| # include <strings.h>
| #endif
| #ifdef HAVE_SYS_TYPES_H
| # include <sys/types.h>
| #endif
| #ifdef HAVE_SYS_STAT_H
| # include <sys/stat.h>
| #endif
| #ifdef HAVE_UNISTD_H
| # include <unistd.h>
| #endif
| int
| main (void)
| {
| if (sizeof ((ptrdiff_t)))
| 	    return 0;
|   ;
|   return 0;
| }
configure:20832: result: yes
configure:20845: checking size of void *
configure:20851: gcc -o conftest    conftest.c -lpthread  >&5
configure:20851: $? = 0
configure:20851: ./conftest
configure:20851: $? = 0
configure:20868: result: 8
configure:20878: checking for GNU libc compatible malloc
configure:20910: gcc -o conftest    conftest.c -lpthread  >&5
configure:20910: $? = 0
configure:20910: ./conftest
configure:20910: $? = 0
configure:20924: result: yes
configure:20947: checking for gettimeofday
configure:20947: gcc -o conftest    conftest.c -lpthread  >&5
configure:20947: $? = 0
configure:20947: result: yes
configure:20953: checking for memset
configure:20953: gcc -o conftest    conftest.c -lpthread  >&5
conftest.c:54:6: warning: incompatible redeclaration of library function 'memset' [-Wincompatible-library-redeclaration]
   54 | char memset (void);
      |      ^
conftest.c:54:6: note: 'memset' is a builtin with type 'void *(void *, int, unsigned long)'
1 warning generated.
configure:20953: $? = 0
configure:20953: result: yes
configure:20959: checking for pow
configure:20959: gcc -o conftest    conftest.c -lpthread  >&5
conftest.c:55:6: warning: incompatible redeclaration of library function 'pow' [-Wincompatible-library-redeclaration]
   55 | char pow (void);
      |      ^
conftest.c:55:6: note: 'pow' is a builtin with type 'double (double, double)'
1 warning generated.
configure:20959: $? = 0
configure:20959: result: yes
configure:20965: checking for sqrt
configure:20965: gcc -o conftest    conftest.c -lpthread  >&5
conftest.c:56:6: warning: incompatible redeclaration of library function 'sqrt' [-Wincompatible-library-redeclaration]
   56 | char sqrt (void);
      |      ^
conftest.c:56:6: note: 'sqrt' is a builtin with type 'double (double)'
1 warning generated.
configure:20965: $? = 0
configure:20965: result: yes
configure:20992: checking whether to enable debug mode
configure:20994: result: no
configure:21018: checking whether to enable verbose mode
configure:21020: result: no
configure:21032: checking whether enable compiler warnings
configure:21034: result: no
configure:21583: checking whether to enable stats mode
configure:21585: result: yes
configure:21608: checking whether to enable backward mode
configure:21610: result: yes
configure:21616: checking for execinfo.h
configure:21616: g++ -c   conftest.cpp >&5
configure:21616: $? = 0
configure:21616: result: yes
configure:21647: checking whether to build with code coverage support
configure:21669: result: no
configure:22050: checking whether to enable HPCombi
configure:22052: result: yes
configure:22058: checking for ./extern/HPCombi/VERSION
configure:22074: result: yes
configure:22090: checking the required version of HPCombi
configure:22093: result: 0.0.6
configure:22099: checking the version of HPCombi that's present
configure:22102: result: 0.0.6
configure:22150: checking whether C++ compiler accepts -mavx
configure:22170: g++ -c   -mavx  conftest.cpp >&5
clang++: error: unsupported option '-mavx' for target 'arm64-apple-darwin24.5.0'
configure:22170: $? = 1
configure: failed program was:
| /* confdefs.h */
| #define PACKAGE_NAME "libsemigroups"
| #define PACKAGE_TARNAME "libsemigroups"
| #define PACKAGE_VERSION "2.7.3"
| #define PACKAGE_STRING "libsemigroups 2.7.3"
| #define PACKAGE_BUGREPORT "jdm3@st-andrews.ac.uk"
| #define PACKAGE_URL ""
| #define PACKAGE "libsemigroups"
| #define VERSION "2.7.3"
| #define HAVE_CXX14 1
| #define HAVE_PTHREAD_PRIO_INHERIT 1
| #define HAVE_PTHREAD 1
| #define HAVE_LIBPTHREAD 1
| #define HAVE_STDIO_H 1
| #define HAVE_STDLIB_H 1
| #define HAVE_STRING_H 1
| #define HAVE_INTTYPES_H 1
| #define HAVE_STDINT_H 1
| #define HAVE_STRINGS_H 1
| #define HAVE_SYS_STAT_H 1
| #define HAVE_SYS_TYPES_H 1
| #define HAVE_UNISTD_H 1
| #define STDC_HEADERS 1
| #define HAVE_DLFCN_H 1
| #define LT_OBJDIR ".libs/"
| #define HAVE_LIMITS_H 1
| #define HAVE_STDINT_H 1
| #define HAVE_STDLIB_H 1
| #define HAVE_SYS_TIME_H 1
| #define HAVE_UNISTD_H 1
| #define HAVE_PTHREAD_H 1
| #define HAVE__BOOL 1
| #define HAVE_PTRDIFF_T 1
| #define SIZEOF_VOID_P 8
| #define HAVE_MALLOC 1
| #define HAVE_GETTIMEOFDAY 1
| #define HAVE_MEMSET 1
| #define HAVE_POW 1
| #define HAVE_SQRT 1
| #define ENABLE_STATS 1
| #define BACKWARD_ENABLED 1
| /* end confdefs.h.  */
| 
| int
| main (void)
| {
| 
|   ;
|   return 0;
| }
configure:22181: result: no
configure:22220: WARNING: flag -mavx not supported, HPCombi is disabled
configure:22975: checking for pkg-config
configure:22998: found /opt/homebrew/bin/pkg-config
configure:23011: result: /opt/homebrew/bin/pkg-config
configure:23036: checking pkg-config is at least version 0.9.0
configure:23039: result: yes
configure:23058: checking whether to enable fmt
configure:23060: result: no
configure:23215: checking whether to enable eigen
configure:23217: result: yes
configure:23239: checking whether to use external eigen
configure:23241: result: no
configure:23362: checking for __builtin_popcountl
configure:23377: g++ -o conftest    conftest.cpp -lpthread  >&5
conftest.cpp:48:1: warning: ignoring return value of function declared with const attribute [-Wunused-value]
   48 | __builtin_popcountl(0);
      | ^~~~~~~~~~~~~~~~~~~ ~
1 warning generated.
configure:23377: $? = 0
configure:23387: result: yes
configure:23395: checking for __builtin_clzll
configure:23410: g++ -o conftest    conftest.cpp -lpthread  >&5
conftest.cpp:49:1: warning: ignoring return value of function declared with const attribute [-Wunused-value]
   49 | __builtin_clzll(0);
      | ^~~~~~~~~~~~~~~ ~
1 warning generated.
configure:23410: $? = 0
configure:23420: result: yes
configure:23438: checking whether to try and use __builtin_popcntl
configure:23440: result: yes
configure:23464: checking whether to try and use __builtin_clzlll
configure:23466: result: yes
configure:23592: checking that generated files are newer than configure
configure:23598: result: done
configure:23665: creating ./config.status

## ---------------------- ##
## Running config.status. ##
## ---------------------- ##

This file was extended by libsemigroups config.status 2.7.3, which was
generated by GNU Autoconf 2.72.  Invocation command line was

  CONFIG_FILES    = 
  CONFIG_HEADERS  = 
  CONFIG_LINKS    = 
  CONFIG_COMMANDS = 
  $ ./config.status 

on Calums-MacBook-Air-2.local

config.status:1321: creating Makefile
config.status:1321: creating libsemigroups.pc
config.status:1321: creating config/config.h
config.status:1550: executing depfiles commands
config.status:1627: cd .       && sed -e '/# am--include-marker/d' Makefile         | make -f - am--depfiles
config.status:1632: $? = 0
config.status:1550: executing include/libsemigroups/config.hpp commands
config.status:1684: creating include/libsemigroups/config.hpp - prefix LIBSEMIGROUPS for config/config.h defines
config.status:1550: executing libtool commands

## ---------------- ##
## Cache variables. ##
## ---------------- ##

ac_cv_build=aarch64-apple-darwin24.5.0
ac_cv_c_compiler_gnu=yes
ac_cv_c_inline=inline
ac_cv_c_int64_t=yes
ac_cv_c_uint64_t=yes
ac_cv_cxx_compiler_gnu=yes
ac_cv_env_CCC_set=
ac_cv_env_CCC_value=
ac_cv_env_CC_set=
ac_cv_env_CC_value=
ac_cv_env_CFLAGS_set=
ac_cv_env_CFLAGS_value=
ac_cv_env_CPPFLAGS_set=
ac_cv_env_CPPFLAGS_value=
ac_cv_env_CPP_set=
ac_cv_env_CPP_value=
ac_cv_env_CXXCPP_set=
ac_cv_env_CXXCPP_value=
ac_cv_env_CXXFLAGS_set=
ac_cv_env_CXXFLAGS_value=
ac_cv_env_CXX_set=
ac_cv_env_CXX_value=
ac_cv_env_EIGEN3_CFLAGS_set=
ac_cv_env_EIGEN3_CFLAGS_value=
ac_cv_env_EIGEN3_LIBS_set=
ac_cv_env_EIGEN3_LIBS_value=
ac_cv_env_FMT_CFLAGS_set=
ac_cv_env_FMT_CFLAGS_value=
ac_cv_env_FMT_LIBS_set=
ac_cv_env_FMT_LIBS_value=
ac_cv_env_LDFLAGS_set=
ac_cv_env_LDFLAGS_value=
ac_cv_env_LIBS_set=
ac_cv_env_LIBS_value=
ac_cv_env_LT_SYS_LIBRARY_PATH_set=
ac_cv_env_LT_SYS_LIBRARY_PATH_value=
ac_cv_env_PKG_CONFIG_LIBDIR_set=
ac_cv_env_PKG_CONFIG_LIBDIR_value=
ac_cv_env_PKG_CONFIG_PATH_set=
ac_cv_env_PKG_CONFIG_PATH_value=
ac_cv_env_PKG_CONFIG_set=
ac_cv_env_PKG_CONFIG_value=
ac_cv_env_build_alias_set=
ac_cv_env_build_alias_value=
ac_cv_env_host_alias_set=
ac_cv_env_host_alias_value=
ac_cv_env_target_alias_set=
ac_cv_env_target_alias_value=
ac_cv_file___extern_HPCombi_VERSION=yes
ac_cv_func_gettimeofday=yes
ac_cv_func_malloc_0_nonnull=yes
ac_cv_func_memset=yes
ac_cv_func_pow=yes
ac_cv_func_sqrt=yes
ac_cv_header_dlfcn_h=yes
ac_cv_header_execinfo_h=yes
ac_cv_header_inttypes_h=yes
ac_cv_header_limits_h=yes
ac_cv_header_pthread_h=yes
ac_cv_header_stdbool_h=yes
ac_cv_header_stdint_h=yes
ac_cv_header_stdio_h=yes
ac_cv_header_stdlib_h=yes
ac_cv_header_string_h=yes
ac_cv_header_strings_h=yes
ac_cv_header_sys_stat_h=yes
ac_cv_header_sys_time_h=yes
ac_cv_header_sys_types_h=yes
ac_cv_header_unistd_h=yes
ac_cv_host=aarch64-apple-darwin24.5.0
ac_cv_lib_pthread_pthread_create=yes
ac_cv_objext=o
ac_cv_path_EGREP='/usr/bin/grep -E'
ac_cv_path_EGREP_TRADITIONAL='/usr/bin/grep -E'
ac_cv_path_FGREP='/usr/bin/grep -F'
ac_cv_path_GREP=/usr/bin/grep
ac_cv_path_SED=/usr/bin/sed
ac_cv_path_ac_pt_PKG_CONFIG=/opt/homebrew/bin/pkg-config
ac_cv_path_install='/usr/bin/install -c'
ac_cv_path_lt_DD=/bin/dd
ac_cv_prog_AWK=awk
ac_cv_prog_CPP='gcc -E'
ac_cv_prog_CXXCPP='g++ -E'
ac_cv_prog_ac_ct_AR=ar
ac_cv_prog_ac_ct_CC=gcc
ac_cv_prog_ac_ct_CXX=g++
ac_cv_prog_ac_ct_DSYMUTIL=dsymutil
ac_cv_prog_ac_ct_FILECMD=file
ac_cv_prog_ac_ct_LIPO=lipo
ac_cv_prog_ac_ct_NMEDIT=nmedit
ac_cv_prog_ac_ct_OBJDUMP=objdump
ac_cv_prog_ac_ct_OTOOL=otool
ac_cv_prog_ac_ct_RANLIB=ranlib
ac_cv_prog_ac_ct_STRIP=strip
ac_cv_prog_cc_c11=
ac_cv_prog_cc_g=yes
ac_cv_prog_cc_stdc=
ac_cv_prog_cxx_cxx11=
ac_cv_prog_cxx_g=yes
ac_cv_prog_cxx_stdcxx=
ac_cv_prog_make_make_set=yes
ac_cv_sizeof_void_p=8
ac_cv_target=aarch64-apple-darwin24.5.0
ac_cv_type__Bool=yes
ac_cv_type_ptrdiff_t=yes
ac_cv_type_size_t=yes
am_cv_CC_dependencies_compiler_type=gcc3
am_cv_CXX_dependencies_compiler_type=gcc3
am_cv_ar_interface=ar
am_cv_filesystem_timestamp_resolution=2
am_cv_make_support_nested_variables=yes
am_cv_prog_cc_c_o=yes
am_cv_prog_tar_pax=gnutar
am_cv_sleep_fractional_seconds=yes
am_cv_xargs_n_works=yes
ax_cv_PTHREAD_CLANG=yes
ax_cv_PTHREAD_CLANG_NO_WARN_FLAG=no
ax_cv_PTHREAD_JOINABLE_ATTR=PTHREAD_CREATE_JOINABLE
ax_cv_PTHREAD_PRIO_INHERIT=yes
ax_cv_PTHREAD_SPECIAL_FLAGS=no
ax_cv_check_cxxflags___mavx=no
ax_cv_cxx_compile_cxx14=yes
lt_cv_apple_cc_single_mod=no
lt_cv_ar_at_file=no
lt_cv_deplibs_check_method=pass_all
lt_cv_file_magic_cmd='$MAGIC_CMD'
lt_cv_file_magic_test_file=
lt_cv_ld_exported_symbols_list=yes
lt_cv_ld_force_load=yes
lt_cv_ld_reload_flag=-r
lt_cv_nm_interface='BSD nm'
lt_cv_objdir=.libs
lt_cv_path_LD=/Library/Developer/CommandLineTools/usr/bin/ld
lt_cv_path_LDCXX=/Library/Developer/CommandLineTools/usr/bin/ld
lt_cv_path_NM='/usr/bin/nm -B'
lt_cv_path_mainfest_tool=no
lt_cv_prog_compiler_c_o=yes
lt_cv_prog_compiler_c_o_CXX=yes
lt_cv_prog_compiler_pic='-fno-common -DPIC'
lt_cv_prog_compiler_pic_CXX='-fno-common -DPIC'
lt_cv_prog_compiler_pic_works=yes
lt_cv_prog_compiler_pic_works_CXX=yes
lt_cv_prog_compiler_rtti_exceptions=yes
lt_cv_prog_compiler_static_works=no
lt_cv_prog_compiler_static_works_CXX=no
lt_cv_prog_gnu_ld=no
lt_cv_prog_gnu_ldcxx=no
lt_cv_sharedlib_from_linklib_cmd='printf %s\n'
lt_cv_sys_global_symbol_pipe='/usr/bin/sed -n -e '\''s/^.*[	 ]\([ABCDGIRSTW][ABCDGIRSTW]*\)[	 ][	 ]*_\([_A-Za-z][_A-Za-z0-9]*\)$/\1 _\2 \2/p'\'' | /usr/bin/sed '\''/ __gnu_lto/d'\'''
lt_cv_sys_global_symbol_to_c_name_address='/usr/bin/sed -n -e '\''s/^: \(.*\) .*$/  {"\1", (void *) 0},/p'\'' -e '\''s/^[ABCDGIRSTW][ABCDGIRSTW]* .* \(.*\)$/  {"\1", (void *) \&\1},/p'\'''
lt_cv_sys_global_symbol_to_c_name_address_lib_prefix='/usr/bin/sed -n -e '\''s/^: \(.*\) .*$/  {"\1", (void *) 0},/p'\'' -e '\''s/^[ABCDGIRSTW][ABCDGIRSTW]* .* \(lib.*\)$/  {"\1", (void *) \&\1},/p'\'' -e '\''s/^[ABCDGIRSTW][ABCDGIRSTW]* .* \(.*\)$/  {"lib\1", (void *) \&\1},/p'\'''
lt_cv_sys_global_symbol_to_cdecl='/usr/bin/sed -n -e '\''s/^T .* \(.*\)$/extern int \1();/p'\'' -e '\''s/^[ABCDGIRSTW][ABCDGIRSTW]* .* \(.*\)$/extern char \1;/p'\'''
lt_cv_sys_global_symbol_to_import=
lt_cv_sys_max_cmd_len=786432
lt_cv_to_host_file_cmd=func_convert_file_noop
lt_cv_to_tool_file_cmd=func_convert_file_noop
lt_cv_truncate_bin='/bin/dd bs=4096 count=1'

## ----------------- ##
## Output variables. ##
## ----------------- ##














	@echo "Need to reconfigure with --enable-code-coverage"
	@echo "Need to reconfigure with --enable-code-coverage"
 $(CODE_COVERAGE_IGNORE_PATTERN);
 $(CODE_COVERAGE_OUTPUT_FILE);
#
#
#    $(PACKAGE_NAME)-$(PACKAGE_VERSION)-coverage)
#    $(PACKAGE_NAME)-$(PACKAGE_VERSION)-coverage.info)
#    (Default: $(top_builddir))
#    (Default: empty)
#    Multiple directories may be specified, separated by whitespace.
#    by lcov for code coverage. (Default:
#    collecting lcov instance. (Default: $CODE_COVERAGE_LCOV_OPTIONS_GCOVPATH)
#    genhtml instance. (Default: based on $CODE_COVERAGE_BRANCH_COVERAGE)
#    instance. (Default: $CODE_COVERAGE_GENHTML_OPTIONS_DEFAULT)
#    instance. (Default: $CODE_COVERAGE_LCOV_OPTIONS_DEFAULT)
#    instance. (Default: $CODE_COVERAGE_LCOV_RMOPTS_DEFAULT)
#    instances. (Default: $CODE_COVERAGE_LCOV_SHOPTS_DEFAULT)
#    instances. (Default: based on $CODE_COVERAGE_BRANCH_COVERAGE)
#    lcov instance. (Default: empty)
#    reports to be created. (Default:
#    set to 0 to disable it and leave empty to stay with the default.
#  - CODE_COVERAGE_BRANCH_COVERAGE: Set to 1 to enforce branch coverage,
#  - CODE_COVERAGE_DIRECTORY: Top-level directory for code coverage reporting.
#  - CODE_COVERAGE_GENHTML_OPTIONS: Extra options to pass to the genhtml
#  - CODE_COVERAGE_GENHTML_OPTIONS_DEFAULT: Extra options to pass to the
#  - CODE_COVERAGE_IGNORE_PATTERN: Extra glob pattern of files to ignore
#  - CODE_COVERAGE_LCOV_OPTIONS: Extra options to pass to the collecting lcov
#  - CODE_COVERAGE_LCOV_OPTIONS_DEFAULT: Extra options to pass to the
#  - CODE_COVERAGE_LCOV_OPTIONS_GCOVPATH: --gcov-tool pathtogcov
#  - CODE_COVERAGE_LCOV_RMOPTS: Extra options to pass to the filtering lcov
#  - CODE_COVERAGE_LCOV_RMOPTS_DEFAULT: Extra options to pass to the filtering
#  - CODE_COVERAGE_LCOV_SHOPTS: Extra options to shared between both lcov
#  - CODE_COVERAGE_LCOV_SHOPTS_DEFAULT: Extra options shared between both lcov
#  - CODE_COVERAGE_OUTPUT_DIRECTORY: Directory for generated code coverage
#  - CODE_COVERAGE_OUTPUT_FILE: Filename and path for the .info file generated
# $(PACKAGE_VERSION). In order to add the current git hash to the title,
# Capture code coverage data
# Code coverage
# Hook rule executed before code-coverage-capture, overridable by the user
# Optional variables
# Optional:
# The generated report will be titled using the $(PACKAGE_NAME) and
# Use recursive makes in order to ignore errors during check
# sanitizes the test-name: replaces with underscores: dashes and dots
# use the git-version-gen script, available online.
$(if $(CODE_COVERAGE_BRANCH_COVERAGE),\
'
--rc genhtml_branch_coverage=$(CODE_COVERAGE_BRANCH_COVERAGE))
--rc lcov_branch_coverage=$(CODE_COVERAGE_BRANCH_COVERAGE))
.PHONY: check-code-coverage code-coverage-capture code-coverage-capture-hook code-coverage-clean
ACLOCAL='${SHELL} '\''/Users/cheldt/Documents/Code/GAP/GAP-4.14.0/pkg/semigroups/libsemigroups/config/missing'\'' aclocal-1.17'
AMDEPBACKSLASH='\'
AMDEP_FALSE='#'
AMDEP_TRUE=''
AMTAR='$${TAR-tar}'
AM_BACKSLASH='\'
AM_DEFAULT_V='$(AM_DEFAULT_VERBOSITY)'
AM_DEFAULT_VERBOSITY='0'
AM_DISTCHECK_CONFIGURE_FLAGS += --disable-code-coverage
AM_DISTCHECK_CONFIGURE_FLAGS ?=
AM_V='$(V)'
AR='ar'
AUTOCONF='${SHELL} '\''/Users/cheldt/Documents/Code/GAP/GAP-4.14.0/pkg/semigroups/libsemigroups/config/missing'\'' autoconf'
AUTOHEADER='${SHELL} '\''/Users/cheldt/Documents/Code/GAP/GAP-4.14.0/pkg/semigroups/libsemigroups/config/missing'\'' autoheader'
AUTOMAKE='${SHELL} '\''/Users/cheldt/Documents/Code/GAP/GAP-4.14.0/pkg/semigroups/libsemigroups/config/missing'\'' automake-1.17'
AWK='awk'
CC='gcc'
CCDEPMODE='depmode=gcc3'
CFLAGS=''
CODE_COVERAGE_BRANCH_COVERAGE ?=
CODE_COVERAGE_CFLAGS=''
CODE_COVERAGE_CPPFLAGS=''
CODE_COVERAGE_CXXFLAGS=''
CODE_COVERAGE_DIRECTORY ?= $(top_builddir)
CODE_COVERAGE_ENABLED='no'
CODE_COVERAGE_ENABLED_FALSE=''
CODE_COVERAGE_ENABLED_TRUE='#'
CODE_COVERAGE_GENHTML_OPTIONS ?= $(CODE_COVERAGE_GENHTML_OPTIONS_DEFAULT)
CODE_COVERAGE_GENHTML_OPTIONS_DEFAULT ?=\
CODE_COVERAGE_IGNORE_PATTERN ?=
CODE_COVERAGE_LCOV_OPTIONS ?= $(CODE_COVERAGE_LCOV_OPTIONS_DEFAULT)
CODE_COVERAGE_LCOV_OPTIONS_DEFAULT ?= $(CODE_COVERAGE_LCOV_OPTIONS_GCOVPATH)
CODE_COVERAGE_LCOV_OPTIONS_GCOVPATH ?= --gcov-tool "$(GCOV)"
CODE_COVERAGE_LCOV_RMOPTS ?= $(CODE_COVERAGE_LCOV_RMOPTS_DEFAULT)
CODE_COVERAGE_LCOV_RMOPTS_DEFAULT ?=
CODE_COVERAGE_LCOV_SHOPTS ?= $(CODE_COVERAGE_LCOV_SHOPTS_DEFAULT)
CODE_COVERAGE_LCOV_SHOPTS_DEFAULT ?= $(if $(CODE_COVERAGE_BRANCH_COVERAGE),\
CODE_COVERAGE_LDFLAGS=''
CODE_COVERAGE_LIBS=''
CODE_COVERAGE_OUTPUT_DIRECTORY ?= $(PACKAGE_NAME)-$(PACKAGE_VERSION)-coverage
CODE_COVERAGE_OUTPUT_FILE ?= $(PACKAGE_NAME)-$(PACKAGE_VERSION)-coverage.info
CODE_COVERAGE_RULES='
CPP='gcc -E'
CPPFLAGS=''
CSCOPE='cscope'
CTAGS='ctags'
CXX='g++'
CXXCPP='g++ -E'
CXXDEPMODE='depmode=gcc3'
CXXFLAGS=''
CYGPATH_W='echo'
DEFS='-DHAVE_CONFIG_H'
DEPDIR='.deps'
DLLTOOL='false'
DSYMUTIL='dsymutil'
DUMPBIN=''
ECHO_C='\c'
ECHO_N=''
ECHO_T=''
EGREP='/usr/bin/grep -E'
EIGEN3_CFLAGS='-I$(srcdir)/extern/eigen-3.3.9/'
EIGEN3_LIBS=''
ETAGS='etags'
EXEEXT=''
FGREP='/usr/bin/grep -F'
FILECMD='file'
FMT_CFLAGS=''
FMT_LIBS=''
GCOV=''
GENHTML=''
GITIGNOREFILES += $(CODE_COVERAGE_OUTPUT_FILE) $(CODE_COVERAGE_OUTPUT_DIRECTORY)
GITIGNOREFILES ?=
GREP='/usr/bin/grep'
HAVE_CXX14='1'
HPCOMBI_CONSTEXPR_FUN_ARGS_FALSE=''
HPCOMBI_CONSTEXPR_FUN_ARGS_TRUE='#'
HPCOMBI_CXXFLAGS=''
INSTALL_DATA='${INSTALL} -m 644'
INSTALL_PROGRAM='${INSTALL}'
INSTALL_SCRIPT='${INSTALL}'
INSTALL_STRIP_PROGRAM='$(install_sh) -c -s'
LCOV=''
LD='/Library/Developer/CommandLineTools/usr/bin/ld'
LDFLAGS=''
LIBOBJS=''
LIBS='-lpthread '
LIBSEMIGROUPS_DEBUG_FALSE=''
LIBSEMIGROUPS_DEBUG_TRUE='#'
LIBSEMIGROUPS_HPCOMBI_ENABLED_FALSE=''
LIBSEMIGROUPS_HPCOMBI_ENABLED_TRUE='#'
LIBSEMIGROUPS_WITH_INTERNAL_EIGEN_FALSE='#'
LIBSEMIGROUPS_WITH_INTERNAL_EIGEN_TRUE=''
LIBSEMIGROUPS_WITH_INTERNAL_FMT_FALSE=''
LIBSEMIGROUPS_WITH_INTERNAL_FMT_TRUE='#'
LIBTOOL='$(SHELL) $(top_builddir)/libtool'
LIPO='lipo'
LN_S='ln -s'
LTLIBOBJS=''
LT_SYS_LIBRARY_PATH=''
MAINT='#'
MAINTAINER_MODE_FALSE=''
MAINTAINER_MODE_TRUE='#'
MAKEINFO='${SHELL} '\''/Users/cheldt/Documents/Code/GAP/GAP-4.14.0/pkg/semigroups/libsemigroups/config/missing'\'' makeinfo'
MANIFEST_TOOL=':'
MKDIR_P='mkdir -p'
NM='/usr/bin/nm -B'
NMEDIT='nmedit'
OBJDUMP='objdump'
OBJEXT='o'
OTOOL64=':'
OTOOL='otool'
PACKAGE='libsemigroups'
PACKAGE_BUGREPORT='jdm3@st-andrews.ac.uk'
PACKAGE_NAME='libsemigroups'
PACKAGE_STRING='libsemigroups 2.7.3'
PACKAGE_TARNAME='libsemigroups'
PACKAGE_URL=''
PACKAGE_VERSION='2.7.3'
PATH_SEPARATOR=':'
PKG_CONFIG='/opt/homebrew/bin/pkg-config'
PKG_CONFIG_LIBDIR=''
PKG_CONFIG_PATH=''
PTHREAD_CC='gcc'
PTHREAD_CFLAGS='-pthread'
PTHREAD_CXX='g++'
PTHREAD_LIBS='-lpthread'
RANLIB='ranlib'
SED='/usr/bin/sed'
SET_MAKE=''
SHELL='/bin/sh'
STRIP='strip'
VERSION='2.7.3'
WARNING_CXXFLAGS=''
ac_aux_dir='./config/'
ac_ct_AR='ar'
ac_ct_CC='gcc'
ac_ct_CXX='g++'
ac_ct_DUMPBIN=''
am__EXEEXT_FALSE=''
am__EXEEXT_TRUE='#'
am__fastdepCC_FALSE='#'
am__fastdepCC_TRUE=''
am__fastdepCXX_FALSE='#'
am__fastdepCXX_TRUE=''
am__include='include'
am__isrc=''
am__leading_dot='.'
am__nodep='_no'
am__quote=''
am__rm_f_notfound=''
am__tar='tar --format=posix -chf - "$$tardir"'
am__untar='tar -xf -'
am__xargs_n='xargs -n'
ax_pthread_config=''
bindir='${exec_prefix}/bin'
build='aarch64-apple-darwin24.5.0'
build_alias=''
build_cpu='aarch64'
build_os='darwin24.5.0'
build_vendor='apple'
check-code-coverage:
code-coverage-capture-hook:
code-coverage-capture: code-coverage-capture-hook
code_coverage_quiet = $(code_coverage_quiet_$(V))
code_coverage_quiet_ = $(code_coverage_quiet_$(AM_DEFAULT_VERBOSITY))
code_coverage_quiet_0 = --quiet
code_coverage_sanitize = $(subst -,_,$(subst .,_,$(1)))
code_coverage_v_genhtml = $(code_coverage_v_genhtml_$(V))
code_coverage_v_genhtml_ = $(code_coverage_v_genhtml_$(AM_DEFAULT_VERBOSITY))
code_coverage_v_genhtml_0 = @echo "  GEN   " $(CODE_COVERAGE_OUTPUT_DIRECTORY);
code_coverage_v_lcov_cap = $(code_coverage_v_lcov_cap_$(V))
code_coverage_v_lcov_cap_ = $(code_coverage_v_lcov_cap_$(AM_DEFAULT_VERBOSITY))
code_coverage_v_lcov_cap_0 = @echo "  LCOV   --capture"\
code_coverage_v_lcov_ign = $(code_coverage_v_lcov_ign_$(V))
code_coverage_v_lcov_ign_ = $(code_coverage_v_lcov_ign_$(AM_DEFAULT_VERBOSITY))
code_coverage_v_lcov_ign_0 = @echo "  LCOV   --remove /tmp/*"\
datadir='${datarootdir}'
datarootdir='${prefix}/share'
docdir='${datarootdir}/doc/${PACKAGE_TARNAME}'
dvidir='${docdir}'
eigen_PCDEP=''
exec_prefix='${prefix}'
fmt_PCDEP=''
host='aarch64-apple-darwin24.5.0'
host_alias=''
host_cpu='aarch64'
host_os='darwin24.5.0'
host_vendor='apple'
htmldir='${docdir}'
includedir='${prefix}/include'
infodir='${datarootdir}/info'
install_sh='${SHELL} /Users/cheldt/Documents/Code/GAP/GAP-4.14.0/pkg/semigroups/libsemigroups/config/install-sh'
libdir='${exec_prefix}/lib'
libexecdir='${exec_prefix}/libexec'
localedir='${datarootdir}/locale'
localstatedir='${prefix}/var'
mandir='${datarootdir}/man'
mkdir_p='$(MKDIR_P)'
oldincludedir='/usr/include'
pdfdir='${docdir}'
prefix='${abs_top_builddir}/../bin'
program_transform_name='s,x,x,'
psdir='${docdir}'
runstatedir='${localstatedir}/run'
sbindir='${exec_prefix}/sbin'
sharedstatedir='${prefix}/com'
sysconfdir='${prefix}/etc'
target='aarch64-apple-darwin24.5.0'
target_alias=''
target_cpu='aarch64'
target_os='darwin24.5.0'
target_vendor='apple'

## ----------- ##
## confdefs.h. ##
## ----------- ##

/* confdefs.h */
#define PACKAGE_NAME "libsemigroups"
#define PACKAGE_TARNAME "libsemigroups"
#define PACKAGE_VERSION "2.7.3"
#define PACKAGE_STRING "libsemigroups 2.7.3"
#define PACKAGE_BUGREPORT "jdm3@st-andrews.ac.uk"
#define PACKAGE_URL ""
#define PACKAGE "libsemigroups"
#define VERSION "2.7.3"
#define HAVE_CXX14 1
#define HAVE_PTHREAD_PRIO_INHERIT 1
#define HAVE_PTHREAD 1
#define HAVE_LIBPTHREAD 1
#define HAVE_STDIO_H 1
#define HAVE_STDLIB_H 1
#define HAVE_STRING_H 1
#define HAVE_INTTYPES_H 1
#define HAVE_STDINT_H 1
#define HAVE_STRINGS_H 1
#define HAVE_SYS_STAT_H 1
#define HAVE_SYS_TYPES_H 1
#define HAVE_UNISTD_H 1
#define STDC_HEADERS 1
#define HAVE_DLFCN_H 1
#define LT_OBJDIR ".libs/"
#define HAVE_LIMITS_H 1
#define HAVE_STDINT_H 1
#define HAVE_STDLIB_H 1
#define HAVE_SYS_TIME_H 1
#define HAVE_UNISTD_H 1
#define HAVE_PTHREAD_H 1
#define HAVE__BOOL 1
#define HAVE_PTRDIFF_T 1
#define SIZEOF_VOID_P 8
#define HAVE_MALLOC 1
#define HAVE_GETTIMEOFDAY 1
#define HAVE_MEMSET 1
#define HAVE_POW 1
#define HAVE_SQRT 1
#define ENABLE_STATS 1
#define BACKWARD_ENABLED 1
#define EIGEN_ENABLED 1
#define HAVE___BUILTIN_POPCOUNTL 1
#define HAVE___BUILTIN_CLZLL 1
#define USE_POPCNT 1
#define USE_CLZLL 1

configure: exit 0
