This file contains any messages produced by compilers while
running configure, to aid debugging if configure makes a mistake.

It was created by Normaliz configure 3.9.3, which was
generated by GNU Autoconf 2.69.  Invocation command line was

  $ ./configure --prefix=/Users/cheldt/Documents/Code/GAP/gap-4.14.0/pkg/normalizinterface/NormalizInstallDir --with-gmp=/opt/homebrew

## --------- ##
## Platform. ##
## --------- ##

hostname = Mac
uname -m = arm64
uname -r = 24.6.0
uname -s = Darwin
uname -v = Darwin Kernel Version 24.6.0: Mon Jul 14 11:30:51 PDT 2025; root:xnu-11417.140.69~1/RELEASE_ARM64_T8112

/usr/bin/uname -p = arm
/bin/uname -X     = unknown

/bin/arch              = unknown
/usr/bin/arch -k       = unknown
/usr/convex/getsysinfo = unknown
/usr/bin/hostinfo      = Mach kernel version:
	 Darwin Kernel Version 24.6.0: Mon Jul 14 11:30:51 PDT 2025; root:xnu-11417.140.69~1/RELEASE_ARM64_T8112
Kernel configured for up to 8 processors.
8 processors are physically available.
8 processors are logically available.
Processor type: arm64e (ARM64E)
Processors active: 0 1 2 3 4 5 6 7
Primary memory available: 16.00 gigabytes
Default processor set: 792 tasks, 4125 threads, 8 processors
Load average: 16.46, Mach factor: 1.00
/bin/machine           = unknown
/usr/bin/oslevel       = unknown
/bin/universe          = unknown

PATH: /Users/cheldt/Library/pnpm
PATH: /Users/cheldt/.nvm/versions/node/v23.8.0/bin
PATH: /opt/local/bin
PATH: /opt/local/sbin
PATH: /opt/homebrew/bin
PATH: /opt/homebrew/sbin
PATH: /usr/local/bin
PATH: /System/Cryptexes/App/usr/bin
PATH: /usr/bin
PATH: /bin
PATH: /usr/sbin
PATH: /sbin
PATH: /var/run/com.apple.security.cryptexd/codex.system/bootstrap/usr/local/bin
PATH: /var/run/com.apple.security.cryptexd/codex.system/bootstrap/usr/bin
PATH: /var/run/com.apple.security.cryptexd/codex.system/bootstrap/usr/appleinternal/bin
PATH: /Library/Apple/usr/bin
PATH: /usr/local/go/bin
PATH: /Users/cheldt/Library/pnpm
PATH: /Users/cheldt/.nvm/versions/node/v23.8.0/bin
PATH: /opt/local/bin
PATH: /opt/local/sbin
PATH: /Users/cheldt/.cargo/bin


## ----------- ##
## Core tests. ##
## ----------- ##

configure:2733: checking for a BSD-compatible install
configure:2801: result: /usr/bin/install -c
configure:2812: checking whether build environment is sane
configure:2867: result: yes
configure:3018: checking for a thread-safe mkdir -p
configure:3057: result: cnf/install-sh -c -d
configure:3064: checking for gawk
configure:3094: result: no
configure:3064: checking for mawk
configure:3094: result: no
configure:3064: checking for nawk
configure:3094: result: no
configure:3064: checking for awk
configure:3080: found /usr/bin/awk
configure:3091: result: awk
configure:3102: checking whether make sets $(MAKE)
configure:3124: result: yes
configure:3153: checking whether make supports nested variables
configure:3170: result: yes
configure:3325: checking build system type
configure:3339: result: arm-apple-darwin24.6.0
configure:3359: checking host system type
configure:3372: result: arm-apple-darwin24.6.0
configure:3413: checking how to print strings
configure:3440: result: printf
configure:3465: checking whether make supports the include directive
configure:3480: make -f confmf.GNU && cat confinc.out
this is the am__doit target
configure:3483: $? = 0
configure:3502: result: yes (GNU style)
configure:3572: checking for gcc
configure:3588: found /usr/bin/gcc
configure:3599: result: gcc
configure:3828: checking for C compiler version
configure:3837: gcc --version >&5
Apple clang version 17.0.0 (clang-1700.0.13.5)
Target: arm64-apple-darwin24.6.0
Thread model: posix
InstalledDir: /Applications/Xcode.app/Contents/Developer/Toolchains/XcodeDefault.xctoolchain/usr/bin
configure:3848: $? = 0
configure:3837: gcc -v >&5
Apple clang version 17.0.0 (clang-1700.0.13.5)
Target: arm64-apple-darwin24.6.0
Thread model: posix
InstalledDir: /Applications/Xcode.app/Contents/Developer/Toolchains/XcodeDefault.xctoolchain/usr/bin
configure:3848: $? = 0
configure:3837: gcc -V >&5
clang: error: argument to '-V' is missing (expected 1 value)
clang: error: no input files
configure:3848: $? = 1
configure:3837: gcc -qversion >&5
clang: error: unknown argument '-qversion'; did you mean '--version'?
clang: error: no input files
configure:3848: $? = 1
configure:3868: checking whether the C compiler works
configure:3890: gcc    conftest.c  >&5
configure:3894: $? = 0
configure:3942: result: yes
configure:3945: checking for C compiler default output file name
configure:3947: result: a.out
configure:3953: checking for suffix of executables
configure:3960: gcc -o conftest    conftest.c  >&5
configure:3964: $? = 0
configure:3986: result: 
configure:4008: checking whether we are cross compiling
configure:4016: gcc -o conftest    conftest.c  >&5
configure:4020: $? = 0
configure:4027: ./conftest
configure:4031: $? = 0
configure:4046: result: no
configure:4051: checking for suffix of object files
configure:4073: gcc -c   conftest.c >&5
configure:4077: $? = 0
configure:4098: result: o
configure:4102: checking whether we are using the GNU C compiler
configure:4121: gcc -c   conftest.c >&5
configure:4121: $? = 0
configure:4130: result: yes
configure:4139: checking whether gcc accepts -g
configure:4159: gcc -c -g  conftest.c >&5
configure:4159: $? = 0
configure:4200: result: yes
configure:4217: checking for gcc option to accept ISO C89
configure:4280: gcc  -c -g -O2  conftest.c >&5
conftest.c:17:14: warning: a function definition without a prototype is deprecated in all versions of C and is not supported in C23 [-Wdeprecated-non-prototype]
   17 | static char *e (p, i)
      |              ^
1 warning generated.
configure:4280: $? = 0
configure:4293: result: none needed
configure:4318: checking whether gcc understands -c and -o together
configure:4340: gcc -c conftest.c -o conftest2.o
configure:4343: $? = 0
configure:4340: gcc -c conftest.c -o conftest2.o
configure:4343: $? = 0
configure:4355: result: yes
configure:4374: checking dependency style of gcc
configure:4485: result: gcc3
configure:4500: checking for a sed that does not truncate output
configure:4564: result: /usr/bin/sed
configure:4582: checking for grep that handles long lines and -e
configure:4640: result: /usr/bin/grep
configure:4645: checking for egrep
configure:4707: result: /usr/bin/grep -E
configure:4712: checking for fgrep
configure:4774: result: /usr/bin/grep -F
configure:4809: checking for ld used by gcc
configure:4876: result: /Applications/Xcode.app/Contents/Developer/Toolchains/XcodeDefault.xctoolchain/usr/bin/ld
configure:4883: checking if the linker (/Applications/Xcode.app/Contents/Developer/Toolchains/XcodeDefault.xctoolchain/usr/bin/ld) is GNU ld
configure:4898: result: no
configure:4910: checking for BSD- or MS-compatible name lister (nm)
configure:4964: result: /usr/bin/nm -B
configure:5094: checking the name lister (/usr/bin/nm -B) interface
configure:5101: gcc -c -g -O2  conftest.c >&5
configure:5104: /usr/bin/nm -B "conftest.o"
configure:5107: output
00000000000002b4 S _some_variable
0000000000000000 t ltmp0
00000000000002b4 s ltmp1
configure:5114: result: BSD nm
configure:5117: checking whether ln -s works
configure:5121: result: yes
configure:5129: checking the maximum length of command line arguments
configure:5260: result: 786432
configure:5308: checking how to convert arm-apple-darwin24.6.0 file names to arm-apple-darwin24.6.0 format
configure:5348: result: func_convert_file_noop
configure:5355: checking how to convert arm-apple-darwin24.6.0 file names to toolchain format
configure:5375: result: func_convert_file_noop
configure:5382: checking for /Applications/Xcode.app/Contents/Developer/Toolchains/XcodeDefault.xctoolchain/usr/bin/ld option to reload object files
configure:5389: result: -r
configure:5463: checking for objdump
configure:5479: found /usr/bin/objdump
configure:5490: result: objdump
configure:5522: checking how to recognize dependent libraries
configure:5722: result: pass_all
configure:5807: checking for dlltool
configure:5837: result: no
configure:5867: checking how to associate runtime and link libraries
configure:5894: result: printf %s\n
configure:5955: checking for ar
configure:5971: found /usr/bin/ar
configure:5982: result: ar
configure:6019: checking for archiver @FILE support
configure:6036: gcc -c -g -O2  conftest.c >&5
configure:6036: $? = 0
configure:6039: ar cr libconftest.a @conftest.lst >&5
ar: @conftest.lst: No such file or directory
configure:6042: $? = 1
configure:6062: result: no
configure:6120: checking for strip
configure:6136: found /usr/bin/strip
configure:6147: result: strip
configure:6219: checking for ranlib
configure:6235: found /usr/bin/ranlib
configure:6246: result: ranlib
configure:6348: checking command to parse /usr/bin/nm -B output from gcc object
configure:6501: gcc -c -g -O2  conftest.c >&5
configure:6504: $? = 0
configure:6508: /usr/bin/nm -B conftest.o | sed -n -e 's/^.*[	 ]\([ABCDGIRSTW][ABCDGIRSTW]*\)[	 ][	 ]*\([_A-Za-z][_A-Za-z0-9]*\)$/\1 \2 \2/p' | sed '/ __gnu_lto/d' > conftest.nm
cannot find nm_test_var in conftest.nm
configure:6501: gcc -c -g -O2  conftest.c >&5
configure:6504: $? = 0
configure:6508: /usr/bin/nm -B conftest.o | sed -n -e 's/^.*[	 ]\([ABCDGIRSTW][ABCDGIRSTW]*\)[	 ][	 ]*_\([_A-Za-z][_A-Za-z0-9]*\)$/\1 _\2 \2/p' | sed '/ __gnu_lto/d' > conftest.nm
configure:6574: gcc -o conftest -g -O2   conftest.c conftstm.o >&5
configure:6577: $? = 0
configure:6615: result: ok
configure:6662: checking for sysroot
configure:6692: result: no
configure:6699: checking for a working dd
configure:6737: result: /bin/dd
configure:6741: checking how to truncate binary pipes
configure:6756: result: /bin/dd bs=4096 count=1
configure:7085: checking for mt
configure:7115: result: no
configure:7135: checking if : is a manifest tool
configure:7141: : '-?'
configure:7149: result: no
configure:7205: checking for dsymutil
configure:7221: found /usr/bin/dsymutil
configure:7232: result: dsymutil
configure:7297: checking for nmedit
configure:7313: found /usr/bin/nmedit
configure:7324: result: nmedit
configure:7389: checking for lipo
configure:7405: found /usr/bin/lipo
configure:7416: result: lipo
configure:7481: checking for otool
configure:7497: found /usr/bin/otool
configure:7508: result: otool
configure:7573: checking for otool64
configure:7603: result: no
configure:7648: checking for -single_module linker flag
gcc -g -O2  -o libconftest.dylib -dynamiclib -Wl,-single_module conftest.c
ld: warning: -single_module is obsolete
configure:7681: result: no
configure:7684: checking for -exported_symbols_list linker flag
configure:7704: gcc -o conftest -g -O2   -Wl,-exported_symbols_list,conftest.sym conftest.c  >&5
configure:7704: $? = 0
configure:7714: result: yes
configure:7717: checking for -force_load linker flag
gcc -g -O2 -c -o conftest.o conftest.c
ar cr libconftest.a conftest.o
ranlib libconftest.a
gcc -g -O2  -o conftest conftest.c -Wl,-force_load,./libconftest.a
configure:7749: result: yes
configure:7826: checking how to run the C preprocessor
configure:7857: gcc -E  conftest.c
configure:7857: $? = 0
configure:7871: gcc -E  conftest.c
conftest.c:11:10: fatal error: 'ac_nonexistent.h' file not found
   11 | #include <ac_nonexistent.h>
      |          ^~~~~~~~~~~~~~~~~~
1 error generated.
configure:7871: $? = 1
configure: failed program was:
| /* confdefs.h */
| #define PACKAGE_NAME "Normaliz"
| #define PACKAGE_TARNAME "normaliz"
| #define PACKAGE_VERSION "3.9.3"
| #define PACKAGE_STRING "Normaliz 3.9.3"
| #define PACKAGE_BUGREPORT "https://github.com/Normaliz/Normaliz/issues"
| #define PACKAGE_URL "https://www.normaliz.uni-osnabrueck.de"
| #define PACKAGE "normaliz"
| #define VERSION "3.9.3"
| /* end confdefs.h.  */
| #include <ac_nonexistent.h>
configure:7896: result: gcc -E
configure:7916: gcc -E  conftest.c
configure:7916: $? = 0
configure:7930: gcc -E  conftest.c
conftest.c:11:10: fatal error: 'ac_nonexistent.h' file not found
   11 | #include <ac_nonexistent.h>
      |          ^~~~~~~~~~~~~~~~~~
1 error generated.
configure:7930: $? = 1
configure: failed program was:
| /* confdefs.h */
| #define PACKAGE_NAME "Normaliz"
| #define PACKAGE_TARNAME "normaliz"
| #define PACKAGE_VERSION "3.9.3"
| #define PACKAGE_STRING "Normaliz 3.9.3"
| #define PACKAGE_BUGREPORT "https://github.com/Normaliz/Normaliz/issues"
| #define PACKAGE_URL "https://www.normaliz.uni-osnabrueck.de"
| #define PACKAGE "normaliz"
| #define VERSION "3.9.3"
| /* end confdefs.h.  */
| #include <ac_nonexistent.h>
configure:7959: checking for ANSI C header files
configure:7979: gcc -c -g -O2  conftest.c >&5
configure:7979: $? = 0
configure:8052: gcc -o conftest -g -O2   conftest.c  >&5
configure:8052: $? = 0
configure:8052: ./conftest
configure:8052: $? = 0
configure:8063: result: yes
configure:8076: checking for sys/types.h
configure:8076: gcc -c -g -O2  conftest.c >&5
configure:8076: $? = 0
configure:8076: result: yes
configure:8076: checking for sys/stat.h
configure:8076: gcc -c -g -O2  conftest.c >&5
configure:8076: $? = 0
configure:8076: result: yes
configure:8076: checking for stdlib.h
configure:8076: gcc -c -g -O2  conftest.c >&5
configure:8076: $? = 0
configure:8076: result: yes
configure:8076: checking for string.h
configure:8076: gcc -c -g -O2  conftest.c >&5
configure:8076: $? = 0
configure:8076: result: yes
configure:8076: checking for memory.h
configure:8076: gcc -c -g -O2  conftest.c >&5
configure:8076: $? = 0
configure:8076: result: yes
configure:8076: checking for strings.h
configure:8076: gcc -c -g -O2  conftest.c >&5
configure:8076: $? = 0
configure:8076: result: yes
configure:8076: checking for inttypes.h
configure:8076: gcc -c -g -O2  conftest.c >&5
configure:8076: $? = 0
configure:8076: result: yes
configure:8076: checking for stdint.h
configure:8076: gcc -c -g -O2  conftest.c >&5
configure:8076: $? = 0
configure:8076: result: yes
configure:8076: checking for unistd.h
configure:8076: gcc -c -g -O2  conftest.c >&5
configure:8076: $? = 0
configure:8076: result: yes
configure:8090: checking for dlfcn.h
configure:8090: gcc -c -g -O2  conftest.c >&5
configure:8090: $? = 0
configure:8090: result: yes
configure:8346: checking for objdir
configure:8361: result: .libs
configure:8625: checking if gcc supports -fno-rtti -fno-exceptions
configure:8643: gcc -c -g -O2  -fno-rtti -fno-exceptions conftest.c >&5
configure:8647: $? = 0
configure:8660: result: yes
configure:9024: checking for gcc option to produce PIC
configure:9031: result: -fno-common -DPIC
configure:9039: checking if gcc PIC flag -fno-common -DPIC works
configure:9057: gcc -c -g -O2  -fno-common -DPIC -DPIC conftest.c >&5
configure:9061: $? = 0
configure:9074: result: yes
configure:9103: checking if gcc static flag -static works
configure:9131: result: no
configure:9146: checking if gcc supports -c -o file.o
configure:9167: gcc -c -g -O2  -o out/conftest2.o conftest.c >&5
configure:9171: $? = 0
configure:9193: result: yes
configure:9201: checking if gcc supports -c -o file.o
configure:9248: result: yes
configure:9281: checking whether the gcc linker (/Applications/Xcode.app/Contents/Developer/Toolchains/XcodeDefault.xctoolchain/usr/bin/ld) supports shared libraries
configure:10544: result: yes
configure:10784: checking dynamic linker characteristics
configure:11614: result: darwin24.6.0 dyld
configure:11736: checking how to hardcode library paths into programs
configure:11761: result: immediate
configure:12309: checking whether stripping libraries is possible
configure:12323: result: yes
configure:12349: checking if libtool supports shared libraries
configure:12351: result: yes
configure:12354: checking whether to build shared libraries
configure:12379: result: yes
configure:12382: checking whether to build static libraries
configure:12386: result: yes
configure:12483: checking for g++
configure:12499: found /usr/bin/g++
configure:12510: result: g++
configure:12537: checking for C++ compiler version
configure:12546: g++ --version >&5
Apple clang version 17.0.0 (clang-1700.0.13.5)
Target: arm64-apple-darwin24.6.0
Thread model: posix
InstalledDir: /Applications/Xcode.app/Contents/Developer/Toolchains/XcodeDefault.xctoolchain/usr/bin
configure:12557: $? = 0
configure:12546: g++ -v >&5
Apple clang version 17.0.0 (clang-1700.0.13.5)
Target: arm64-apple-darwin24.6.0
Thread model: posix
InstalledDir: /Applications/Xcode.app/Contents/Developer/Toolchains/XcodeDefault.xctoolchain/usr/bin
configure:12557: $? = 0
configure:12546: g++ -V >&5
clang++: error: argument to '-V' is missing (expected 1 value)
clang++: error: no input files
configure:12557: $? = 1
configure:12546: g++ -qversion >&5
clang++: error: unknown argument '-qversion'; did you mean '--version'?
clang++: error: no input files
configure:12557: $? = 1
configure:12561: checking whether we are using the GNU C++ compiler
configure:12580: g++ -c   conftest.cpp >&5
configure:12580: $? = 0
configure:12589: result: yes
configure:12598: checking whether g++ accepts -g
configure:12618: g++ -c -g  conftest.cpp >&5
configure:12618: $? = 0
configure:12659: result: yes
configure:12684: checking dependency style of g++
configure:12795: result: gcc3
configure:12828: checking how to run the C++ preprocessor
configure:12855: g++ -E  conftest.cpp
configure:12855: $? = 0
configure:12869: g++ -E  conftest.cpp
conftest.cpp:23:10: fatal error: 'ac_nonexistent.h' file not found
   23 | #include <ac_nonexistent.h>
      |          ^~~~~~~~~~~~~~~~~~
1 error generated.
configure:12869: $? = 1
configure: failed program was:
| /* confdefs.h */
| #define PACKAGE_NAME "Normaliz"
| #define PACKAGE_TARNAME "normaliz"
| #define PACKAGE_VERSION "3.9.3"
| #define PACKAGE_STRING "Normaliz 3.9.3"
| #define PACKAGE_BUGREPORT "https://github.com/Normaliz/Normaliz/issues"
| #define PACKAGE_URL "https://www.normaliz.uni-osnabrueck.de"
| #define PACKAGE "normaliz"
| #define VERSION "3.9.3"
| #define STDC_HEADERS 1
| #define HAVE_SYS_TYPES_H 1
| #define HAVE_SYS_STAT_H 1
| #define HAVE_STDLIB_H 1
| #define HAVE_STRING_H 1
| #define HAVE_MEMORY_H 1
| #define HAVE_STRINGS_H 1
| #define HAVE_INTTYPES_H 1
| #define HAVE_STDINT_H 1
| #define HAVE_UNISTD_H 1
| #define HAVE_DLFCN_H 1
| #define LT_OBJDIR ".libs/"
| /* end confdefs.h.  */
| #include <ac_nonexistent.h>
configure:12894: result: g++ -E
configure:12914: g++ -E  conftest.cpp
configure:12914: $? = 0
configure:12928: g++ -E  conftest.cpp
conftest.cpp:23:10: fatal error: 'ac_nonexistent.h' file not found
   23 | #include <ac_nonexistent.h>
      |          ^~~~~~~~~~~~~~~~~~
1 error generated.
configure:12928: $? = 1
configure: failed program was:
| /* confdefs.h */
| #define PACKAGE_NAME "Normaliz"
| #define PACKAGE_TARNAME "normaliz"
| #define PACKAGE_VERSION "3.9.3"
| #define PACKAGE_STRING "Normaliz 3.9.3"
| #define PACKAGE_BUGREPORT "https://github.com/Normaliz/Normaliz/issues"
| #define PACKAGE_URL "https://www.normaliz.uni-osnabrueck.de"
| #define PACKAGE "normaliz"
| #define VERSION "3.9.3"
| #define STDC_HEADERS 1
| #define HAVE_SYS_TYPES_H 1
| #define HAVE_SYS_STAT_H 1
| #define HAVE_STDLIB_H 1
| #define HAVE_STRING_H 1
| #define HAVE_MEMORY_H 1
| #define HAVE_STRINGS_H 1
| #define HAVE_INTTYPES_H 1
| #define HAVE_STDINT_H 1
| #define HAVE_UNISTD_H 1
| #define HAVE_DLFCN_H 1
| #define LT_OBJDIR ".libs/"
| /* end confdefs.h.  */
| #include <ac_nonexistent.h>
configure:13090: checking for ld used by g++
configure:13157: result: /Applications/Xcode.app/Contents/Developer/Toolchains/XcodeDefault.xctoolchain/usr/bin/ld
configure:13164: checking if the linker (/Applications/Xcode.app/Contents/Developer/Toolchains/XcodeDefault.xctoolchain/usr/bin/ld) is GNU ld
configure:13179: result: no
configure:13234: checking whether the g++ linker (/Applications/Xcode.app/Contents/Developer/Toolchains/XcodeDefault.xctoolchain/usr/bin/ld) supports shared libraries
configure:14307: result: yes
configure:14343: g++ -c -g -O2  conftest.cpp >&5
configure:14346: $? = 0
configure:14827: checking for g++ option to produce PIC
configure:14834: result: -fno-common -DPIC
configure:14842: checking if g++ PIC flag -fno-common -DPIC works
configure:14860: g++ -c -g -O2  -fno-common -DPIC -DPIC conftest.cpp >&5
configure:14864: $? = 0
configure:14877: result: yes
configure:14900: checking if g++ static flag -static works
configure:14928: result: no
configure:14940: checking if g++ supports -c -o file.o
configure:14961: g++ -c -g -O2  -o out/conftest2.o conftest.cpp >&5
configure:14965: $? = 0
configure:14987: result: yes
configure:14992: checking if g++ supports -c -o file.o
configure:15039: result: yes
configure:15069: checking whether the g++ linker (/Applications/Xcode.app/Contents/Developer/Toolchains/XcodeDefault.xctoolchain/usr/bin/ld) supports shared libraries
configure:15112: result: yes
configure:15253: checking dynamic linker characteristics
configure:16010: result: darwin24.6.0 dyld
configure:16075: checking how to hardcode library paths into programs
configure:16100: result: immediate
configure:16147: checking whether g++ supports C++14 features by default
configure:16561: g++ -c -g -O2  conftest.cpp >&5
configure:16561: $? = 0
configure:16568: result: yes
configure:17899: checking for __builtin_ctzll
configure:17914: g++ -o conftest -g -O2   conftest.cpp  >&5
conftest.cpp:28:1: warning: ignoring return value of function declared with const attribute [-Wunused-value]
   28 | __builtin_ctzll(0);
      | ^~~~~~~~~~~~~~~ ~
1 warning generated.
configure:17914: $? = 0
configure:17922: result: yes
configure:17931: checking for __builtin_popcountll
configure:17946: g++ -o conftest -g -O2   conftest.cpp  >&5
conftest.cpp:29:1: warning: ignoring return value of function declared with const attribute [-Wunused-value]
   29 | __builtin_popcountll(0);
      | ^~~~~~~~~~~~~~~~~~~~ ~
1 warning generated.
configure:17946: $? = 0
configure:17954: result: yes
configure:17968: checking size of long long
configure:17973: g++ -o conftest -g -O2   conftest.cpp  >&5
configure:17973: $? = 0
configure:17973: ./conftest
configure:17973: $? = 0
configure:17987: result: 8
configure:18050: checking gmpxx.h usability
configure:18050: g++ -c -g -O2  -I/opt/homebrew/include conftest.cpp >&5
configure:18050: $? = 0
configure:18050: result: yes
configure:18050: checking gmpxx.h presence
configure:18050: g++ -E  -I/opt/homebrew/include conftest.cpp
configure:18050: $? = 0
configure:18050: result: yes
configure:18050: checking for gmpxx.h
configure:18050: result: yes
configure:18053: checking for __gmpz_init in -lgmpxx
configure:18078: g++ -o conftest -g -O2  -I/opt/homebrew/include  -L/opt/homebrew/lib conftest.cpp -lgmpxx -lgmp  >&5
configure:18078: $? = 0
configure:18087: result: yes
configure:18119: checking whether a simple GMP C++ program compiles and links
configure:18136: g++ -o conftest -g -O2  -I/opt/homebrew/include  -L/opt/homebrew/lib conftest.cpp  -lgmpxx -lgmp >&5
configure:18136: $? = 0
configure:18137: result: yes
configure:18159: checking for OpenMP flag of C++ compiler
configure:18201: g++ -o conftest -g -O2 -fopenmp  -I/opt/homebrew/include  -L/opt/homebrew/lib conftest.cpp  >&5
clang++: error: unsupported option '-fopenmp'
clang++: error: unsupported option '-fopenmp'
configure:18201: $? = 1
configure: failed program was:
| /* confdefs.h */
| #define PACKAGE_NAME "Normaliz"
| #define PACKAGE_TARNAME "normaliz"
| #define PACKAGE_VERSION "3.9.3"
| #define PACKAGE_STRING "Normaliz 3.9.3"
| #define PACKAGE_BUGREPORT "https://github.com/Normaliz/Normaliz/issues"
| #define PACKAGE_URL "https://www.normaliz.uni-osnabrueck.de"
| #define PACKAGE "normaliz"
| #define VERSION "3.9.3"
| #define STDC_HEADERS 1
| #define HAVE_SYS_TYPES_H 1
| #define HAVE_SYS_STAT_H 1
| #define HAVE_STDLIB_H 1
| #define HAVE_STRING_H 1
| #define HAVE_MEMORY_H 1
| #define HAVE_STRINGS_H 1
| #define HAVE_INTTYPES_H 1
| #define HAVE_STDINT_H 1
| #define HAVE_UNISTD_H 1
| #define HAVE_DLFCN_H 1
| #define LT_OBJDIR ".libs/"
| #define HAVE_CXX14 1
| #define HAVE___BUILTIN_CTZLL 1
| #define HAVE___BUILTIN_POPCOUNTLL 1
| #define SIZEOF_LONG_LONG 8
| #define HAVE_GMPXX 1
| /* end confdefs.h.  */
| 
| #include <omp.h>
| 
| static void
| parallel_fill(int * data, int n)
| {
|   int i;
| #pragma omp parallel for
|   for (i = 0; i < n; ++i)
|     data[i] = i;
| }
| 
| int
| main()
| {
|   int arr[100000];
|   omp_set_num_threads(2);
|   parallel_fill(arr, 100000);
|   return 0;
| }
| 
configure:18201: g++ -o conftest -g -O2 -openmp  -I/opt/homebrew/include  -L/opt/homebrew/lib conftest.cpp  >&5
conftest.cpp:29:10: fatal error: 'omp.h' file not found
   29 | #include <omp.h>
      |          ^~~~~~~
1 error generated.
configure:18201: $? = 1
configure: failed program was:
| /* confdefs.h */
| #define PACKAGE_NAME "Normaliz"
| #define PACKAGE_TARNAME "normaliz"
| #define PACKAGE_VERSION "3.9.3"
| #define PACKAGE_STRING "Normaliz 3.9.3"
| #define PACKAGE_BUGREPORT "https://github.com/Normaliz/Normaliz/issues"
| #define PACKAGE_URL "https://www.normaliz.uni-osnabrueck.de"
| #define PACKAGE "normaliz"
| #define VERSION "3.9.3"
| #define STDC_HEADERS 1
| #define HAVE_SYS_TYPES_H 1
| #define HAVE_SYS_STAT_H 1
| #define HAVE_STDLIB_H 1
| #define HAVE_STRING_H 1
| #define HAVE_MEMORY_H 1
| #define HAVE_STRINGS_H 1
| #define HAVE_INTTYPES_H 1
| #define HAVE_STDINT_H 1
| #define HAVE_UNISTD_H 1
| #define HAVE_DLFCN_H 1
| #define LT_OBJDIR ".libs/"
| #define HAVE_CXX14 1
| #define HAVE___BUILTIN_CTZLL 1
| #define HAVE___BUILTIN_POPCOUNTLL 1
| #define SIZEOF_LONG_LONG 8
| #define HAVE_GMPXX 1
| /* end confdefs.h.  */
| 
| #include <omp.h>
| 
| static void
| parallel_fill(int * data, int n)
| {
|   int i;
| #pragma omp parallel for
|   for (i = 0; i < n; ++i)
|     data[i] = i;
| }
| 
| int
| main()
| {
|   int arr[100000];
|   omp_set_num_threads(2);
|   parallel_fill(arr, 100000);
|   return 0;
| }
| 
configure:18201: g++ -o conftest -g -O2 -mp  -I/opt/homebrew/include  -L/opt/homebrew/lib conftest.cpp  >&5
clang++: error: unknown argument: '-mp'
configure:18201: $? = 1
configure: failed program was:
| /* confdefs.h */
| #define PACKAGE_NAME "Normaliz"
| #define PACKAGE_TARNAME "normaliz"
| #define PACKAGE_VERSION "3.9.3"
| #define PACKAGE_STRING "Normaliz 3.9.3"
| #define PACKAGE_BUGREPORT "https://github.com/Normaliz/Normaliz/issues"
| #define PACKAGE_URL "https://www.normaliz.uni-osnabrueck.de"
| #define PACKAGE "normaliz"
| #define VERSION "3.9.3"
| #define STDC_HEADERS 1
| #define HAVE_SYS_TYPES_H 1
| #define HAVE_SYS_STAT_H 1
| #define HAVE_STDLIB_H 1
| #define HAVE_STRING_H 1
| #define HAVE_MEMORY_H 1
| #define HAVE_STRINGS_H 1
| #define HAVE_INTTYPES_H 1
| #define HAVE_STDINT_H 1
| #define HAVE_UNISTD_H 1
| #define HAVE_DLFCN_H 1
| #define LT_OBJDIR ".libs/"
| #define HAVE_CXX14 1
| #define HAVE___BUILTIN_CTZLL 1
| #define HAVE___BUILTIN_POPCOUNTLL 1
| #define SIZEOF_LONG_LONG 8
| #define HAVE_GMPXX 1
| /* end confdefs.h.  */
| 
| #include <omp.h>
| 
| static void
| parallel_fill(int * data, int n)
| {
|   int i;
| #pragma omp parallel for
|   for (i = 0; i < n; ++i)
|     data[i] = i;
| }
| 
| int
| main()
| {
|   int arr[100000];
|   omp_set_num_threads(2);
|   parallel_fill(arr, 100000);
|   return 0;
| }
| 
configure:18201: g++ -o conftest -g -O2 -xopenmp  -I/opt/homebrew/include  -L/opt/homebrew/lib conftest.cpp  >&5
clang++: error: language not recognized: 'openmp'
configure:18201: $? = 1
configure: failed program was:
| /* confdefs.h */
| #define PACKAGE_NAME "Normaliz"
| #define PACKAGE_TARNAME "normaliz"
| #define PACKAGE_VERSION "3.9.3"
| #define PACKAGE_STRING "Normaliz 3.9.3"
| #define PACKAGE_BUGREPORT "https://github.com/Normaliz/Normaliz/issues"
| #define PACKAGE_URL "https://www.normaliz.uni-osnabrueck.de"
| #define PACKAGE "normaliz"
| #define VERSION "3.9.3"
| #define STDC_HEADERS 1
| #define HAVE_SYS_TYPES_H 1
| #define HAVE_SYS_STAT_H 1
| #define HAVE_STDLIB_H 1
| #define HAVE_STRING_H 1
| #define HAVE_MEMORY_H 1
| #define HAVE_STRINGS_H 1
| #define HAVE_INTTYPES_H 1
| #define HAVE_STDINT_H 1
| #define HAVE_UNISTD_H 1
| #define HAVE_DLFCN_H 1
| #define LT_OBJDIR ".libs/"
| #define HAVE_CXX14 1
| #define HAVE___BUILTIN_CTZLL 1
| #define HAVE___BUILTIN_POPCOUNTLL 1
| #define SIZEOF_LONG_LONG 8
| #define HAVE_GMPXX 1
| /* end confdefs.h.  */
| 
| #include <omp.h>
| 
| static void
| parallel_fill(int * data, int n)
| {
|   int i;
| #pragma omp parallel for
|   for (i = 0; i < n; ++i)
|     data[i] = i;
| }
| 
| int
| main()
| {
|   int arr[100000];
|   omp_set_num_threads(2);
|   parallel_fill(arr, 100000);
|   return 0;
| }
| 
configure:18201: g++ -o conftest -g -O2 -omp  -I/opt/homebrew/include  -L/opt/homebrew/lib conftest.cpp  >&5
conftest.cpp:29:10: fatal error: 'omp.h' file not found
   29 | #include <omp.h>
      |          ^~~~~~~
1 error generated.
configure:18201: $? = 1
configure: failed program was:
| /* confdefs.h */
| #define PACKAGE_NAME "Normaliz"
| #define PACKAGE_TARNAME "normaliz"
| #define PACKAGE_VERSION "3.9.3"
| #define PACKAGE_STRING "Normaliz 3.9.3"
| #define PACKAGE_BUGREPORT "https://github.com/Normaliz/Normaliz/issues"
| #define PACKAGE_URL "https://www.normaliz.uni-osnabrueck.de"
| #define PACKAGE "normaliz"
| #define VERSION "3.9.3"
| #define STDC_HEADERS 1
| #define HAVE_SYS_TYPES_H 1
| #define HAVE_SYS_STAT_H 1
| #define HAVE_STDLIB_H 1
| #define HAVE_STRING_H 1
| #define HAVE_MEMORY_H 1
| #define HAVE_STRINGS_H 1
| #define HAVE_INTTYPES_H 1
| #define HAVE_STDINT_H 1
| #define HAVE_UNISTD_H 1
| #define HAVE_DLFCN_H 1
| #define LT_OBJDIR ".libs/"
| #define HAVE_CXX14 1
| #define HAVE___BUILTIN_CTZLL 1
| #define HAVE___BUILTIN_POPCOUNTLL 1
| #define SIZEOF_LONG_LONG 8
| #define HAVE_GMPXX 1
| /* end confdefs.h.  */
| 
| #include <omp.h>
| 
| static void
| parallel_fill(int * data, int n)
| {
|   int i;
| #pragma omp parallel for
|   for (i = 0; i < n; ++i)
|     data[i] = i;
| }
| 
| int
| main()
| {
|   int arr[100000];
|   omp_set_num_threads(2);
|   parallel_fill(arr, 100000);
|   return 0;
| }
| 
configure:18201: g++ -o conftest -g -O2 -qsmp=omp  -I/opt/homebrew/include  -L/opt/homebrew/lib conftest.cpp  >&5
clang++: error: unknown argument: '-qsmp=omp'
configure:18201: $? = 1
configure: failed program was:
| /* confdefs.h */
| #define PACKAGE_NAME "Normaliz"
| #define PACKAGE_TARNAME "normaliz"
| #define PACKAGE_VERSION "3.9.3"
| #define PACKAGE_STRING "Normaliz 3.9.3"
| #define PACKAGE_BUGREPORT "https://github.com/Normaliz/Normaliz/issues"
| #define PACKAGE_URL "https://www.normaliz.uni-osnabrueck.de"
| #define PACKAGE "normaliz"
| #define VERSION "3.9.3"
| #define STDC_HEADERS 1
| #define HAVE_SYS_TYPES_H 1
| #define HAVE_SYS_STAT_H 1
| #define HAVE_STDLIB_H 1
| #define HAVE_STRING_H 1
| #define HAVE_MEMORY_H 1
| #define HAVE_STRINGS_H 1
| #define HAVE_INTTYPES_H 1
| #define HAVE_STDINT_H 1
| #define HAVE_UNISTD_H 1
| #define HAVE_DLFCN_H 1
| #define LT_OBJDIR ".libs/"
| #define HAVE_CXX14 1
| #define HAVE___BUILTIN_CTZLL 1
| #define HAVE___BUILTIN_POPCOUNTLL 1
| #define SIZEOF_LONG_LONG 8
| #define HAVE_GMPXX 1
| /* end confdefs.h.  */
| 
| #include <omp.h>
| 
| static void
| parallel_fill(int * data, int n)
| {
|   int i;
| #pragma omp parallel for
|   for (i = 0; i < n; ++i)
|     data[i] = i;
| }
| 
| int
| main()
| {
|   int arr[100000];
|   omp_set_num_threads(2);
|   parallel_fill(arr, 100000);
|   return 0;
| }
| 
configure:18201: g++ -o conftest   -I/opt/homebrew/include  -L/opt/homebrew/lib conftest.cpp  >&5
conftest.cpp:29:10: fatal error: 'omp.h' file not found
   29 | #include <omp.h>
      |          ^~~~~~~
1 error generated.
configure:18201: $? = 1
configure: failed program was:
| /* confdefs.h */
| #define PACKAGE_NAME "Normaliz"
| #define PACKAGE_TARNAME "normaliz"
| #define PACKAGE_VERSION "3.9.3"
| #define PACKAGE_STRING "Normaliz 3.9.3"
| #define PACKAGE_BUGREPORT "https://github.com/Normaliz/Normaliz/issues"
| #define PACKAGE_URL "https://www.normaliz.uni-osnabrueck.de"
| #define PACKAGE "normaliz"
| #define VERSION "3.9.3"
| #define STDC_HEADERS 1
| #define HAVE_SYS_TYPES_H 1
| #define HAVE_SYS_STAT_H 1
| #define HAVE_STDLIB_H 1
| #define HAVE_STRING_H 1
| #define HAVE_MEMORY_H 1
| #define HAVE_STRINGS_H 1
| #define HAVE_INTTYPES_H 1
| #define HAVE_STDINT_H 1
| #define HAVE_UNISTD_H 1
| #define HAVE_DLFCN_H 1
| #define LT_OBJDIR ".libs/"
| #define HAVE_CXX14 1
| #define HAVE___BUILTIN_CTZLL 1
| #define HAVE___BUILTIN_POPCOUNTLL 1
| #define SIZEOF_LONG_LONG 8
| #define HAVE_GMPXX 1
| /* end confdefs.h.  */
| 
| #include <omp.h>
| 
| static void
| parallel_fill(int * data, int n)
| {
|   int i;
| #pragma omp parallel for
|   for (i = 0; i < n; ++i)
|     data[i] = i;
| }
| 
| int
| main()
| {
|   int arr[100000];
|   omp_set_num_threads(2);
|   parallel_fill(arr, 100000);
|   return 0;
| }
| 
configure:18210: result: unknown
configure:18230: Parallelization with OpenMP will not be available because no suitable compiler was found
configure:18278: checking whether CoCoALib headers and library are available
configure:18301: g++ -o conftest -g -O2  -I/opt/homebrew/include   -L/opt/homebrew/lib  conftest.cpp  -lcocoa -lgmpxx -lgmp >&5
conftest.cpp:28:10: fatal error: 'CoCoA/library.H' file not found
   28 | #include "CoCoA/library.H"
      |          ^~~~~~~~~~~~~~~~~
conftest.cpp:28:10: note: did not find header 'library.H' in framework 'CoCoA' (loaded from '/Applications/Xcode.app/Contents/Developer/Platforms/MacOSX.platform/Developer/SDKs/MacOSX.sdk/System/Library/Frameworks')
1 error generated.
configure:18301: $? = 1
configure: failed program was:
| /* confdefs.h */
| #define PACKAGE_NAME "Normaliz"
| #define PACKAGE_TARNAME "normaliz"
| #define PACKAGE_VERSION "3.9.3"
| #define PACKAGE_STRING "Normaliz 3.9.3"
| #define PACKAGE_BUGREPORT "https://github.com/Normaliz/Normaliz/issues"
| #define PACKAGE_URL "https://www.normaliz.uni-osnabrueck.de"
| #define PACKAGE "normaliz"
| #define VERSION "3.9.3"
| #define STDC_HEADERS 1
| #define HAVE_SYS_TYPES_H 1
| #define HAVE_SYS_STAT_H 1
| #define HAVE_STDLIB_H 1
| #define HAVE_STRING_H 1
| #define HAVE_MEMORY_H 1
| #define HAVE_STRINGS_H 1
| #define HAVE_INTTYPES_H 1
| #define HAVE_STDINT_H 1
| #define HAVE_UNISTD_H 1
| #define HAVE_DLFCN_H 1
| #define LT_OBJDIR ".libs/"
| #define HAVE_CXX14 1
| #define HAVE___BUILTIN_CTZLL 1
| #define HAVE___BUILTIN_POPCOUNTLL 1
| #define SIZEOF_LONG_LONG 8
| #define HAVE_GMPXX 1
| /* end confdefs.h.  */
| #include "CoCoA/library.H"
| 			  using namespace CoCoA;
| 
| int
| main ()
| {
|    GlobalManager CoCoAFoundations;
| 
|   ;
|   return 0;
| }
configure:18308: result: no
configure:18372: checking whether flint headers and library are available
configure:18394: checking flint/flint.h usability
configure:18394: g++ -c -g -O2  -I/opt/homebrew/include  conftest.cpp >&5
conftest.cpp:61:10: fatal error: 'flint/flint.h' file not found
   61 | #include <flint/flint.h>
      |          ^~~~~~~~~~~~~~~
1 error generated.
configure:18394: $? = 1
configure: failed program was:
| /* confdefs.h */
| #define PACKAGE_NAME "Normaliz"
| #define PACKAGE_TARNAME "normaliz"
| #define PACKAGE_VERSION "3.9.3"
| #define PACKAGE_STRING "Normaliz 3.9.3"
| #define PACKAGE_BUGREPORT "https://github.com/Normaliz/Normaliz/issues"
| #define PACKAGE_URL "https://www.normaliz.uni-osnabrueck.de"
| #define PACKAGE "normaliz"
| #define VERSION "3.9.3"
| #define STDC_HEADERS 1
| #define HAVE_SYS_TYPES_H 1
| #define HAVE_SYS_STAT_H 1
| #define HAVE_STDLIB_H 1
| #define HAVE_STRING_H 1
| #define HAVE_MEMORY_H 1
| #define HAVE_STRINGS_H 1
| #define HAVE_INTTYPES_H 1
| #define HAVE_STDINT_H 1
| #define HAVE_UNISTD_H 1
| #define HAVE_DLFCN_H 1
| #define LT_OBJDIR ".libs/"
| #define HAVE_CXX14 1
| #define HAVE___BUILTIN_CTZLL 1
| #define HAVE___BUILTIN_POPCOUNTLL 1
| #define SIZEOF_LONG_LONG 8
| #define HAVE_GMPXX 1
| /* end confdefs.h.  */
| #include <stdio.h>
| #ifdef HAVE_SYS_TYPES_H
| # include <sys/types.h>
| #endif
| #ifdef HAVE_SYS_STAT_H
| # include <sys/stat.h>
| #endif
| #ifdef STDC_HEADERS
| # include <stdlib.h>
| # include <stddef.h>
| #else
| # ifdef HAVE_STDLIB_H
| #  include <stdlib.h>
| # endif
| #endif
| #ifdef HAVE_STRING_H
| # if !defined STDC_HEADERS && defined HAVE_MEMORY_H
| #  include <memory.h>
| # endif
| # include <string.h>
| #endif
| #ifdef HAVE_STRINGS_H
| # include <strings.h>
| #endif
| #ifdef HAVE_INTTYPES_H
| # include <inttypes.h>
| #endif
| #ifdef HAVE_STDINT_H
| # include <stdint.h>
| #endif
| #ifdef HAVE_UNISTD_H
| # include <unistd.h>
| #endif
| #include <flint/flint.h>
configure:18394: result: no
configure:18394: checking flint/flint.h presence
configure:18394: g++ -E  -I/opt/homebrew/include  conftest.cpp
conftest.cpp:28:10: fatal error: 'flint/flint.h' file not found
   28 | #include <flint/flint.h>
      |          ^~~~~~~~~~~~~~~
1 error generated.
configure:18394: $? = 1
configure: failed program was:
| /* confdefs.h */
| #define PACKAGE_NAME "Normaliz"
| #define PACKAGE_TARNAME "normaliz"
| #define PACKAGE_VERSION "3.9.3"
| #define PACKAGE_STRING "Normaliz 3.9.3"
| #define PACKAGE_BUGREPORT "https://github.com/Normaliz/Normaliz/issues"
| #define PACKAGE_URL "https://www.normaliz.uni-osnabrueck.de"
| #define PACKAGE "normaliz"
| #define VERSION "3.9.3"
| #define STDC_HEADERS 1
| #define HAVE_SYS_TYPES_H 1
| #define HAVE_SYS_STAT_H 1
| #define HAVE_STDLIB_H 1
| #define HAVE_STRING_H 1
| #define HAVE_MEMORY_H 1
| #define HAVE_STRINGS_H 1
| #define HAVE_INTTYPES_H 1
| #define HAVE_STDINT_H 1
| #define HAVE_UNISTD_H 1
| #define HAVE_DLFCN_H 1
| #define LT_OBJDIR ".libs/"
| #define HAVE_CXX14 1
| #define HAVE___BUILTIN_CTZLL 1
| #define HAVE___BUILTIN_POPCOUNTLL 1
| #define SIZEOF_LONG_LONG 8
| #define HAVE_GMPXX 1
| /* end confdefs.h.  */
| #include <flint/flint.h>
configure:18394: result: no
configure:18394: checking for flint/flint.h
configure:18394: result: no
configure:18521: checking whether hash-library headers and library are available
configure:18541: g++ -o conftest -g -O2  -I/opt/homebrew/include   -L/opt/homebrew/lib  conftest.cpp  -lsha256 >&5
conftest.cpp:28:10: fatal error: 'hash-library/sha256.h' file not found
   28 | #include "hash-library/sha256.h"
      |          ^~~~~~~~~~~~~~~~~~~~~~~
1 error generated.
configure:18541: $? = 1
configure: failed program was:
| /* confdefs.h */
| #define PACKAGE_NAME "Normaliz"
| #define PACKAGE_TARNAME "normaliz"
| #define PACKAGE_VERSION "3.9.3"
| #define PACKAGE_STRING "Normaliz 3.9.3"
| #define PACKAGE_BUGREPORT "https://github.com/Normaliz/Normaliz/issues"
| #define PACKAGE_URL "https://www.normaliz.uni-osnabrueck.de"
| #define PACKAGE "normaliz"
| #define VERSION "3.9.3"
| #define STDC_HEADERS 1
| #define HAVE_SYS_TYPES_H 1
| #define HAVE_SYS_STAT_H 1
| #define HAVE_STDLIB_H 1
| #define HAVE_STRING_H 1
| #define HAVE_MEMORY_H 1
| #define HAVE_STRINGS_H 1
| #define HAVE_INTTYPES_H 1
| #define HAVE_STDINT_H 1
| #define HAVE_UNISTD_H 1
| #define HAVE_DLFCN_H 1
| #define LT_OBJDIR ".libs/"
| #define HAVE_CXX14 1
| #define HAVE___BUILTIN_CTZLL 1
| #define HAVE___BUILTIN_POPCOUNTLL 1
| #define SIZEOF_LONG_LONG 8
| #define HAVE_GMPXX 1
| /* end confdefs.h.  */
| #include "hash-library/sha256.h"
| 
| int
| main ()
| {
| SHA256 dummy;
| 
|   ;
|   return 0;
| }
configure:18551: result: no
configure:18610: checking whether nauty headers and library are available (nauty/nauty.h)
configure:18632: checking nauty/nauty.h usability
configure:18632: g++ -c -g -O2  -I/opt/homebrew/include  conftest.cpp >&5
conftest.cpp:61:10: fatal error: 'nauty/nauty.h' file not found
   61 | #include <nauty/nauty.h>
      |          ^~~~~~~~~~~~~~~
1 error generated.
configure:18632: $? = 1
configure: failed program was:
| /* confdefs.h */
| #define PACKAGE_NAME "Normaliz"
| #define PACKAGE_TARNAME "normaliz"
| #define PACKAGE_VERSION "3.9.3"
| #define PACKAGE_STRING "Normaliz 3.9.3"
| #define PACKAGE_BUGREPORT "https://github.com/Normaliz/Normaliz/issues"
| #define PACKAGE_URL "https://www.normaliz.uni-osnabrueck.de"
| #define PACKAGE "normaliz"
| #define VERSION "3.9.3"
| #define STDC_HEADERS 1
| #define HAVE_SYS_TYPES_H 1
| #define HAVE_SYS_STAT_H 1
| #define HAVE_STDLIB_H 1
| #define HAVE_STRING_H 1
| #define HAVE_MEMORY_H 1
| #define HAVE_STRINGS_H 1
| #define HAVE_INTTYPES_H 1
| #define HAVE_STDINT_H 1
| #define HAVE_UNISTD_H 1
| #define HAVE_DLFCN_H 1
| #define LT_OBJDIR ".libs/"
| #define HAVE_CXX14 1
| #define HAVE___BUILTIN_CTZLL 1
| #define HAVE___BUILTIN_POPCOUNTLL 1
| #define SIZEOF_LONG_LONG 8
| #define HAVE_GMPXX 1
| /* end confdefs.h.  */
| #include <stdio.h>
| #ifdef HAVE_SYS_TYPES_H
| # include <sys/types.h>
| #endif
| #ifdef HAVE_SYS_STAT_H
| # include <sys/stat.h>
| #endif
| #ifdef STDC_HEADERS
| # include <stdlib.h>
| # include <stddef.h>
| #else
| # ifdef HAVE_STDLIB_H
| #  include <stdlib.h>
| # endif
| #endif
| #ifdef HAVE_STRING_H
| # if !defined STDC_HEADERS && defined HAVE_MEMORY_H
| #  include <memory.h>
| # endif
| # include <string.h>
| #endif
| #ifdef HAVE_STRINGS_H
| # include <strings.h>
| #endif
| #ifdef HAVE_INTTYPES_H
| # include <inttypes.h>
| #endif
| #ifdef HAVE_STDINT_H
| # include <stdint.h>
| #endif
| #ifdef HAVE_UNISTD_H
| # include <unistd.h>
| #endif
| #include <nauty/nauty.h>
configure:18632: result: no
configure:18632: checking nauty/nauty.h presence
configure:18632: g++ -E  -I/opt/homebrew/include  conftest.cpp
conftest.cpp:28:10: fatal error: 'nauty/nauty.h' file not found
   28 | #include <nauty/nauty.h>
      |          ^~~~~~~~~~~~~~~
1 error generated.
configure:18632: $? = 1
configure: failed program was:
| /* confdefs.h */
| #define PACKAGE_NAME "Normaliz"
| #define PACKAGE_TARNAME "normaliz"
| #define PACKAGE_VERSION "3.9.3"
| #define PACKAGE_STRING "Normaliz 3.9.3"
| #define PACKAGE_BUGREPORT "https://github.com/Normaliz/Normaliz/issues"
| #define PACKAGE_URL "https://www.normaliz.uni-osnabrueck.de"
| #define PACKAGE "normaliz"
| #define VERSION "3.9.3"
| #define STDC_HEADERS 1
| #define HAVE_SYS_TYPES_H 1
| #define HAVE_SYS_STAT_H 1
| #define HAVE_STDLIB_H 1
| #define HAVE_STRING_H 1
| #define HAVE_MEMORY_H 1
| #define HAVE_STRINGS_H 1
| #define HAVE_INTTYPES_H 1
| #define HAVE_STDINT_H 1
| #define HAVE_UNISTD_H 1
| #define HAVE_DLFCN_H 1
| #define LT_OBJDIR ".libs/"
| #define HAVE_CXX14 1
| #define HAVE___BUILTIN_CTZLL 1
| #define HAVE___BUILTIN_POPCOUNTLL 1
| #define SIZEOF_LONG_LONG 8
| #define HAVE_GMPXX 1
| /* end confdefs.h.  */
| #include <nauty/nauty.h>
configure:18632: result: no
configure:18632: checking for nauty/nauty.h
configure:18632: result: no
configure:18736: checking whether nauty headers and library are available (nauty.h)
configure:18758: checking nauty.h usability
configure:18758: g++ -c -g -O2  -I/opt/homebrew/include  conftest.cpp >&5
conftest.cpp:61:10: fatal error: 'nauty.h' file not found
   61 | #include <nauty.h>
      |          ^~~~~~~~~
1 error generated.
configure:18758: $? = 1
configure: failed program was:
| /* confdefs.h */
| #define PACKAGE_NAME "Normaliz"
| #define PACKAGE_TARNAME "normaliz"
| #define PACKAGE_VERSION "3.9.3"
| #define PACKAGE_STRING "Normaliz 3.9.3"
| #define PACKAGE_BUGREPORT "https://github.com/Normaliz/Normaliz/issues"
| #define PACKAGE_URL "https://www.normaliz.uni-osnabrueck.de"
| #define PACKAGE "normaliz"
| #define VERSION "3.9.3"
| #define STDC_HEADERS 1
| #define HAVE_SYS_TYPES_H 1
| #define HAVE_SYS_STAT_H 1
| #define HAVE_STDLIB_H 1
| #define HAVE_STRING_H 1
| #define HAVE_MEMORY_H 1
| #define HAVE_STRINGS_H 1
| #define HAVE_INTTYPES_H 1
| #define HAVE_STDINT_H 1
| #define HAVE_UNISTD_H 1
| #define HAVE_DLFCN_H 1
| #define LT_OBJDIR ".libs/"
| #define HAVE_CXX14 1
| #define HAVE___BUILTIN_CTZLL 1
| #define HAVE___BUILTIN_POPCOUNTLL 1
| #define SIZEOF_LONG_LONG 8
| #define HAVE_GMPXX 1
| /* end confdefs.h.  */
| #include <stdio.h>
| #ifdef HAVE_SYS_TYPES_H
| # include <sys/types.h>
| #endif
| #ifdef HAVE_SYS_STAT_H
| # include <sys/stat.h>
| #endif
| #ifdef STDC_HEADERS
| # include <stdlib.h>
| # include <stddef.h>
| #else
| # ifdef HAVE_STDLIB_H
| #  include <stdlib.h>
| # endif
| #endif
| #ifdef HAVE_STRING_H
| # if !defined STDC_HEADERS && defined HAVE_MEMORY_H
| #  include <memory.h>
| # endif
| # include <string.h>
| #endif
| #ifdef HAVE_STRINGS_H
| # include <strings.h>
| #endif
| #ifdef HAVE_INTTYPES_H
| # include <inttypes.h>
| #endif
| #ifdef HAVE_STDINT_H
| # include <stdint.h>
| #endif
| #ifdef HAVE_UNISTD_H
| # include <unistd.h>
| #endif
| #include <nauty.h>
configure:18758: result: no
configure:18758: checking nauty.h presence
configure:18758: g++ -E  -I/opt/homebrew/include  conftest.cpp
conftest.cpp:28:10: fatal error: 'nauty.h' file not found
   28 | #include <nauty.h>
      |          ^~~~~~~~~
1 error generated.
configure:18758: $? = 1
configure: failed program was:
| /* confdefs.h */
| #define PACKAGE_NAME "Normaliz"
| #define PACKAGE_TARNAME "normaliz"
| #define PACKAGE_VERSION "3.9.3"
| #define PACKAGE_STRING "Normaliz 3.9.3"
| #define PACKAGE_BUGREPORT "https://github.com/Normaliz/Normaliz/issues"
| #define PACKAGE_URL "https://www.normaliz.uni-osnabrueck.de"
| #define PACKAGE "normaliz"
| #define VERSION "3.9.3"
| #define STDC_HEADERS 1
| #define HAVE_SYS_TYPES_H 1
| #define HAVE_SYS_STAT_H 1
| #define HAVE_STDLIB_H 1
| #define HAVE_STRING_H 1
| #define HAVE_MEMORY_H 1
| #define HAVE_STRINGS_H 1
| #define HAVE_INTTYPES_H 1
| #define HAVE_STDINT_H 1
| #define HAVE_UNISTD_H 1
| #define HAVE_DLFCN_H 1
| #define LT_OBJDIR ".libs/"
| #define HAVE_CXX14 1
| #define HAVE___BUILTIN_CTZLL 1
| #define HAVE___BUILTIN_POPCOUNTLL 1
| #define SIZEOF_LONG_LONG 8
| #define HAVE_GMPXX 1
| /* end confdefs.h.  */
| #include <nauty.h>
configure:18758: result: no
configure:18758: checking for nauty.h
configure:18758: result: no
configure:18960: checking whether e-antic headers and library are available
configure:18981: g++ -o conftest -g -O2  -I/opt/homebrew/include    -L/opt/homebrew/lib   conftest.cpp  -leanticxx -leantic >&5
conftest.cpp:28:10: fatal error: 'e-antic/renfxx.h' file not found
   28 | #include <e-antic/renfxx.h>
      |          ^~~~~~~~~~~~~~~~~~
1 error generated.
configure:18981: $? = 1
configure: failed program was:
| /* confdefs.h */
| #define PACKAGE_NAME "Normaliz"
| #define PACKAGE_TARNAME "normaliz"
| #define PACKAGE_VERSION "3.9.3"
| #define PACKAGE_STRING "Normaliz 3.9.3"
| #define PACKAGE_BUGREPORT "https://github.com/Normaliz/Normaliz/issues"
| #define PACKAGE_URL "https://www.normaliz.uni-osnabrueck.de"
| #define PACKAGE "normaliz"
| #define VERSION "3.9.3"
| #define STDC_HEADERS 1
| #define HAVE_SYS_TYPES_H 1
| #define HAVE_SYS_STAT_H 1
| #define HAVE_STDLIB_H 1
| #define HAVE_STRING_H 1
| #define HAVE_MEMORY_H 1
| #define HAVE_STRINGS_H 1
| #define HAVE_INTTYPES_H 1
| #define HAVE_STDINT_H 1
| #define HAVE_UNISTD_H 1
| #define HAVE_DLFCN_H 1
| #define LT_OBJDIR ".libs/"
| #define HAVE_CXX14 1
| #define HAVE___BUILTIN_CTZLL 1
| #define HAVE___BUILTIN_POPCOUNTLL 1
| #define SIZEOF_LONG_LONG 8
| #define HAVE_GMPXX 1
| /* end confdefs.h.  */
| #include <e-antic/renfxx.h>
| 
| int
| main ()
| {
|  eantic::renf_elem_class f;
| 
|   ;
|   return 0;
| }
configure:18992: result: no
configure:19171: checking that generated files are newer than configure
configure:19177: result: done
configure:19236: creating ./config.status

## ---------------------- ##
## Running config.status. ##
## ---------------------- ##

This file was extended by Normaliz config.status 3.9.3, which was
generated by GNU Autoconf 2.69.  Invocation command line was

  CONFIG_FILES    = 
  CONFIG_HEADERS  = 
  CONFIG_LINKS    = 
  CONFIG_COMMANDS = 
  $ ./config.status 

on Mac

config.status:1119: creating Makefile
config.status:1119: creating example/Makefile
config.status:1119: creating source/libnormaliz/nmz_config.h
config.status:1119: creating source/libnormaliz/version.h
config.status:1119: creating source/Makefile
config.status:1119: creating test/Makefile
config.status:1291: executing depfiles commands
config.status:1368: cd source       && sed -e '/# am--include-marker/d' Makefile         | make -f - am--depfiles
config.status:1373: $? = 0
config.status:1291: executing libtool commands

## ---------------- ##
## Cache variables. ##
## ---------------- ##

ac_cv_build=arm-apple-darwin24.6.0
ac_cv_c_compiler_gnu=yes
ac_cv_cxx_compiler_gnu=yes
ac_cv_env_CCC_set=
ac_cv_env_CCC_value=
ac_cv_env_CC_set=
ac_cv_env_CC_value=
ac_cv_env_CFLAGS_set=
ac_cv_env_CFLAGS_value=
ac_cv_env_CPPFLAGS_set=
ac_cv_env_CPPFLAGS_value=
ac_cv_env_CPP_set=
ac_cv_env_CPP_value=
ac_cv_env_CXXCPP_set=
ac_cv_env_CXXCPP_value=
ac_cv_env_CXXFLAGS_set=
ac_cv_env_CXXFLAGS_value=
ac_cv_env_CXX_set=
ac_cv_env_CXX_value=
ac_cv_env_FLINT_CPPFLAGS_set=
ac_cv_env_FLINT_CPPFLAGS_value=
ac_cv_env_FLINT_LDFLAGS_set=
ac_cv_env_FLINT_LDFLAGS_value=
ac_cv_env_GMPXX_CPPFLAGS_set=
ac_cv_env_GMPXX_CPPFLAGS_value=
ac_cv_env_GMPXX_LDFLAGS_set=
ac_cv_env_GMPXX_LDFLAGS_value=
ac_cv_env_LDFLAGS_set=
ac_cv_env_LDFLAGS_value=
ac_cv_env_LIBS_set=
ac_cv_env_LIBS_value=
ac_cv_env_LT_SYS_LIBRARY_PATH_set=
ac_cv_env_LT_SYS_LIBRARY_PATH_value=
ac_cv_env_NAUTYNAUTY_CPPFLAGS_set=
ac_cv_env_NAUTYNAUTY_CPPFLAGS_value=
ac_cv_env_NAUTYNAUTY_LDFLAGS_set=
ac_cv_env_NAUTYNAUTY_LDFLAGS_value=
ac_cv_env_NAUTY_CPPFLAGS_set=
ac_cv_env_NAUTY_CPPFLAGS_value=
ac_cv_env_NAUTY_LDFLAGS_set=
ac_cv_env_NAUTY_LDFLAGS_value=
ac_cv_env_build_alias_set=
ac_cv_env_build_alias_value=
ac_cv_env_host_alias_set=
ac_cv_env_host_alias_value=
ac_cv_env_target_alias_set=
ac_cv_env_target_alias_value=
ac_cv_header_dlfcn_h=yes
ac_cv_header_flint_flint_h=no
ac_cv_header_gmpxx_h=yes
ac_cv_header_inttypes_h=yes
ac_cv_header_memory_h=yes
ac_cv_header_nauty_h=no
ac_cv_header_nauty_nauty_h=no
ac_cv_header_stdc=yes
ac_cv_header_stdint_h=yes
ac_cv_header_stdlib_h=yes
ac_cv_header_string_h=yes
ac_cv_header_strings_h=yes
ac_cv_header_sys_stat_h=yes
ac_cv_header_sys_types_h=yes
ac_cv_header_unistd_h=yes
ac_cv_host=arm-apple-darwin24.6.0
ac_cv_lib_gmpxx___gmpz_init=yes
ac_cv_objext=o
ac_cv_path_EGREP='/usr/bin/grep -E'
ac_cv_path_FGREP='/usr/bin/grep -F'
ac_cv_path_GREP=/usr/bin/grep
ac_cv_path_SED=/usr/bin/sed
ac_cv_path_install='/usr/bin/install -c'
ac_cv_path_lt_DD=/bin/dd
ac_cv_prog_AWK=awk
ac_cv_prog_CPP='gcc -E'
ac_cv_prog_CXXCPP='g++ -E'
ac_cv_prog_ac_ct_AR=ar
ac_cv_prog_ac_ct_CC=gcc
ac_cv_prog_ac_ct_CXX=g++
ac_cv_prog_ac_ct_DSYMUTIL=dsymutil
ac_cv_prog_ac_ct_LIPO=lipo
ac_cv_prog_ac_ct_NMEDIT=nmedit
ac_cv_prog_ac_ct_OBJDUMP=objdump
ac_cv_prog_ac_ct_OTOOL=otool
ac_cv_prog_ac_ct_RANLIB=ranlib
ac_cv_prog_ac_ct_STRIP=strip
ac_cv_prog_cc_c89=
ac_cv_prog_cc_g=yes
ac_cv_prog_cxx_g=yes
ac_cv_prog_make_make_set=yes
ac_cv_sizeof_long_long=8
am_cv_CC_dependencies_compiler_type=gcc3
am_cv_CXX_dependencies_compiler_type=gcc3
am_cv_make_support_nested_variables=yes
am_cv_prog_cc_c_o=yes
ax_cv_cxx_compile_cxx14=yes
ax_cv_cxx_openmp=unknown
ax_cv_have_FLINT=no
ax_cv_have_GMPXX=yes
ax_cv_have_NAUTY=no
ax_cv_have_NAUTYNAUTY=no
lt_cv_apple_cc_single_mod=no
lt_cv_ar_at_file=no
lt_cv_deplibs_check_method=pass_all
lt_cv_file_magic_cmd='$MAGIC_CMD'
lt_cv_file_magic_test_file=
lt_cv_ld_exported_symbols_list=yes
lt_cv_ld_force_load=yes
lt_cv_ld_reload_flag=-r
lt_cv_nm_interface='BSD nm'
lt_cv_objdir=.libs
lt_cv_path_LD=/Applications/Xcode.app/Contents/Developer/Toolchains/XcodeDefault.xctoolchain/usr/bin/ld
lt_cv_path_LDCXX=/Applications/Xcode.app/Contents/Developer/Toolchains/XcodeDefault.xctoolchain/usr/bin/ld
lt_cv_path_NM='/usr/bin/nm -B'
lt_cv_path_mainfest_tool=no
lt_cv_prog_compiler_c_o=yes
lt_cv_prog_compiler_c_o_CXX=yes
lt_cv_prog_compiler_pic='-fno-common -DPIC'
lt_cv_prog_compiler_pic_CXX='-fno-common -DPIC'
lt_cv_prog_compiler_pic_works=yes
lt_cv_prog_compiler_pic_works_CXX=yes
lt_cv_prog_compiler_rtti_exceptions=yes
lt_cv_prog_compiler_static_works=no
lt_cv_prog_compiler_static_works_CXX=no
lt_cv_prog_gnu_ld=no
lt_cv_prog_gnu_ldcxx=no
lt_cv_sharedlib_from_linklib_cmd='printf %s\n'
lt_cv_sys_global_symbol_pipe='sed -n -e '\''s/^.*[	 ]\([ABCDGIRSTW][ABCDGIRSTW]*\)[	 ][	 ]*_\([_A-Za-z][_A-Za-z0-9]*\)$/\1 _\2 \2/p'\'' | sed '\''/ __gnu_lto/d'\'''
lt_cv_sys_global_symbol_to_c_name_address='sed -n -e '\''s/^: \(.*\) .*$/  {"\1", (void *) 0},/p'\'' -e '\''s/^[ABCDGIRSTW][ABCDGIRSTW]* .* \(.*\)$/  {"\1", (void *) \&\1},/p'\'''
lt_cv_sys_global_symbol_to_c_name_address_lib_prefix='sed -n -e '\''s/^: \(.*\) .*$/  {"\1", (void *) 0},/p'\'' -e '\''s/^[ABCDGIRSTW][ABCDGIRSTW]* .* \(lib.*\)$/  {"\1", (void *) \&\1},/p'\'' -e '\''s/^[ABCDGIRSTW][ABCDGIRSTW]* .* \(.*\)$/  {"lib\1", (void *) \&\1},/p'\'''
lt_cv_sys_global_symbol_to_cdecl='sed -n -e '\''s/^T .* \(.*\)$/extern int \1();/p'\'' -e '\''s/^[ABCDGIRSTW][ABCDGIRSTW]* .* \(.*\)$/extern char \1;/p'\'''
lt_cv_sys_global_symbol_to_import=
lt_cv_sys_max_cmd_len=786432
lt_cv_to_host_file_cmd=func_convert_file_noop
lt_cv_to_tool_file_cmd=func_convert_file_noop
lt_cv_truncate_bin='/bin/dd bs=4096 count=1'

## ----------------- ##
## Output variables. ##
## ----------------- ##

ACLOCAL='${SHELL} /Users/cheldt/Documents/Code/GAP/gap-4.14.0/pkg/normalizinterface/normaliz-3.9.3/cnf/missing aclocal-1.16'
AMDEPBACKSLASH='\'
AMDEP_FALSE='#'
AMDEP_TRUE=''
AMTAR='$${TAR-tar}'
AM_BACKSLASH='\'
AM_DEFAULT_V='$(AM_DEFAULT_VERBOSITY)'
AM_DEFAULT_VERBOSITY='1'
AM_V='$(V)'
AR='ar'
AUTOCONF='${SHELL} /Users/cheldt/Documents/Code/GAP/gap-4.14.0/pkg/normalizinterface/normaliz-3.9.3/cnf/missing autoconf'
AUTOHEADER='${SHELL} /Users/cheldt/Documents/Code/GAP/gap-4.14.0/pkg/normalizinterface/normaliz-3.9.3/cnf/missing autoheader'
AUTOMAKE='${SHELL} /Users/cheldt/Documents/Code/GAP/gap-4.14.0/pkg/normalizinterface/normaliz-3.9.3/cnf/missing automake-1.16'
AWK='awk'
CC='gcc'
CCDEPMODE='depmode=gcc3'
CFLAGS='-g -O2'
COCOA_LIBS=''
CPP='gcc -E'
CPPFLAGS=' -I/opt/homebrew/include '
CXX='g++'
CXXCPP='g++ -E'
CXXDEPMODE='depmode=gcc3'
CXXFLAGS='-g -O2'
CYGPATH_W='echo'
DEFINE_ENFNORMALIZ=''
DEFINE_NMZCOCOA=''
DEFINE_NMZFLINT=''
DEFINE_NMZHASHLIBRARY=''
DEFINE_NMZNAUTY=''
DEFINE_NMZNAUTYNAUTY=''
DEFINE_NMZNAUTYTLS=''
DEFINE_NORMALIZ_DLL='#define NORMALIZ_USE_DLL'
DEFS='-DPACKAGE_NAME=\"Normaliz\" -DPACKAGE_TARNAME=\"normaliz\" -DPACKAGE_VERSION=\"3.9.3\" -DPACKAGE_STRING=\"Normaliz\ 3.9.3\" -DPACKAGE_BUGREPORT=\"https://github.com/Normaliz/Normaliz/issues\" -DPACKAGE_URL=\"https://www.normaliz.uni-osnabrueck.de\" -DPACKAGE=\"normaliz\" -DVERSION=\"3.9.3\" -DSTDC_HEADERS=1 -DHAVE_SYS_TYPES_H=1 -DHAVE_SYS_STAT_H=1 -DHAVE_STDLIB_H=1 -DHAVE_STRING_H=1 -DHAVE_MEMORY_H=1 -DHAVE_STRINGS_H=1 -DHAVE_INTTYPES_H=1 -DHAVE_STDINT_H=1 -DHAVE_UNISTD_H=1 -DHAVE_DLFCN_H=1 -DLT_OBJDIR=\".libs/\" -DHAVE_CXX14=1 -DHAVE___BUILTIN_CTZLL=1 -DHAVE___BUILTIN_POPCOUNTLL=1 -DSIZEOF_LONG_LONG=8 -DHAVE_GMPXX=1 -DDEFINE_NORMALIZ_DLL=1'
DEPDIR='.deps'
DLLTOOL='false'
DSYMUTIL='dsymutil'
DUMPBIN=''
ECHO_C='\c'
ECHO_N=''
ECHO_T=''
EGREP='/usr/bin/grep -E'
ENABLE_OPENMP_FALSE=''
ENABLE_OPENMP_TRUE='#'
ENFNORMALIZ_FALSE=''
ENFNORMALIZ_TRUE='#'
EXEEXT=''
E_ANTIC_LIBS=''
FGREP='/usr/bin/grep -F'
FLINT_CPPFLAGS=''
FLINT_LDFLAGS=''
FLINT_LIBS=''
GMPXX_CPPFLAGS=''
GMPXX_LDFLAGS=''
GMP_LIBS='-lgmpxx -lgmp'
GREP='/usr/bin/grep'
HASHLIBRARY_LIBS=''
HAVE_CXX0x=''
HAVE_CXX14='1'
INSTALL_DATA='${INSTALL} -m 644'
INSTALL_PROGRAM='${INSTALL}'
INSTALL_SCRIPT='${INSTALL}'
INSTALL_STRIP_PROGRAM='$(install_sh) -c -s'
LD='/Applications/Xcode.app/Contents/Developer/Toolchains/XcodeDefault.xctoolchain/usr/bin/ld'
LDFLAGS=' -L/opt/homebrew/lib '
LIBNORMALIZ_VERSION_MAJOR='3'
LIBNORMALIZ_VERSION_MINOR='9'
LIBNORMALIZ_VERSION_PATCH='3'
LIBNORMALIZ_VERSION_STRING='3.9.3'
LIBOBJS=''
LIBS=''
LIBTOOL='$(SHELL) $(top_builddir)/libtool'
LIPO='lipo'
LN_S='ln -s'
LTLIBOBJS=''
LT_SYS_LIBRARY_PATH=''
MAKEINFO='${SHELL} /Users/cheldt/Documents/Code/GAP/gap-4.14.0/pkg/normalizinterface/normaliz-3.9.3/cnf/missing makeinfo'
MANIFEST_TOOL=':'
MKDIR_P='cnf/install-sh -c -d'
NAUTYNAUTY_CPPFLAGS=''
NAUTYNAUTY_LDFLAGS=''
NAUTY_CPPFLAGS=''
NAUTY_LDFLAGS=''
NAUTY_LIBS=''
NM='/usr/bin/nm -B'
NMEDIT='nmedit'
NMZ_COCOA_FALSE=''
NMZ_COCOA_TRUE='#'
NMZ_FLINT_FALSE=''
NMZ_FLINT_TRUE='#'
NMZ_HASHLIBRARY_FALSE=''
NMZ_HASHLIBRARY_TRUE='#'
NMZ_NAUTYNAUTY_FALSE=''
NMZ_NAUTYNAUTY_TRUE='#'
NMZ_NAUTY_FALSE=''
NMZ_NAUTY_TLS_FALSE=''
NMZ_NAUTY_TLS_TRUE='#'
NMZ_NAUTY_TRUE='#'
OBJDUMP='objdump'
OBJEXT='o'
OPENMP_CXXFLAGS=''
OTOOL64=':'
OTOOL='otool'
PACKAGE='normaliz'
PACKAGE_BUGREPORT='https://github.com/Normaliz/Normaliz/issues'
PACKAGE_NAME='Normaliz'
PACKAGE_STRING='Normaliz 3.9.3'
PACKAGE_TARNAME='normaliz'
PACKAGE_URL='https://www.normaliz.uni-osnabrueck.de'
PACKAGE_VERSION='3.9.3'
PATH_SEPARATOR=':'
RANLIB='ranlib'
SED='/usr/bin/sed'
SET_MAKE=''
SHELL='/bin/sh'
STRIP='strip'
VERSION='3.9.3'
ac_ct_AR='ar'
ac_ct_CC='gcc'
ac_ct_CXX='g++'
ac_ct_DUMPBIN=''
am__EXEEXT_FALSE=''
am__EXEEXT_TRUE='#'
am__fastdepCC_FALSE='#'
am__fastdepCC_TRUE=''
am__fastdepCXX_FALSE='#'
am__fastdepCXX_TRUE=''
am__include='include'
am__isrc=''
am__leading_dot='.'
am__nodep='_no'
am__quote=''
am__tar='$${TAR-tar} chof - "$$tardir"'
am__untar='$${TAR-tar} xf -'
bindir='${exec_prefix}/bin'
build='arm-apple-darwin24.6.0'
build_alias=''
build_cpu='arm'
build_os='darwin24.6.0'
build_vendor='apple'
datadir='${datarootdir}'
datarootdir='${prefix}/share'
docdir='${datarootdir}/doc/${PACKAGE_TARNAME}'
dvidir='${docdir}'
exec_prefix='${prefix}'
host='arm-apple-darwin24.6.0'
host_alias=''
host_cpu='arm'
host_os='darwin24.6.0'
host_vendor='apple'
htmldir='${docdir}'
includedir='${prefix}/include'
infodir='${datarootdir}/info'
install_sh='${SHELL} /Users/cheldt/Documents/Code/GAP/gap-4.14.0/pkg/normalizinterface/normaliz-3.9.3/cnf/install-sh'
libdir='${exec_prefix}/lib'
libexecdir='${exec_prefix}/libexec'
localedir='${datarootdir}/locale'
localstatedir='${prefix}/var'
mandir='${datarootdir}/man'
mkdir_p='$(MKDIR_P)'
oldincludedir='/usr/include'
pdfdir='${docdir}'
prefix='/Users/cheldt/Documents/Code/GAP/gap-4.14.0/pkg/normalizinterface/NormalizInstallDir'
program_transform_name='s,x,x,'
psdir='${docdir}'
runstatedir='${localstatedir}/run'
sbindir='${exec_prefix}/sbin'
sharedstatedir='${prefix}/com'
sysconfdir='${prefix}/etc'
target_alias=''

## ----------- ##
## confdefs.h. ##
## ----------- ##

/* confdefs.h */
#define PACKAGE_NAME "Normaliz"
#define PACKAGE_TARNAME "normaliz"
#define PACKAGE_VERSION "3.9.3"
#define PACKAGE_STRING "Normaliz 3.9.3"
#define PACKAGE_BUGREPORT "https://github.com/Normaliz/Normaliz/issues"
#define PACKAGE_URL "https://www.normaliz.uni-osnabrueck.de"
#define PACKAGE "normaliz"
#define VERSION "3.9.3"
#define STDC_HEADERS 1
#define HAVE_SYS_TYPES_H 1
#define HAVE_SYS_STAT_H 1
#define HAVE_STDLIB_H 1
#define HAVE_STRING_H 1
#define HAVE_MEMORY_H 1
#define HAVE_STRINGS_H 1
#define HAVE_INTTYPES_H 1
#define HAVE_STDINT_H 1
#define HAVE_UNISTD_H 1
#define HAVE_DLFCN_H 1
#define LT_OBJDIR ".libs/"
#define HAVE_CXX14 1
#define HAVE___BUILTIN_CTZLL 1
#define HAVE___BUILTIN_POPCOUNTLL 1
#define SIZEOF_LONG_LONG 8
#define HAVE_GMPXX 1
#define DEFINE_NORMALIZ_DLL 1

configure: exit 0
