This file contains any messages produced by compilers while
running configure, to aid debugging if configure makes a mistake.

It was created by configure, which was
generated by GNU Autoconf 2.71.  Invocation command line was

  $ ./configure --with-gaproot=/Users/cheldt/Documents/Code/GAP/gap-4.14.0

## --------- ##
## Platform. ##
## --------- ##

hostname = Mac
uname -m = arm64
uname -r = 24.6.0
uname -s = Darwin
uname -v = Darwin Kernel Version 24.6.0: Mon Jul 14 11:30:51 PDT 2025; root:xnu-11417.140.69~1/RELEASE_ARM64_T8112

/usr/bin/uname -p = arm
/bin/uname -X     = unknown

/bin/arch              = unknown
/usr/bin/arch -k       = unknown
/usr/convex/getsysinfo = unknown
/usr/bin/hostinfo      = Mach kernel version:
	 Darwin Kernel Version 24.6.0: Mon Jul 14 11:30:51 PDT 2025; root:xnu-11417.140.69~1/RELEASE_ARM64_T8112
Kernel configured for up to 8 processors.
8 processors are physically available.
8 processors are logically available.
Processor type: arm64e (ARM64E)
Processors active: 0 1 2 3 4 5 6 7
Primary memory available: 16.00 gigabytes
Default processor set: 769 tasks, 3888 threads, 8 processors
Load average: 5.03, Mach factor: 2.99
/bin/machine           = unknown
/usr/bin/oslevel       = unknown
/bin/universe          = unknown

PATH: /Users/cheldt/Library/pnpm/
PATH: /Users/cheldt/.nvm/versions/node/v23.8.0/bin/
PATH: /opt/local/bin/
PATH: /opt/local/sbin/
PATH: /opt/homebrew/bin/
PATH: /opt/homebrew/sbin/
PATH: /usr/local/bin/
PATH: /System/Cryptexes/App/usr/bin/
PATH: /usr/bin/
PATH: /bin/
PATH: /usr/sbin/
PATH: /sbin/
PATH: /var/run/com.apple.security.cryptexd/codex.system/bootstrap/usr/local/bin/
PATH: /var/run/com.apple.security.cryptexd/codex.system/bootstrap/usr/bin/
PATH: /var/run/com.apple.security.cryptexd/codex.system/bootstrap/usr/appleinternal/bin/
PATH: /Library/Apple/usr/bin/
PATH: /usr/local/go/bin/
PATH: /Users/cheldt/Library/pnpm/
PATH: /Users/cheldt/.nvm/versions/node/v23.8.0/bin/
PATH: /opt/local/bin/
PATH: /opt/local/sbin/
PATH: /Users/cheldt/.cargo/bin/


## ----------- ##
## Core tests. ##
## ----------- ##

configure:2294: looking for aux files: config.guess config.sub
configure:2307:  trying ../../src.x11/../cnf/
configure:2336:   ../../src.x11/../cnf/config.guess found
configure:2336:   ../../src.x11/../cnf/config.sub found
configure:2519: checking for gcc
configure:2551: result: gcc
configure:2904: checking for C compiler version
configure:2913: gcc --version >&5
Apple clang version 17.0.0 (clang-1700.0.13.5)
Target: arm64-apple-darwin24.6.0
Thread model: posix
InstalledDir: /Applications/Xcode.app/Contents/Developer/Toolchains/XcodeDefault.xctoolchain/usr/bin
configure:2924: $? = 0
configure:2913: gcc -v >&5
Apple clang version 17.0.0 (clang-1700.0.13.5)
Target: arm64-apple-darwin24.6.0
Thread model: posix
InstalledDir: /Applications/Xcode.app/Contents/Developer/Toolchains/XcodeDefault.xctoolchain/usr/bin
configure:2924: $? = 0
configure:2913: gcc -V >&5
clang: error: argument to '-V' is missing (expected 1 value)
clang: error: no input files
configure:2924: $? = 1
configure:2913: gcc -qversion >&5
clang: error: unknown argument '-qversion'; did you mean '--version'?
clang: error: no input files
configure:2924: $? = 1
configure:2913: gcc -version >&5
clang: error: unknown argument '-version'; did you mean '--version'?
clang: error: no input files
configure:2924: $? = 1
configure:2944: checking whether the C compiler works
configure:2966: gcc    conftest.c  >&5
configure:2970: $? = 0
configure:3020: result: yes
configure:3023: checking for C compiler default output file name
configure:3025: result: a.out
configure:3031: checking for suffix of executables
configure:3038: gcc -o conftest    conftest.c  >&5
configure:3042: $? = 0
configure:3065: result: 
configure:3087: checking whether we are cross compiling
configure:3095: gcc -o conftest    conftest.c  >&5
configure:3099: $? = 0
configure:3106: ./conftest
configure:3110: $? = 0
configure:3125: result: no
configure:3130: checking for suffix of object files
configure:3153: gcc -c   conftest.c >&5
configure:3157: $? = 0
configure:3179: result: o
configure:3183: checking whether the compiler supports GNU C
configure:3203: gcc -c   conftest.c >&5
configure:3203: $? = 0
configure:3213: result: yes
configure:3224: checking whether gcc accepts -g
configure:3245: gcc -c -g  conftest.c >&5
configure:3245: $? = 0
configure:3289: result: yes
configure:3309: checking for gcc option to enable C11 features
configure:3324: gcc  -c -g -O2  conftest.c >&5
conftest.c:23:14: warning: a function definition without a prototype is deprecated in all versions of C and is not supported in C23 [-Wdeprecated-non-prototype]
   23 | static char *e (p, i)
      |              ^
1 warning generated.
configure:3324: $? = 0
configure:3342: result: none needed
configure:3453: checking whether gcc and cc understand -c and -o together
configure:3485: gcc -c conftest.c -o conftest2.o >&5
configure:3489: $? = 0
configure:3495: gcc -c conftest.c -o conftest2.o >&5
configure:3499: $? = 0
configure:3510: cc -c conftest.c >&5
configure:3514: $? = 0
configure:3522: cc -c conftest.c -o conftest2.o >&5
configure:3526: $? = 0
configure:3532: cc -c conftest.c -o conftest2.o >&5
configure:3536: $? = 0
configure:3554: result: yes
configure:3565: checking for an ANSI C-conforming const
configure:3632: gcc -c -g -O2  conftest.c >&5
configure:3632: $? = 0
configure:3640: result: yes
configure:3658: checking build system type
configure:3673: result: aarch64-apple-darwin24.6.0
configure:3693: checking host system type
configure:3707: result: aarch64-apple-darwin24.6.0
configure:3727: checking target system type
configure:3741: result: aarch64-apple-darwin24.6.0
configure:3774: checking for stdio.h
configure:3774: gcc -c -g -O2  conftest.c >&5
configure:3774: $? = 0
configure:3774: result: yes
configure:3774: checking for stdlib.h
configure:3774: gcc -c -g -O2  conftest.c >&5
configure:3774: $? = 0
configure:3774: result: yes
configure:3774: checking for string.h
configure:3774: gcc -c -g -O2  conftest.c >&5
configure:3774: $? = 0
configure:3774: result: yes
configure:3774: checking for inttypes.h
configure:3774: gcc -c -g -O2  conftest.c >&5
configure:3774: $? = 0
configure:3774: result: yes
configure:3774: checking for stdint.h
configure:3774: gcc -c -g -O2  conftest.c >&5
configure:3774: $? = 0
configure:3774: result: yes
configure:3774: checking for strings.h
configure:3774: gcc -c -g -O2  conftest.c >&5
configure:3774: $? = 0
configure:3774: result: yes
configure:3774: checking for sys/stat.h
configure:3774: gcc -c -g -O2  conftest.c >&5
configure:3774: $? = 0
configure:3774: result: yes
configure:3774: checking for sys/types.h
configure:3774: gcc -c -g -O2  conftest.c >&5
configure:3774: $? = 0
configure:3774: result: yes
configure:3774: checking for unistd.h
configure:3774: gcc -c -g -O2  conftest.c >&5
configure:3774: $? = 0
configure:3774: result: yes
configure:3774: checking for sys/time.h
configure:3774: gcc -c -g -O2  conftest.c >&5
configure:3774: $? = 0
configure:3774: result: yes
configure:3804: checking for sys/wait.h that is POSIX.1 compatible
configure:3831: gcc -c -g -O2  conftest.c >&5
configure:3831: $? = 0
configure:3839: result: yes
configure:3853: checking for library containing openpty
configure:3883: gcc -o conftest -g -O2   conftest.c  >&5
configure:3883: $? = 0
configure:3903: result: none required
configure:3948: checking for util.h
configure:3948: gcc -c -g -O2  conftest.c >&5
configure:3948: $? = 0
configure:3948: result: yes
configure:3954: checking for pty.h
configure:3954: gcc -c -g -O2  conftest.c >&5
conftest.c:51:10: fatal error: 'pty.h' file not found
   51 | #include <pty.h>
      |          ^~~~~~~
1 error generated.
configure:3954: $? = 1
configure: failed program was:
| /* confdefs.h */
| #define PACKAGE_NAME ""
| #define PACKAGE_TARNAME ""
| #define PACKAGE_VERSION ""
| #define PACKAGE_STRING ""
| #define PACKAGE_BUGREPORT ""
| #define PACKAGE_URL ""
| #define HAVE_STDIO_H 1
| #define HAVE_STDLIB_H 1
| #define HAVE_STRING_H 1
| #define HAVE_INTTYPES_H 1
| #define HAVE_STDINT_H 1
| #define HAVE_STRINGS_H 1
| #define HAVE_SYS_STAT_H 1
| #define HAVE_SYS_TYPES_H 1
| #define HAVE_UNISTD_H 1
| #define HAVE_SYS_TIME_H 1
| #define STDC_HEADERS 1
| #define HAVE_SYS_WAIT_H 1
| #define HAVE_OPENPTY 1
| #define HAVE_UTIL_H 1
| /* end confdefs.h.  */
| #include <stddef.h>
| #ifdef HAVE_STDIO_H
| # include <stdio.h>
| #endif
| #ifdef HAVE_STDLIB_H
| # include <stdlib.h>
| #endif
| #ifdef HAVE_STRING_H
| # include <string.h>
| #endif
| #ifdef HAVE_INTTYPES_H
| # include <inttypes.h>
| #endif
| #ifdef HAVE_STDINT_H
| # include <stdint.h>
| #endif
| #ifdef HAVE_STRINGS_H
| # include <strings.h>
| #endif
| #ifdef HAVE_SYS_TYPES_H
| # include <sys/types.h>
| #endif
| #ifdef HAVE_SYS_STAT_H
| # include <sys/stat.h>
| #endif
| #ifdef HAVE_UNISTD_H
| # include <unistd.h>
| #endif
| #include <pty.h>
configure:3954: result: no
configure:3960: checking for libutil.h
configure:3960: gcc -c -g -O2  conftest.c >&5
conftest.c:51:10: fatal error: 'libutil.h' file not found
   51 | #include <libutil.h>
      |          ^~~~~~~~~~~
1 error generated.
configure:3960: $? = 1
configure: failed program was:
| /* confdefs.h */
| #define PACKAGE_NAME ""
| #define PACKAGE_TARNAME ""
| #define PACKAGE_VERSION ""
| #define PACKAGE_STRING ""
| #define PACKAGE_BUGREPORT ""
| #define PACKAGE_URL ""
| #define HAVE_STDIO_H 1
| #define HAVE_STDLIB_H 1
| #define HAVE_STRING_H 1
| #define HAVE_INTTYPES_H 1
| #define HAVE_STDINT_H 1
| #define HAVE_STRINGS_H 1
| #define HAVE_SYS_STAT_H 1
| #define HAVE_SYS_TYPES_H 1
| #define HAVE_UNISTD_H 1
| #define HAVE_SYS_TIME_H 1
| #define STDC_HEADERS 1
| #define HAVE_SYS_WAIT_H 1
| #define HAVE_OPENPTY 1
| #define HAVE_UTIL_H 1
| /* end confdefs.h.  */
| #include <stddef.h>
| #ifdef HAVE_STDIO_H
| # include <stdio.h>
| #endif
| #ifdef HAVE_STDLIB_H
| # include <stdlib.h>
| #endif
| #ifdef HAVE_STRING_H
| # include <string.h>
| #endif
| #ifdef HAVE_INTTYPES_H
| # include <inttypes.h>
| #endif
| #ifdef HAVE_STDINT_H
| # include <stdint.h>
| #endif
| #ifdef HAVE_STRINGS_H
| # include <strings.h>
| #endif
| #ifdef HAVE_SYS_TYPES_H
| # include <sys/types.h>
| #endif
| #ifdef HAVE_SYS_STAT_H
| # include <sys/stat.h>
| #endif
| #ifdef HAVE_UNISTD_H
| # include <unistd.h>
| #endif
| #include <libutil.h>
configure:3960: result: no
configure:3972: checking for sgtty.h
configure:3972: gcc -c -g -O2  conftest.c >&5
configure:3972: $? = 0
configure:3972: result: yes
configure:3978: checking for termios.h
configure:3978: gcc -c -g -O2  conftest.c >&5
configure:3978: $? = 0
configure:3978: result: yes
configure:3984: checking for termio.h
configure:3984: gcc -c -g -O2  conftest.c >&5
conftest.c:53:10: fatal error: 'termio.h' file not found
   53 | #include <termio.h>
      |          ^~~~~~~~~~
1 error generated.
configure:3984: $? = 1
configure: failed program was:
| /* confdefs.h */
| #define PACKAGE_NAME ""
| #define PACKAGE_TARNAME ""
| #define PACKAGE_VERSION ""
| #define PACKAGE_STRING ""
| #define PACKAGE_BUGREPORT ""
| #define PACKAGE_URL ""
| #define HAVE_STDIO_H 1
| #define HAVE_STDLIB_H 1
| #define HAVE_STRING_H 1
| #define HAVE_INTTYPES_H 1
| #define HAVE_STDINT_H 1
| #define HAVE_STRINGS_H 1
| #define HAVE_SYS_STAT_H 1
| #define HAVE_SYS_TYPES_H 1
| #define HAVE_UNISTD_H 1
| #define HAVE_SYS_TIME_H 1
| #define STDC_HEADERS 1
| #define HAVE_SYS_WAIT_H 1
| #define HAVE_OPENPTY 1
| #define HAVE_UTIL_H 1
| #define HAVE_SGTTY_H 1
| #define HAVE_TERMIOS_H 1
| /* end confdefs.h.  */
| #include <stddef.h>
| #ifdef HAVE_STDIO_H
| # include <stdio.h>
| #endif
| #ifdef HAVE_STDLIB_H
| # include <stdlib.h>
| #endif
| #ifdef HAVE_STRING_H
| # include <string.h>
| #endif
| #ifdef HAVE_INTTYPES_H
| # include <inttypes.h>
| #endif
| #ifdef HAVE_STDINT_H
| # include <stdint.h>
| #endif
| #ifdef HAVE_STRINGS_H
| # include <strings.h>
| #endif
| #ifdef HAVE_SYS_TYPES_H
| # include <sys/types.h>
| #endif
| #ifdef HAVE_SYS_STAT_H
| # include <sys/stat.h>
| #endif
| #ifdef HAVE_UNISTD_H
| # include <unistd.h>
| #endif
| #include <termio.h>
configure:3984: result: no
configure:3990: checking for sys/ioctl.h
configure:3990: gcc -c -g -O2  conftest.c >&5
configure:3990: $? = 0
configure:3990: result: yes
configure:3996: checking for sys/select.h
configure:3996: gcc -c -g -O2  conftest.c >&5
configure:3996: $? = 0
configure:3996: result: yes
configure:4006: checking for signal.h
configure:4006: gcc -c -g -O2  conftest.c >&5
configure:4006: $? = 0
configure:4006: result: yes
configure:4012: checking for sys/signal.h
configure:4012: gcc -c -g -O2  conftest.c >&5
configure:4012: $? = 0
configure:4012: result: yes
configure:4019: checking for signal
configure:4019: gcc -o conftest -g -O2   conftest.c  >&5
configure:4019: $? = 0
configure:4019: result: yes
configure:4032: checking for dirent.h that defines DIR
configure:4052: gcc -c -g -O2  conftest.c >&5
configure:4052: $? = 0
configure:4061: result: yes
configure:4075: checking for library containing opendir
configure:4105: gcc -o conftest -g -O2   conftest.c  >&5
configure:4105: $? = 0
configure:4125: result: none required
configure:4196: checking whether closedir returns void
configure:4217: gcc -c -g -O2  conftest.c >&5
configure:4217: $? = 0
configure:4225: result: no
configure:4241: checking how to run the C preprocessor
configure:4267: gcc -E  conftest.c
configure:4267: $? = 0
configure:4282: gcc -E  conftest.c
conftest.c:31:10: fatal error: 'ac_nonexistent.h' file not found
   31 | #include <ac_nonexistent.h>
      |          ^~~~~~~~~~~~~~~~~~
1 error generated.
configure:4282: $? = 1
configure: failed program was:
| /* confdefs.h */
| #define PACKAGE_NAME ""
| #define PACKAGE_TARNAME ""
| #define PACKAGE_VERSION ""
| #define PACKAGE_STRING ""
| #define PACKAGE_BUGREPORT ""
| #define PACKAGE_URL ""
| #define HAVE_STDIO_H 1
| #define HAVE_STDLIB_H 1
| #define HAVE_STRING_H 1
| #define HAVE_INTTYPES_H 1
| #define HAVE_STDINT_H 1
| #define HAVE_STRINGS_H 1
| #define HAVE_SYS_STAT_H 1
| #define HAVE_SYS_TYPES_H 1
| #define HAVE_UNISTD_H 1
| #define HAVE_SYS_TIME_H 1
| #define STDC_HEADERS 1
| #define HAVE_SYS_WAIT_H 1
| #define HAVE_OPENPTY 1
| #define HAVE_UTIL_H 1
| #define HAVE_SGTTY_H 1
| #define HAVE_TERMIOS_H 1
| #define HAVE_SYS_IOCTL_H 1
| #define HAVE_SYS_SELECT_H 1
| #define HAVE_SIGNAL_H 1
| #define HAVE_SYS_SIGNAL_H 1
| #define HAVE_SIGNAL 1
| #define HAVE_DIRENT_H 1
| /* end confdefs.h.  */
| #include <ac_nonexistent.h>
configure:4309: result: gcc -E
configure:4323: gcc -E  conftest.c
configure:4323: $? = 0
configure:4338: gcc -E  conftest.c
conftest.c:31:10: fatal error: 'ac_nonexistent.h' file not found
   31 | #include <ac_nonexistent.h>
      |          ^~~~~~~~~~~~~~~~~~
1 error generated.
configure:4338: $? = 1
configure: failed program was:
| /* confdefs.h */
| #define PACKAGE_NAME ""
| #define PACKAGE_TARNAME ""
| #define PACKAGE_VERSION ""
| #define PACKAGE_STRING ""
| #define PACKAGE_BUGREPORT ""
| #define PACKAGE_URL ""
| #define HAVE_STDIO_H 1
| #define HAVE_STDLIB_H 1
| #define HAVE_STRING_H 1
| #define HAVE_INTTYPES_H 1
| #define HAVE_STDINT_H 1
| #define HAVE_STRINGS_H 1
| #define HAVE_SYS_STAT_H 1
| #define HAVE_SYS_TYPES_H 1
| #define HAVE_UNISTD_H 1
| #define HAVE_SYS_TIME_H 1
| #define STDC_HEADERS 1
| #define HAVE_SYS_WAIT_H 1
| #define HAVE_OPENPTY 1
| #define HAVE_UTIL_H 1
| #define HAVE_SGTTY_H 1
| #define HAVE_TERMIOS_H 1
| #define HAVE_SYS_IOCTL_H 1
| #define HAVE_SYS_SELECT_H 1
| #define HAVE_SIGNAL_H 1
| #define HAVE_SYS_SIGNAL_H 1
| #define HAVE_SIGNAL 1
| #define HAVE_DIRENT_H 1
| /* end confdefs.h.  */
| #include <ac_nonexistent.h>
configure:4369: checking for X
configure:4407: gcc -o conftest -g -O2   conftest.c -lX11  >&5
conftest.c:31:10: fatal error: 'X11/Xlib.h' file not found
   31 | #include <X11/Xlib.h>
      |          ^~~~~~~~~~~~
1 error generated.
configure:4407: $? = 1
configure: failed program was:
| /* confdefs.h */
| #define PACKAGE_NAME ""
| #define PACKAGE_TARNAME ""
| #define PACKAGE_VERSION ""
| #define PACKAGE_STRING ""
| #define PACKAGE_BUGREPORT ""
| #define PACKAGE_URL ""
| #define HAVE_STDIO_H 1
| #define HAVE_STDLIB_H 1
| #define HAVE_STRING_H 1
| #define HAVE_INTTYPES_H 1
| #define HAVE_STDINT_H 1
| #define HAVE_STRINGS_H 1
| #define HAVE_SYS_STAT_H 1
| #define HAVE_SYS_TYPES_H 1
| #define HAVE_UNISTD_H 1
| #define HAVE_SYS_TIME_H 1
| #define STDC_HEADERS 1
| #define HAVE_SYS_WAIT_H 1
| #define HAVE_OPENPTY 1
| #define HAVE_UTIL_H 1
| #define HAVE_SGTTY_H 1
| #define HAVE_TERMIOS_H 1
| #define HAVE_SYS_IOCTL_H 1
| #define HAVE_SYS_SELECT_H 1
| #define HAVE_SIGNAL_H 1
| #define HAVE_SYS_SIGNAL_H 1
| #define HAVE_SIGNAL 1
| #define HAVE_DIRENT_H 1
| /* end confdefs.h.  */
| #include <X11/Xlib.h>
| int
| main (void)
| {
| XrmInitialize ()
|   ;
|   return 0;
| }
configure:4509: gcc -E  conftest.c
conftest.c:31:10: fatal error: 'X11/Xlib.h' file not found
   31 | #include <X11/Xlib.h>
      |          ^~~~~~~~~~~~
1 error generated.
configure:4509: $? = 1
configure: failed program was:
| /* confdefs.h */
| #define PACKAGE_NAME ""
| #define PACKAGE_TARNAME ""
| #define PACKAGE_VERSION ""
| #define PACKAGE_STRING ""
| #define PACKAGE_BUGREPORT ""
| #define PACKAGE_URL ""
| #define HAVE_STDIO_H 1
| #define HAVE_STDLIB_H 1
| #define HAVE_STRING_H 1
| #define HAVE_INTTYPES_H 1
| #define HAVE_STDINT_H 1
| #define HAVE_STRINGS_H 1
| #define HAVE_SYS_STAT_H 1
| #define HAVE_SYS_TYPES_H 1
| #define HAVE_UNISTD_H 1
| #define HAVE_SYS_TIME_H 1
| #define STDC_HEADERS 1
| #define HAVE_SYS_WAIT_H 1
| #define HAVE_OPENPTY 1
| #define HAVE_UTIL_H 1
| #define HAVE_SGTTY_H 1
| #define HAVE_TERMIOS_H 1
| #define HAVE_SYS_IOCTL_H 1
| #define HAVE_SYS_SELECT_H 1
| #define HAVE_SIGNAL_H 1
| #define HAVE_SYS_SIGNAL_H 1
| #define HAVE_SIGNAL 1
| #define HAVE_DIRENT_H 1
| /* end confdefs.h.  */
| #include <X11/Xlib.h>
configure:4541: gcc -o conftest -g -O2   conftest.c -lX11  >&5
conftest.c:31:10: fatal error: 'X11/Xlib.h' file not found
   31 | #include <X11/Xlib.h>
      |          ^~~~~~~~~~~~
1 error generated.
configure:4541: $? = 1
configure: failed program was:
| /* confdefs.h */
| #define PACKAGE_NAME ""
| #define PACKAGE_TARNAME ""
| #define PACKAGE_VERSION ""
| #define PACKAGE_STRING ""
| #define PACKAGE_BUGREPORT ""
| #define PACKAGE_URL ""
| #define HAVE_STDIO_H 1
| #define HAVE_STDLIB_H 1
| #define HAVE_STRING_H 1
| #define HAVE_INTTYPES_H 1
| #define HAVE_STDINT_H 1
| #define HAVE_STRINGS_H 1
| #define HAVE_SYS_STAT_H 1
| #define HAVE_SYS_TYPES_H 1
| #define HAVE_UNISTD_H 1
| #define HAVE_SYS_TIME_H 1
| #define STDC_HEADERS 1
| #define HAVE_SYS_WAIT_H 1
| #define HAVE_OPENPTY 1
| #define HAVE_UTIL_H 1
| #define HAVE_SGTTY_H 1
| #define HAVE_TERMIOS_H 1
| #define HAVE_SYS_IOCTL_H 1
| #define HAVE_SYS_SELECT_H 1
| #define HAVE_SIGNAL_H 1
| #define HAVE_SYS_SIGNAL_H 1
| #define HAVE_SIGNAL 1
| #define HAVE_DIRENT_H 1
| /* end confdefs.h.  */
| #include <X11/Xlib.h>
| int
| main (void)
| {
| XrmInitialize ()
|   ;
|   return 0;
| }
configure:4583: result: no
configure:5094: error: XGAP needs XWindows X11R5 or later including the
    development files like header files, usually you can install these
    using the package manager of your operating system. For debian-derived
    Linux distributions these packages are called
        libx11-dev
        libxaw7-dev
        libxt-dev
    Note that depending on your operating system, these packages could
    be called differently.

## ---------------- ##
## Cache variables. ##
## ---------------- ##

ac_cv_build=aarch64-apple-darwin24.6.0
ac_cv_c_compiler_gnu=yes
ac_cv_c_const=yes
ac_cv_env_CC_set=set
ac_cv_env_CC_value=gcc
ac_cv_env_CFLAGS_set=
ac_cv_env_CFLAGS_value=
ac_cv_env_CPPFLAGS_set=
ac_cv_env_CPPFLAGS_value=
ac_cv_env_CPP_set=
ac_cv_env_CPP_value=
ac_cv_env_LDFLAGS_set=
ac_cv_env_LDFLAGS_value=
ac_cv_env_LIBS_set=
ac_cv_env_LIBS_value=
ac_cv_env_XMKMF_set=
ac_cv_env_XMKMF_value=
ac_cv_env_build_alias_set=
ac_cv_env_build_alias_value=
ac_cv_env_host_alias_set=
ac_cv_env_host_alias_value=
ac_cv_env_target_alias_set=
ac_cv_env_target_alias_value=
ac_cv_func_closedir_void=no
ac_cv_func_signal=yes
ac_cv_have_x=have_x=no
ac_cv_header_dirent_dirent_h=yes
ac_cv_header_inttypes_h=yes
ac_cv_header_libutil_h=no
ac_cv_header_pty_h=no
ac_cv_header_sgtty_h=yes
ac_cv_header_signal_h=yes
ac_cv_header_stdint_h=yes
ac_cv_header_stdio_h=yes
ac_cv_header_stdlib_h=yes
ac_cv_header_string_h=yes
ac_cv_header_strings_h=yes
ac_cv_header_sys_ioctl_h=yes
ac_cv_header_sys_select_h=yes
ac_cv_header_sys_signal_h=yes
ac_cv_header_sys_stat_h=yes
ac_cv_header_sys_time_h=yes
ac_cv_header_sys_types_h=yes
ac_cv_header_sys_wait_h=yes
ac_cv_header_termio_h=no
ac_cv_header_termios_h=yes
ac_cv_header_unistd_h=yes
ac_cv_header_util_h=yes
ac_cv_host=aarch64-apple-darwin24.6.0
ac_cv_objext=o
ac_cv_prog_CPP='gcc -E'
ac_cv_prog_ac_ct_CC=gcc
ac_cv_prog_cc_c11=
ac_cv_prog_cc_g=yes
ac_cv_prog_cc_gcc_c_o=yes
ac_cv_prog_cc_stdc=
ac_cv_search_opendir='none required'
ac_cv_search_openpty='none required'
ac_cv_target=aarch64-apple-darwin24.6.0

## ----------------- ##
## Output variables. ##
## ----------------- ##

CC='gcc'
CFLAGS='-g -O2'
CPP='gcc -E'
CPPFLAGS=''
DEFS=''
ECHO_C='\c'
ECHO_N=''
ECHO_T=''
EXEEXT=''
LDFLAGS=''
LIBOBJS=''
LIBS=''
LTLIBOBJS=''
OBJEXT='o'
PACKAGE_BUGREPORT=''
PACKAGE_NAME=''
PACKAGE_STRING=''
PACKAGE_TARNAME=''
PACKAGE_URL=''
PACKAGE_VERSION=''
PATH_SEPARATOR=':'
SHELL='/bin/sh'
XMKMF=''
X_CFLAGS=''
X_EXTRA_LIBS=''
X_LIBS=''
X_PRE_LIBS=''
ac_ct_CC='gcc'
bindir='${exec_prefix}/bin'
build='aarch64-apple-darwin24.6.0'
build_alias=''
build_cpu='aarch64'
build_os='darwin24.6.0'
build_vendor='apple'
datadir='${datarootdir}'
datarootdir='${prefix}/share'
docdir='${datarootdir}/doc/${PACKAGE}'
dvidir='${docdir}'
exec_prefix='NONE'
host='aarch64-apple-darwin24.6.0'
host_alias=''
host_cpu='aarch64'
host_os='darwin24.6.0'
host_vendor='apple'
htmldir='${docdir}'
includedir='${prefix}/include'
infodir='${datarootdir}/info'
libdir='${exec_prefix}/lib'
libexecdir='${exec_prefix}/libexec'
localedir='${datarootdir}/locale'
localstatedir='${prefix}/var'
mandir='${datarootdir}/man'
oldincludedir='/usr/include'
pdfdir='${docdir}'
prefix='NONE'
program_transform_name='s,x,x,'
psdir='${docdir}'
runstatedir='${localstatedir}/run'
sbindir='${exec_prefix}/sbin'
sharedstatedir='${prefix}/com'
sysconfdir='${prefix}/etc'
target='aarch64-apple-darwin24.6.0'
target_alias=''
target_cpu='aarch64'
target_os='darwin24.6.0'
target_vendor='apple'

## ----------- ##
## confdefs.h. ##
## ----------- ##

/* confdefs.h */
#define PACKAGE_NAME ""
#define PACKAGE_TARNAME ""
#define PACKAGE_VERSION ""
#define PACKAGE_STRING ""
#define PACKAGE_BUGREPORT ""
#define PACKAGE_URL ""
#define HAVE_STDIO_H 1
#define HAVE_STDLIB_H 1
#define HAVE_STRING_H 1
#define HAVE_INTTYPES_H 1
#define HAVE_STDINT_H 1
#define HAVE_STRINGS_H 1
#define HAVE_SYS_STAT_H 1
#define HAVE_SYS_TYPES_H 1
#define HAVE_UNISTD_H 1
#define HAVE_SYS_TIME_H 1
#define STDC_HEADERS 1
#define HAVE_SYS_WAIT_H 1
#define HAVE_OPENPTY 1
#define HAVE_UTIL_H 1
#define HAVE_SGTTY_H 1
#define HAVE_TERMIOS_H 1
#define HAVE_SYS_IOCTL_H 1
#define HAVE_SYS_SELECT_H 1
#define HAVE_SIGNAL_H 1
#define HAVE_SYS_SIGNAL_H 1
#define HAVE_SIGNAL 1
#define HAVE_DIRENT_H 1
#define X_DISPLAY_MISSING 1

configure: exit 1
