This file contains any messages produced by compilers while
running configure, to aid debugging if configure makes a mistake.

It was created by GAP configure 4.14.0, which was
generated by GNU Autoconf 2.72.  Invocation command line was

  $ ./configure

## --------- ##
## Platform. ##
## --------- ##

hostname = Calums-MacBook-Air-2.local
uname -m = arm64
uname -r = 24.5.0
uname -s = Darwin
uname -v = Darwin Kernel Version 24.5.0: Tue Apr 22 19:54:26 PDT 2025; root:xnu-11417.121.6~2/RELEASE_ARM64_T8112

/usr/bin/uname -p = arm
/bin/uname -X     = unknown

/bin/arch              = unknown
/usr/bin/arch -k       = unknown
/usr/convex/getsysinfo = unknown
/usr/bin/hostinfo      = Mach kernel version:
	 Darwin Kernel Version 24.5.0: Tue Apr 22 19:54:26 PDT 2025; root:xnu-11417.121.6~2/RELEASE_ARM64_T8112
Kernel configured for up to 8 processors.
8 processors are physically available.
8 processors are logically available.
Processor type: arm64e (ARM64E)
Processors active: 0 1 2 3 4 5 6 7
Primary memory available: 16.00 gigabytes
Default processor set: 782 tasks, 3948 threads, 8 processors
Load average: 21.21, Mach factor: 0.39
/bin/machine           = unknown
/usr/bin/oslevel       = unknown
/bin/universe          = unknown

PATH: /Users/cheldt/Library/pnpm/
PATH: /Users/cheldt/Library/pnpm/
PATH: /Users/cheldt/.nvm/versions/node/v23.8.0/bin/
PATH: /opt/homebrew/bin/
PATH: /opt/homebrew/sbin/
PATH: /usr/local/bin/
PATH: /System/Cryptexes/App/usr/bin/
PATH: /usr/bin/
PATH: /bin/
PATH: /usr/sbin/
PATH: /sbin/
PATH: /var/run/com.apple.security.cryptexd/codex.system/bootstrap/usr/local/bin/
PATH: /var/run/com.apple.security.cryptexd/codex.system/bootstrap/usr/bin/
PATH: /var/run/com.apple.security.cryptexd/codex.system/bootstrap/usr/appleinternal/bin/
PATH: /Users/cheldt/.cargo/bin/


## ----------- ##
## Core tests. ##
## ----------- ##

configure:2968: looking for aux files: install-sh config.guess config.sub
configure:2981:  trying ./cnf/
configure:2992:   ./cnf/install-sh found
configure:3010:   ./cnf/config.guess found
configure:3010:   ./cnf/config.sub found
configure:3134: in-tree build
configure:3156: checking build system type
configure:3172: result: aarch64-apple-darwin24.5.0
configure:3192: checking host system type
configure:3207: result: aarch64-apple-darwin24.5.0
configure:3292: checking for gcc
configure:3313: found /usr/bin/gcc
configure:3325: result: gcc
configure:3684: checking for C compiler version
configure:3693: gcc --version >&5
Apple clang version 17.0.0 (clang-1700.0.13.5)
Target: arm64-apple-darwin24.5.0
Thread model: posix
InstalledDir: /Library/Developer/CommandLineTools/usr/bin
configure:3704: $? = 0
configure:3693: gcc -v >&5
Apple clang version 17.0.0 (clang-1700.0.13.5)
Target: arm64-apple-darwin24.5.0
Thread model: posix
InstalledDir: /Library/Developer/CommandLineTools/usr/bin
configure:3704: $? = 0
configure:3693: gcc -V >&5
clang: error: argument to '-V' is missing (expected 1 value)
clang: error: no input files
configure:3704: $? = 1
configure:3693: gcc -qversion >&5
clang: error: unknown argument '-qversion'; did you mean '--version'?
clang: error: no input files
configure:3704: $? = 1
configure:3693: gcc -version >&5
clang: error: unknown argument '-version'; did you mean '--version'?
clang: error: no input files
configure:3704: $? = 1
configure:3724: checking whether the C compiler works
configure:3746: gcc    conftest.c  >&5
configure:3750: $? = 0
configure:3801: result: yes
configure:3805: checking for C compiler default output file name
configure:3807: result: a.out
configure:3813: checking for suffix of executables
configure:3820: gcc -o conftest    conftest.c  >&5
configure:3824: $? = 0
configure:3848: result: 
configure:3872: checking whether we are cross compiling
configure:3880: gcc -o conftest    conftest.c  >&5
configure:3884: $? = 0
configure:3891: ./conftest
configure:3895: $? = 0
configure:3910: result: no
configure:3916: checking for suffix of object files
configure:3939: gcc -c   conftest.c >&5
configure:3943: $? = 0
configure:3967: result: o
configure:3971: checking whether the compiler supports GNU C
configure:3991: gcc -c   conftest.c >&5
configure:3991: $? = 0
configure:4003: result: yes
configure:4014: checking whether gcc accepts -g
configure:4035: gcc -c -g  conftest.c >&5
configure:4035: $? = 0
configure:4082: result: yes
configure:4102: checking for gcc option to enable C11 features
configure:4117: gcc  -c -g -O2  conftest.c >&5
configure:4117: $? = 0
configure:4136: result: none needed
configure:4324: checking for g++
configure:4345: found /usr/bin/g++
configure:4357: result: g++
configure:4384: checking for C++ compiler version
configure:4393: g++ --version >&5
Apple clang version 17.0.0 (clang-1700.0.13.5)
Target: arm64-apple-darwin24.5.0
Thread model: posix
InstalledDir: /Library/Developer/CommandLineTools/usr/bin
configure:4404: $? = 0
configure:4393: g++ -v >&5
Apple clang version 17.0.0 (clang-1700.0.13.5)
Target: arm64-apple-darwin24.5.0
Thread model: posix
InstalledDir: /Library/Developer/CommandLineTools/usr/bin
configure:4404: $? = 0
configure:4393: g++ -V >&5
clang++: error: argument to '-V' is missing (expected 1 value)
clang++: error: no input files
configure:4404: $? = 1
configure:4393: g++ -qversion >&5
clang++: error: unknown argument '-qversion'; did you mean '--version'?
clang++: error: no input files
configure:4404: $? = 1
configure:4408: checking whether the compiler supports GNU C++
configure:4428: g++ -c   conftest.cpp >&5
configure:4428: $? = 0
configure:4440: result: yes
configure:4451: checking whether g++ accepts -g
configure:4472: g++ -c -g  conftest.cpp >&5
configure:4472: $? = 0
configure:4519: result: yes
configure:4539: checking for g++ option to enable C++11 features
configure:4554: g++  -c -g -O2  conftest.cpp >&5
conftest.cpp:175:25: warning: empty parentheses interpreted as a function declaration [-Wvexing-parse]
  175 |   cxx11test::delegate d2();
      |                         ^~
conftest.cpp:175:25: note: remove parentheses to declare a variable
  175 |   cxx11test::delegate d2();
      |                         ^~
1 warning generated.
configure:4554: $? = 0
configure:4573: result: none needed
configure:4651: checking whether g++ supports C++11 features by default
configure:4952: g++ -c -g -O2  conftest.cpp >&5
configure:4952: $? = 0
configure:4962: result: yes
configure:5669: checking ABI flags
configure:5681: result: 
configure:5703: gcc  -o conftest -g -O2   conftest.c  >&5
configure:5703: $? = 0
configure:5720: checking for stdio.h
configure:5720: gcc  -c -g -O2  conftest.c >&5
configure:5720: $? = 0
configure:5720: result: yes
configure:5720: checking for stdlib.h
configure:5720: gcc  -c -g -O2  conftest.c >&5
configure:5720: $? = 0
configure:5720: result: yes
configure:5720: checking for string.h
configure:5720: gcc  -c -g -O2  conftest.c >&5
configure:5720: $? = 0
configure:5720: result: yes
configure:5720: checking for inttypes.h
configure:5720: gcc  -c -g -O2  conftest.c >&5
configure:5720: $? = 0
configure:5720: result: yes
configure:5720: checking for stdint.h
configure:5720: gcc  -c -g -O2  conftest.c >&5
configure:5720: $? = 0
configure:5720: result: yes
configure:5720: checking for strings.h
configure:5720: gcc  -c -g -O2  conftest.c >&5
configure:5720: $? = 0
configure:5720: result: yes
configure:5720: checking for sys/stat.h
configure:5720: gcc  -c -g -O2  conftest.c >&5
configure:5720: $? = 0
configure:5720: result: yes
configure:5720: checking for sys/types.h
configure:5720: gcc  -c -g -O2  conftest.c >&5
configure:5720: $? = 0
configure:5720: result: yes
configure:5720: checking for unistd.h
configure:5720: gcc  -c -g -O2  conftest.c >&5
configure:5720: $? = 0
configure:5720: result: yes
configure:5720: checking for vfork.h
configure:5720: gcc  -c -g -O2  conftest.c >&5
conftest.c:47:10: fatal error: 'vfork.h' file not found
   47 | #include <vfork.h>
      |          ^~~~~~~~~
1 error generated.
configure:5720: $? = 1
configure: failed program was:
| /* confdefs.h */
| #define PACKAGE_NAME "GAP"
| #define PACKAGE_TARNAME "gap-4.14.0"
| #define PACKAGE_VERSION "4.14.0"
| #define PACKAGE_STRING "GAP 4.14.0"
| #define PACKAGE_BUGREPORT "support@gap-system.org"
| #define PACKAGE_URL "https://www.gap-system.org/"
| #define HAVE_CXX11 1
| #define HAVE_STDIO_H 1
| #define HAVE_STDLIB_H 1
| #define HAVE_STRING_H 1
| #define HAVE_INTTYPES_H 1
| #define HAVE_STDINT_H 1
| #define HAVE_STRINGS_H 1
| #define HAVE_SYS_STAT_H 1
| #define HAVE_SYS_TYPES_H 1
| #define HAVE_UNISTD_H 1
| /* end confdefs.h.  */
| #include <stddef.h>
| #ifdef HAVE_STDIO_H
| # include <stdio.h>
| #endif
| #ifdef HAVE_STDLIB_H
| # include <stdlib.h>
| #endif
| #ifdef HAVE_STRING_H
| # include <string.h>
| #endif
| #ifdef HAVE_INTTYPES_H
| # include <inttypes.h>
| #endif
| #ifdef HAVE_STDINT_H
| # include <stdint.h>
| #endif
| #ifdef HAVE_STRINGS_H
| # include <strings.h>
| #endif
| #ifdef HAVE_SYS_TYPES_H
| # include <sys/types.h>
| #endif
| #ifdef HAVE_SYS_STAT_H
| # include <sys/stat.h>
| #endif
| #ifdef HAVE_UNISTD_H
| # include <unistd.h>
| #endif
| #include <vfork.h>
configure:5720: result: no
configure:5749: checking size of void *
configure:5755: gcc  -o conftest -g -O2   conftest.c  >&5
configure:5755: $? = 0
configure:5755: ./conftest
configure:5755: $? = 0
configure:5772: result: 8
configure:5781: checking ABI bit size
configure:5798: result: 64
configure:5819: checking for a BSD-compatible install
configure:5893: result: /usr/bin/install -c
configure:5905: checking for a race-free mkdir -p
configure:5948: result: mkdir -p
configure:5954: checking whether byte ordering is bigendian
configure:5970: gcc  -c -g -O2  conftest.c >&5
configure:5970: $? = 0
configure:6016: gcc  -c -g -O2  conftest.c >&5
configure:6016: $? = 0
configure:6035: gcc  -c -g -O2  conftest.c >&5
conftest.c:28:4: error: use of undeclared identifier 'not'
   28 |                  not big endian
      |                  ^
1 error generated.
configure:6035: $? = 1
configure: failed program was:
| /* confdefs.h */
| #define PACKAGE_NAME "GAP"
| #define PACKAGE_TARNAME "gap-4.14.0"
| #define PACKAGE_VERSION "4.14.0"
| #define PACKAGE_STRING "GAP 4.14.0"
| #define PACKAGE_BUGREPORT "support@gap-system.org"
| #define PACKAGE_URL "https://www.gap-system.org/"
| #define HAVE_CXX11 1
| #define HAVE_STDIO_H 1
| #define HAVE_STDLIB_H 1
| #define HAVE_STRING_H 1
| #define HAVE_INTTYPES_H 1
| #define HAVE_STDINT_H 1
| #define HAVE_STRINGS_H 1
| #define HAVE_SYS_STAT_H 1
| #define HAVE_SYS_TYPES_H 1
| #define HAVE_UNISTD_H 1
| #define STDC_HEADERS 1
| #define SIZEOF_VOID_P 8
| /* end confdefs.h.  */
| #include <sys/types.h>
| 		#include <sys/param.h>
| 
| int
| main (void)
| {
| #if BYTE_ORDER != BIG_ENDIAN
| 		 not big endian
| 		#endif
| 
|   ;
|   return 0;
| }
configure:6176: result: no
configure:6198: checking for __attribute__((always_inline))
configure:6220: gcc  -o conftest -g -O2   conftest.c  >&5
configure:6220: $? = 0
configure:6238: result: yes
configure:6253: checking for __attribute__((constructor))
configure:6275: gcc  -o conftest -g -O2   conftest.c  >&5
configure:6275: $? = 0
configure:6293: result: yes
configure:6308: checking for __attribute__((fallthrough))
configure:6330: gcc  -o conftest -g -O2   conftest.c  >&5
configure:6330: $? = 0
configure:6348: result: yes
configure:6363: checking for __attribute__((format))
configure:6385: gcc  -o conftest -g -O2   conftest.c  >&5
configure:6385: $? = 0
configure:6403: result: yes
configure:6418: checking for __attribute__((noinline))
configure:6440: gcc  -o conftest -g -O2   conftest.c  >&5
configure:6440: $? = 0
configure:6458: result: yes
configure:6473: checking for __attribute__((noreturn))
configure:6495: gcc  -o conftest -g -O2   conftest.c  >&5
configure:6495: $? = 0
configure:6513: result: yes
configure:6528: checking for __attribute__((pure))
configure:6550: gcc  -o conftest -g -O2   conftest.c  >&5
configure:6550: $? = 0
configure:6568: result: yes
configure:6583: checking for __builtin_mul_overflow
configure:6598: gcc  -o conftest -g -O2   conftest.c  >&5
configure:6598: $? = 0
configure:6608: result: yes
configure:6616: checking for __builtin_clz
configure:6631: gcc  -o conftest -g -O2   conftest.c  >&5
conftest.c:33:8: warning: ignoring return value of function declared with const attribute [-Wunused-value]
   33 | int x; __builtin_clz(0);
      |        ^~~~~~~~~~~~~ ~
1 warning generated.
configure:6631: $? = 0
configure:6641: result: yes
configure:6649: checking for __builtin_clzl
configure:6664: gcc  -o conftest -g -O2   conftest.c  >&5
conftest.c:34:8: warning: ignoring return value of function declared with const attribute [-Wunused-value]
   34 | int x; __builtin_clzl(0);
      |        ^~~~~~~~~~~~~~ ~
1 warning generated.
configure:6664: $? = 0
configure:6674: result: yes
configure:6682: checking for __builtin_clzll
configure:6697: gcc  -o conftest -g -O2   conftest.c  >&5
conftest.c:35:8: warning: ignoring return value of function declared with const attribute [-Wunused-value]
   35 | int x; __builtin_clzll(0);
      |        ^~~~~~~~~~~~~~~ ~
1 warning generated.
configure:6697: $? = 0
configure:6707: result: yes
configure:6715: checking for __builtin_popcountl
configure:6730: gcc  -o conftest -g -O2   conftest.c  >&5
conftest.c:36:8: warning: ignoring return value of function declared with const attribute [-Wunused-value]
   36 | int x; __builtin_popcountl(0);
      |        ^~~~~~~~~~~~~~~~~~~ ~
1 warning generated.
configure:6730: $? = 0
configure:6740: result: yes
configure:6753: checking size of int
configure:6759: gcc  -o conftest -g -O2   conftest.c  >&5
configure:6759: $? = 0
configure:6759: ./conftest
configure:6759: $? = 0
configure:6776: result: 4
configure:6788: checking size of long
configure:6794: gcc  -o conftest -g -O2   conftest.c  >&5
configure:6794: $? = 0
configure:6794: ./conftest
configure:6794: $? = 0
configure:6811: result: 8
configure:6823: checking size of long long
configure:6829: gcc  -o conftest -g -O2   conftest.c  >&5
configure:6829: $? = 0
configure:6829: ./conftest
configure:6829: $? = 0
configure:6846: result: 8
configure:6867: checking whether to enable HPC-GAP
configure:6869: result: no
configure:6919: checking which garbage collector to use
configure:6966: result: gasman
configure:6979: checking whether to use native tls
configure:7084: result: no
configure:7131: checking whether to enable debug mode
configure:7133: result: no
configure:7152: checking whether to enable maintainer-mode mode
configure:7154: result: yes
configure:7169: checking whether to enable memory checking
configure:7171: result: no
configure:7190: checking whether to enable valgrind extensions to GASMAN
configure:7192: result: no
configure:7221: checking whether to treat C compiler warnings as errors
configure:7223: result: no
configure:7235: checking for a sed that does not truncate output
configure:7307: result: /usr/bin/sed
configure:7346: gcc  -c -g -O2  conftest.c >&5
conftest.c:38:9: error: "no C++"
   38 |        #error "no C++"
      |         ^
1 error generated.
configure:7346: $? = 1
configure: failed program was:
| /* confdefs.h */
| #define PACKAGE_NAME "GAP"
| #define PACKAGE_TARNAME "gap-4.14.0"
| #define PACKAGE_VERSION "4.14.0"
| #define PACKAGE_STRING "GAP 4.14.0"
| #define PACKAGE_BUGREPORT "support@gap-system.org"
| #define PACKAGE_URL "https://www.gap-system.org/"
| #define HAVE_CXX11 1
| #define HAVE_STDIO_H 1
| #define HAVE_STDLIB_H 1
| #define HAVE_STRING_H 1
| #define HAVE_INTTYPES_H 1
| #define HAVE_STDINT_H 1
| #define HAVE_STRINGS_H 1
| #define HAVE_SYS_STAT_H 1
| #define HAVE_SYS_TYPES_H 1
| #define HAVE_UNISTD_H 1
| #define STDC_HEADERS 1
| #define SIZEOF_VOID_P 8
| #define HAVE_FUNC_ATTRIBUTE_ALWAYS_INLINE 1
| #define HAVE_FUNC_ATTRIBUTE_CONSTRUCTOR 1
| #define HAVE_FUNC_ATTRIBUTE_FALLTHROUGH 1
| #define HAVE_FUNC_ATTRIBUTE_FORMAT 1
| #define HAVE_FUNC_ATTRIBUTE_NOINLINE 1
| #define HAVE_FUNC_ATTRIBUTE_NORETURN 1
| #define HAVE_FUNC_ATTRIBUTE_PURE 1
| #define HAVE___BUILTIN_MUL_OVERFLOW 1
| #define HAVE___BUILTIN_CLZ 1
| #define HAVE___BUILTIN_CLZL 1
| #define HAVE___BUILTIN_CLZLL 1
| #define HAVE___BUILTIN_POPCOUNTL 1
| #define SIZEOF_INT 4
| #define SIZEOF_LONG 8
| #define SIZEOF_LONG_LONG 8
| /* end confdefs.h.  */
| 
|       #ifndef __cplusplus
|        #error "no C++"
|        #endif
| int
| main (void)
| {
| 
|   ;
|   return 0;
| }
configure:7360: checking whether C compiler accepts -Werror=unknown-warning-option
configure:7380: gcc  -c -g -O2  -Werror=unknown-warning-option  conftest.c >&5
configure:7380: $? = 0
configure:7391: result: yes
configure:7407: checking whether C compiler accepts -Wno-suggest-attribute=format
configure:7427: gcc  -c -g -O2  -Wno-suggest-attribute=format  conftest.c >&5
warning: unknown warning option '-Wno-suggest-attribute=format'; did you mean '-Wno-property-attribute-mismatch'? [-Wunknown-warning-option]
1 warning generated.
configure:7427: $? = 0
configure:7438: result: yes
configure:7460: checking whether C compiler accepts -fno-strict-aliasing
configure:7480: gcc  -c -g -O2 -Werror=unknown-warning-option -fno-strict-aliasing  conftest.c >&5
configure:7480: $? = 0
configure:7492: result: yes
configure:7521: : WARN_CFLAGS="$WARN_CFLAGS"
configure:7524: $? = 0
configure:7548: checking whether C compiler accepts -Wall
configure:7568: gcc  -c -g -O2 -Werror=unknown-warning-option -Wall  conftest.c >&5
configure:7568: $? = 0
configure:7580: result: yes
configure:7598: : WARN_CFLAGS="$WARN_CFLAGS"
configure:7601: $? = 0
configure:7548: checking whether C compiler accepts -Wextra
configure:7568: gcc  -c -g -O2 -Werror=unknown-warning-option -Wextra  conftest.c >&5
configure:7568: $? = 0
configure:7580: result: yes
configure:7598: : WARN_CFLAGS="$WARN_CFLAGS"
configure:7601: $? = 0
configure:7548: checking whether C compiler accepts -Warray-bounds
configure:7568: gcc  -c -g -O2 -Werror=unknown-warning-option -Warray-bounds  conftest.c >&5
configure:7568: $? = 0
configure:7580: result: yes
configure:7598: : WARN_CFLAGS="$WARN_CFLAGS"
configure:7601: $? = 0
configure:7548: checking whether C compiler accepts -Wno-cast-function-type
configure:7568: gcc  -c -g -O2 -Werror=unknown-warning-option -Wno-cast-function-type  conftest.c >&5
configure:7568: $? = 0
configure:7580: result: yes
configure:7598: : WARN_CFLAGS="$WARN_CFLAGS"
configure:7601: $? = 0
configure:7548: checking whether C compiler accepts -Wdouble-promotion
configure:7568: gcc  -c -g -O2 -Werror=unknown-warning-option -Wdouble-promotion  conftest.c >&5
configure:7568: $? = 0
configure:7580: result: yes
configure:7598: : WARN_CFLAGS="$WARN_CFLAGS"
configure:7601: $? = 0
configure:7548: checking whether C compiler accepts -Wduplicated-branches
configure:7568: gcc  -c -g -O2 -Werror=unknown-warning-option -Wduplicated-branches  conftest.c >&5
error: unknown warning option '-Wduplicated-branches' [-Werror,-Wunknown-warning-option]
configure:7568: $? = 1
configure: failed program was:
| /* confdefs.h */
| #define PACKAGE_NAME "GAP"
| #define PACKAGE_TARNAME "gap-4.14.0"
| #define PACKAGE_VERSION "4.14.0"
| #define PACKAGE_STRING "GAP 4.14.0"
| #define PACKAGE_BUGREPORT "support@gap-system.org"
| #define PACKAGE_URL "https://www.gap-system.org/"
| #define HAVE_CXX11 1
| #define HAVE_STDIO_H 1
| #define HAVE_STDLIB_H 1
| #define HAVE_STRING_H 1
| #define HAVE_INTTYPES_H 1
| #define HAVE_STDINT_H 1
| #define HAVE_STRINGS_H 1
| #define HAVE_SYS_STAT_H 1
| #define HAVE_SYS_TYPES_H 1
| #define HAVE_UNISTD_H 1
| #define STDC_HEADERS 1
| #define SIZEOF_VOID_P 8
| #define HAVE_FUNC_ATTRIBUTE_ALWAYS_INLINE 1
| #define HAVE_FUNC_ATTRIBUTE_CONSTRUCTOR 1
| #define HAVE_FUNC_ATTRIBUTE_FALLTHROUGH 1
| #define HAVE_FUNC_ATTRIBUTE_FORMAT 1
| #define HAVE_FUNC_ATTRIBUTE_NOINLINE 1
| #define HAVE_FUNC_ATTRIBUTE_NORETURN 1
| #define HAVE_FUNC_ATTRIBUTE_PURE 1
| #define HAVE___BUILTIN_MUL_OVERFLOW 1
| #define HAVE___BUILTIN_CLZ 1
| #define HAVE___BUILTIN_CLZL 1
| #define HAVE___BUILTIN_CLZLL 1
| #define HAVE___BUILTIN_POPCOUNTL 1
| #define SIZEOF_INT 4
| #define SIZEOF_LONG 8
| #define SIZEOF_LONG_LONG 8
| /* end confdefs.h.  */
| 
| int
| main (void)
| {
| 
|   ;
|   return 0;
| }
configure:7580: result: no
configure:7548: checking whether C compiler accepts -Wduplicated-cond
configure:7568: gcc  -c -g -O2 -Werror=unknown-warning-option -Wduplicated-cond  conftest.c >&5
error: unknown warning option '-Wduplicated-cond' [-Werror,-Wunknown-warning-option]
configure:7568: $? = 1
configure: failed program was:
| /* confdefs.h */
| #define PACKAGE_NAME "GAP"
| #define PACKAGE_TARNAME "gap-4.14.0"
| #define PACKAGE_VERSION "4.14.0"
| #define PACKAGE_STRING "GAP 4.14.0"
| #define PACKAGE_BUGREPORT "support@gap-system.org"
| #define PACKAGE_URL "https://www.gap-system.org/"
| #define HAVE_CXX11 1
| #define HAVE_STDIO_H 1
| #define HAVE_STDLIB_H 1
| #define HAVE_STRING_H 1
| #define HAVE_INTTYPES_H 1
| #define HAVE_STDINT_H 1
| #define HAVE_STRINGS_H 1
| #define HAVE_SYS_STAT_H 1
| #define HAVE_SYS_TYPES_H 1
| #define HAVE_UNISTD_H 1
| #define STDC_HEADERS 1
| #define SIZEOF_VOID_P 8
| #define HAVE_FUNC_ATTRIBUTE_ALWAYS_INLINE 1
| #define HAVE_FUNC_ATTRIBUTE_CONSTRUCTOR 1
| #define HAVE_FUNC_ATTRIBUTE_FALLTHROUGH 1
| #define HAVE_FUNC_ATTRIBUTE_FORMAT 1
| #define HAVE_FUNC_ATTRIBUTE_NOINLINE 1
| #define HAVE_FUNC_ATTRIBUTE_NORETURN 1
| #define HAVE_FUNC_ATTRIBUTE_PURE 1
| #define HAVE___BUILTIN_MUL_OVERFLOW 1
| #define HAVE___BUILTIN_CLZ 1
| #define HAVE___BUILTIN_CLZL 1
| #define HAVE___BUILTIN_CLZLL 1
| #define HAVE___BUILTIN_POPCOUNTL 1
| #define SIZEOF_INT 4
| #define SIZEOF_LONG 8
| #define SIZEOF_LONG_LONG 8
| /* end confdefs.h.  */
| 
| int
| main (void)
| {
| 
|   ;
|   return 0;
| }
configure:7580: result: no
configure:7548: checking whether C compiler accepts -Wformat-nonliteral
configure:7568: gcc  -c -g -O2 -Werror=unknown-warning-option -Wformat-nonliteral  conftest.c >&5
configure:7568: $? = 0
configure:7580: result: yes
configure:7598: : WARN_CFLAGS="$WARN_CFLAGS"
configure:7601: $? = 0
configure:7548: checking whether C compiler accepts -Wformat-security
configure:7568: gcc  -c -g -O2 -Werror=unknown-warning-option -Wformat-security  conftest.c >&5
configure:7568: $? = 0
configure:7580: result: yes
configure:7598: : WARN_CFLAGS="$WARN_CFLAGS"
configure:7601: $? = 0
configure:7548: checking whether C compiler accepts -Wformat=2
configure:7568: gcc  -c -g -O2 -Werror=unknown-warning-option -Wformat=2  conftest.c >&5
configure:7568: $? = 0
configure:7580: result: yes
configure:7598: : WARN_CFLAGS="$WARN_CFLAGS"
configure:7601: $? = 0
configure:7548: checking whether C compiler accepts -Winit-self
configure:7568: gcc  -c -g -O2 -Werror=unknown-warning-option -Winit-self  conftest.c >&5
configure:7568: $? = 0
configure:7580: result: yes
configure:7598: : WARN_CFLAGS="$WARN_CFLAGS"
configure:7601: $? = 0
configure:7548: checking whether C compiler accepts -Wno-inline
configure:7568: gcc  -c -g -O2 -Werror=unknown-warning-option -Wno-inline  conftest.c >&5
configure:7568: $? = 0
configure:7580: result: yes
configure:7598: : WARN_CFLAGS="$WARN_CFLAGS"
configure:7601: $? = 0
configure:7548: checking whether C compiler accepts -Wlogical-op
configure:7568: gcc  -c -g -O2 -Werror=unknown-warning-option -Wlogical-op  conftest.c >&5
error: unknown warning option '-Wlogical-op'; did you mean '-Wlong-long'? [-Werror,-Wunknown-warning-option]
configure:7568: $? = 1
configure: failed program was:
| /* confdefs.h */
| #define PACKAGE_NAME "GAP"
| #define PACKAGE_TARNAME "gap-4.14.0"
| #define PACKAGE_VERSION "4.14.0"
| #define PACKAGE_STRING "GAP 4.14.0"
| #define PACKAGE_BUGREPORT "support@gap-system.org"
| #define PACKAGE_URL "https://www.gap-system.org/"
| #define HAVE_CXX11 1
| #define HAVE_STDIO_H 1
| #define HAVE_STDLIB_H 1
| #define HAVE_STRING_H 1
| #define HAVE_INTTYPES_H 1
| #define HAVE_STDINT_H 1
| #define HAVE_STRINGS_H 1
| #define HAVE_SYS_STAT_H 1
| #define HAVE_SYS_TYPES_H 1
| #define HAVE_UNISTD_H 1
| #define STDC_HEADERS 1
| #define SIZEOF_VOID_P 8
| #define HAVE_FUNC_ATTRIBUTE_ALWAYS_INLINE 1
| #define HAVE_FUNC_ATTRIBUTE_CONSTRUCTOR 1
| #define HAVE_FUNC_ATTRIBUTE_FALLTHROUGH 1
| #define HAVE_FUNC_ATTRIBUTE_FORMAT 1
| #define HAVE_FUNC_ATTRIBUTE_NOINLINE 1
| #define HAVE_FUNC_ATTRIBUTE_NORETURN 1
| #define HAVE_FUNC_ATTRIBUTE_PURE 1
| #define HAVE___BUILTIN_MUL_OVERFLOW 1
| #define HAVE___BUILTIN_CLZ 1
| #define HAVE___BUILTIN_CLZL 1
| #define HAVE___BUILTIN_CLZLL 1
| #define HAVE___BUILTIN_POPCOUNTL 1
| #define SIZEOF_INT 4
| #define SIZEOF_LONG 8
| #define SIZEOF_LONG_LONG 8
| /* end confdefs.h.  */
| 
| int
| main (void)
| {
| 
|   ;
|   return 0;
| }
configure:7580: result: no
configure:7548: checking whether C compiler accepts -Wmissing-field-initializers
configure:7568: gcc  -c -g -O2 -Werror=unknown-warning-option -Wmissing-field-initializers  conftest.c >&5
configure:7568: $? = 0
configure:7580: result: yes
configure:7598: : WARN_CFLAGS="$WARN_CFLAGS"
configure:7601: $? = 0
configure:7548: checking whether C compiler accepts -Wmissing-format-attribute
configure:7568: gcc  -c -g -O2 -Werror=unknown-warning-option -Wmissing-format-attribute  conftest.c >&5
configure:7568: $? = 0
configure:7580: result: yes
configure:7598: : WARN_CFLAGS="$WARN_CFLAGS"
configure:7601: $? = 0
configure:7548: checking whether C compiler accepts -Wmissing-include-dirs
configure:7568: gcc  -c -g -O2 -Werror=unknown-warning-option -Wmissing-include-dirs  conftest.c >&5
configure:7568: $? = 0
configure:7580: result: yes
configure:7598: : WARN_CFLAGS="$WARN_CFLAGS"
configure:7601: $? = 0
configure:7548: checking whether C compiler accepts -Wmissing-variable-declarations
configure:7568: gcc  -c -g -O2 -Werror=unknown-warning-option -Wmissing-variable-declarations  conftest.c >&5
configure:7568: $? = 0
configure:7580: result: yes
configure:7598: : WARN_CFLAGS="$WARN_CFLAGS"
configure:7601: $? = 0
configure:7548: checking whether C compiler accepts -Wno-pragmas
configure:7568: gcc  -c -g -O2 -Werror=unknown-warning-option -Wno-pragmas  conftest.c >&5
configure:7568: $? = 0
configure:7580: result: yes
configure:7598: : WARN_CFLAGS="$WARN_CFLAGS"
configure:7601: $? = 0
configure:7548: checking whether C compiler accepts -Wpacked
configure:7568: gcc  -c -g -O2 -Werror=unknown-warning-option -Wpacked  conftest.c >&5
configure:7568: $? = 0
configure:7580: result: yes
configure:7598: : WARN_CFLAGS="$WARN_CFLAGS"
configure:7601: $? = 0
configure:7548: checking whether C compiler accepts -Wpointer-arith
configure:7568: gcc  -c -g -O2 -Werror=unknown-warning-option -Wpointer-arith  conftest.c >&5
configure:7568: $? = 0
configure:7580: result: yes
configure:7598: : WARN_CFLAGS="$WARN_CFLAGS"
configure:7601: $? = 0
configure:7548: checking whether C compiler accepts -Wredundant-decls
configure:7568: gcc  -c -g -O2 -Werror=unknown-warning-option -Wredundant-decls  conftest.c >&5
configure:7568: $? = 0
configure:7580: result: yes
configure:7598: : WARN_CFLAGS="$WARN_CFLAGS"
configure:7601: $? = 0
configure:7548: checking whether C compiler accepts -Wredundant-decls
configure:7580: result: yes
configure:7590: : WARN_CFLAGS already contains $flag
configure:7593: $? = 0
configure:7548: checking whether C compiler accepts -Wrestrict
configure:7568: gcc  -c -g -O2 -Werror=unknown-warning-option -Wrestrict  conftest.c >&5
error: unknown warning option '-Wrestrict' [-Werror,-Wunknown-warning-option]
configure:7568: $? = 1
configure: failed program was:
| /* confdefs.h */
| #define PACKAGE_NAME "GAP"
| #define PACKAGE_TARNAME "gap-4.14.0"
| #define PACKAGE_VERSION "4.14.0"
| #define PACKAGE_STRING "GAP 4.14.0"
| #define PACKAGE_BUGREPORT "support@gap-system.org"
| #define PACKAGE_URL "https://www.gap-system.org/"
| #define HAVE_CXX11 1
| #define HAVE_STDIO_H 1
| #define HAVE_STDLIB_H 1
| #define HAVE_STRING_H 1
| #define HAVE_INTTYPES_H 1
| #define HAVE_STDINT_H 1
| #define HAVE_STRINGS_H 1
| #define HAVE_SYS_STAT_H 1
| #define HAVE_SYS_TYPES_H 1
| #define HAVE_UNISTD_H 1
| #define STDC_HEADERS 1
| #define SIZEOF_VOID_P 8
| #define HAVE_FUNC_ATTRIBUTE_ALWAYS_INLINE 1
| #define HAVE_FUNC_ATTRIBUTE_CONSTRUCTOR 1
| #define HAVE_FUNC_ATTRIBUTE_FALLTHROUGH 1
| #define HAVE_FUNC_ATTRIBUTE_FORMAT 1
| #define HAVE_FUNC_ATTRIBUTE_NOINLINE 1
| #define HAVE_FUNC_ATTRIBUTE_NORETURN 1
| #define HAVE_FUNC_ATTRIBUTE_PURE 1
| #define HAVE___BUILTIN_MUL_OVERFLOW 1
| #define HAVE___BUILTIN_CLZ 1
| #define HAVE___BUILTIN_CLZL 1
| #define HAVE___BUILTIN_CLZLL 1
| #define HAVE___BUILTIN_POPCOUNTL 1
| #define SIZEOF_INT 4
| #define SIZEOF_LONG 8
| #define SIZEOF_LONG_LONG 8
| /* end confdefs.h.  */
| 
| int
| main (void)
| {
| 
|   ;
|   return 0;
| }
configure:7580: result: no
configure:7548: checking whether C compiler accepts -Wreturn-type
configure:7568: gcc  -c -g -O2 -Werror=unknown-warning-option -Wreturn-type  conftest.c >&5
configure:7568: $? = 0
configure:7580: result: yes
configure:7598: : WARN_CFLAGS="$WARN_CFLAGS"
configure:7601: $? = 0
configure:7548: checking whether C compiler accepts -Wshadow
configure:7568: gcc  -c -g -O2 -Werror=unknown-warning-option -Wshadow  conftest.c >&5
configure:7568: $? = 0
configure:7580: result: yes
configure:7598: : WARN_CFLAGS="$WARN_CFLAGS"
configure:7601: $? = 0
configure:7548: checking whether C compiler accepts -Wno-sign-compare
configure:7568: gcc  -c -g -O2 -Werror=unknown-warning-option -Wno-sign-compare  conftest.c >&5
configure:7568: $? = 0
configure:7580: result: yes
configure:7598: : WARN_CFLAGS="$WARN_CFLAGS"
configure:7601: $? = 0
configure:7548: checking whether C compiler accepts -Wstrict-aliasing
configure:7568: gcc  -c -g -O2 -Werror=unknown-warning-option -Wstrict-aliasing  conftest.c >&5
configure:7568: $? = 0
configure:7580: result: yes
configure:7598: : WARN_CFLAGS="$WARN_CFLAGS"
configure:7601: $? = 0
configure:7548: checking whether C compiler accepts -Wundef
configure:7568: gcc  -c -g -O2 -Werror=unknown-warning-option -Wundef  conftest.c >&5
configure:7568: $? = 0
configure:7580: result: yes
configure:7598: : WARN_CFLAGS="$WARN_CFLAGS"
configure:7601: $? = 0
configure:7548: checking whether C compiler accepts -Wunused-but-set-variable
configure:7568: gcc  -c -g -O2 -Werror=unknown-warning-option -Wunused-but-set-variable  conftest.c >&5
configure:7568: $? = 0
configure:7580: result: yes
configure:7598: : WARN_CFLAGS="$WARN_CFLAGS"
configure:7601: $? = 0
configure:7548: checking whether C compiler accepts -Wno-unused-parameter
configure:7568: gcc  -c -g -O2 -Werror=unknown-warning-option -Wno-unused-parameter  conftest.c >&5
configure:7568: $? = 0
configure:7580: result: yes
configure:7598: : WARN_CFLAGS="$WARN_CFLAGS"
configure:7601: $? = 0
configure:7548: checking whether C compiler accepts -Wwrite-strings
configure:7568: gcc  -c -g -O2 -Werror=unknown-warning-option -Wwrite-strings  conftest.c >&5
configure:7568: $? = 0
configure:7580: result: yes
configure:7598: : WARN_CFLAGS="$WARN_CFLAGS"
configure:7601: $? = 0
configure:7639: checking whether C compiler accepts -Wno-implicit-fallthrough
configure:7659: gcc  -c -g -O2 -Werror=unknown-warning-option -Wno-implicit-fallthrough  conftest.c >&5
configure:7659: $? = 0
configure:7671: result: yes
configure:7689: : WARN_CFLAGS="$WARN_CFLAGS"
configure:7692: $? = 0
configure:7639: checking whether C compiler accepts -Wimplicit-function-declaration
configure:7659: gcc  -c -g -O2 -Werror=unknown-warning-option -Wimplicit-function-declaration  conftest.c >&5
configure:7659: $? = 0
configure:7671: result: yes
configure:7689: : WARN_CFLAGS="$WARN_CFLAGS"
configure:7692: $? = 0
configure:7639: checking whether C compiler accepts -Wjump-misses-init
configure:7659: gcc  -c -g -O2 -Werror=unknown-warning-option -Wjump-misses-init  conftest.c >&5
error: unknown warning option '-Wjump-misses-init' [-Werror,-Wunknown-warning-option]
configure:7659: $? = 1
configure: failed program was:
| /* confdefs.h */
| #define PACKAGE_NAME "GAP"
| #define PACKAGE_TARNAME "gap-4.14.0"
| #define PACKAGE_VERSION "4.14.0"
| #define PACKAGE_STRING "GAP 4.14.0"
| #define PACKAGE_BUGREPORT "support@gap-system.org"
| #define PACKAGE_URL "https://www.gap-system.org/"
| #define HAVE_CXX11 1
| #define HAVE_STDIO_H 1
| #define HAVE_STDLIB_H 1
| #define HAVE_STRING_H 1
| #define HAVE_INTTYPES_H 1
| #define HAVE_STDINT_H 1
| #define HAVE_STRINGS_H 1
| #define HAVE_SYS_STAT_H 1
| #define HAVE_SYS_TYPES_H 1
| #define HAVE_UNISTD_H 1
| #define STDC_HEADERS 1
| #define SIZEOF_VOID_P 8
| #define HAVE_FUNC_ATTRIBUTE_ALWAYS_INLINE 1
| #define HAVE_FUNC_ATTRIBUTE_CONSTRUCTOR 1
| #define HAVE_FUNC_ATTRIBUTE_FALLTHROUGH 1
| #define HAVE_FUNC_ATTRIBUTE_FORMAT 1
| #define HAVE_FUNC_ATTRIBUTE_NOINLINE 1
| #define HAVE_FUNC_ATTRIBUTE_NORETURN 1
| #define HAVE_FUNC_ATTRIBUTE_PURE 1
| #define HAVE___BUILTIN_MUL_OVERFLOW 1
| #define HAVE___BUILTIN_CLZ 1
| #define HAVE___BUILTIN_CLZL 1
| #define HAVE___BUILTIN_CLZLL 1
| #define HAVE___BUILTIN_POPCOUNTL 1
| #define SIZEOF_INT 4
| #define SIZEOF_LONG 8
| #define SIZEOF_LONG_LONG 8
| /* end confdefs.h.  */
| 
| int
| main (void)
| {
| 
|   ;
|   return 0;
| }
configure:7671: result: no
configure:7639: checking whether C compiler accepts -Wnested-externs
configure:7659: gcc  -c -g -O2 -Werror=unknown-warning-option -Wnested-externs  conftest.c >&5
configure:7659: $? = 0
configure:7671: result: yes
configure:7689: : WARN_CFLAGS="$WARN_CFLAGS"
configure:7692: $? = 0
configure:7639: checking whether C compiler accepts -Wold-style-definition
configure:7659: gcc  -c -g -O2 -Werror=unknown-warning-option -Wold-style-definition  conftest.c >&5
configure:7659: $? = 0
configure:7671: result: yes
configure:7689: : WARN_CFLAGS="$WARN_CFLAGS"
configure:7692: $? = 0
configure:7639: checking whether C compiler accepts -Wstrict-prototypes
configure:7659: gcc  -c -g -O2 -Werror=unknown-warning-option -Wstrict-prototypes  conftest.c >&5
configure:7659: $? = 0
configure:7671: result: yes
configure:7689: : WARN_CFLAGS="$WARN_CFLAGS"
configure:7692: $? = 0
configure:7731: checking whether C++ compiler accepts -Wextra-semi
configure:7751: g++  -c -g -O2 -Werror=unknown-warning-option -Wextra-semi  conftest.cpp >&5
configure:7751: $? = 0
configure:7763: result: yes
configure:7781: : WARN_CXXFLAGS="$WARN_CXXFLAGS"
configure:7784: $? = 0
configure:7997: checking whether C compiler accepts -Wno-error=cast-function-type
configure:8017: gcc  -c -g -O2 -Werror=unknown-warning-option -Wno-error=cast-function-type  conftest.c >&5
configure:8017: $? = 0
configure:8029: result: yes
configure:8047: : WARN_CFLAGS="$WARN_CFLAGS"
configure:8050: $? = 0
configure:7997: checking whether C compiler accepts -Wno-error=inline
configure:8017: gcc  -c -g -O2 -Werror=unknown-warning-option -Wno-error=inline  conftest.c >&5
configure:8017: $? = 0
configure:8029: result: yes
configure:8047: : WARN_CFLAGS="$WARN_CFLAGS"
configure:8050: $? = 0
configure:7997: checking whether C compiler accepts -Wno-error=pragmas
configure:8017: gcc  -c -g -O2 -Werror=unknown-warning-option -Wno-error=pragmas  conftest.c >&5
configure:8017: $? = 0
configure:8029: result: yes
configure:8047: : WARN_CFLAGS="$WARN_CFLAGS"
configure:8050: $? = 0
configure:7997: checking whether C compiler accepts -Wno-error=sign-compare
configure:8017: gcc  -c -g -O2 -Werror=unknown-warning-option -Wno-error=sign-compare  conftest.c >&5
configure:8017: $? = 0
configure:8029: result: yes
configure:8047: : WARN_CFLAGS="$WARN_CFLAGS"
configure:8050: $? = 0
configure:7997: checking whether C compiler accepts -Wno-error=unused-parameter
configure:8017: gcc  -c -g -O2 -Werror=unknown-warning-option -Wno-error=unused-parameter  conftest.c >&5
configure:8017: $? = 0
configure:8029: result: yes
configure:8047: : WARN_CFLAGS="$WARN_CFLAGS"
configure:8050: $? = 0
configure:7997: checking whether C compiler accepts -Wno-error=implicit-fallthrough
configure:8017: gcc  -c -g -O2 -Werror=unknown-warning-option -Wno-error=implicit-fallthrough  conftest.c >&5
configure:8017: $? = 0
configure:8029: result: yes
configure:8047: : WARN_CFLAGS="$WARN_CFLAGS"
configure:8050: $? = 0
configure:8102: checking whether to try and use __builtin_popcountl
configure:8104: result: yes
configure:8174: checking for GMP
configure:8205: gcc  -o conftest  -g -O2   conftest.c  -lgmp  >&5
conftest.c:37:10: fatal error: 'gmp.h' file not found
   37 | #include <gmp.h>
      |          ^~~~~~~
1 error generated.
configure:8205: $? = 1
configure: failed program was:
| /* confdefs.h */
| #define PACKAGE_NAME "GAP"
| #define PACKAGE_TARNAME "gap-4.14.0"
| #define PACKAGE_VERSION "4.14.0"
| #define PACKAGE_STRING "GAP 4.14.0"
| #define PACKAGE_BUGREPORT "support@gap-system.org"
| #define PACKAGE_URL "https://www.gap-system.org/"
| #define HAVE_CXX11 1
| #define HAVE_STDIO_H 1
| #define HAVE_STDLIB_H 1
| #define HAVE_STRING_H 1
| #define HAVE_INTTYPES_H 1
| #define HAVE_STDINT_H 1
| #define HAVE_STRINGS_H 1
| #define HAVE_SYS_STAT_H 1
| #define HAVE_SYS_TYPES_H 1
| #define HAVE_UNISTD_H 1
| #define STDC_HEADERS 1
| #define SIZEOF_VOID_P 8
| #define HAVE_FUNC_ATTRIBUTE_ALWAYS_INLINE 1
| #define HAVE_FUNC_ATTRIBUTE_CONSTRUCTOR 1
| #define HAVE_FUNC_ATTRIBUTE_FALLTHROUGH 1
| #define HAVE_FUNC_ATTRIBUTE_FORMAT 1
| #define HAVE_FUNC_ATTRIBUTE_NOINLINE 1
| #define HAVE_FUNC_ATTRIBUTE_NORETURN 1
| #define HAVE_FUNC_ATTRIBUTE_PURE 1
| #define HAVE___BUILTIN_MUL_OVERFLOW 1
| #define HAVE___BUILTIN_CLZ 1
| #define HAVE___BUILTIN_CLZL 1
| #define HAVE___BUILTIN_CLZLL 1
| #define HAVE___BUILTIN_POPCOUNTL 1
| #define SIZEOF_INT 4
| #define SIZEOF_LONG 8
| #define SIZEOF_LONG_LONG 8
| #define USE_POPCNT 1
| /* end confdefs.h.  */
| #include <gmp.h>
| int
| main (void)
| {
| mpz_t a; mpz_init (a);
|   ;
|   return 0;
| }
configure:8205: gcc  -o conftest -I/opt/homebrew/include -g -O2   conftest.c -L/opt/homebrew/lib -lgmp  >&5
configure:8205: $? = 0
configure:8211: result: yes, at prefix /opt/homebrew
configure:8297: checking for zlib
configure:8328: gcc  -o conftest  -g -O2   conftest.c  -lz  >&5
configure:8328: $? = 0
configure:8339: result: yes, in default search path
configure:8409: checking for GNU readline
configure:8452: gcc  -o conftest  -g -O2   conftest.c  -lreadline  >&5
conftest.c:42:1: error: call to undeclared function 'rl_bind_keyseq'; ISO C99 and later do not support implicit function declarations [-Wimplicit-function-declaration]
   42 | rl_bind_keyseq(0,0);
      | ^
conftest.c:42:1: note: did you mean 'rl_bind_key'?
/Library/Developer/CommandLineTools/SDKs/MacOSX.sdk/usr/include/readline/readline.h:182:7: note: 'rl_bind_key' declared here
  182 | int              rl_bind_key(int, rl_command_func_t *);
      |                  ^
1 error generated.
configure:8452: $? = 1
configure: failed program was:
| /* confdefs.h */
| #define PACKAGE_NAME "GAP"
| #define PACKAGE_TARNAME "gap-4.14.0"
| #define PACKAGE_VERSION "4.14.0"
| #define PACKAGE_STRING "GAP 4.14.0"
| #define PACKAGE_BUGREPORT "support@gap-system.org"
| #define PACKAGE_URL "https://www.gap-system.org/"
| #define HAVE_CXX11 1
| #define HAVE_STDIO_H 1
| #define HAVE_STDLIB_H 1
| #define HAVE_STRING_H 1
| #define HAVE_INTTYPES_H 1
| #define HAVE_STDINT_H 1
| #define HAVE_STRINGS_H 1
| #define HAVE_SYS_STAT_H 1
| #define HAVE_SYS_TYPES_H 1
| #define HAVE_UNISTD_H 1
| #define STDC_HEADERS 1
| #define SIZEOF_VOID_P 8
| #define HAVE_FUNC_ATTRIBUTE_ALWAYS_INLINE 1
| #define HAVE_FUNC_ATTRIBUTE_CONSTRUCTOR 1
| #define HAVE_FUNC_ATTRIBUTE_FALLTHROUGH 1
| #define HAVE_FUNC_ATTRIBUTE_FORMAT 1
| #define HAVE_FUNC_ATTRIBUTE_NOINLINE 1
| #define HAVE_FUNC_ATTRIBUTE_NORETURN 1
| #define HAVE_FUNC_ATTRIBUTE_PURE 1
| #define HAVE___BUILTIN_MUL_OVERFLOW 1
| #define HAVE___BUILTIN_CLZ 1
| #define HAVE___BUILTIN_CLZL 1
| #define HAVE___BUILTIN_CLZLL 1
| #define HAVE___BUILTIN_POPCOUNTL 1
| #define SIZEOF_INT 4
| #define SIZEOF_LONG 8
| #define SIZEOF_LONG_LONG 8
| #define USE_POPCNT 1
| /* end confdefs.h.  */
| #include <stdio.h>
|                        #include <readline/readline.h>
| int
| main (void)
| {
| rl_bind_keyseq(0,0);
|   ;
|   return 0;
| }
configure:8452: gcc  -o conftest -I/usr/local/include/ereadline -g -O2   conftest.c  -lereadline  >&5
conftest.c:42:1: error: call to undeclared function 'rl_bind_keyseq'; ISO C99 and later do not support implicit function declarations [-Wimplicit-function-declaration]
   42 | rl_bind_keyseq(0,0);
      | ^
conftest.c:42:1: note: did you mean 'rl_bind_key'?
/Library/Developer/CommandLineTools/SDKs/MacOSX.sdk/usr/include/readline/readline.h:182:7: note: 'rl_bind_key' declared here
  182 | int              rl_bind_key(int, rl_command_func_t *);
      |                  ^
1 error generated.
configure:8452: $? = 1
configure: failed program was:
| /* confdefs.h */
| #define PACKAGE_NAME "GAP"
| #define PACKAGE_TARNAME "gap-4.14.0"
| #define PACKAGE_VERSION "4.14.0"
| #define PACKAGE_STRING "GAP 4.14.0"
| #define PACKAGE_BUGREPORT "support@gap-system.org"
| #define PACKAGE_URL "https://www.gap-system.org/"
| #define HAVE_CXX11 1
| #define HAVE_STDIO_H 1
| #define HAVE_STDLIB_H 1
| #define HAVE_STRING_H 1
| #define HAVE_INTTYPES_H 1
| #define HAVE_STDINT_H 1
| #define HAVE_STRINGS_H 1
| #define HAVE_SYS_STAT_H 1
| #define HAVE_SYS_TYPES_H 1
| #define HAVE_UNISTD_H 1
| #define STDC_HEADERS 1
| #define SIZEOF_VOID_P 8
| #define HAVE_FUNC_ATTRIBUTE_ALWAYS_INLINE 1
| #define HAVE_FUNC_ATTRIBUTE_CONSTRUCTOR 1
| #define HAVE_FUNC_ATTRIBUTE_FALLTHROUGH 1
| #define HAVE_FUNC_ATTRIBUTE_FORMAT 1
| #define HAVE_FUNC_ATTRIBUTE_NOINLINE 1
| #define HAVE_FUNC_ATTRIBUTE_NORETURN 1
| #define HAVE_FUNC_ATTRIBUTE_PURE 1
| #define HAVE___BUILTIN_MUL_OVERFLOW 1
| #define HAVE___BUILTIN_CLZ 1
| #define HAVE___BUILTIN_CLZL 1
| #define HAVE___BUILTIN_CLZLL 1
| #define HAVE___BUILTIN_POPCOUNTL 1
| #define SIZEOF_INT 4
| #define SIZEOF_LONG 8
| #define SIZEOF_LONG_LONG 8
| #define USE_POPCNT 1
| /* end confdefs.h.  */
| #include <stdio.h>
|                        #include <readline/readline.h>
| int
| main (void)
| {
| rl_bind_keyseq(0,0);
|   ;
|   return 0;
| }
configure:8452: gcc  -o conftest -I/opt/homebrew/opt/readline/include -g -O2   conftest.c -L/opt/homebrew/opt/readline/lib -lreadline  >&5
configure:8452: $? = 0
configure:8458: result: yes, at prefix /opt/homebrew/opt/readline
configure:8754: checking the GAPARCH
configure:8797: result: aarch64-apple-darwin24-default64-kv9
configure:8806: checking unaligned access
configure:8842: gcc  -o conftest -g -O2   conftest.c  >&5
conftest.c:39:14: error: type specifier missing, defaults to 'int'; ISO C99 and later do not support implicit int [-Wimplicit-int]
   39 | char buf[32];main(){long i= *(long*)(buf+1);buf[1]=(char)i;return 0;}
      |              ^
      |              int
1 error generated.
configure:8842: $? = 1
configure: program exited with status 1
configure: failed program was:
| /* confdefs.h */
| #define PACKAGE_NAME "GAP"
| #define PACKAGE_TARNAME "gap-4.14.0"
| #define PACKAGE_VERSION "4.14.0"
| #define PACKAGE_STRING "GAP 4.14.0"
| #define PACKAGE_BUGREPORT "support@gap-system.org"
| #define PACKAGE_URL "https://www.gap-system.org/"
| #define HAVE_CXX11 1
| #define HAVE_STDIO_H 1
| #define HAVE_STDLIB_H 1
| #define HAVE_STRING_H 1
| #define HAVE_INTTYPES_H 1
| #define HAVE_STDINT_H 1
| #define HAVE_STRINGS_H 1
| #define HAVE_SYS_STAT_H 1
| #define HAVE_SYS_TYPES_H 1
| #define HAVE_UNISTD_H 1
| #define STDC_HEADERS 1
| #define SIZEOF_VOID_P 8
| #define HAVE_FUNC_ATTRIBUTE_ALWAYS_INLINE 1
| #define HAVE_FUNC_ATTRIBUTE_CONSTRUCTOR 1
| #define HAVE_FUNC_ATTRIBUTE_FALLTHROUGH 1
| #define HAVE_FUNC_ATTRIBUTE_FORMAT 1
| #define HAVE_FUNC_ATTRIBUTE_NOINLINE 1
| #define HAVE_FUNC_ATTRIBUTE_NORETURN 1
| #define HAVE_FUNC_ATTRIBUTE_PURE 1
| #define HAVE___BUILTIN_MUL_OVERFLOW 1
| #define HAVE___BUILTIN_CLZ 1
| #define HAVE___BUILTIN_CLZL 1
| #define HAVE___BUILTIN_CLZLL 1
| #define HAVE___BUILTIN_POPCOUNTL 1
| #define SIZEOF_INT 4
| #define SIZEOF_LONG 8
| #define SIZEOF_LONG_LONG 8
| #define USE_POPCNT 1
| #define HAVE_LIBREADLINE 1
| #define GAPARCH "aarch64-apple-darwin24-default64-kv9"
| /* end confdefs.h.  */
| char buf[32];main(){long i= *(long*)(buf+1);buf[1]=(char)i;return 0;}
configure:8855: gcc  -o conftest -g -O2   conftest.c  >&5
conftest.c:39:14: error: type specifier missing, defaults to 'int'; ISO C99 and later do not support implicit int [-Wimplicit-int]
   39 | char buf[32];main(){long i= *(long*)(buf+2);buf[1]=(char)i;return 0;}
      |              ^
      |              int
1 error generated.
configure:8855: $? = 1
configure: program exited with status 1
configure: failed program was:
| /* confdefs.h */
| #define PACKAGE_NAME "GAP"
| #define PACKAGE_TARNAME "gap-4.14.0"
| #define PACKAGE_VERSION "4.14.0"
| #define PACKAGE_STRING "GAP 4.14.0"
| #define PACKAGE_BUGREPORT "support@gap-system.org"
| #define PACKAGE_URL "https://www.gap-system.org/"
| #define HAVE_CXX11 1
| #define HAVE_STDIO_H 1
| #define HAVE_STDLIB_H 1
| #define HAVE_STRING_H 1
| #define HAVE_INTTYPES_H 1
| #define HAVE_STDINT_H 1
| #define HAVE_STRINGS_H 1
| #define HAVE_SYS_STAT_H 1
| #define HAVE_SYS_TYPES_H 1
| #define HAVE_UNISTD_H 1
| #define STDC_HEADERS 1
| #define SIZEOF_VOID_P 8
| #define HAVE_FUNC_ATTRIBUTE_ALWAYS_INLINE 1
| #define HAVE_FUNC_ATTRIBUTE_CONSTRUCTOR 1
| #define HAVE_FUNC_ATTRIBUTE_FALLTHROUGH 1
| #define HAVE_FUNC_ATTRIBUTE_FORMAT 1
| #define HAVE_FUNC_ATTRIBUTE_NOINLINE 1
| #define HAVE_FUNC_ATTRIBUTE_NORETURN 1
| #define HAVE_FUNC_ATTRIBUTE_PURE 1
| #define HAVE___BUILTIN_MUL_OVERFLOW 1
| #define HAVE___BUILTIN_CLZ 1
| #define HAVE___BUILTIN_CLZL 1
| #define HAVE___BUILTIN_CLZLL 1
| #define HAVE___BUILTIN_POPCOUNTL 1
| #define SIZEOF_INT 4
| #define SIZEOF_LONG 8
| #define SIZEOF_LONG_LONG 8
| #define USE_POPCNT 1
| #define HAVE_LIBREADLINE 1
| #define GAPARCH "aarch64-apple-darwin24-default64-kv9"
| /* end confdefs.h.  */
| char buf[32];main(){long i= *(long*)(buf+2);buf[1]=(char)i;return 0;}
configure:8868: gcc  -o conftest -g -O2   conftest.c  >&5
conftest.c:39:14: error: type specifier missing, defaults to 'int'; ISO C99 and later do not support implicit int [-Wimplicit-int]
   39 | char buf[32];main(){long i= *(long*)(buf+4);buf[1]=(char)i;return 0;}
      |              ^
      |              int
1 error generated.
configure:8868: $? = 1
configure: program exited with status 1
configure: failed program was:
| /* confdefs.h */
| #define PACKAGE_NAME "GAP"
| #define PACKAGE_TARNAME "gap-4.14.0"
| #define PACKAGE_VERSION "4.14.0"
| #define PACKAGE_STRING "GAP 4.14.0"
| #define PACKAGE_BUGREPORT "support@gap-system.org"
| #define PACKAGE_URL "https://www.gap-system.org/"
| #define HAVE_CXX11 1
| #define HAVE_STDIO_H 1
| #define HAVE_STDLIB_H 1
| #define HAVE_STRING_H 1
| #define HAVE_INTTYPES_H 1
| #define HAVE_STDINT_H 1
| #define HAVE_STRINGS_H 1
| #define HAVE_SYS_STAT_H 1
| #define HAVE_SYS_TYPES_H 1
| #define HAVE_UNISTD_H 1
| #define STDC_HEADERS 1
| #define SIZEOF_VOID_P 8
| #define HAVE_FUNC_ATTRIBUTE_ALWAYS_INLINE 1
| #define HAVE_FUNC_ATTRIBUTE_CONSTRUCTOR 1
| #define HAVE_FUNC_ATTRIBUTE_FALLTHROUGH 1
| #define HAVE_FUNC_ATTRIBUTE_FORMAT 1
| #define HAVE_FUNC_ATTRIBUTE_NOINLINE 1
| #define HAVE_FUNC_ATTRIBUTE_NORETURN 1
| #define HAVE_FUNC_ATTRIBUTE_PURE 1
| #define HAVE___BUILTIN_MUL_OVERFLOW 1
| #define HAVE___BUILTIN_CLZ 1
| #define HAVE___BUILTIN_CLZL 1
| #define HAVE___BUILTIN_CLZLL 1
| #define HAVE___BUILTIN_POPCOUNTL 1
| #define SIZEOF_INT 4
| #define SIZEOF_LONG 8
| #define SIZEOF_LONG_LONG 8
| #define USE_POPCNT 1
| #define HAVE_LIBREADLINE 1
| #define GAPARCH "aarch64-apple-darwin24-default64-kv9"
| /* end confdefs.h.  */
| char buf[32];main(){long i= *(long*)(buf+4);buf[1]=(char)i;return 0;}
configure:8881: gcc  -o conftest -g -O2   conftest.c  >&5
conftest.c:39:14: error: type specifier missing, defaults to 'int'; ISO C99 and later do not support implicit int [-Wimplicit-int]
   39 | char buf[32];main(){long i= *(long*)(buf+8);buf[1]=(char)i;return 0;}
      |              ^
      |              int
1 error generated.
configure:8881: $? = 1
configure: program exited with status 1
configure: failed program was:
| /* confdefs.h */
| #define PACKAGE_NAME "GAP"
| #define PACKAGE_TARNAME "gap-4.14.0"
| #define PACKAGE_VERSION "4.14.0"
| #define PACKAGE_STRING "GAP 4.14.0"
| #define PACKAGE_BUGREPORT "support@gap-system.org"
| #define PACKAGE_URL "https://www.gap-system.org/"
| #define HAVE_CXX11 1
| #define HAVE_STDIO_H 1
| #define HAVE_STDLIB_H 1
| #define HAVE_STRING_H 1
| #define HAVE_INTTYPES_H 1
| #define HAVE_STDINT_H 1
| #define HAVE_STRINGS_H 1
| #define HAVE_SYS_STAT_H 1
| #define HAVE_SYS_TYPES_H 1
| #define HAVE_UNISTD_H 1
| #define STDC_HEADERS 1
| #define SIZEOF_VOID_P 8
| #define HAVE_FUNC_ATTRIBUTE_ALWAYS_INLINE 1
| #define HAVE_FUNC_ATTRIBUTE_CONSTRUCTOR 1
| #define HAVE_FUNC_ATTRIBUTE_FALLTHROUGH 1
| #define HAVE_FUNC_ATTRIBUTE_FORMAT 1
| #define HAVE_FUNC_ATTRIBUTE_NOINLINE 1
| #define HAVE_FUNC_ATTRIBUTE_NORETURN 1
| #define HAVE_FUNC_ATTRIBUTE_PURE 1
| #define HAVE___BUILTIN_MUL_OVERFLOW 1
| #define HAVE___BUILTIN_CLZ 1
| #define HAVE___BUILTIN_CLZL 1
| #define HAVE___BUILTIN_CLZLL 1
| #define HAVE___BUILTIN_POPCOUNTL 1
| #define SIZEOF_INT 4
| #define SIZEOF_LONG 8
| #define SIZEOF_LONG_LONG 8
| #define USE_POPCNT 1
| #define HAVE_LIBREADLINE 1
| #define GAPARCH "aarch64-apple-darwin24-default64-kv9"
| /* end confdefs.h.  */
| char buf[32];main(){long i= *(long*)(buf+8);buf[1]=(char)i;return 0;}
configure:8925: result: 8
configure:8942: checking for termios.h
configure:8942: gcc  -c -g -O2  conftest.c >&5
configure:8942: $? = 0
configure:8942: result: yes
configure:8949: checking for sys/ioctl.h
configure:8949: gcc  -c -g -O2  conftest.c >&5
configure:8949: $? = 0
configure:8949: result: yes
configure:8955: checking for sys/resource.h
configure:8955: gcc  -c -g -O2  conftest.c >&5
configure:8955: $? = 0
configure:8955: result: yes
configure:8967: checking for library containing openpty
configure:9003: gcc  -o conftest -g -O2   conftest.c  >&5
configure:9003: $? = 0
configure:9025: result: none required
configure:9070: checking for util.h
configure:9070: gcc  -c -g -O2  conftest.c >&5
configure:9070: $? = 0
configure:9070: result: yes
configure:9076: checking for pty.h
configure:9076: gcc  -c -g -O2  conftest.c >&5
conftest.c:73:10: fatal error: 'pty.h' file not found
   73 | #include <pty.h>
      |          ^~~~~~~
1 error generated.
configure:9076: $? = 1
configure: failed program was:
| /* confdefs.h */
| #define PACKAGE_NAME "GAP"
| #define PACKAGE_TARNAME "gap-4.14.0"
| #define PACKAGE_VERSION "4.14.0"
| #define PACKAGE_STRING "GAP 4.14.0"
| #define PACKAGE_BUGREPORT "support@gap-system.org"
| #define PACKAGE_URL "https://www.gap-system.org/"
| #define HAVE_CXX11 1
| #define HAVE_STDIO_H 1
| #define HAVE_STDLIB_H 1
| #define HAVE_STRING_H 1
| #define HAVE_INTTYPES_H 1
| #define HAVE_STDINT_H 1
| #define HAVE_STRINGS_H 1
| #define HAVE_SYS_STAT_H 1
| #define HAVE_SYS_TYPES_H 1
| #define HAVE_UNISTD_H 1
| #define STDC_HEADERS 1
| #define SIZEOF_VOID_P 8
| #define HAVE_FUNC_ATTRIBUTE_ALWAYS_INLINE 1
| #define HAVE_FUNC_ATTRIBUTE_CONSTRUCTOR 1
| #define HAVE_FUNC_ATTRIBUTE_FALLTHROUGH 1
| #define HAVE_FUNC_ATTRIBUTE_FORMAT 1
| #define HAVE_FUNC_ATTRIBUTE_NOINLINE 1
| #define HAVE_FUNC_ATTRIBUTE_NORETURN 1
| #define HAVE_FUNC_ATTRIBUTE_PURE 1
| #define HAVE___BUILTIN_MUL_OVERFLOW 1
| #define HAVE___BUILTIN_CLZ 1
| #define HAVE___BUILTIN_CLZL 1
| #define HAVE___BUILTIN_CLZLL 1
| #define HAVE___BUILTIN_POPCOUNTL 1
| #define SIZEOF_INT 4
| #define SIZEOF_LONG 8
| #define SIZEOF_LONG_LONG 8
| #define USE_POPCNT 1
| #define HAVE_LIBREADLINE 1
| #define GAPARCH "aarch64-apple-darwin24-default64-kv9"
| #define C_STACK_ALIGN 8
| #define HAVE_TERMIOS_H 1
| #define HAVE_SYS_IOCTL_H 1
| #define HAVE_SYS_RESOURCE_H 1
| #define HAVE_OPENPTY 1
| #define HAVE_UTIL_H 1
| /* end confdefs.h.  */
| #include <stddef.h>
| #ifdef HAVE_STDIO_H
| # include <stdio.h>
| #endif
| #ifdef HAVE_STDLIB_H
| # include <stdlib.h>
| #endif
| #ifdef HAVE_STRING_H
| # include <string.h>
| #endif
| #ifdef HAVE_INTTYPES_H
| # include <inttypes.h>
| #endif
| #ifdef HAVE_STDINT_H
| # include <stdint.h>
| #endif
| #ifdef HAVE_STRINGS_H
| # include <strings.h>
| #endif
| #ifdef HAVE_SYS_TYPES_H
| # include <sys/types.h>
| #endif
| #ifdef HAVE_SYS_STAT_H
| # include <sys/stat.h>
| #endif
| #ifdef HAVE_UNISTD_H
| # include <unistd.h>
| #endif
| #include <pty.h>
configure:9076: result: no
configure:9082: checking for libutil.h
configure:9082: gcc  -c -g -O2  conftest.c >&5
conftest.c:73:10: fatal error: 'libutil.h' file not found
   73 | #include <libutil.h>
      |          ^~~~~~~~~~~
1 error generated.
configure:9082: $? = 1
configure: failed program was:
| /* confdefs.h */
| #define PACKAGE_NAME "GAP"
| #define PACKAGE_TARNAME "gap-4.14.0"
| #define PACKAGE_VERSION "4.14.0"
| #define PACKAGE_STRING "GAP 4.14.0"
| #define PACKAGE_BUGREPORT "support@gap-system.org"
| #define PACKAGE_URL "https://www.gap-system.org/"
| #define HAVE_CXX11 1
| #define HAVE_STDIO_H 1
| #define HAVE_STDLIB_H 1
| #define HAVE_STRING_H 1
| #define HAVE_INTTYPES_H 1
| #define HAVE_STDINT_H 1
| #define HAVE_STRINGS_H 1
| #define HAVE_SYS_STAT_H 1
| #define HAVE_SYS_TYPES_H 1
| #define HAVE_UNISTD_H 1
| #define STDC_HEADERS 1
| #define SIZEOF_VOID_P 8
| #define HAVE_FUNC_ATTRIBUTE_ALWAYS_INLINE 1
| #define HAVE_FUNC_ATTRIBUTE_CONSTRUCTOR 1
| #define HAVE_FUNC_ATTRIBUTE_FALLTHROUGH 1
| #define HAVE_FUNC_ATTRIBUTE_FORMAT 1
| #define HAVE_FUNC_ATTRIBUTE_NOINLINE 1
| #define HAVE_FUNC_ATTRIBUTE_NORETURN 1
| #define HAVE_FUNC_ATTRIBUTE_PURE 1
| #define HAVE___BUILTIN_MUL_OVERFLOW 1
| #define HAVE___BUILTIN_CLZ 1
| #define HAVE___BUILTIN_CLZL 1
| #define HAVE___BUILTIN_CLZLL 1
| #define HAVE___BUILTIN_POPCOUNTL 1
| #define SIZEOF_INT 4
| #define SIZEOF_LONG 8
| #define SIZEOF_LONG_LONG 8
| #define USE_POPCNT 1
| #define HAVE_LIBREADLINE 1
| #define GAPARCH "aarch64-apple-darwin24-default64-kv9"
| #define C_STACK_ALIGN 8
| #define HAVE_TERMIOS_H 1
| #define HAVE_SYS_IOCTL_H 1
| #define HAVE_SYS_RESOURCE_H 1
| #define HAVE_OPENPTY 1
| #define HAVE_UTIL_H 1
| /* end confdefs.h.  */
| #include <stddef.h>
| #ifdef HAVE_STDIO_H
| # include <stdio.h>
| #endif
| #ifdef HAVE_STDLIB_H
| # include <stdlib.h>
| #endif
| #ifdef HAVE_STRING_H
| # include <string.h>
| #endif
| #ifdef HAVE_INTTYPES_H
| # include <inttypes.h>
| #endif
| #ifdef HAVE_STDINT_H
| # include <stdint.h>
| #endif
| #ifdef HAVE_STRINGS_H
| # include <strings.h>
| #endif
| #ifdef HAVE_SYS_TYPES_H
| # include <sys/types.h>
| #endif
| #ifdef HAVE_SYS_STAT_H
| # include <sys/stat.h>
| #endif
| #ifdef HAVE_UNISTD_H
| # include <unistd.h>
| #endif
| #include <libutil.h>
configure:9082: result: no
configure:9093: checking for signal.h
configure:9093: gcc  -c -g -O2  conftest.c >&5
configure:9093: $? = 0
configure:9093: result: yes
configure:9100: checking for select
configure:9100: gcc  -o conftest -g -O2   conftest.c  >&5
configure:9100: $? = 0
configure:9100: result: yes
configure:9108: checking for spawn.h
configure:9108: gcc  -c -g -O2  conftest.c >&5
configure:9108: $? = 0
configure:9108: result: yes
configure:9115: checking for sys/wait.h that is POSIX.1 compatible
configure:9142: gcc  -c -g -O2  conftest.c >&5
configure:9142: $? = 0
configure:9152: result: yes
configure:9161: checking for pid_t
configure:9161: gcc  -c -g -O2  conftest.c >&5
configure:9161: $? = 0
configure:9161: gcc  -c -g -O2  conftest.c >&5
conftest.c:81:20: error: expected expression
   81 | if (sizeof ((pid_t)))
      |                    ^
1 error generated.
configure:9161: $? = 1
configure: failed program was:
| /* confdefs.h */
| #define PACKAGE_NAME "GAP"
| #define PACKAGE_TARNAME "gap-4.14.0"
| #define PACKAGE_VERSION "4.14.0"
| #define PACKAGE_STRING "GAP 4.14.0"
| #define PACKAGE_BUGREPORT "support@gap-system.org"
| #define PACKAGE_URL "https://www.gap-system.org/"
| #define HAVE_CXX11 1
| #define HAVE_STDIO_H 1
| #define HAVE_STDLIB_H 1
| #define HAVE_STRING_H 1
| #define HAVE_INTTYPES_H 1
| #define HAVE_STDINT_H 1
| #define HAVE_STRINGS_H 1
| #define HAVE_SYS_STAT_H 1
| #define HAVE_SYS_TYPES_H 1
| #define HAVE_UNISTD_H 1
| #define STDC_HEADERS 1
| #define SIZEOF_VOID_P 8
| #define HAVE_FUNC_ATTRIBUTE_ALWAYS_INLINE 1
| #define HAVE_FUNC_ATTRIBUTE_CONSTRUCTOR 1
| #define HAVE_FUNC_ATTRIBUTE_FALLTHROUGH 1
| #define HAVE_FUNC_ATTRIBUTE_FORMAT 1
| #define HAVE_FUNC_ATTRIBUTE_NOINLINE 1
| #define HAVE_FUNC_ATTRIBUTE_NORETURN 1
| #define HAVE_FUNC_ATTRIBUTE_PURE 1
| #define HAVE___BUILTIN_MUL_OVERFLOW 1
| #define HAVE___BUILTIN_CLZ 1
| #define HAVE___BUILTIN_CLZL 1
| #define HAVE___BUILTIN_CLZLL 1
| #define HAVE___BUILTIN_POPCOUNTL 1
| #define SIZEOF_INT 4
| #define SIZEOF_LONG 8
| #define SIZEOF_LONG_LONG 8
| #define USE_POPCNT 1
| #define HAVE_LIBREADLINE 1
| #define GAPARCH "aarch64-apple-darwin24-default64-kv9"
| #define C_STACK_ALIGN 8
| #define HAVE_TERMIOS_H 1
| #define HAVE_SYS_IOCTL_H 1
| #define HAVE_SYS_RESOURCE_H 1
| #define HAVE_OPENPTY 1
| #define HAVE_UTIL_H 1
| #define HAVE_SIGNAL_H 1
| #define HAVE_SELECT 1
| #define HAVE_SPAWN_H 1
| #define HAVE_SYS_WAIT_H 1
| /* end confdefs.h.  */
| #include <stddef.h>
| #ifdef HAVE_STDIO_H
| # include <stdio.h>
| #endif
| #ifdef HAVE_STDLIB_H
| # include <stdlib.h>
| #endif
| #ifdef HAVE_STRING_H
| # include <string.h>
| #endif
| #ifdef HAVE_INTTYPES_H
| # include <inttypes.h>
| #endif
| #ifdef HAVE_STDINT_H
| # include <stdint.h>
| #endif
| #ifdef HAVE_STRINGS_H
| # include <strings.h>
| #endif
| #ifdef HAVE_SYS_TYPES_H
| # include <sys/types.h>
| #endif
| #ifdef HAVE_SYS_STAT_H
| # include <sys/stat.h>
| #endif
| #ifdef HAVE_UNISTD_H
| # include <unistd.h>
| #endif
| 
| int
| main (void)
| {
| if (sizeof ((pid_t)))
| 	    return 0;
|   ;
|   return 0;
| }
configure:9161: result: yes
configure:9204: checking for fork
configure:9204: gcc  -o conftest -g -O2   conftest.c  >&5
configure:9204: $? = 0
configure:9204: result: yes
configure:9204: checking for vfork
configure:9204: gcc  -o conftest -g -O2   conftest.c  >&5
conftest.c:66:6: warning: incompatible redeclaration of library function 'vfork' [-Wincompatible-library-redeclaration]
   66 | char vfork (void);
      |      ^
conftest.c:66:6: note: 'vfork' is a builtin with type 'int (void)'
1 warning generated.
configure:9204: $? = 0
configure:9204: result: yes
configure:9217: checking for working fork
configure:9241: gcc  -o conftest -g -O2   conftest.c  >&5
configure:9241: $? = 0
configure:9241: ./conftest
configure:9241: $? = 0
configure:9255: result: yes
configure:9276: checking for working vfork
configure:9408: result: yes
configure:9433: checking for popen
configure:9433: gcc  -o conftest -g -O2   conftest.c  >&5
configure:9433: $? = 0
configure:9433: result: yes
configure:9439: checking for posix_spawn
configure:9439: gcc  -o conftest -g -O2   conftest.c  >&5
configure:9439: $? = 0
configure:9439: result: yes
configure:9446: checking for posix_spawn_file_actions_addchdir
configure:9446: gcc  -o conftest -g -O2   conftest.c  >&5
Undefined symbols for architecture arm64:
  "_posix_spawn_file_actions_addchdir", referenced from:
      _main in conftest-20c2da.o
ld: symbol(s) not found for architecture arm64
clang: error: linker command failed with exit code 1 (use -v to see invocation)
configure:9446: $? = 1
configure: failed program was:
| /* confdefs.h */
| #define PACKAGE_NAME "GAP"
| #define PACKAGE_TARNAME "gap-4.14.0"
| #define PACKAGE_VERSION "4.14.0"
| #define PACKAGE_STRING "GAP 4.14.0"
| #define PACKAGE_BUGREPORT "support@gap-system.org"
| #define PACKAGE_URL "https://www.gap-system.org/"
| #define HAVE_CXX11 1
| #define HAVE_STDIO_H 1
| #define HAVE_STDLIB_H 1
| #define HAVE_STRING_H 1
| #define HAVE_INTTYPES_H 1
| #define HAVE_STDINT_H 1
| #define HAVE_STRINGS_H 1
| #define HAVE_SYS_STAT_H 1
| #define HAVE_SYS_TYPES_H 1
| #define HAVE_UNISTD_H 1
| #define STDC_HEADERS 1
| #define SIZEOF_VOID_P 8
| #define HAVE_FUNC_ATTRIBUTE_ALWAYS_INLINE 1
| #define HAVE_FUNC_ATTRIBUTE_CONSTRUCTOR 1
| #define HAVE_FUNC_ATTRIBUTE_FALLTHROUGH 1
| #define HAVE_FUNC_ATTRIBUTE_FORMAT 1
| #define HAVE_FUNC_ATTRIBUTE_NOINLINE 1
| #define HAVE_FUNC_ATTRIBUTE_NORETURN 1
| #define HAVE_FUNC_ATTRIBUTE_PURE 1
| #define HAVE___BUILTIN_MUL_OVERFLOW 1
| #define HAVE___BUILTIN_CLZ 1
| #define HAVE___BUILTIN_CLZL 1
| #define HAVE___BUILTIN_CLZLL 1
| #define HAVE___BUILTIN_POPCOUNTL 1
| #define SIZEOF_INT 4
| #define SIZEOF_LONG 8
| #define SIZEOF_LONG_LONG 8
| #define USE_POPCNT 1
| #define HAVE_LIBREADLINE 1
| #define GAPARCH "aarch64-apple-darwin24-default64-kv9"
| #define C_STACK_ALIGN 8
| #define HAVE_TERMIOS_H 1
| #define HAVE_SYS_IOCTL_H 1
| #define HAVE_SYS_RESOURCE_H 1
| #define HAVE_OPENPTY 1
| #define HAVE_UTIL_H 1
| #define HAVE_SIGNAL_H 1
| #define HAVE_SELECT 1
| #define HAVE_SPAWN_H 1
| #define HAVE_SYS_WAIT_H 1
| #define HAVE_FORK 1
| #define HAVE_VFORK 1
| #define HAVE_WORKING_VFORK 1
| #define HAVE_WORKING_FORK 1
| #define HAVE_POPEN 1
| #define HAVE_POSIX_SPAWN 1
| /* end confdefs.h.  */
| /* Define posix_spawn_file_actions_addchdir to an innocuous variant, in case <limits.h> declares posix_spawn_file_actions_addchdir.
|    For example, HP-UX 11i <limits.h> declares gettimeofday.  */
| #define posix_spawn_file_actions_addchdir innocuous_posix_spawn_file_actions_addchdir
| 
| /* System header to define __stub macros and hopefully few prototypes,
|    which can conflict with char posix_spawn_file_actions_addchdir (void); below.  */
| 
| #include <limits.h>
| #undef posix_spawn_file_actions_addchdir
| 
| /* Override any GCC internal prototype to avoid an error.
|    Use char because int might match the return type of a GCC
|    builtin and then its argument prototype would still apply.  */
| #ifdef __cplusplus
| extern "C"
| #endif
| char posix_spawn_file_actions_addchdir (void);
| /* The GNU C library defines this for functions which it implements
|     to always fail with ENOSYS.  Some functions are actually named
|     something starting with __ and the normal name is an alias.  */
| #if defined __stub_posix_spawn_file_actions_addchdir || defined __stub___posix_spawn_file_actions_addchdir
| choke me
| #endif
| 
| int
| main (void)
| {
| return posix_spawn_file_actions_addchdir ();
|   ;
|   return 0;
| }
configure:9446: result: no
configure:9453: checking for posix_spawn_file_actions_addchdir_np
configure:9453: gcc  -o conftest -g -O2   conftest.c  >&5
configure:9453: $? = 0
configure:9453: result: yes
configure:9461: checking for sig_atomic_t
configure:9461: gcc  -c -g -O2  conftest.c >&5
configure:9461: $? = 0
configure:9461: gcc  -c -g -O2  conftest.c >&5
conftest.c:62:27: error: expected expression
   62 | if (sizeof ((sig_atomic_t)))
      |                           ^
1 error generated.
configure:9461: $? = 1
configure: failed program was:
| /* confdefs.h */
| #define PACKAGE_NAME "GAP"
| #define PACKAGE_TARNAME "gap-4.14.0"
| #define PACKAGE_VERSION "4.14.0"
| #define PACKAGE_STRING "GAP 4.14.0"
| #define PACKAGE_BUGREPORT "support@gap-system.org"
| #define PACKAGE_URL "https://www.gap-system.org/"
| #define HAVE_CXX11 1
| #define HAVE_STDIO_H 1
| #define HAVE_STDLIB_H 1
| #define HAVE_STRING_H 1
| #define HAVE_INTTYPES_H 1
| #define HAVE_STDINT_H 1
| #define HAVE_STRINGS_H 1
| #define HAVE_SYS_STAT_H 1
| #define HAVE_SYS_TYPES_H 1
| #define HAVE_UNISTD_H 1
| #define STDC_HEADERS 1
| #define SIZEOF_VOID_P 8
| #define HAVE_FUNC_ATTRIBUTE_ALWAYS_INLINE 1
| #define HAVE_FUNC_ATTRIBUTE_CONSTRUCTOR 1
| #define HAVE_FUNC_ATTRIBUTE_FALLTHROUGH 1
| #define HAVE_FUNC_ATTRIBUTE_FORMAT 1
| #define HAVE_FUNC_ATTRIBUTE_NOINLINE 1
| #define HAVE_FUNC_ATTRIBUTE_NORETURN 1
| #define HAVE_FUNC_ATTRIBUTE_PURE 1
| #define HAVE___BUILTIN_MUL_OVERFLOW 1
| #define HAVE___BUILTIN_CLZ 1
| #define HAVE___BUILTIN_CLZL 1
| #define HAVE___BUILTIN_CLZLL 1
| #define HAVE___BUILTIN_POPCOUNTL 1
| #define SIZEOF_INT 4
| #define SIZEOF_LONG 8
| #define SIZEOF_LONG_LONG 8
| #define USE_POPCNT 1
| #define HAVE_LIBREADLINE 1
| #define GAPARCH "aarch64-apple-darwin24-default64-kv9"
| #define C_STACK_ALIGN 8
| #define HAVE_TERMIOS_H 1
| #define HAVE_SYS_IOCTL_H 1
| #define HAVE_SYS_RESOURCE_H 1
| #define HAVE_OPENPTY 1
| #define HAVE_UTIL_H 1
| #define HAVE_SIGNAL_H 1
| #define HAVE_SELECT 1
| #define HAVE_SPAWN_H 1
| #define HAVE_SYS_WAIT_H 1
| #define HAVE_FORK 1
| #define HAVE_VFORK 1
| #define HAVE_WORKING_VFORK 1
| #define HAVE_WORKING_FORK 1
| #define HAVE_POPEN 1
| #define HAVE_POSIX_SPAWN 1
| #define HAVE_POSIX_SPAWN_FILE_ACTIONS_ADDCHDIR_NP 1
| /* end confdefs.h.  */
| #include <signal.h>
| 
| 
| int
| main (void)
| {
| if (sizeof ((sig_atomic_t)))
| 	    return 0;
|   ;
|   return 0;
| }
configure:9461: result: yes
configure:9474: checking for signal
configure:9474: gcc  -o conftest -g -O2   conftest.c  >&5
configure:9474: $? = 0
configure:9474: result: yes
configure:9480: checking for sigaction
configure:9480: gcc  -o conftest -g -O2   conftest.c  >&5
configure:9480: $? = 0
configure:9480: result: yes
configure:9486: checking for setpgid
configure:9486: gcc  -o conftest -g -O2   conftest.c  >&5
configure:9486: $? = 0
configure:9486: result: yes
configure:9496: checking for library containing dlopen
configure:9532: gcc  -o conftest -g -O2   conftest.c  >&5
configure:9532: $? = 0
configure:9554: result: none required
configure:9568: checking for sys/time.h
configure:9568: gcc  -c -g -O2  conftest.c >&5
configure:9568: $? = 0
configure:9568: result: yes
configure:9575: checking for getrusage
configure:9575: gcc  -o conftest -g -O2   conftest.c  >&5
configure:9575: $? = 0
configure:9575: result: yes
configure:9581: checking for gettimeofday
configure:9581: gcc  -o conftest -g -O2   conftest.c  >&5
configure:9581: $? = 0
configure:9581: result: yes
configure:9587: checking for clock_gettime
configure:9587: gcc  -o conftest -g -O2   conftest.c  >&5
configure:9587: $? = 0
configure:9587: result: yes
configure:9593: checking for clock_getres
configure:9593: gcc  -o conftest -g -O2   conftest.c  >&5
configure:9593: $? = 0
configure:9593: result: yes
configure:9600: checking for setitimer
configure:9600: gcc  -o conftest -g -O2   conftest.c  >&5
configure:9600: $? = 0
configure:9600: result: yes
configure:9608: checking for vm_allocate
configure:9608: gcc  -o conftest -g -O2   conftest.c  >&5
configure:9608: $? = 0
configure:9608: result: yes
configure:9614: checking for sbrk
configure:9614: gcc  -o conftest -g -O2   conftest.c  >&5
configure:9614: $? = 0
configure:9614: result: yes
configure:9620: checking for madvise
configure:9620: gcc  -o conftest -g -O2   conftest.c  >&5
configure:9620: $? = 0
configure:9620: result: yes
configure:9626: checking for sysconf
configure:9626: gcc  -o conftest -g -O2   conftest.c  >&5
configure:9626: $? = 0
configure:9626: result: yes
configure:9641: checking for gcc  option to enable large file support
configure:9676: gcc  -c -g -O2  conftest.c >&5
configure:9676: $? = 0
configure:9682: gcc  -DFTYPE=ino_t -c -g -O2  conftest.c >&5
configure:9682: $? = 0
configure:9707: result: none needed
configure:9810: checking for library containing cos
configure:9846: gcc  -o conftest -g -O2   conftest.c  >&5
conftest.c:80:6: warning: incompatible redeclaration of library function 'cos' [-Wincompatible-library-redeclaration]
   80 | char cos (void);
      |      ^
conftest.c:80:6: note: 'cos' is a builtin with type 'double (double)'
1 warning generated.
configure:9846: $? = 0
configure:9868: result: none required
configure:9883: checking for exp10
configure:9883: gcc  -o conftest -g -O2   conftest.c  >&5
Undefined symbols for architecture arm64:
  "_exp10", referenced from:
      _main in conftest-bfcc71.o
ld: symbol(s) not found for architecture arm64
clang: error: linker command failed with exit code 1 (use -v to see invocation)
configure:9883: $? = 1
configure: failed program was:
| /* confdefs.h */
| #define PACKAGE_NAME "GAP"
| #define PACKAGE_TARNAME "gap-4.14.0"
| #define PACKAGE_VERSION "4.14.0"
| #define PACKAGE_STRING "GAP 4.14.0"
| #define PACKAGE_BUGREPORT "support@gap-system.org"
| #define PACKAGE_URL "https://www.gap-system.org/"
| #define HAVE_CXX11 1
| #define HAVE_STDIO_H 1
| #define HAVE_STDLIB_H 1
| #define HAVE_STRING_H 1
| #define HAVE_INTTYPES_H 1
| #define HAVE_STDINT_H 1
| #define HAVE_STRINGS_H 1
| #define HAVE_SYS_STAT_H 1
| #define HAVE_SYS_TYPES_H 1
| #define HAVE_UNISTD_H 1
| #define STDC_HEADERS 1
| #define SIZEOF_VOID_P 8
| #define HAVE_FUNC_ATTRIBUTE_ALWAYS_INLINE 1
| #define HAVE_FUNC_ATTRIBUTE_CONSTRUCTOR 1
| #define HAVE_FUNC_ATTRIBUTE_FALLTHROUGH 1
| #define HAVE_FUNC_ATTRIBUTE_FORMAT 1
| #define HAVE_FUNC_ATTRIBUTE_NOINLINE 1
| #define HAVE_FUNC_ATTRIBUTE_NORETURN 1
| #define HAVE_FUNC_ATTRIBUTE_PURE 1
| #define HAVE___BUILTIN_MUL_OVERFLOW 1
| #define HAVE___BUILTIN_CLZ 1
| #define HAVE___BUILTIN_CLZL 1
| #define HAVE___BUILTIN_CLZLL 1
| #define HAVE___BUILTIN_POPCOUNTL 1
| #define SIZEOF_INT 4
| #define SIZEOF_LONG 8
| #define SIZEOF_LONG_LONG 8
| #define USE_POPCNT 1
| #define HAVE_LIBREADLINE 1
| #define GAPARCH "aarch64-apple-darwin24-default64-kv9"
| #define C_STACK_ALIGN 8
| #define HAVE_TERMIOS_H 1
| #define HAVE_SYS_IOCTL_H 1
| #define HAVE_SYS_RESOURCE_H 1
| #define HAVE_OPENPTY 1
| #define HAVE_UTIL_H 1
| #define HAVE_SIGNAL_H 1
| #define HAVE_SELECT 1
| #define HAVE_SPAWN_H 1
| #define HAVE_SYS_WAIT_H 1
| #define HAVE_FORK 1
| #define HAVE_VFORK 1
| #define HAVE_WORKING_VFORK 1
| #define HAVE_WORKING_FORK 1
| #define HAVE_POPEN 1
| #define HAVE_POSIX_SPAWN 1
| #define HAVE_POSIX_SPAWN_FILE_ACTIONS_ADDCHDIR_NP 1
| #define HAVE_SIGNAL 1
| #define HAVE_SIGACTION 1
| #define HAVE_SETPGID 1
| #define HAVE_DLOPEN 1
| #define HAVE_SYS_TIME_H 1
| #define HAVE_GETRUSAGE 1
| #define HAVE_GETTIMEOFDAY 1
| #define HAVE_CLOCK_GETTIME 1
| #define HAVE_CLOCK_GETRES 1
| #define HAVE_SETITIMER 1
| #define HAVE_VM_ALLOCATE 1
| #define HAVE_SBRK 1
| #define HAVE_MADVISE 1
| #define HAVE_SYSCONF 1
| /* end confdefs.h.  */
| /* Define exp10 to an innocuous variant, in case <limits.h> declares exp10.
|    For example, HP-UX 11i <limits.h> declares gettimeofday.  */
| #define exp10 innocuous_exp10
| 
| /* System header to define __stub macros and hopefully few prototypes,
|    which can conflict with char exp10 (void); below.  */
| 
| #include <limits.h>
| #undef exp10
| 
| /* Override any GCC internal prototype to avoid an error.
|    Use char because int might match the return type of a GCC
|    builtin and then its argument prototype would still apply.  */
| #ifdef __cplusplus
| extern "C"
| #endif
| char exp10 (void);
| /* The GNU C library defines this for functions which it implements
|     to always fail with ENOSYS.  Some functions are actually named
|     something starting with __ and the normal name is an alias.  */
| #if defined __stub_exp10 || defined __stub___exp10
| choke me
| #endif
| 
| int
| main (void)
| {
| return exp10 ();
|   ;
|   return 0;
| }
configure:9883: result: no
configure:9897: checking how to run the C preprocessor
configure:9923: gcc  -E  conftest.c
configure:9923: $? = 0
configure:9939: gcc  -E  conftest.c
conftest.c:70:10: fatal error: 'ac_nonexistent.h' file not found
   70 | #include <ac_nonexistent.h>
      |          ^~~~~~~~~~~~~~~~~~
1 error generated.
configure:9939: $? = 1
configure: failed program was:
| /* confdefs.h */
| #define PACKAGE_NAME "GAP"
| #define PACKAGE_TARNAME "gap-4.14.0"
| #define PACKAGE_VERSION "4.14.0"
| #define PACKAGE_STRING "GAP 4.14.0"
| #define PACKAGE_BUGREPORT "support@gap-system.org"
| #define PACKAGE_URL "https://www.gap-system.org/"
| #define HAVE_CXX11 1
| #define HAVE_STDIO_H 1
| #define HAVE_STDLIB_H 1
| #define HAVE_STRING_H 1
| #define HAVE_INTTYPES_H 1
| #define HAVE_STDINT_H 1
| #define HAVE_STRINGS_H 1
| #define HAVE_SYS_STAT_H 1
| #define HAVE_SYS_TYPES_H 1
| #define HAVE_UNISTD_H 1
| #define STDC_HEADERS 1
| #define SIZEOF_VOID_P 8
| #define HAVE_FUNC_ATTRIBUTE_ALWAYS_INLINE 1
| #define HAVE_FUNC_ATTRIBUTE_CONSTRUCTOR 1
| #define HAVE_FUNC_ATTRIBUTE_FALLTHROUGH 1
| #define HAVE_FUNC_ATTRIBUTE_FORMAT 1
| #define HAVE_FUNC_ATTRIBUTE_NOINLINE 1
| #define HAVE_FUNC_ATTRIBUTE_NORETURN 1
| #define HAVE_FUNC_ATTRIBUTE_PURE 1
| #define HAVE___BUILTIN_MUL_OVERFLOW 1
| #define HAVE___BUILTIN_CLZ 1
| #define HAVE___BUILTIN_CLZL 1
| #define HAVE___BUILTIN_CLZLL 1
| #define HAVE___BUILTIN_POPCOUNTL 1
| #define SIZEOF_INT 4
| #define SIZEOF_LONG 8
| #define SIZEOF_LONG_LONG 8
| #define USE_POPCNT 1
| #define HAVE_LIBREADLINE 1
| #define GAPARCH "aarch64-apple-darwin24-default64-kv9"
| #define C_STACK_ALIGN 8
| #define HAVE_TERMIOS_H 1
| #define HAVE_SYS_IOCTL_H 1
| #define HAVE_SYS_RESOURCE_H 1
| #define HAVE_OPENPTY 1
| #define HAVE_UTIL_H 1
| #define HAVE_SIGNAL_H 1
| #define HAVE_SELECT 1
| #define HAVE_SPAWN_H 1
| #define HAVE_SYS_WAIT_H 1
| #define HAVE_FORK 1
| #define HAVE_VFORK 1
| #define HAVE_WORKING_VFORK 1
| #define HAVE_WORKING_FORK 1
| #define HAVE_POPEN 1
| #define HAVE_POSIX_SPAWN 1
| #define HAVE_POSIX_SPAWN_FILE_ACTIONS_ADDCHDIR_NP 1
| #define HAVE_SIGNAL 1
| #define HAVE_SIGACTION 1
| #define HAVE_SETPGID 1
| #define HAVE_DLOPEN 1
| #define HAVE_SYS_TIME_H 1
| #define HAVE_GETRUSAGE 1
| #define HAVE_GETTIMEOFDAY 1
| #define HAVE_CLOCK_GETTIME 1
| #define HAVE_CLOCK_GETRES 1
| #define HAVE_SETITIMER 1
| #define HAVE_VM_ALLOCATE 1
| #define HAVE_SBRK 1
| #define HAVE_MADVISE 1
| #define HAVE_SYSCONF 1
| /* end confdefs.h.  */
| #include <ac_nonexistent.h>
configure:9968: result: gcc  -E
configure:9982: gcc  -E  conftest.c
configure:9982: $? = 0
configure:9998: gcc  -E  conftest.c
conftest.c:70:10: fatal error: 'ac_nonexistent.h' file not found
   70 | #include <ac_nonexistent.h>
      |          ^~~~~~~~~~~~~~~~~~
1 error generated.
configure:9998: $? = 1
configure: failed program was:
| /* confdefs.h */
| #define PACKAGE_NAME "GAP"
| #define PACKAGE_TARNAME "gap-4.14.0"
| #define PACKAGE_VERSION "4.14.0"
| #define PACKAGE_STRING "GAP 4.14.0"
| #define PACKAGE_BUGREPORT "support@gap-system.org"
| #define PACKAGE_URL "https://www.gap-system.org/"
| #define HAVE_CXX11 1
| #define HAVE_STDIO_H 1
| #define HAVE_STDLIB_H 1
| #define HAVE_STRING_H 1
| #define HAVE_INTTYPES_H 1
| #define HAVE_STDINT_H 1
| #define HAVE_STRINGS_H 1
| #define HAVE_SYS_STAT_H 1
| #define HAVE_SYS_TYPES_H 1
| #define HAVE_UNISTD_H 1
| #define STDC_HEADERS 1
| #define SIZEOF_VOID_P 8
| #define HAVE_FUNC_ATTRIBUTE_ALWAYS_INLINE 1
| #define HAVE_FUNC_ATTRIBUTE_CONSTRUCTOR 1
| #define HAVE_FUNC_ATTRIBUTE_FALLTHROUGH 1
| #define HAVE_FUNC_ATTRIBUTE_FORMAT 1
| #define HAVE_FUNC_ATTRIBUTE_NOINLINE 1
| #define HAVE_FUNC_ATTRIBUTE_NORETURN 1
| #define HAVE_FUNC_ATTRIBUTE_PURE 1
| #define HAVE___BUILTIN_MUL_OVERFLOW 1
| #define HAVE___BUILTIN_CLZ 1
| #define HAVE___BUILTIN_CLZL 1
| #define HAVE___BUILTIN_CLZLL 1
| #define HAVE___BUILTIN_POPCOUNTL 1
| #define SIZEOF_INT 4
| #define SIZEOF_LONG 8
| #define SIZEOF_LONG_LONG 8
| #define USE_POPCNT 1
| #define HAVE_LIBREADLINE 1
| #define GAPARCH "aarch64-apple-darwin24-default64-kv9"
| #define C_STACK_ALIGN 8
| #define HAVE_TERMIOS_H 1
| #define HAVE_SYS_IOCTL_H 1
| #define HAVE_SYS_RESOURCE_H 1
| #define HAVE_OPENPTY 1
| #define HAVE_UTIL_H 1
| #define HAVE_SIGNAL_H 1
| #define HAVE_SELECT 1
| #define HAVE_SPAWN_H 1
| #define HAVE_SYS_WAIT_H 1
| #define HAVE_FORK 1
| #define HAVE_VFORK 1
| #define HAVE_WORKING_VFORK 1
| #define HAVE_WORKING_FORK 1
| #define HAVE_POPEN 1
| #define HAVE_POSIX_SPAWN 1
| #define HAVE_POSIX_SPAWN_FILE_ACTIONS_ADDCHDIR_NP 1
| #define HAVE_SIGNAL 1
| #define HAVE_SIGACTION 1
| #define HAVE_SETPGID 1
| #define HAVE_DLOPEN 1
| #define HAVE_SYS_TIME_H 1
| #define HAVE_GETRUSAGE 1
| #define HAVE_GETTIMEOFDAY 1
| #define HAVE_CLOCK_GETTIME 1
| #define HAVE_CLOCK_GETRES 1
| #define HAVE_SETITIMER 1
| #define HAVE_VM_ALLOCATE 1
| #define HAVE_SBRK 1
| #define HAVE_MADVISE 1
| #define HAVE_SYSCONF 1
| /* end confdefs.h.  */
| #include <ac_nonexistent.h>
configure:10031: checking for egrep -e
configure:10161: result: /usr/bin/grep -E
configure:10331: checking whether gcc  is Clang
configure:10359: result: yes
configure:10425: checking whether pthreads work with "-pthread" and "-lpthread"
configure:10537: gcc  -o conftest -g -O2 -pthread   conftest.c -lpthread  >&5
configure:10537: $? = 0
configure:10547: result: yes
configure:10596: checking whether Clang needs flag to prevent "argument unused" warning when linking with -pthread
configure:10623: gcc  -o conftest -Werror -Wunknown-warning-option  -pthread -g -O2   conftest.c  >&5
configure:10623: $? = 0
configure:10630: (gcc  -c -Werror -Wunknown-warning-option  -pthread -g -O2  conftest.c >&5) && (echo ==== >&5) && (gcc  -o conftest -Werror -Wunknown-warning-option  -pthread -g -O2   conftest.o  >&5)
====
configure:10630: $? = 0
configure:10651: result: no
configure:10671: checking for joinable pthread attribute
configure:10690: gcc  -o conftest -g -O2 -pthread   conftest.c -lpthread  >&5
configure:10690: $? = 0
configure:10700: result: PTHREAD_CREATE_JOINABLE
configure:10713: checking whether more special flags are required for pthreads
configure:10728: result: no
configure:10737: checking for PTHREAD_PRIO_INHERIT
configure:10755: gcc  -o conftest -g -O2 -pthread   conftest.c -lpthread  >&5
configure:10755: $? = 0
configure:10767: result: yes
configure:10946: checking for execinfo.h
configure:10946: gcc  -c -g -O2  conftest.c >&5
configure:10946: $? = 0
configure:10946: result: yes
configure:10955: checking size parameter type for backtrace()
configure:10988: gcc  -c -g -O2  conftest.c >&5
conftest.c:76:8: error: conflicting types for 'backtrace'
   76 | size_t backtrace(void **addrlist, size_t len);
      |        ^
/Library/Developer/CommandLineTools/SDKs/MacOSX.sdk/usr/include/execinfo.h:39:5: note: previous declaration is here
   39 | int backtrace(void **_LIBC_COUNT(__size), int __size) __OSX_AVAILABLE_STARTING(__MAC_10_5, __IPHONE_2_0);
      |     ^
conftest.c:77:8: error: conflicting types for 'backtrace_symbols'
   77 | char **backtrace_symbols(void *const *buffer, size_t size);
      |        ^
/Library/Developer/CommandLineTools/SDKs/MacOSX.sdk/usr/include/execinfo.h:45:47: note: previous declaration is here
   45 | char *_LIBC_CSTR *_LIBC_COUNT_OR_NULL(__size) backtrace_symbols(void* const* _LIBC_COUNT(__size), int __size) __OSX_AVAILABLE_STARTING(__MAC_10_5, __IPHONE_2_0);
      |                                               ^
2 errors generated.
configure:10988: $? = 1
configure: failed program was:
| /* confdefs.h */
| #define PACKAGE_NAME "GAP"
| #define PACKAGE_TARNAME "gap-4.14.0"
| #define PACKAGE_VERSION "4.14.0"
| #define PACKAGE_STRING "GAP 4.14.0"
| #define PACKAGE_BUGREPORT "support@gap-system.org"
| #define PACKAGE_URL "https://www.gap-system.org/"
| #define HAVE_CXX11 1
| #define HAVE_STDIO_H 1
| #define HAVE_STDLIB_H 1
| #define HAVE_STRING_H 1
| #define HAVE_INTTYPES_H 1
| #define HAVE_STDINT_H 1
| #define HAVE_STRINGS_H 1
| #define HAVE_SYS_STAT_H 1
| #define HAVE_SYS_TYPES_H 1
| #define HAVE_UNISTD_H 1
| #define STDC_HEADERS 1
| #define SIZEOF_VOID_P 8
| #define HAVE_FUNC_ATTRIBUTE_ALWAYS_INLINE 1
| #define HAVE_FUNC_ATTRIBUTE_CONSTRUCTOR 1
| #define HAVE_FUNC_ATTRIBUTE_FALLTHROUGH 1
| #define HAVE_FUNC_ATTRIBUTE_FORMAT 1
| #define HAVE_FUNC_ATTRIBUTE_NOINLINE 1
| #define HAVE_FUNC_ATTRIBUTE_NORETURN 1
| #define HAVE_FUNC_ATTRIBUTE_PURE 1
| #define HAVE___BUILTIN_MUL_OVERFLOW 1
| #define HAVE___BUILTIN_CLZ 1
| #define HAVE___BUILTIN_CLZL 1
| #define HAVE___BUILTIN_CLZLL 1
| #define HAVE___BUILTIN_POPCOUNTL 1
| #define SIZEOF_INT 4
| #define SIZEOF_LONG 8
| #define SIZEOF_LONG_LONG 8
| #define USE_POPCNT 1
| #define HAVE_LIBREADLINE 1
| #define GAPARCH "aarch64-apple-darwin24-default64-kv9"
| #define C_STACK_ALIGN 8
| #define HAVE_TERMIOS_H 1
| #define HAVE_SYS_IOCTL_H 1
| #define HAVE_SYS_RESOURCE_H 1
| #define HAVE_OPENPTY 1
| #define HAVE_UTIL_H 1
| #define HAVE_SIGNAL_H 1
| #define HAVE_SELECT 1
| #define HAVE_SPAWN_H 1
| #define HAVE_SYS_WAIT_H 1
| #define HAVE_FORK 1
| #define HAVE_VFORK 1
| #define HAVE_WORKING_VFORK 1
| #define HAVE_WORKING_FORK 1
| #define HAVE_POPEN 1
| #define HAVE_POSIX_SPAWN 1
| #define HAVE_POSIX_SPAWN_FILE_ACTIONS_ADDCHDIR_NP 1
| #define HAVE_SIGNAL 1
| #define HAVE_SIGACTION 1
| #define HAVE_SETPGID 1
| #define HAVE_DLOPEN 1
| #define HAVE_SYS_TIME_H 1
| #define HAVE_GETRUSAGE 1
| #define HAVE_GETTIMEOFDAY 1
| #define HAVE_CLOCK_GETTIME 1
| #define HAVE_CLOCK_GETRES 1
| #define HAVE_SETITIMER 1
| #define HAVE_VM_ALLOCATE 1
| #define HAVE_SBRK 1
| #define HAVE_MADVISE 1
| #define HAVE_SYSCONF 1
| #define HAVE_PTHREAD_PRIO_INHERIT 1
| #define HAVE_PTHREAD 1
| #define HAVE_EXECINFO_H 1
| /* end confdefs.h.  */
| 
| #include <execinfo.h>
| extern
| size_t backtrace(void **addrlist, size_t len);
| char **backtrace_symbols(void *const *buffer, size_t size);
| 
| int
| main (void)
| {
| 
|   ;
|   return 0;
| }
configure:10988: gcc  -c -g -O2  conftest.c >&5
configure:10988: $? = 0
configure:11002: result: int
configure:11011: checking for library containing backtrace
configure:11047: gcc  -o conftest -g -O2   conftest.c  >&5
configure:11047: $? = 0
configure:11069: result: none required
configure:11241: creating ./config.status

## ---------------------- ##
## Running config.status. ##
## ---------------------- ##

This file was extended by GAP config.status 4.14.0, which was
generated by GNU Autoconf 2.72.  Invocation command line was

  CONFIG_FILES    = 
  CONFIG_HEADERS  = 
  CONFIG_LINKS    = 
  CONFIG_COMMANDS = 
  $ ./config.status 

on Calums-MacBook-Air-2.local

config.status:929: creating GNUmakefile
config.status:929: creating CITATION
config.status:929: creating libgap.pc
config.status:929: creating doc/make_doc
config.status:929: creating doc/versiondata
config.status:929: creating build/config.h
config.status:1124: executing build/stamp-h commands

## ---------------- ##
## Cache variables. ##
## ---------------- ##

ac_cv_build=aarch64-apple-darwin24.5.0
ac_cv_c_bigendian=no
ac_cv_c_compiler_gnu=yes
ac_cv_cxx_compiler_gnu=yes
ac_cv_env_ABI_set=
ac_cv_env_ABI_value=
ac_cv_env_CCC_set=
ac_cv_env_CCC_value=
ac_cv_env_CC_set=
ac_cv_env_CC_value=
ac_cv_env_CFLAGS_set=
ac_cv_env_CFLAGS_value=
ac_cv_env_CPPFLAGS_set=
ac_cv_env_CPPFLAGS_value=
ac_cv_env_CPP_set=
ac_cv_env_CPP_value=
ac_cv_env_CXXFLAGS_set=
ac_cv_env_CXXFLAGS_value=
ac_cv_env_CXX_set=
ac_cv_env_CXX_value=
ac_cv_env_LDFLAGS_set=
ac_cv_env_LDFLAGS_value=
ac_cv_env_LIBS_set=
ac_cv_env_LIBS_value=
ac_cv_env_build_alias_set=
ac_cv_env_build_alias_value=
ac_cv_env_host_alias_set=
ac_cv_env_host_alias_value=
ac_cv_env_target_alias_set=
ac_cv_env_target_alias_value=
ac_cv_func_clock_getres=yes
ac_cv_func_clock_gettime=yes
ac_cv_func_exp10=no
ac_cv_func_fork=yes
ac_cv_func_fork_works=yes
ac_cv_func_getrusage=yes
ac_cv_func_gettimeofday=yes
ac_cv_func_madvise=yes
ac_cv_func_popen=yes
ac_cv_func_posix_spawn=yes
ac_cv_func_posix_spawn_file_actions_addchdir=no
ac_cv_func_posix_spawn_file_actions_addchdir_np=yes
ac_cv_func_sbrk=yes
ac_cv_func_select=yes
ac_cv_func_setitimer=yes
ac_cv_func_setpgid=yes
ac_cv_func_sigaction=yes
ac_cv_func_signal=yes
ac_cv_func_sysconf=yes
ac_cv_func_vfork=yes
ac_cv_func_vfork_works=yes
ac_cv_func_vm_allocate=yes
ac_cv_header_execinfo_h=yes
ac_cv_header_inttypes_h=yes
ac_cv_header_libutil_h=no
ac_cv_header_pty_h=no
ac_cv_header_signal_h=yes
ac_cv_header_spawn_h=yes
ac_cv_header_stdint_h=yes
ac_cv_header_stdio_h=yes
ac_cv_header_stdlib_h=yes
ac_cv_header_string_h=yes
ac_cv_header_strings_h=yes
ac_cv_header_sys_ioctl_h=yes
ac_cv_header_sys_resource_h=yes
ac_cv_header_sys_stat_h=yes
ac_cv_header_sys_time_h=yes
ac_cv_header_sys_types_h=yes
ac_cv_header_sys_wait_h=yes
ac_cv_header_termios_h=yes
ac_cv_header_unistd_h=yes
ac_cv_header_util_h=yes
ac_cv_header_vfork_h=no
ac_cv_host=aarch64-apple-darwin24.5.0
ac_cv_objext=o
ac_cv_path_EGREP_TRADITIONAL='/usr/bin/grep -E'
ac_cv_path_SED=/usr/bin/sed
ac_cv_path_install='/usr/bin/install -c'
ac_cv_prog_CPP='gcc  -E'
ac_cv_prog_ac_ct_CC=gcc
ac_cv_prog_ac_ct_CXX=g++
ac_cv_prog_cc_c11=
ac_cv_prog_cc_g=yes
ac_cv_prog_cc_stdc=
ac_cv_prog_cxx_cxx11=
ac_cv_prog_cxx_g=yes
ac_cv_prog_cxx_stdcxx=
ac_cv_search_backtrace='none required'
ac_cv_search_cos='none required'
ac_cv_search_dlopen='none required'
ac_cv_search_openpty='none required'
ac_cv_sizeof_int=4
ac_cv_sizeof_long=8
ac_cv_sizeof_long_long=8
ac_cv_sizeof_void_p=8
ac_cv_sys_largefile_opts='none needed'
ac_cv_type_pid_t=yes
ac_cv_type_sig_atomic_t=yes
ax_cv_PTHREAD_CLANG=yes
ax_cv_PTHREAD_CLANG_NO_WARN_FLAG=no
ax_cv_PTHREAD_JOINABLE_ATTR=PTHREAD_CREATE_JOINABLE
ax_cv_PTHREAD_PRIO_INHERIT=yes
ax_cv_PTHREAD_SPECIAL_FLAGS=no
ax_cv_check_cflags__Wall=yes
ax_cv_check_cflags__Warray_bounds=yes
ax_cv_check_cflags__Wdouble_promotion=yes
ax_cv_check_cflags__Wduplicated_branches=no
ax_cv_check_cflags__Wduplicated_cond=no
ax_cv_check_cflags__Wextra=yes
ax_cv_check_cflags__Wformat_2=yes
ax_cv_check_cflags__Wformat_nonliteral=yes
ax_cv_check_cflags__Wformat_security=yes
ax_cv_check_cflags__Wimplicit_function_declaration=yes
ax_cv_check_cflags__Winit_self=yes
ax_cv_check_cflags__Wjump_misses_init=no
ax_cv_check_cflags__Wlogical_op=no
ax_cv_check_cflags__Wmissing_field_initializers=yes
ax_cv_check_cflags__Wmissing_format_attribute=yes
ax_cv_check_cflags__Wmissing_include_dirs=yes
ax_cv_check_cflags__Wmissing_variable_declarations=yes
ax_cv_check_cflags__Wnested_externs=yes
ax_cv_check_cflags__Wno_cast_function_type=yes
ax_cv_check_cflags__Wno_error_cast_function_type=yes
ax_cv_check_cflags__Wno_error_implicit_fallthrough=yes
ax_cv_check_cflags__Wno_error_inline=yes
ax_cv_check_cflags__Wno_error_pragmas=yes
ax_cv_check_cflags__Wno_error_sign_compare=yes
ax_cv_check_cflags__Wno_error_unused_parameter=yes
ax_cv_check_cflags__Wno_implicit_fallthrough=yes
ax_cv_check_cflags__Wno_inline=yes
ax_cv_check_cflags__Wno_pragmas=yes
ax_cv_check_cflags__Wno_sign_compare=yes
ax_cv_check_cflags__Wno_unused_parameter=yes
ax_cv_check_cflags__Wold_style_definition=yes
ax_cv_check_cflags__Wpacked=yes
ax_cv_check_cflags__Wpointer_arith=yes
ax_cv_check_cflags__Wredundant_decls=yes
ax_cv_check_cflags__Wrestrict=no
ax_cv_check_cflags__Wreturn_type=yes
ax_cv_check_cflags__Wshadow=yes
ax_cv_check_cflags__Wstrict_aliasing=yes
ax_cv_check_cflags__Wstrict_prototypes=yes
ax_cv_check_cflags__Wundef=yes
ax_cv_check_cflags__Wunused_but_set_variable=yes
ax_cv_check_cflags__Wwrite_strings=yes
ax_cv_check_cflags___Werror_unknown_warning_option=yes
ax_cv_check_cflags___Wno_suggest_attribute_format=yes
ax_cv_check_cflags__fno_strict_aliasing=yes
ax_cv_check_cxxflags__Wextra_semi=yes
ax_cv_cxx_compile_cxx11=yes
ax_cv_have_func_attribute_always_inline=yes
ax_cv_have_func_attribute_constructor=yes
ax_cv_have_func_attribute_fallthrough=yes
ax_cv_have_func_attribute_format=yes
ax_cv_have_func_attribute_noinline=yes
ax_cv_have_func_attribute_noreturn=yes
ax_cv_have_func_attribute_pure=yes
ax_cv_proto_backtrace_type=int
gp_cv_c_long_align=8

## ----------------- ##
## Output variables. ##
## ----------------- ##

ABI='64'
ABI_CFLAGS=''
BOEHM_GC_CPPFLAGS=''
BOEHM_GC_LDFLAGS=''
BOEHM_GC_LIBS=''
BUILD_BOEHM_GC=''
BUILD_GMP='no'
BUILD_LIBATOMIC_OPS=''
BUILD_ZLIB='no'
CC='gcc '
CFLAGS='-g -O2'
CPP='gcc  -E'
CPPFLAGS=''
CXX='g++ '
CXXFLAGS='-g -O2'
DEFS='-DHAVE_CONFIG_H'
ECHO_C='\c'
ECHO_N=''
ECHO_T=''
EXEEXT=''
GAPARCH='aarch64-apple-darwin24-default64-kv9'
GAP_DEFINES=' -DUSE_GASMAN=1'
GAP_RELEASEDAY='2024-12-05'
GAP_RELEASEYEAR='2024'
GAP_VERSION='4.14.0'
GC_SOURCES='src/gasman.c src/sysmem.c'
GMP_CPPFLAGS='-I/opt/homebrew/include'
GMP_LDFLAGS='-L/opt/homebrew/lib'
GMP_LIBS='-lgmp'
GMP_PREFIX='/opt/homebrew'
HAVE_CXX11='1'
HPCGAP='no'
INSTALL_DATA='${INSTALL} -m 644'
INSTALL_PROGRAM='${INSTALL}'
INSTALL_SCRIPT='${INSTALL}'
JULIA=''
JULIA_CFLAGS=''
JULIA_LDFLAGS=''
JULIA_LIBS=''
JULIA_VERSION=''
LDFLAGS=''
LIBATOMIC_OPS_CPPFLAGS=''
LIBATOMIC_OPS_LDFLAGS=''
LIBATOMIC_OPS_LIBS=''
LIBOBJS=''
LIBS=''
LTLIBOBJS=''
MAINTAINER_MODE='yes'
MKDIR_P='mkdir -p'
OBJEXT='o'
PACKAGE_BUGREPORT='support@gap-system.org'
PACKAGE_NAME='GAP'
PACKAGE_STRING='GAP 4.14.0'
PACKAGE_TARNAME='gap-4.14.0'
PACKAGE_URL='https://www.gap-system.org/'
PACKAGE_VERSION='4.14.0'
PATH_SEPARATOR=':'
PTHREAD_CC='gcc '
PTHREAD_CFLAGS='-pthread'
PTHREAD_CXX='g++ '
PTHREAD_LIBS='-lpthread'
READLINE_CPPFLAGS='-I/opt/homebrew/opt/readline/include'
READLINE_LDFLAGS='-L/opt/homebrew/opt/readline/lib'
READLINE_LIBS='-lreadline'
SED='/usr/bin/sed'
SHELL='/bin/sh'
WARN_CFLAGS='-fno-strict-aliasing -Wall -Wextra -Warray-bounds -Wno-cast-function-type -Wdouble-promotion -Wformat-nonliteral -Wformat-security -Wformat=2 -Winit-self -Wno-inline -Wmissing-field-initializers -Wmissing-format-attribute -Wmissing-include-dirs -Wmissing-variable-declarations -Wno-pragmas -Wpacked -Wpointer-arith -Wredundant-decls -Wreturn-type -Wshadow -Wno-sign-compare -Wstrict-aliasing -Wundef -Wunused-but-set-variable -Wno-unused-parameter -Wwrite-strings -Wno-implicit-fallthrough -Wimplicit-function-declaration -Wnested-externs -Wold-style-definition -Wstrict-prototypes -Wno-error=cast-function-type -Wno-error=inline -Wno-error=pragmas -Wno-error=sign-compare -Wno-error=unused-parameter -Wno-error=implicit-fallthrough'
WARN_CXXFLAGS='-fno-strict-aliasing -Wall -Wextra -Warray-bounds -Wno-cast-function-type -Wdouble-promotion -Wformat-nonliteral -Wformat-security -Wformat=2 -Winit-self -Wno-inline -Wmissing-field-initializers -Wmissing-format-attribute -Wmissing-include-dirs -Wmissing-variable-declarations -Wno-pragmas -Wpacked -Wpointer-arith -Wredundant-decls -Wreturn-type -Wshadow -Wno-sign-compare -Wstrict-aliasing -Wundef -Wunused-but-set-variable -Wno-unused-parameter -Wwrite-strings -Wextra-semi'
ZLIB_CPPFLAGS=''
ZLIB_LDFLAGS=''
ZLIB_LIBS='-lz'
ac_ct_CC='gcc'
ac_ct_CXX='g++'
ax_pthread_config=''
bindir='${exec_prefix}/bin'
build='aarch64-apple-darwin24.5.0'
build_alias=''
build_cpu='aarch64'
build_os='darwin24.5.0'
build_vendor='apple'
datadir='${datarootdir}'
datarootdir='${prefix}/share'
docdir='${datarootdir}/doc/${PACKAGE_TARNAME}'
dvidir='${docdir}'
exec_prefix='${prefix}'
gap_kernel_major_version='9'
gap_kernel_minor_version='1'
host='aarch64-apple-darwin24.5.0'
host_alias=''
host_cpu='aarch64'
host_os='darwin24.5.0'
host_vendor='apple'
htmldir='${docdir}'
includedir='${prefix}/include'
infodir='${datarootdir}/info'
libdir='${exec_prefix}/lib'
libexecdir='${exec_prefix}/libexec'
localedir='${datarootdir}/locale'
localstatedir='${prefix}/var'
mandir='${datarootdir}/man'
oldincludedir='/usr/include'
pdfdir='${docdir}'
prefix='/usr/local'
program_transform_name='s,x,x,'
psdir='${docdir}'
runstatedir='${localstatedir}/run'
sbindir='${exec_prefix}/sbin'
sharedstatedir='${prefix}/com'
sysconfdir='${prefix}/etc'
target_alias=''

## ----------- ##
## confdefs.h. ##
## ----------- ##

/* confdefs.h */
#define PACKAGE_NAME "GAP"
#define PACKAGE_TARNAME "gap-4.14.0"
#define PACKAGE_VERSION "4.14.0"
#define PACKAGE_STRING "GAP 4.14.0"
#define PACKAGE_BUGREPORT "support@gap-system.org"
#define PACKAGE_URL "https://www.gap-system.org/"
#define HAVE_CXX11 1
#define HAVE_STDIO_H 1
#define HAVE_STDLIB_H 1
#define HAVE_STRING_H 1
#define HAVE_INTTYPES_H 1
#define HAVE_STDINT_H 1
#define HAVE_STRINGS_H 1
#define HAVE_SYS_STAT_H 1
#define HAVE_SYS_TYPES_H 1
#define HAVE_UNISTD_H 1
#define STDC_HEADERS 1
#define SIZEOF_VOID_P 8
#define HAVE_FUNC_ATTRIBUTE_ALWAYS_INLINE 1
#define HAVE_FUNC_ATTRIBUTE_CONSTRUCTOR 1
#define HAVE_FUNC_ATTRIBUTE_FALLTHROUGH 1
#define HAVE_FUNC_ATTRIBUTE_FORMAT 1
#define HAVE_FUNC_ATTRIBUTE_NOINLINE 1
#define HAVE_FUNC_ATTRIBUTE_NORETURN 1
#define HAVE_FUNC_ATTRIBUTE_PURE 1
#define HAVE___BUILTIN_MUL_OVERFLOW 1
#define HAVE___BUILTIN_CLZ 1
#define HAVE___BUILTIN_CLZL 1
#define HAVE___BUILTIN_CLZLL 1
#define HAVE___BUILTIN_POPCOUNTL 1
#define SIZEOF_INT 4
#define SIZEOF_LONG 8
#define SIZEOF_LONG_LONG 8
#define USE_POPCNT 1
#define HAVE_LIBREADLINE 1
#define GAPARCH "aarch64-apple-darwin24-default64-kv9"
#define C_STACK_ALIGN 8
#define HAVE_TERMIOS_H 1
#define HAVE_SYS_IOCTL_H 1
#define HAVE_SYS_RESOURCE_H 1
#define HAVE_OPENPTY 1
#define HAVE_UTIL_H 1
#define HAVE_SIGNAL_H 1
#define HAVE_SELECT 1
#define HAVE_SPAWN_H 1
#define HAVE_SYS_WAIT_H 1
#define HAVE_FORK 1
#define HAVE_VFORK 1
#define HAVE_WORKING_VFORK 1
#define HAVE_WORKING_FORK 1
#define HAVE_POPEN 1
#define HAVE_POSIX_SPAWN 1
#define HAVE_POSIX_SPAWN_FILE_ACTIONS_ADDCHDIR_NP 1
#define HAVE_SIGNAL 1
#define HAVE_SIGACTION 1
#define HAVE_SETPGID 1
#define HAVE_DLOPEN 1
#define HAVE_SYS_TIME_H 1
#define HAVE_GETRUSAGE 1
#define HAVE_GETTIMEOFDAY 1
#define HAVE_CLOCK_GETTIME 1
#define HAVE_CLOCK_GETRES 1
#define HAVE_SETITIMER 1
#define HAVE_VM_ALLOCATE 1
#define HAVE_SBRK 1
#define HAVE_MADVISE 1
#define HAVE_SYSCONF 1
#define HAVE_PTHREAD_PRIO_INHERIT 1
#define HAVE_PTHREAD 1
#define HAVE_EXECINFO_H 1
#define backtrace_size_t int
#define HAVE_BACKTRACE 1

configure: exit 0
